Building at 20250905_162045
⚠ [3073/3114] Replayed FloatSpec.src.Core.Round_pred
warning: FloatSpec/src/Core/Round_pred.lean:291:23: unused variable `rnd`

Note: This linter can be disabled with `set_option linter.unusedVariables false`
warning: FloatSpec/src/Core/Round_pred.lean:291:44: unused variable `x`

Note: This linter can be disabled with `set_option linter.unusedVariables false`
warning: FloatSpec/src/Core/Round_pred.lean:315:23: unused variable `rnd`

Note: This linter can be disabled with `set_option linter.unusedVariables false`
warning: FloatSpec/src/Core/Round_pred.lean:339:24: unused variable `rnd`

Note: This linter can be disabled with `set_option linter.unusedVariables false`
warning: FloatSpec/src/Core/Round_pred.lean:339:45: unused variable `x`

Note: This linter can be disabled with `set_option linter.unusedVariables false`
warning: FloatSpec/src/Core/Round_pred.lean:339:47: unused variable `f1`

Note: This linter can be disabled with `set_option linter.unusedVariables false`
warning: FloatSpec/src/Core/Round_pred.lean:339:50: unused variable `f2`

Note: This linter can be disabled with `set_option linter.unusedVariables false`
warning: FloatSpec/src/Core/Round_pred.lean:366:30: unused variable `F`

Note: This linter can be disabled with `set_option linter.unusedVariables false`
warning: FloatSpec/src/Core/Round_pred.lean:389:28: unused variable `F`

Note: This linter can be disabled with `set_option linter.unusedVariables false`
warning: FloatSpec/src/Core/Round_pred.lean:389:43: unused variable `x`

Note: This linter can be disabled with `set_option linter.unusedVariables false`
warning: FloatSpec/src/Core/Round_pred.lean:389:45: unused variable `f1`

Note: This linter can be disabled with `set_option linter.unusedVariables false`
warning: FloatSpec/src/Core/Round_pred.lean:389:48: unused variable `f2`

Note: This linter can be disabled with `set_option linter.unusedVariables false`
warning: FloatSpec/src/Core/Round_pred.lean:412:25: unused variable `F`

Note: This linter can be disabled with `set_option linter.unusedVariables false`
warning: FloatSpec/src/Core/Round_pred.lean:412:40: unused variable `rnd1`

Note: This linter can be disabled with `set_option linter.unusedVariables false`
warning: FloatSpec/src/Core/Round_pred.lean:412:45: unused variable `rnd2`

Note: This linter can be disabled with `set_option linter.unusedVariables false`
warning: FloatSpec/src/Core/Round_pred.lean:412:60: unused variable `x`

Note: This linter can be disabled with `set_option linter.unusedVariables false`
warning: FloatSpec/src/Core/Round_pred.lean:439:30: unused variable `F`

Note: This linter can be disabled with `set_option linter.unusedVariables false`
warning: FloatSpec/src/Core/Round_pred.lean:462:28: unused variable `F`

Note: This linter can be disabled with `set_option linter.unusedVariables false`
warning: FloatSpec/src/Core/Round_pred.lean:462:43: unused variable `x`

Note: This linter can be disabled with `set_option linter.unusedVariables false`
warning: FloatSpec/src/Core/Round_pred.lean:462:45: unused variable `f1`

Note: This linter can be disabled with `set_option linter.unusedVariables false`
warning: FloatSpec/src/Core/Round_pred.lean:462:48: unused variable `f2`

Note: This linter can be disabled with `set_option linter.unusedVariables false`
warning: FloatSpec/src/Core/Round_pred.lean:485:25: unused variable `F`

Note: This linter can be disabled with `set_option linter.unusedVariables false`
warning: FloatSpec/src/Core/Round_pred.lean:485:40: unused variable `rnd1`

Note: This linter can be disabled with `set_option linter.unusedVariables false`
warning: FloatSpec/src/Core/Round_pred.lean:485:45: unused variable `rnd2`

Note: This linter can be disabled with `set_option linter.unusedVariables false`
warning: FloatSpec/src/Core/Round_pred.lean:485:60: unused variable `x`

Note: This linter can be disabled with `set_option linter.unusedVariables false`
warning: FloatSpec/src/Core/Round_pred.lean:512:29: unused variable `F`

Note: This linter can be disabled with `set_option linter.unusedVariables false`
warning: FloatSpec/src/Core/Round_pred.lean:512:44: unused variable `x`

Note: This linter can be disabled with `set_option linter.unusedVariables false`
warning: FloatSpec/src/Core/Round_pred.lean:512:46: unused variable `f`

Note: This linter can be disabled with `set_option linter.unusedVariables false`
warning: FloatSpec/src/Core/Round_pred.lean:535:29: unused variable `F`

Note: This linter can be disabled with `set_option linter.unusedVariables false`
warning: FloatSpec/src/Core/Round_pred.lean:535:44: unused variable `x`

Note: This linter can be disabled with `set_option linter.unusedVariables false`
warning: FloatSpec/src/Core/Round_pred.lean:535:46: unused variable `f`

Note: This linter can be disabled with `set_option linter.unusedVariables false`
warning: FloatSpec/src/Core/Round_pred.lean:562:26: unused variable `F`

Note: This linter can be disabled with `set_option linter.unusedVariables false`
warning: FloatSpec/src/Core/Round_pred.lean:562:41: unused variable `x`

Note: This linter can be disabled with `set_option linter.unusedVariables false`
warning: FloatSpec/src/Core/Round_pred.lean:585:32: unused variable `F`

Note: This linter can be disabled with `set_option linter.unusedVariables false`
warning: FloatSpec/src/Core/Round_pred.lean:585:47: unused variable `x`

Note: This linter can be disabled with `set_option linter.unusedVariables false`
warning: FloatSpec/src/Core/Round_pred.lean:585:49: unused variable `f`

Note: This linter can be disabled with `set_option linter.unusedVariables false`
warning: FloatSpec/src/Core/Round_pred.lean:608:26: unused variable `F`

Note: This linter can be disabled with `set_option linter.unusedVariables false`
warning: FloatSpec/src/Core/Round_pred.lean:608:41: unused variable `x`

Note: This linter can be disabled with `set_option linter.unusedVariables false`
warning: FloatSpec/src/Core/Round_pred.lean:630:32: unused variable `F`

Note: This linter can be disabled with `set_option linter.unusedVariables false`
warning: FloatSpec/src/Core/Round_pred.lean:630:47: unused variable `x`

Note: This linter can be disabled with `set_option linter.unusedVariables false`
warning: FloatSpec/src/Core/Round_pred.lean:630:49: unused variable `f`

Note: This linter can be disabled with `set_option linter.unusedVariables false`
warning: FloatSpec/src/Core/Round_pred.lean:657:22: unused variable `F`

Note: This linter can be disabled with `set_option linter.unusedVariables false`
warning: FloatSpec/src/Core/Round_pred.lean:657:37: unused variable `rnd`

Note: This linter can be disabled with `set_option linter.unusedVariables false`
warning: FloatSpec/src/Core/Round_pred.lean:657:51: unused variable `x`

Note: This linter can be disabled with `set_option linter.unusedVariables false`
✖ [6136/6203] Building FloatSpec.src.Core.Digits (4.9s)
trace: .> LEAN_PATH=/Users/louhantao/Desktop/code/semester_6.5/FloatSpec/.lake/packages/Cli/.lake/build/lib/lean:/Users/louhantao/Desktop/code/semester_6.5/FloatSpec/.lake/packages/batteries/.lake/build/lib/lean:/Users/louhantao/Desktop/code/semester_6.5/FloatSpec/.lake/packages/Qq/.lake/build/lib/lean:/Users/louhantao/Desktop/code/semester_6.5/FloatSpec/.lake/packages/aesop/.lake/build/lib/lean:/Users/louhantao/Desktop/code/semester_6.5/FloatSpec/.lake/packages/proofwidgets/.lake/build/lib/lean:/Users/louhantao/Desktop/code/semester_6.5/FloatSpec/.lake/packages/importGraph/.lake/build/lib/lean:/Users/louhantao/Desktop/code/semester_6.5/FloatSpec/.lake/packages/LeanSearchClient/.lake/build/lib/lean:/Users/louhantao/Desktop/code/semester_6.5/FloatSpec/.lake/packages/plausible/.lake/build/lib/lean:/Users/louhantao/Desktop/code/semester_6.5/FloatSpec/.lake/packages/mathlib/.lake/build/lib/lean:/Users/louhantao/Desktop/code/semester_6.5/FloatSpec/.lake/build/lib/lean /Users/louhantao/.elan/toolchains/leanprover--lean4---v4.23.0-rc2/bin/lean /Users/louhantao/Desktop/code/semester_6.5/FloatSpec/FloatSpec/src/Core/Digits.lean -o /Users/louhantao/Desktop/code/semester_6.5/FloatSpec/.lake/build/lib/lean/FloatSpec/src/Core/Digits.olean -i /Users/louhantao/Desktop/code/semester_6.5/FloatSpec/.lake/build/lib/lean/FloatSpec/src/Core/Digits.ilean -c /Users/louhantao/Desktop/code/semester_6.5/FloatSpec/.lake/build/ir/FloatSpec/src/Core/Digits.c --setup /Users/louhantao/Desktop/code/semester_6.5/FloatSpec/.lake/build/ir/FloatSpec/src/Core/Digits.setup.json --json
warning: FloatSpec/src/Core/Digits.lean:165:26: This simp argument is unused:
  Nat.add_sub_cancel 1 (bits m2)

Hint: Omit it from the simp argument list.
  simp [bits_succ2,̵ ̵N̵a̵t̵.̵a̵d̵d̵_̵s̵u̵b̵_̵c̵a̵n̵c̵e̵l̵ ̵1̵ ̵(̵b̵i̵t̵s̵ ̵m̵2̵)̵]

Note: This linter can be disabled with `set_option linter.unusedSimpArgs false`
warning: FloatSpec/src/Core/Digits.lean:530:53: try 'simp' instead of 'simpa'

Note: This linter can be disabled with `set_option linter.unnecessarySimpa false`
error: FloatSpec/src/Core/Digits.lean:882:8: expected '{' or indented tactic sequence
error: FloatSpec/src/Core/Digits.lean:731:28: Unknown identifier `wp_pure`
error: FloatSpec/src/Core/Digits.lean:731:37: Unknown constant `Std.Do.PostCond.noThrow_down`
error: FloatSpec/src/Core/Digits.lean:738:57: unsolved goals
beta : ℤ
h_beta : beta > 1
n k l : ℤ
hβ : optParam (beta > 1) h_beta
hl : ⌜0 ≤ l⌝.down
hb : 0 < beta
hk : 0 ≤ k
hkl : l ≤ k
hnonneg_k_sub_l : 0 ≤ k - l
⊢ k < l → 0 = n.tdiv (beta ^ (k - l).natAbs) % beta
error: FloatSpec/src/Core/Digits.lean:754:8: Type mismatch: After simplification, term
  this
 has type
  |k|.toNat = k.toNat
but is expected to have type
  k.natAbs = k.toNat
error: FloatSpec/src/Core/Digits.lean:758:8: Type mismatch: After simplification, term
  this
 has type
  |l|.toNat = l.toNat
but is expected to have type
  l.natAbs = l.toNat
error: FloatSpec/src/Core/Digits.lean:760:8: Tactic `subst` failed: invalid equality proof, it is not of the form (x = t) or (t = x)
  m = (k - l).natAbs

beta : ℤ
h_beta : beta > 1
n k l : ℤ
hβ : optParam (beta > 1) h_beta
hl : ⌜0 ≤ l⌝.down
hb : 0 < beta
hk : 0 ≤ k
hkl : l ≤ k
hnonneg_k_sub_l : 0 ≤ k - l
b : ℤ := beta ^ k.natAbs
hbdef : b = beta ^ k.natAbs
c : ℤ := beta ^ l.natAbs
hcdef : c = beta ^ l.natAbs
m : ℕ := (k - l).natAbs
eval_rhs : (Zdigit beta n (k - l)).run = n.tdiv (beta ^ m) % beta
hmdef : m = (k - l).natAbs
hbpos : 0 < b
hcpos : 0 < c
hmpos : 0 < beta ^ m
hk_nonneg : 0 ≤ k
hl_nonneg : 0 ≤ l
hkl_nonneg : 0 ≤ k - l
hk_abs_nat : k.natAbs = k.toNat
hl_abs_nat : l.natAbs = l.toNat
⊢ m = (k - l).toNat
error: FloatSpec/src/Core/Digits.lean:766:8: Tactic `subst` failed: invalid equality proof, it is not of the form (x = t) or (t = x)
  b = beta ^ k.natAbs

beta : ℤ
h_beta : beta > 1
n k l : ℤ
hβ : optParam (beta > 1) h_beta
hl : ⌜0 ≤ l⌝.down
hb : 0 < beta
hk : 0 ≤ k
hkl : l ≤ k
hnonneg_k_sub_l : 0 ≤ k - l
b : ℤ := beta ^ k.natAbs
hbdef : b = beta ^ k.natAbs
c : ℤ := beta ^ l.natAbs
hcdef : c = beta ^ l.natAbs
m : ℕ := (k - l).natAbs
eval_rhs : (Zdigit beta n (k - l)).run = n.tdiv (beta ^ m) % beta
hmdef : m = (k - l).natAbs
hbpos : 0 < b
hcpos : 0 < c
hmpos : 0 < beta ^ m
hk_nonneg : 0 ≤ k
hl_nonneg : 0 ≤ l
hkl_nonneg : 0 ≤ k - l
hk_abs_nat : k.natAbs = k.toNat
hl_abs_nat : l.natAbs = l.toNat
hm_abs_nat : m = (k - l).toNat
⊢ b = c * beta ^ m
error: FloatSpec/src/Core/Digits.lean:781:8: Type mismatch
  Int.tmod_lt_of_pos (n * c) hbpos
has type
  (n * c).tmod b < b
but is expected to have type
  0 ≤ (n * c).tmod b ∧ (n * c).tmod b < b
error: FloatSpec/src/Core/Digits.lean:783:8: Type mismatch
  Int.tmod_lt_of_pos n hmpos
has type
  n.tmod (beta ^ m) < beta ^ m
but is expected to have type
  0 ≤ n.tmod (beta ^ m) ∧ n.tmod (beta ^ m) < beta ^ m
error: FloatSpec/src/Core/Digits.lean:792:12: Type mismatch: After simplification, term
  congrArg (fun x ↦ x * c) hdiv2
 has type
  c * (beta ^ m * n.tdiv (beta ^ m)) + c * n.tmod (beta ^ m) = n * c
but is expected to have type
  n * c = c * (beta ^ m * n.tdiv (beta ^ m)) + c * n.tmod (beta ^ m)
warning: FloatSpec/src/Core/Digits.lean:796:12: try 'simp' instead of 'simpa'

Note: This linter can be disabled with `set_option linter.unnecessarySimpa false`
error: FloatSpec/src/Core/Digits.lean:817:45: Type mismatch: After simplification, term
  h1
 has type
  b * (n * c).tdiv b + (n * c).tmod b = n * c
but is expected to have type
  n * c = b * (n * c).tdiv b + (n * c).tmod b
warning: FloatSpec/src/Core/Digits.lean:825:40: try 'simp' instead of 'simpa'

Note: This linter can be disabled with `set_option linter.unnecessarySimpa false`
warning: FloatSpec/src/Core/Digits.lean:826:37: try 'simp' instead of 'simpa'

Note: This linter can be disabled with `set_option linter.unnecessarySimpa false`
error: FloatSpec/src/Core/Digits.lean:832:14: Tactic `assumption` failed

beta : ℤ
h_beta : beta > 1
n k l : ℤ
hβ : optParam (beta > 1) h_beta
hl : ⌜0 ≤ l⌝.down
hb : 0 < beta
hk : 0 ≤ k
hkl : l ≤ k
hnonneg_k_sub_l : 0 ≤ k - l
b : ℤ := beta ^ k.natAbs
hbdef : b = beta ^ k.natAbs
c : ℤ := beta ^ l.natAbs
hcdef : c = beta ^ l.natAbs
m : ℕ := (k - l).natAbs
eval_rhs : (Zdigit beta n (k - l)).run = n.tdiv (beta ^ m) % beta
hmdef : m = (k - l).natAbs
hbpos : 0 < b
hcpos : 0 < c
hmpos : 0 < beta ^ m
hk_nonneg : 0 ≤ k
hl_nonneg : 0 ≤ l
hkl_nonneg : 0 ≤ k - l
hk_abs_nat : k.natAbs = k.toNat
hl_abs_nat : l.natAbs = l.toNat
hm_abs_nat : m = (k - l).toNat
b_factor : b = c * beta ^ m
hdiv1 : b * (n * c).tdiv b + (n * c).tmod b = n * c
hdiv2 : beta ^ m * n.tdiv (beta ^ m) + n.tmod (beta ^ m) = n
hr1 : 0 ≤ (n * c).tmod b ∧ (n * c).tmod b < b
hr2 : 0 ≤ n.tmod (beta ^ m) ∧ n.tmod (beta ^ m) < beta ^ m
hmul : n * c = b * n.tdiv (beta ^ m) + c * n.tmod (beta ^ m)
hr2' : 0 ≤ c * n.tmod (beta ^ m) ∧ c * n.tmod (beta ^ m) < b
h1 : b * (n * c).tdiv b + (n * c).tmod b = n * c
h2 : n * c = b * n.tdiv (beta ^ m) + c * n.tmod (beta ^ m)
q1 : ℤ := (n * c).tdiv b
r1 : ℤ := (n * c).tmod b
q2 : ℤ := n.tdiv (beta ^ m)
r2' : ℤ := c * n.tmod (beta ^ m)
h1' : n * c = b * q1 + r1
h2' : n * c = b * q2 + r2'
hr1' : 0 ≤ r1 ∧ r1 < b
hr2'' : 0 ≤ r2' ∧ r2' < b
this✝¹ : b * q1 + r1 = b * q2 + r2'
this✝ : (fun x ↦ x - r1) (b * q1 + r1) = (fun x ↦ x - r1) (b * q2 + r2')
this : b * q1 = b * q2 + r2' - r1
⊢ b * q1 + -(b * q2) = r2' + -r1
error: FloatSpec/src/Core/Digits.lean:847:58: Application type mismatch: The argument
  LT.lt.ne' this
has type
  0 ≠ -b
but is expected to have type
  ?m.984 ≤ -r1
in the application
  lt_of_le_of_ne (LT.lt.ne' this)
error: FloatSpec/src/Core/Digits.lean:852:50: Unknown identifier `sub_lt_of_lt_add'`
error: FloatSpec/src/Core/Digits.lean:857:55: Unknown constant `Int.abs_mul`
error: FloatSpec/src/Core/Digits.lean:858:46: Unknown constant `Int.abs_mul`
error: FloatSpec/src/Core/Digits.lean:859:54: Application type mismatch: The argument
  this
has type
  b * |q1 - q2| < b
but is expected to have type
  b * |q1 - q2| < b * 1
in the application
  lt_of_mul_lt_mul_left this
error: FloatSpec/src/Core/Digits.lean:867:6: Tactic `assumption` failed

case pos
beta : ℤ
h_beta : beta > 1
n k l : ℤ
hβ : optParam (beta > 1) h_beta
hl : ⌜0 ≤ l⌝.down
hb : 0 < beta
hk : 0 ≤ k
hkl : l ≤ k
hnonneg_k_sub_l : 0 ≤ k - l
b : ℤ := beta ^ k.natAbs
hbdef : b = beta ^ k.natAbs
c : ℤ := beta ^ l.natAbs
hcdef : c = beta ^ l.natAbs
m : ℕ := (k - l).natAbs
eval_rhs : (Zdigit beta n (k - l)).run = n.tdiv (beta ^ m) % beta
hmdef : m = (k - l).natAbs
hbpos : 0 < b
hcpos : 0 < c
hmpos : 0 < beta ^ m
hk_nonneg : 0 ≤ k
hl_nonneg : 0 ≤ l
hkl_nonneg : 0 ≤ k - l
hk_abs_nat : k.natAbs = k.toNat
hl_abs_nat : l.natAbs = l.toNat
hm_abs_nat : m = (k - l).toNat
b_factor : b = c * beta ^ m
hdiv1 : b * (n * c).tdiv b + (n * c).tmod b = n * c
hdiv2 : beta ^ m * n.tdiv (beta ^ m) + n.tmod (beta ^ m) = n
hr1 : 0 ≤ (n * c).tmod b ∧ (n * c).tmod b < b
hr2 : 0 ≤ n.tmod (beta ^ m) ∧ n.tmod (beta ^ m) < beta ^ m
hmul : n * c = b * n.tdiv (beta ^ m) + c * n.tmod (beta ^ m)
hr2' : 0 ≤ c * n.tmod (beta ^ m) ∧ c * n.tmod (beta ^ m) < b
hq_eq : (n * c).tdiv b = n.tdiv (beta ^ m)
this : (n * beta ^ l.natAbs).tdiv (beta ^ k.natAbs) % beta = n.tdiv (beta ^ m) % beta
⊢ pure (if l ≤ k then n.tdiv (beta ^ m) % beta else 0) = pure ((n * beta ^ l.natAbs).tdiv (beta ^ k.natAbs) % beta)
error: FloatSpec/src/Core/Digits.lean:875:80: Application type mismatch: The argument
  hkl
has type
  ¬l ≤ k
but is expected to have type
  ¬0 ≤ k - 0
in the application
  lt_of_not_ge hkl
error: FloatSpec/src/Core/Digits.lean:874:6: unsolved goals
case h.left
beta : ℤ
h_beta : beta > 1
n k l : ℤ
hβ : optParam (beta > 1) h_beta
hl : ⌜0 ≤ l⌝.down
hb : 0 < beta
hk : 0 ≤ k
hkl : ¬l ≤ k
hltK : k < l
hlt this : k - l < 0
⊢ pure (if l ≤ k then n.tdiv (beta ^ (k - l).natAbs) % beta else 0) = pure 0
error: FloatSpec/src/Core/Digits.lean:879:80: unsolved goals
beta : ℤ
h_beta : beta > 1
n k l : ℤ
hβ : optParam (beta > 1) h_beta
hl : ⌜0 ≤ l⌝.down
hb : 0 < beta
hk : 0 ≤ k
hkl : ¬l ≤ k
hltK : k < l
hlt : k - l < 0
⊢ (n * beta ^ l.natAbs).tdiv (beta ^ k.natAbs) % beta = 0
error: FloatSpec/src/Core/Digits.lean:877:6: unsolved goals
case h.right
beta : ℤ
h_beta : beta > 1
n k l : ℤ
hβ : optParam (beta > 1) h_beta
hl : ⌜0 ≤ l⌝.down
hb : 0 < beta
hk : 0 ≤ k
hkl : ¬l ≤ k
hltK : k < l
hlt : k - l < 0
this : (n * beta ^ l.natAbs).tdiv (beta ^ k.natAbs) % beta = 0
⊢ (pure ((n * beta ^ l.natAbs).tdiv (beta ^ k.natAbs) % beta)).run = 0
error: FloatSpec/src/Core/Digits.lean:723:89: unsolved goals
case neg
beta : ℤ
h_beta : beta > 1
n k l : ℤ
hβ : optParam (beta > 1) h_beta
hl : ⌜0 ≤ l⌝.down
hb : 0 < beta
hk : ¬0 ≤ k
⊢ (wp⟦pure (if k ≥ 0 then (n * beta ^ l.natAbs).tdiv (beta ^ k.natAbs) % beta else 0)⟧
      (PostCond.noThrow fun result ↦
        ⌜∃ shifted,
            pure (if k - l ≥ 0 then n.tdiv (beta ^ (k - l).natAbs) % beta else 0) = pure shifted ∧
              result = shifted⌝)).down
warning: FloatSpec/src/Core/Digits.lean:955:8: declaration uses 'sorry'
warning: FloatSpec/src/Core/Digits.lean:985:8: declaration uses 'sorry'
warning: FloatSpec/src/Core/Digits.lean:1012:8: declaration uses 'sorry'
warning: FloatSpec/src/Core/Digits.lean:1055:8: declaration uses 'sorry'
warning: FloatSpec/src/Core/Digits.lean:1097:8: declaration uses 'sorry'
warning: FloatSpec/src/Core/Digits.lean:1104:8: declaration uses 'sorry'
warning: FloatSpec/src/Core/Digits.lean:1112:8: declaration uses 'sorry'
warning: FloatSpec/src/Core/Digits.lean:1120:8: declaration uses 'sorry'
warning: FloatSpec/src/Core/Digits.lean:1151:8: declaration uses 'sorry'
warning: FloatSpec/src/Core/Digits.lean:1182:8: declaration uses 'sorry'
warning: FloatSpec/src/Core/Digits.lean:1189:8: declaration uses 'sorry'
warning: FloatSpec/src/Core/Digits.lean:1196:8: declaration uses 'sorry'
warning: FloatSpec/src/Core/Digits.lean:1234:8: declaration uses 'sorry'
warning: FloatSpec/src/Core/Digits.lean:1261:8: declaration uses 'sorry'
warning: FloatSpec/src/Core/Digits.lean:1313:8: declaration uses 'sorry'
warning: FloatSpec/src/Core/Digits.lean:1353:8: declaration uses 'sorry'
warning: FloatSpec/src/Core/Digits.lean:1377:8: declaration uses 'sorry'
warning: FloatSpec/src/Core/Digits.lean:1405:8: declaration uses 'sorry'
warning: FloatSpec/src/Core/Digits.lean:1429:8: declaration uses 'sorry'
warning: FloatSpec/src/Core/Digits.lean:1464:8: declaration uses 'sorry'
warning: FloatSpec/src/Core/Digits.lean:1490:8: declaration uses 'sorry'
warning: FloatSpec/src/Core/Digits.lean:1580:8: declaration uses 'sorry'
warning: FloatSpec/src/Core/Digits.lean:1608:8: declaration uses 'sorry'
warning: FloatSpec/src/Core/Digits.lean:1628:8: declaration uses 'sorry'
warning: FloatSpec/src/Core/Digits.lean:1651:8: declaration uses 'sorry'
warning: FloatSpec/src/Core/Digits.lean:1670:8: declaration uses 'sorry'
warning: FloatSpec/src/Core/Digits.lean:1718:8: declaration uses 'sorry'
warning: FloatSpec/src/Core/Digits.lean:1749:10: This simp argument is unused:
  hn0

Hint: Omit it from the simp argument list.
  simp ̵[̵h̵n̵0̵]̵

Note: This linter can be disabled with `set_option linter.unusedSimpArgs false`
warning: FloatSpec/src/Core/Digits.lean:1752:18: This simp argument is unused:
  Nat.succ_eq_add_one

Hint: Omit it from the simp argument list.
  simp [hpos,̵ ̵N̵a̵t̵.̵s̵u̵c̵c̵_̵e̵q̵_̵a̵d̵d̵_̵o̵n̵e̵]

Note: This linter can be disabled with `set_option linter.unusedSimpArgs false`
warning: FloatSpec/src/Core/Digits.lean:1766:18: This simp argument is unused:
  hnonneg

Hint: Omit it from the simp argument list.
  simp [hpos, h̵n̵o̵n̵n̵e̵g̵,̵ ̵Int.natAbs_neg, Nat.succ_eq_add_one]

Note: This linter can be disabled with `set_option linter.unusedSimpArgs false`
warning: FloatSpec/src/Core/Digits.lean:1766:27: This simp argument is unused:
  Int.natAbs_neg

Hint: Omit it from the simp argument list.
  simp [hpos, hnonneg, I̵n̵t̵.̵n̵a̵t̵A̵b̵s̵_̵n̵e̵g̵,̵ ̵Nat.succ_eq_add_one]

Note: This linter can be disabled with `set_option linter.unusedSimpArgs false`
warning: FloatSpec/src/Core/Digits.lean:1766:43: This simp argument is unused:
  Nat.succ_eq_add_one

Hint: Omit it from the simp argument list.
  simp [hpos, hnonneg, Int.natAbs_neg,̵ ̵N̵a̵t̵.̵s̵u̵c̵c̵_̵e̵q̵_̵a̵d̵d̵_̵o̵n̵e̵]

Note: This linter can be disabled with `set_option linter.unusedSimpArgs false`
warning: FloatSpec/src/Core/Digits.lean:1792:8: declaration uses 'sorry'
warning: FloatSpec/src/Core/Digits.lean:1830:8: declaration uses 'sorry'
warning: FloatSpec/src/Core/Digits.lean:1860:8: declaration uses 'sorry'
warning: FloatSpec/src/Core/Digits.lean:1898:8: declaration uses 'sorry'
warning: FloatSpec/src/Core/Digits.lean:1920:8: declaration uses 'sorry'
warning: FloatSpec/src/Core/Digits.lean:1945:8: declaration uses 'sorry'
warning: FloatSpec/src/Core/Digits.lean:1968:8: declaration uses 'sorry'
warning: FloatSpec/src/Core/Digits.lean:1993:8: declaration uses 'sorry'
warning: FloatSpec/src/Core/Digits.lean:2016:8: declaration uses 'sorry'
warning: FloatSpec/src/Core/Digits.lean:2037:8: declaration uses 'sorry'
warning: FloatSpec/src/Core/Digits.lean:2059:8: declaration uses 'sorry'
warning: FloatSpec/src/Core/Digits.lean:2080:8: declaration uses 'sorry'
warning: FloatSpec/src/Core/Digits.lean:2118:8: declaration uses 'sorry'
warning: FloatSpec/src/Core/Digits.lean:2146:8: declaration uses 'sorry'
warning: FloatSpec/src/Core/Digits.lean:2178:8: declaration uses 'sorry'
warning: FloatSpec/src/Core/Digits.lean:2231:8: declaration uses 'sorry'
warning: FloatSpec/src/Core/Digits.lean:2257:8: declaration uses 'sorry'
warning: FloatSpec/src/Core/Digits.lean:2288:8: declaration uses 'sorry'
warning: FloatSpec/src/Core/Digits.lean:2314:8: declaration uses 'sorry'
error: Lean exited with code 1
Some required targets logged failures:
- FloatSpec.src.Core.Digits
error: build failed
