info: mathlib: cloning https://github.com/leanprover-community/mathlib4
info: mathlib: checking out revision 'dc2f7b7232556147ee80ebc9da381d566c89c942'
info: plausible: cloning https://github.com/leanprover-community/plausible
info: plausible: checking out revision '240eddc1bb31420fbbc57fe5cc579435c2522493'
info: LeanSearchClient: cloning https://github.com/leanprover-community/LeanSearchClient
info: LeanSearchClient: checking out revision '99657ad92e23804e279f77ea6dbdeebaa1317b98'
info: importGraph: cloning https://github.com/leanprover-community/import-graph
info: importGraph: checking out revision 'dba7fbc707774d1ba830fd44d7f92a717e9bf57f'
info: proofwidgets: cloning https://github.com/leanprover-community/ProofWidgets4
info: proofwidgets: checking out revision '6e47cc88cfbf1601ab364e9a4de5f33f13401ff8'
info: aesop: cloning https://github.com/leanprover-community/aesop
info: aesop: checking out revision '3b779e9d1c73837a3764d516d81f942de391b6f0'
info: Qq: cloning https://github.com/leanprover-community/quote4
info: Qq: checking out revision 'f85ad59c9b60647ef736719c23edd4578f723806'
info: batteries: cloning https://github.com/leanprover-community/batteries
info: batteries: checking out revision 'a67fc66cd1ebc0855dc064a4be727798771c0f89'
info: Cli: cloning https://github.com/leanprover/lean4-cli
info: Cli: checking out revision 'cacb481a1eaa4d7d4530a27b606c60923da21caf'
✔ [7/2695] Built Mathlib.Tactic.Linter.DirectoryDependency (1.5s)
✔ [9/3112] Built FloatSpec.src.Prop (320ms)
✔ [10/3112] Built Mathlib.Tactic.RewriteSearch (551ms)
✔ [11/3112] Built Mathlib.Tactic.Linter.Header (1.4s)
✔ [27/3112] Built Mathlib.Tactic.DeclarationNames (711ms)
✔ [28/3112] Built Mathlib.Tactic.Linter.OldObtain (761ms)
✔ [29/3112] Built Mathlib.Lean.ContextInfo (762ms)
✔ [30/3112] Built Mathlib.Tactic.Linter.HashCommandLinter (836ms)
✔ [31/3112] Built Mathlib.Tactic.Linter.DocPrime (891ms)
✔ [32/3112] Built Mathlib.Tactic.Linter.GlobalAttributeIn (873ms)
✔ [33/3112] Built Mathlib.Tactic.Linter.UnusedTacticExtension (913ms)
✔ [34/3112] Built Mathlib.Tactic.Linter.Multigoal (964ms)
✔ [35/3112] Built Mathlib.Tactic.Linter.DeprecatedSyntaxLinter (1.2s)
✔ [36/3112] Built Mathlib.Tactic.Linter.DocString (1.2s)
✔ [37/3112] Built Mathlib.Tactic.Linter.CommandStart (1.6s)
✔ [38/3112] Built Mathlib.Tactic.Linter.FlexibleLinter (2.1s)
✔ [68/3112] Built Mathlib.Tactic.Linter.Style (2.9s)
✔ [101/3112] Built ImportGraph.RequiredModules (933ms)
✔ [102/3112] Built ImportGraph.Imports (1.5s)
✔ [103/3112] Built Mathlib.Tactic.MinImports (1.1s)
✔ [104/3112] Built Mathlib.Tactic.Linter.MinImports (1.4s)
✔ [503/3112] Built Mathlib.Tactic.Widget.SelectPanelUtils (1.4s)
✔ [504/3112] Built Mathlib.Data.ENat.Defs (1.7s)
✔ [505/3112] Built Mathlib.Order.Defs.PartialOrder (1.8s)
✔ [507/3112] Built Mathlib.Data.List.Defs (1.9s)
✔ [508/3112] Built Mathlib.Order.Defs.Unbundled (1.8s)
✔ [509/3112] Built Mathlib.Tactic.Subsingleton (2.6s)
✔ [510/3112] Built Mathlib.Tactic.FunProp.Theorems (2.8s)
✔ [512/3112] Built Mathlib.Tactic.Widget.Conv (1.4s)
✔ [513/3112] Built Mathlib.Tactic.Widget.InteractiveUnfold (1.6s)
✔ [514/3112] Built Mathlib.Tactic.Lift (3.0s)
✔ [515/3112] Built Mathlib.Tactic.DefEqTransformations (2.0s)
✔ [516/3112] Built Mathlib.Tactic.Widget.Calc (1.0s)
✔ [517/3112] Built Mathlib.Data.Sigma.Lex (1.4s)
✔ [518/3112] Built Mathlib.Algebra.NeZero (1.7s)
✔ [519/3112] Built Mathlib.Order.Defs.LinearOrder (1.8s)
✔ [520/3112] Built Mathlib.Tactic.Tauto (3.7s)
✔ [522/3112] Built Mathlib.Logic.Relation (2.3s)
✔ [523/3112] Built Mathlib.Tactic.TFAE (4.7s)
✔ [524/3112] Built Mathlib.Tactic.ITauto (4.8s)
✔ [525/3112] Built Mathlib.Logic.Function.Basic (3.0s)
✔ [526/3112] Built Mathlib.Tactic.GeneralizeProofs (5.1s)
✔ [527/3112] Built Mathlib.Data.Bool.Basic (1.9s)
✔ [528/3112] Built Mathlib.Tactic.Simps.Basic (6.3s)
✔ [530/3112] Built Mathlib.Logic.IsEmpty (1.5s)
✔ [531/3112] Built Mathlib.Logic.Pairwise (1.5s)
✔ [532/3112] Built Mathlib.Tactic.GCongr.Core (4.6s)
✔ [533/3112] Built Mathlib.Logic.Function.Conjugate (1.8s)
✔ [534/3112] Built Mathlib.Tactic.Push (2.0s)
✔ [535/3112] Built Mathlib.Tactic.Widget.LibraryRewrite (3.7s)
✔ [536/3112] Built Mathlib.Data.Sigma.Basic (1.0s)
✔ [537/3112] Built Mathlib.Data.Sum.Basic (2.1s)
✔ [538/3112] Built Mathlib.Tactic.Choose (2.6s)
✔ [539/3112] Built Mathlib.Logic.Unique (1.7s)
✔ [540/3112] Built Mathlib.Tactic.GCongr.CoreAttrs (1.6s)
✔ [541/3112] Built Mathlib.Data.List.Pairwise (1.7s)
✔ [542/3112] Built Mathlib.Data.Option.Basic (1.9s)
✔ [543/3112] Built Mathlib.Data.List.Flatten (1.6s)
✔ [544/3112] Built Mathlib.Logic.Function.Iterate (1.8s)
✔ [545/3112] Built Mathlib.Tactic.Contrapose (1.9s)
✔ [546/3112] Built Mathlib.Data.Set.Operations (2.1s)
✔ [547/3112] Built Mathlib.Tactic.ByContra (1.9s)
✔ [548/3112] Built Mathlib.Tactic.GRewrite.Core (2.1s)
✔ [549/3112] Built Mathlib.Tactic.FunProp.Core (6.4s)
✔ [550/3112] Built Mathlib.Tactic.IrreducibleDef (2.9s)
✔ [551/3112] Built Mathlib.Util.Delaborators (9.5s)
✔ [552/3112] Built Mathlib.Lean.Meta.CongrTheorems (3.1s)
✔ [553/3112] Built Mathlib.Tactic.GCongr (1.4s)
✔ [554/3112] Built Mathlib.Data.FunLike.Basic (1.9s)
✔ [555/3112] Built Mathlib.Data.Nat.Basic (1.5s)
✔ [556/3112] Built Mathlib.Lean.Expr.ExtraRecognizers (1.7s)
✔ [557/3112] Built Mathlib.Util.Notation3 (10s)
✔ [558/3112] Built Mathlib.Data.Prod.Basic (2.2s)
✔ [559/3112] Built Mathlib.Tactic.GRewrite.Elab (2.4s)
✔ [560/3112] Built Mathlib.Tactic.FunProp.Elab (2.2s)
✔ [561/3112] Built Mathlib.Tactic.Widget.GCongr (1.8s)
✔ [562/3112] Built Mathlib.Data.FunLike.Embedding (1.5s)
✔ [563/3112] Built Mathlib.Data.Nat.Find (1.7s)
✔ [564/3112] Built Mathlib.Tactic.ToAdditive.Frontend (5.5s)
✔ [571/3112] Built Mathlib.Data.Set.Notation (1.8s)
✔ [572/3112] Built Mathlib.Logic.Nontrivial.Basic (1.6s)
✔ [573/3112] Built Mathlib.Data.Nat.Sqrt (2.3s)
✔ [574/3112] Built Mathlib.Tactic.GRewrite (1.4s)
✔ [575/3112] Built Mathlib.Tactic.FunProp (1.3s)
✔ [576/3112] Built Mathlib.Tactic.CC.Datatypes (3.4s)
✔ [577/3112] Built Mathlib.Data.FunLike.Equiv (1.7s)
✔ [578/3112] Built Mathlib.Data.Quot (3.2s)
✔ [579/3112] Built Mathlib.Tactic.CongrExclamation (4.2s)
✔ [580/3112] Built Mathlib.Algebra.Notation.Pi.Basic (1.0s)
✔ [581/3112] Built Mathlib.Algebra.Notation.Prod (2.1s)
✔ [582/3112] Built Mathlib.Tactic.ContinuousFunctionalCalculus (1.6s)
✔ [583/3112] Built Mathlib.Tactic.Nontriviality.Core (2.1s)
✔ [584/3112] Built Mathlib.Tactic.Nontriviality (1.4s)
✔ [585/3112] Built Mathlib.Tactic.Convert (2.2s)
✔ [586/3112] Built Mathlib.Order.SetNotation (6.6s)
✔ [588/3112] Built Mathlib.Logic.Equiv.Defs (3.7s)
✔ [590/3112] Built Mathlib.Algebra.Group.Defs (5.5s)
✔ [591/3112] Built Mathlib.Data.Int.Basic (1.7s)
✔ [592/3112] Built Mathlib.Tactic.CC.MkProof (4.8s)
✔ [593/3112] Built Mathlib.Logic.Lemmas (2.0s)
✔ [594/3112] Built Mathlib.Data.Nat.Bits (2.1s)
✔ [595/3112] Built Mathlib.Tactic.TermCongr (4.8s)
✔ [596/3112] Built Mathlib.Algebra.Group.Commutator (1.3s)
✔ [597/3112] Built Mathlib.Algebra.Group.Int.Defs (1.3s)
✔ [598/3112] Built Mathlib.Algebra.Group.Nat.Defs (1.3s)
✔ [599/3112] Built Mathlib.Algebra.Group.PUnit (1.5s)
✔ [600/3112] Built Mathlib.Topology.ContinuousMap.Defs (2.1s)
✔ [601/3112] Built Mathlib.Data.Nat.Cast.Defs (1.8s)
✔ [602/3112] Built Mathlib.Algebra.BigOperators.Group.List.Defs (1.7s)
✔ [603/3112] Built Mathlib.Control.Applicative (1.8s)
✔ [604/3112] Built Mathlib.Algebra.Group.Semiconj.Defs (1.9s)
✔ [605/3112] Built Mathlib.Control.EquivFunctor (2.1s)
✔ [606/3112] Built Mathlib.Logic.Small.Defs (2.2s)
✔ [609/3112] Built Mathlib.Algebra.Group.Invertible.Defs (1.9s)
✔ [610/3112] Built Mathlib.Data.Finite.Defs (2.3s)
✔ [611/3112] Built Mathlib.Tactic.ProdAssoc (2.5s)
✔ [612/3112] Built Mathlib.Tactic.Measurability (2.4s)
✔ [613/3112] Built Mathlib.Algebra.GroupWithZero.Defs (2.8s)
✔ [614/3112] Built Mathlib.Tactic.CongrM (1.6s)
✔ [615/3112] Built Mathlib.Data.Nat.Cast.NeZero (1.0s)
✔ [616/3112] Built Mathlib.Data.Int.Cast.Defs (1.0s)
✔ [617/3112] Built Mathlib.Control.Traversable.Lemmas (1.2s)
✔ [618/3112] Built Mathlib.Algebra.Opposites (3.2s)
✔ [619/3112] Built Mathlib.Logic.Equiv.Prod (3.5s)
✔ [620/3112] Built Mathlib.Order.Basic (4.8s)
✔ [621/3112] Built Mathlib.Algebra.Group.Commute.Defs (1.8s)
✔ [622/3112] Built Mathlib.Algebra.Group.Pi.Basic (3.8s)
✔ [623/3112] Built Mathlib.Combinatorics.Quiver.Basic (1.0s)
✔ [624/3112] Built Mathlib.Tactic.ProxyType (4.1s)
✔ [625/3112] Built Mathlib.Data.Countable.Defs (1.9s)
✔ [626/3112] Built Mathlib.Algebra.GroupWithZero.Nat (1.6s)
✔ [627/3112] Built Mathlib.Logic.Equiv.Option (2.6s)
✔ [628/3112] Built Mathlib.Algebra.GroupWithZero.NeZero (1.9s)
✔ [629/3112] Built Mathlib.Algebra.CharZero.Defs (1.7s)
✔ [630/3112] Built Mathlib.Algebra.GroupWithZero.Regular (1.9s)
✔ [631/3112] Built Mathlib.Algebra.Group.InjSurj (4.6s)
✔ [632/3112] Built Mathlib.Tactic.Sat.FromLRAT (3.4s)
✔ [633/3112] Built Mathlib.Tactic.Widget.CongrM (2.0s)
✔ [634/3112] Built Mathlib.Algebra.Order.ZeroLEOne (1.7s)
✔ [635/3112] Built Mathlib.Order.Synonym (2.1s)
✔ [636/3112] Built Mathlib.Order.ULift (2.1s)
✔ [637/3112] Built Mathlib.Data.PNat.Defs (2.2s)
✔ [638/3112] Built Mathlib.Data.List.TakeWhile (2.2s)
✔ [639/3112] Built Mathlib.Data.List.Scan (2.3s)
✔ [640/3112] Built Mathlib.Combinatorics.Quiver.Prefunctor (2.2s)
✔ [641/3112] Built Mathlib.Algebra.Ring.Defs (3.3s)
✔ [642/3112] Built Mathlib.Order.Monotone.Defs (2.8s)
✔ [643/3112] Built Mathlib.Logic.Equiv.Sum (3.1s)
✔ [644/3112] Built Mathlib.Tactic.Common (1.8s)
✔ [645/3112] Built Mathlib.Order.RelClasses (3.3s)
✔ [646/3112] Built Mathlib.Tactic.DeriveTraversable (3.9s)
✔ [647/3112] Built Mathlib.Algebra.GroupWithZero.InjSurj (2.4s)
✔ [648/3112] Built Mathlib.Data.PNat.Equiv (1.5s)
✔ [649/3112] Built Mathlib.Order.Compare (1.9s)
✔ [650/3112] Built Mathlib.Algebra.Group.Opposite (3.2s)
✔ [651/3112] Built Mathlib.Order.Max (2.3s)
✔ [652/3112] Built Mathlib.Combinatorics.Quiver.Push (1.6s)
✔ [653/3112] Built Mathlib.Algebra.Ring.PUnit (1.7s)
✔ [654/3112] Built Mathlib.Algebra.Group.Hom.Defs (7.9s)
✔ [655/3112] Built Mathlib.Algebra.Ring.Nat (1.9s)
✔ [656/3112] Built Mathlib.Algebra.Ring.Semiconj (1.9s)
✔ [657/3112] Built Mathlib.Algebra.Group.Action.Defs (4.4s)
✔ [658/3112] Built Mathlib.Algebra.Field.Defs (2.2s)
✔ [659/3112] Built Mathlib.Algebra.Order.Group.Synonym (2.8s)
✔ [660/3112] Built Mathlib.Algebra.Quotient (2.0s)
✔ [661/3112] Built Mathlib.Data.Int.Sqrt (2.1s)
✔ [662/3112] Built Mathlib.Combinatorics.Quiver.Path (2.6s)
✔ [663/3112] Built Mathlib.Algebra.Group.Units.Defs (5.1s)
✔ [664/3112] Built Mathlib.Data.List.Count (2.3s)
✔ [665/3112] Built Mathlib.Data.List.TakeDrop (2.6s)
✔ [666/3112] Built Mathlib.Control.Bifunctor (2.6s)
✔ [667/3112] Built Mathlib.Data.Vector.Defs (2.7s)
✔ [668/3112] Built Mathlib.Algebra.EuclideanDomain.Defs (2.6s)
✔ [669/3112] Built Mathlib.Algebra.Group.WithOne.Defs (2.9s)
✔ [670/3112] Built Mathlib.Algebra.GroupWithZero.Pi (1.9s)
✔ [671/3112] Built Mathlib.Data.Rat.Defs (3.2s)
✔ [672/3112] Built Mathlib.Algebra.Group.Hom.CompTypeclasses (2.1s)
✔ [673/3112] Built Mathlib.Algebra.GroupWithZero.Opposite (2.3s)
✔ [674/3112] Built Mathlib.Algebra.Group.Commute.Hom (2.2s)
✔ [675/3112] Built Mathlib.GroupTheory.GroupAction.IterateAct (2.1s)
✔ [676/3112] Built Mathlib.Algebra.Order.Ring.Synonym (2.1s)
✔ [677/3112] Built Mathlib.Algebra.Group.Action.Faithful (2.4s)
✔ [678/3112] Built Mathlib.Algebra.Order.GroupWithZero.Synonym (2.2s)
✔ [679/3112] Built Mathlib.Data.Matrix.DMatrix (2.5s)
✔ [680/3112] Built Mathlib.Algebra.AddTorsor.Defs (2.5s)
✔ [681/3112] Built Mathlib.Algebra.Group.Nat.Units (1.9s)
✔ [682/3112] Built Mathlib.CategoryTheory.Category.Basic (4.0s)
✔ [683/3112] Built Mathlib.RingTheory.LocalRing.Defs (1.9s)
✔ [684/3112] Built Mathlib.Logic.Equiv.Basic (4.4s)
✔ [685/3112] Built Mathlib.Order.BoundedOrder.Basic (3.0s)
✔ [686/3112] Built Mathlib.Order.Monotone.Basic (3.1s)
✔ [687/3112] Built Mathlib.Data.List.Basic (4.2s)
✔ [688/3112] Built Mathlib.Algebra.Group.Irreducible.Defs (1.0s)
✔ [689/3112] Built Mathlib.Combinatorics.Quiver.Symmetric (2.3s)
✔ [690/3112] Built Mathlib.Algebra.Field.IsField (2.9s)
✔ [691/3112] Built Mathlib.Logic.Equiv.Functor (2.0s)
✔ [692/3112] Built Mathlib.Algebra.Group.Action.Opposite (3.3s)
✔ [693/3112] Built Mathlib.Data.Nat.Factorial.Basic (5.0s)
✔ [694/3112] Built Mathlib.Algebra.Group.WithOne.Map (2.0s)
✔ [695/3112] Built Mathlib.Algebra.Group.Basic (12s)
✔ [696/3112] Built Mathlib.LinearAlgebra.AffineSpace.Defs (1.9s)
✔ [697/3112] Built Mathlib.Order.Nat (1.8s)
✔ [698/3112] Built Mathlib.Data.ULift (2.1s)
✔ [699/3112] Built Mathlib.Tactic.CategoryTheory.Slice (2.3s)
✔ [700/3112] Built Mathlib.Algebra.Group.Equiv.Defs (5.1s)
✔ [701/3112] Built Mathlib.Order.BoundedOrder.Monotone (2.3s)
✔ [702/3112] Built Mathlib.Order.Iterate (2.3s)
✔ [703/3112] Built Mathlib.Tactic.CC.Addition (12s)
✔ [704/3112] Built Mathlib.Tactic.Widget.CommDiag (2.5s)
✔ [705/3112] Built Mathlib.Data.List.Perm.Subperm (2.4s)
✔ [706/3112] Built Mathlib.Data.List.Induction (2.6s)
✔ [707/3112] Built Mathlib.Data.List.ProdSigma (2.5s)
✔ [708/3112] Built Mathlib.Tactic.CategoryTheory.CheckCompositions (2.7s)
✔ [709/3112] Built Mathlib.Data.List.InsertIdx (2.6s)
✔ [710/3112] Built Mathlib.Order.GaloisConnection.Defs (2.7s)
✔ [711/3112] Built Mathlib.Data.List.Lattice (2.8s)
✔ [712/3112] Built Mathlib.Data.List.Lex (2.9s)
✔ [713/3112] Built Mathlib.Tactic.CategoryTheory.Coherence.Basic (3.1s)
✔ [714/3112] Built Mathlib.Data.Nat.Log (2.0s)
✔ [715/3112] Built Mathlib.Data.List.Forall2 (3.1s)
✔ [716/3112] Built Mathlib.Logic.Embedding.Basic (3.6s)
✔ [717/3112] Built Mathlib.Data.Nat.Choose.Basic (2.9s)
✔ [718/3112] Built Mathlib.Algebra.Group.Semiconj.Basic (2.6s)
✔ [719/3112] Built Mathlib.Algebra.Group.Idempotent (2.7s)
✔ [720/3112] Built Mathlib.Algebra.Ring.Regular (2.6s)
✔ [721/3112] Built Mathlib.Data.Int.Cast.Basic (2.8s)
✔ [722/3112] Built Mathlib.Algebra.Group.Torsion (2.8s)
✔ [723/3112] Built Mathlib.Algebra.Group.Int.Units (3.2s)
✔ [724/3112] Built Mathlib.Order.Lattice (4.8s)
✔ [725/3112] Built Mathlib.Algebra.Group.Action.Units (3.5s)
✔ [726/3112] Built Mathlib.Algebra.Group.Units.Opposite (2.8s)
✔ [727/3112] Built Mathlib.Algebra.GroupWithZero.Basic (3.6s)
✔ [728/3112] Built Mathlib.Algebra.Divisibility.Basic (3.6s)
✔ [729/3112] Built Mathlib.Algebra.Regular.Basic (3.6s)
✔ [730/3112] Built Mathlib.Tactic.MoveAdd (3.7s)
✔ [731/3112] Built Mathlib.Algebra.Order.Monoid.Unbundled.Defs (3.8s)
✔ [732/3112] Built Mathlib.Algebra.Group.Embedding (2.0s)
✔ [733/3112] Built Mathlib.Tactic.CC (3.2s)
✔ [734/3112] Built Mathlib.SetTheory.Cardinal.Defs (3.5s)
✔ [735/3112] Built Mathlib.Algebra.Group.Hom.Basic (4.3s)
✔ [736/3112] Built Mathlib.Data.Multiset.Defs (3.2s)
✔ [737/3112] Built Mathlib.Data.List.Zip (2.5s)
✔ [738/3112] Built Mathlib.Algebra.Group.ULift (3.6s)
✔ [739/3112] Built Mathlib.CategoryTheory.Functor.Basic (3.3s)
✔ [740/3112] Built Mathlib.Data.List.Infix (3.3s)
✔ [741/3112] Built Mathlib.Algebra.GroupWithZero.Idempotent (2.0s)
✔ [742/3112] Built Mathlib.Data.List.Nodup (3.1s)
✔ [743/3112] Built Mathlib.Data.List.Perm.Basic (3.3s)
✔ [744/3112] Built Mathlib.Algebra.Group.Commute.Basic (2.6s)
✔ [745/3112] Built Mathlib.Algebra.Ring.GrindInstances (2.5s)
✔ [746/3112] Built Mathlib.Tactic.Zify (2.5s)
✔ [747/3112] Built Mathlib.Data.List.Chain (3.8s)
✔ [748/3112] Built Mathlib.Algebra.Divisibility.Hom (2.2s)
✔ [749/3112] Built Mathlib.Order.MinMax (2.5s)
✔ [750/3112] Built Mathlib.Order.BoundedOrder.Lattice (2.6s)
✔ [751/3112] Built Mathlib.Algebra.Order.Monoid.Unbundled.OrderDual (2.2s)
✔ [752/3112] Built Mathlib.Order.Monotone.Monovary (2.9s)
✔ [753/3112] Built Mathlib.Algebra.Group.Units.Basic (6.7s)
✔ [754/3112] Built Mathlib.Order.RelIso.Basic (4.5s)
✔ [755/3112] Built Mathlib.Algebra.GroupWithZero.ULift (2.3s)
✔ [756/3112] Built Mathlib.Algebra.Group.TypeTags.Basic (3.9s)
✔ [757/3112] Built Mathlib.Tactic.CategoryTheory.Reassoc (2.5s)
✔ [758/3112] Built Mathlib.Data.List.Dedup (2.3s)
✔ [759/3112] Built Mathlib.Data.List.Perm.Lattice (2.3s)
✔ [760/3112] Built Mathlib.Data.Prod.Lex (3.9s)
✔ [761/3112] Built Mathlib.Data.List.Duplicate (2.6s)
✔ [762/3112] Built Mathlib.Algebra.Order.GroupWithZero.Unbundled.Defs (3.6s)
✔ [763/3112] Built Mathlib.Data.Multiset.ZeroCons (3.2s)
✔ [764/3112] Built Mathlib.Data.Fin.Basic (4.2s)
✔ [765/3112] Built Mathlib.Data.List.NatAntidiagonal (2.7s)
✔ [766/3112] Built Mathlib.Algebra.Ring.Int.Defs (2.4s)
✔ [767/3112] Built Mathlib.Algebra.GroupWithZero.Hom (3.3s)
✔ [768/3112] Built Mathlib.Tactic.Order.CollectFacts (4.3s)
✔ [769/3112] Built Mathlib.Data.List.Range (2.2s)
✔ [770/3112] Built Mathlib.Algebra.Ring.Idempotent (3.0s)
✔ [771/3112] Built Mathlib.Algebra.Group.Equiv.Basic (3.6s)
✔ [772/3112] Built Mathlib.Data.List.Rotate (3.5s)
✔ [773/3112] Built Mathlib.Algebra.Group.Hom.Instances (4.1s)
✔ [774/3112] Built Mathlib.Algebra.Group.Action.TypeTags (2.0s)
✔ [775/3112] Built Mathlib.Algebra.Group.Semiconj.Units (2.3s)
✔ [776/3112] Built Mathlib.Algebra.Group.TypeTags.Hom (2.3s)
✔ [777/3112] Built Mathlib.CategoryTheory.NatTrans (2.3s)
✔ [778/3112] Built Mathlib.Algebra.Divisibility.Units (2.5s)
✔ [779/3112] Built Mathlib.Algebra.Ring.InjSurj (6.6s)
✔ [780/3112] Built Mathlib.Order.Disjoint (3.5s)
✔ [781/3112] Built Mathlib.Data.Int.Cast.Field (1.8s)
✔ [782/3112] Built Mathlib.Algebra.Ring.Hom.InjSurj (1.8s)
✔ [783/3112] Built Mathlib.Algebra.GroupWithZero.Equiv (2.1s)
✔ [784/3112] Built Mathlib.Data.Multiset.Count (2.5s)
✔ [785/3112] Built Mathlib.Tactic.Order.Preprocessing (2.3s)
✔ [786/3112] Built Mathlib.Algebra.Group.Units.Hom (3.4s)
✔ [787/3112] Built Mathlib.Data.Multiset.Basic (2.6s)
✔ [788/3112] Built Mathlib.Tactic.Order.Graph.Basic (2.3s)
✔ [789/3112] Built Mathlib.Algebra.GroupWithZero.Units.Basic (3.4s)
✔ [790/3112] Built Mathlib.Algebra.Group.Hom.End (2.2s)
✔ [791/3112] Built Mathlib.Algebra.Group.Action.Pretransitive (2.0s)
✔ [792/3112] Built Mathlib.Algebra.Ring.Divisibility.Basic (2.9s)
✔ [793/3112] Built Mathlib.CategoryTheory.Iso (4.3s)
✔ [794/3112] Built Mathlib.Algebra.Group.Equiv.Opposite (3.4s)
✔ [795/3112] Built Mathlib.Algebra.GroupWithZero.Action.Defs (3.7s)
✔ [796/3112] Built Mathlib.Order.PropInstances (1.9s)
✔ [797/3112] Built Mathlib.Algebra.Group.Nat.Hom (2.4s)
✔ [798/3112] Built Mathlib.Algebra.Ring.Basic (3.1s)
✔ [799/3112] Built Mathlib.Algebra.BigOperators.Group.List.Basic (6.6s)
✔ [800/3112] Built Mathlib.Algebra.Group.Commute.Units (3.1s)
✔ [801/3112] Built Mathlib.Algebra.GroupWithZero.Semiconj (1.0s)
✔ [802/3112] Built Mathlib.Algebra.Group.Equiv.TypeTags (3.1s)
✔ [803/3112] Built Mathlib.Tactic.Order.Graph.Tarjan (2.1s)
✔ [804/3112] Built Mathlib.Algebra.GroupWithZero.Divisibility (2.5s)
✔ [805/3112] Built Mathlib.Data.Multiset.AddSub (2.8s)
✔ [806/3112] Built Mathlib.Algebra.Group.Action.Hom (2.2s)
✔ [807/3112] Built Mathlib.Algebra.Group.Units.Equiv (2.9s)
✔ [808/3112] Built Mathlib.Algebra.EuclideanDomain.Field (3.2s)
✔ [809/3112] Built Mathlib.Tactic.CategoryTheory.IsoReassoc (2.5s)
✔ [810/3112] Built Mathlib.CategoryTheory.ObjectProperty.Basic (2.6s)
✔ [811/3112] Built Mathlib.Algebra.Ring.Action.Rat (2.4s)
✔ [812/3112] Built Mathlib.Algebra.GroupWithZero.Action.Opposite (2.7s)
✔ [813/3112] Built Mathlib.Algebra.Order.Monoid.Unbundled.Basic (8.2s)
✔ [814/3112] Built Mathlib.CategoryTheory.HomCongr (3.0s)
✔ [815/3112] Built Mathlib.Algebra.GroupWithZero.Action.Hom (2.9s)
✔ [816/3112] Built Mathlib.Algebra.GroupWithZero.Action.Units (3.1s)
✔ [817/3112] Built Mathlib.Algebra.NoZeroSMulDivisors.Defs (3.1s)
✔ [818/3112] Built Mathlib.Algebra.Order.GroupWithZero.Action.Synonym (3.1s)
✔ [819/3112] Built Mathlib.GroupTheory.GroupAction.Ring (3.0s)
✔ [820/3112] Built Mathlib.Order.WithBot (11s)
✔ [821/3112] Built Mathlib.Algebra.Ring.Rat (3.1s)
✔ [822/3112] Built Mathlib.Algebra.Regular.SMul (3.4s)
✔ [823/3112] Built Mathlib.Algebra.Module.Defs (3.5s)
✔ [824/3112] Built Mathlib.Algebra.GroupWithZero.Commute (2.8s)
✔ [825/3112] Built Mathlib.Algebra.Group.Even (4.0s)
✔ [826/3112] Built Mathlib.Algebra.Group.Invertible.Basic (3.5s)
✔ [827/3112] Built Mathlib.Algebra.BigOperators.Group.List.Lemmas (3.0s)
✔ [828/3112] Built Mathlib.Algebra.GroupWithZero.WithZero (5.6s)
✔ [829/3112] Built Mathlib.Algebra.Prime.Defs (3.3s)
✔ [830/3112] Built Mathlib.Algebra.GroupWithZero.Units.Equiv (2.9s)
✔ [831/3112] Built Mathlib.Data.Multiset.Replicate (3.2s)
✔ [832/3112] Built Mathlib.Algebra.Field.Equiv (3.1s)
✔ [833/3112] Built Mathlib.Data.Int.GCD (4.3s)
✔ [834/3112] Built Mathlib.CategoryTheory.ObjectProperty.ClosedUnderIsomorphisms (2.7s)
✔ [835/3112] Built Mathlib.Data.Nat.GCD.Basic (3.8s)
✔ [836/3112] Built Mathlib.Data.Set.Basic (5.3s)
✔ [837/3112] Built Mathlib.Algebra.Order.Monoid.NatCast (2.7s)
✔ [838/3112] Built Mathlib.CategoryTheory.Functor.Category (5.6s)
✔ [839/3112] Built Mathlib.Tactic.Order (4.6s)
✔ [840/3112] Built Mathlib.Algebra.GroupWithZero.Action.End (2.5s)
✔ [841/3112] Built Mathlib.Algebra.Order.Monoid.Unbundled.ExistsOfLE (2.9s)
✔ [842/3112] Built Mathlib.Algebra.Group.Prod (7.0s)
✔ [843/3112] Built Mathlib.Algebra.EuclideanDomain.Basic (4.5s)
✔ [844/3112] Built Mathlib.Algebra.Ring.Hom.Defs (5.7s)
✔ [845/3112] Built Mathlib.Order.Hom.Basic (7.8s)
✔ [846/3112] Built Mathlib.Algebra.Order.Monoid.Unbundled.MinMax (3.2s)
✔ [847/3112] Built Mathlib.Algebra.Module.MinimalAxioms (2.5s)
✔ [848/3112] Built Mathlib.Algebra.Order.Sub.Defs (3.4s)
✔ [849/3112] Built Mathlib.Algebra.Order.Module.Synonym (2.6s)
✔ [850/3112] Built Mathlib.Algebra.GroupWithZero.Units.Lemmas (2.6s)
✔ [851/3112] Built Mathlib.Algebra.FreeMonoid.Basic (6.2s)
✔ [852/3112] Built Mathlib.Algebra.Order.Monoid.Defs (3.8s)
✔ [853/3112] Built Mathlib.Algebra.GroupWithZero.Invertible (2.4s)
✔ [854/3112] Built Mathlib.Algebra.Group.Irreducible.Lemmas (2.8s)
✔ [855/3112] Built Mathlib.Algebra.Group.Nat.Even (3.1s)
✔ [856/3112] Built Mathlib.Data.List.MinMax (3.9s)
✔ [857/3112] Built Mathlib.Order.Heyting.Basic (7.2s)
✔ [858/3112] Built Mathlib.Algebra.Group.Action.Basic (3.1s)
✔ [859/3112] Built Mathlib.Algebra.Order.GroupWithZero.Unbundled.Basic (8.6s)
✔ [860/3112] Built Mathlib.Algebra.Order.Monoid.Unbundled.Pow (4.8s)
✔ [861/3112] Built Mathlib.Data.Nat.Prime.Defs (3.2s)
✔ [862/3112] Built Mathlib.Data.Set.Disjoint (3.1s)
✔ [863/3112] Built Mathlib.Data.Nat.Order.Lemmas (3.1s)
✔ [864/3112] Built Mathlib.Data.Set.Inclusion (3.2s)
✔ [865/3112] Built Mathlib.Data.SetLike.Basic (3.3s)
✔ [866/3112] Built Mathlib.Algebra.Order.Monoid.Unbundled.TypeTags (3.2s)
✔ [867/3112] Built Mathlib.CategoryTheory.Thin (3.4s)
✔ [868/3112] Built Mathlib.Data.Set.Order (3.6s)
✔ [869/3112] Built Mathlib.Data.Nat.Cast.Prod (3.2s)
✔ [870/3112] Built Mathlib.Order.Circular (3.7s)
✔ [871/3112] Built Mathlib.Algebra.GroupWithZero.Prod (3.6s)
✔ [872/3112] Built Mathlib.Algebra.Order.Group.Int (2.8s)
✔ [873/3112] Built Mathlib.Algebra.Module.RingHom (3.6s)
✔ [874/3112] Built Mathlib.Algebra.Order.Monoid.Units (3.5s)
✔ [875/3112] Built Mathlib.Algebra.Order.Monoid.OrderDual (3.0s)
✔ [876/3112] Built Mathlib.Algebra.Ring.Units (3.9s)
✔ [877/3112] Built Mathlib.Algebra.Ring.Invertible (3.1s)
✔ [878/3112] Built Mathlib.Data.Nat.Cast.Basic (3.0s)
✔ [879/3112] Built Mathlib.Algebra.Order.Group.Opposite (3.4s)
✔ [880/3112] Built Mathlib.Algebra.Prime.Lemmas (3.3s)
✔ [881/3112] Built Mathlib.Algebra.Group.Action.Prod (4.4s)
✔ [882/3112] Built Mathlib.Algebra.Order.Sub.Unbundled.Basic (3.0s)
✔ [883/3112] Built Mathlib.Order.Antisymmetrization (4.2s)
✔ [884/3112] Built Mathlib.Algebra.Order.Monoid.Basic (3.6s)
✔ [885/3112] Built Mathlib.Algebra.Ring.Action.Basic (2.9s)
✔ [886/3112] Built Mathlib.Tactic.ApplyFun (4.3s)
✔ [887/3112] Built Mathlib.Algebra.Order.GroupWithZero.Unbundled.OrderIso (2.0s)
✔ [888/3112] Built Mathlib.Order.BooleanAlgebra.Defs (3.3s)
✔ [889/3112] Built Mathlib.Algebra.Group.Int.Even (3.4s)
✔ [890/3112] Built Mathlib.Algebra.Group.Center (5.6s)
✔ [891/3112] Built Mathlib.Data.Int.Cast.Prod (2.2s)
✔ [892/3112] Built Mathlib.Algebra.Order.Monoid.Canonical.Defs (5.0s)
✔ [893/3112] Built Mathlib.Algebra.Order.Group.Units (2.0s)
✔ [894/3112] Built Mathlib.CategoryTheory.NatIso (6.1s)
✔ [895/3112] Built Mathlib.Tactic.NormNum.Result (5.2s)
✔ [896/3112] Built Mathlib.Order.Hom.Bounded (5.9s)
✔ [897/3112] Built Mathlib.Order.Hom.Lattice (5.9s)
✔ [898/3112] Built Mathlib.Algebra.Group.Subsemigroup.Defs (3.5s)
✔ [899/3112] Built Mathlib.Algebra.Group.End (6.3s)
✔ [900/3112] Built Mathlib.Algebra.Ring.Opposite (6.2s)
✔ [901/3112] Built Mathlib.Algebra.Ring.Int.Units (2.3s)
✔ [902/3112] Built Mathlib.Algebra.CharZero.AddMonoidHom (2.3s)
✔ [903/3112] Built Mathlib.Data.Nat.Cast.Field (2.5s)
✔ [904/3112] Built Mathlib.Algebra.Ring.Action.Field (2.3s)
✔ [905/3112] Built Mathlib.Data.Set.Insert (4.3s)
✔ [906/3112] Built Mathlib.Algebra.Module.PUnit (2.6s)
✔ [907/3112] Built Mathlib.Algebra.Ring.Commute (3.4s)
✔ [908/3112] Built Mathlib.Algebra.CharP.Defs (3.2s)
✔ [909/3112] Built Mathlib.Algebra.GroupWithZero.Action.Prod (3.2s)
✔ [910/3112] Built Mathlib.Algebra.Ring.Centralizer (2.5s)
✔ [911/3112] Built Mathlib.Algebra.GroupWithZero.Center (2.5s)
✔ [912/3112] Built Mathlib.Algebra.Order.Monoid.Unbundled.WithTop (7.7s)
✔ [913/3112] Built Mathlib.Data.Nat.Cast.Order.Basic (3.7s)
✔ [914/3112] Built Mathlib.Algebra.Order.Group.Nat (2.2s)
✔ [915/3112] Built Mathlib.Algebra.Order.Monoid.TypeTags (2.3s)
✔ [916/3112] Built Mathlib.Algebra.Module.Opposite (2.1s)
✔ [917/3112] Built Mathlib.GroupTheory.Subsemigroup.Center (2.4s)
✔ [918/3112] Built Mathlib.Algebra.Order.Sub.Basic (3.0s)
✔ [919/3112] Built Mathlib.Algebra.Group.Action.End (2.7s)
✔ [920/3112] Built Mathlib.Algebra.Group.Conj (2.7s)
✔ [921/3112] Built Mathlib.Algebra.GroupWithZero.Associated (4.8s)
✔ [922/3112] Built Mathlib.Data.Sum.Order (7.6s)
✔ [923/3112] Built Mathlib.Data.Nat.Cast.Commute (2.3s)
✔ [924/3112] Built Mathlib.Tactic.NormNum.Core (3.5s)
✔ [925/3112] Built Mathlib.Algebra.Order.BigOperators.Group.List (3.8s)
✔ [926/3112] Built Mathlib.Data.Nat.Cast.WithTop (1.9s)
✔ [927/3112] Built Mathlib.Algebra.Module.Prod (2.2s)
✔ [928/3112] Built Mathlib.Data.Set.Subsingleton (2.8s)
✔ [929/3112] Built Mathlib.Algebra.Order.Monoid.WithTop (2.1s)
✔ [930/3112] Built Mathlib.CategoryTheory.Functor.FullyFaithful (3.9s)
✔ [931/3112] Built Mathlib.Algebra.BigOperators.Ring.List (2.4s)
✔ [932/3112] Built Mathlib.Algebra.Order.Sub.WithTop (2.2s)
✔ [933/3112] Built Mathlib.Algebra.Order.Group.Unbundled.Basic (9.6s)
✔ [934/3112] Built Mathlib.Order.BooleanAlgebra.Basic (5.0s)
✔ [935/3112] Built Mathlib.Algebra.GroupWithZero.Action.Basic (2.1s)
✔ [936/3112] Built Mathlib.Algebra.Ring.Associated (2.1s)
✔ [937/3112] Built Mathlib.Algebra.Group.Submonoid.Defs (4.5s)
✔ [938/3112] Built Mathlib.Data.List.Prime (2.2s)
✔ [939/3112] Built Mathlib.Algebra.Order.Nonneg.Basic (3.8s)
✔ [940/3112] Built Mathlib.CategoryTheory.InducedCategory (2.4s)
✔ [941/3112] Built Mathlib.Data.Int.Range (2.2s)
✔ [942/3112] Built Mathlib.Algebra.Field.Basic (5.2s)
✔ [943/3112] Built Mathlib.Algebra.Order.AddGroupWithTop (2.0s)
✔ [944/3112] Built Mathlib.Algebra.Order.Group.OrderIso (2.7s)
✔ [945/3112] Built Mathlib.CategoryTheory.Functor.Trifunctor (13s)
✔ [946/3112] Built Mathlib.Algebra.Order.Group.Basic (3.1s)
✔ [947/3112] Built Mathlib.Algebra.Order.Group.Defs (3.4s)
✔ [948/3112] Built Mathlib.Algebra.GroupWithZero.Submonoid.Primal (2.1s)
✔ [949/3112] Built Mathlib.Algebra.Order.GroupWithZero.Submonoid (2.3s)
✔ [950/3112] Built Mathlib.Algebra.Ring.AddAut (2.5s)
✔ [951/3112] Built Mathlib.Algebra.Group.Submonoid.MulAction (2.6s)
✔ [952/3112] Built Mathlib.GroupTheory.OreLocalization.OreSet (2.6s)
✔ [953/3112] Built Mathlib.CategoryTheory.Bicategory.Basic (8.3s)
✔ [954/3112] Built Mathlib.Algebra.Ring.Parity (4.8s)
✔ [955/3112] Built Mathlib.CategoryTheory.ObjectProperty.FullSubcategory (2.5s)
✔ [956/3112] Built Mathlib.Order.BooleanAlgebra.Set (3.9s)
✔ [957/3112] Built Mathlib.Data.Part (4.0s)
✔ [958/3112] Built Mathlib.Data.Int.LeastGreatest (2.0s)
✔ [959/3112] Built Mathlib.Order.SymmDiff (4.3s)
✔ [960/3112] Built Mathlib.RingTheory.NonUnitalSubsemiring.Defs (3.7s)
✔ [961/3112] Built Mathlib.Algebra.Order.Group.Lattice (2.8s)
✔ [962/3112] Built Mathlib.Algebra.Group.Submonoid.DistribMulAction (2.1s)
✔ [963/3112] Built Mathlib.RingTheory.OreLocalization.OreSet (2.1s)
✔ [964/3112] Built Mathlib.Data.Set.BoolIndicator (2.3s)
✔ [965/3112] Built Mathlib.Algebra.CharP.Invertible (2.6s)
✔ [966/3112] Built Mathlib.Data.Set.SymmDiff (2.1s)
✔ [967/3112] Built Mathlib.Order.Part (2.4s)
✔ [968/3112] Built Mathlib.Tactic.CategoryTheory.BicategoricalComp (2.9s)
✔ [969/3112] Built Mathlib.Algebra.Order.Ring.Unbundled.Basic (7.3s)
✔ [970/3112] Built Mathlib.Algebra.Order.Hom.Monoid (7.6s)
✔ [971/3112] Built Mathlib.Data.Nat.Prime.Basic (3.3s)
✔ [972/3112] Built Mathlib.Data.Int.Cast.Lemmas (3.5s)
✔ [973/3112] Built Mathlib.Algebra.Ring.Int.Parity (3.6s)
✔ [974/3112] Built Mathlib.Tactic.NormNum.Basic (8.5s)
✔ [975/3112] Built Mathlib.CategoryTheory.EssentialImage (3.6s)
✔ [976/3112] Built Mathlib.Algebra.Group.Subgroup.Defs (7.3s)
✔ [977/3112] Built Mathlib.GroupTheory.GroupAction.Hom (14s)
✔ [978/3112] Built Mathlib.Order.Filter.Defs (4.3s)
✔ [979/3112] Built Mathlib.Order.Interval.Set.Basic (4.6s)
✔ [980/3112] Built Mathlib.Algebra.Ring.Subsemiring.Defs (4.3s)
✔ [981/3112] Built Mathlib.Tactic.TautoSet (2.3s)
✔ [982/3112] Built Mathlib.Data.Nat.Prime.Int (1.0s)
✔ [983/3112] Built Mathlib.Data.Nat.Prime.Pow (2.1s)
✔ [984/3112] Built Mathlib.Algebra.Ring.Center (2.2s)
✔ [985/3112] Built Mathlib.Algebra.Field.Power (2.1s)
✔ [986/3112] Built Mathlib.Algebra.Ring.Action.Subobjects (2.1s)
✔ [987/3112] Built Mathlib.Algebra.Field.Opposite (2.9s)
✔ [988/3112] Built Mathlib.Algebra.Order.Group.Unbundled.Abs (5.5s)
✔ [989/3112] Built Mathlib.Algebra.Module.NatInt (3.4s)
✔ [990/3112] Built Mathlib.Order.Hom.BoundedLattice (6.1s)
✔ [991/3112] Built Mathlib.Algebra.Order.GroupWithZero.Canonical (7.8s)
✔ [992/3112] Built Mathlib.Data.Rat.Lemmas (3.3s)
✔ [993/3112] Built Mathlib.Tactic.NormNum.Prime (3.3s)
✔ [994/3112] Built Mathlib.Algebra.Order.Ring.Defs (4.2s)
✔ [995/3112] Built Mathlib.RingTheory.NonUnitalSubring.Defs (4.0s)
✔ [996/3112] Built Mathlib.Tactic.NormNum.Pow (4.5s)
✔ [997/3112] Built Mathlib.Algebra.GCDMonoid.Basic (11s)
✔ [998/3112] Built Mathlib.Data.Set.Image (5.8s)
✖ [999/3112] Building Mathlib.Data.Nat.Set (249ms)
trace: .> LEAN_PATH=/home/hantao/code/FloatSpec/.lake/packages/Cli/.lake/build/lib/lean:/home/hantao/code/FloatSpec/.lake/packages/batteries/.lake/build/lib/lean:/home/hantao/code/FloatSpec/.lake/packages/Qq/.lake/build/lib/lean:/home/hantao/code/FloatSpec/.lake/packages/aesop/.lake/build/lib/lean:/home/hantao/code/FloatSpec/.lake/packages/proofwidgets/.lake/build/lib/lean:/home/hantao/code/FloatSpec/.lake/packages/importGraph/.lake/build/lib/lean:/home/hantao/code/FloatSpec/.lake/packages/LeanSearchClient/.lake/build/lib/lean:/home/hantao/code/FloatSpec/.lake/packages/plausible/.lake/build/lib/lean:/home/hantao/code/FloatSpec/.lake/packages/mathlib/.lake/build/lib/lean:/home/hantao/code/FloatSpec/.lake/build/lib/lean /home/hantao/.elan/toolchains/leanprover--lean4---v4.23.0-rc2/bin/lean /home/hantao/code/FloatSpec/.lake/packages/mathlib/Mathlib/Data/Nat/Set.lean -o /home/hantao/code/FloatSpec/.lake/packages/mathlib/.lake/build/lib/lean/Mathlib/Data/Nat/Set.olean -i /home/hantao/code/FloatSpec/.lake/packages/mathlib/.lake/build/lib/lean/Mathlib/Data/Nat/Set.ilean -c /home/hantao/code/FloatSpec/.lake/packages/mathlib/.lake/build/ir/Mathlib/Data/Nat/Set.c --setup /home/hantao/code/FloatSpec/.lake/packages/mathlib/.lake/build/ir/Mathlib/Data/Nat/Set.setup.json --json
info: stderr:
failed to load header from /home/hantao/code/FloatSpec/.lake/packages/mathlib/.lake/build/ir/Mathlib/Data/Nat/Set.setup.json: offset 0: unexpected end of input
error: Lean exited with code 1
✔ [1000/3112] Built Mathlib.Algebra.Order.Group.Unbundled.Int (2.1s)
✔ [1001/3112] Built Mathlib.Data.Nat.WithBot (2.5s)
✔ [1002/3112] Built Mathlib.Algebra.Module.End (2.5s)
✔ [1003/3112] Built Mathlib.Algebra.Order.Ring.Nat (2.3s)
✔ [1004/3112] Built Mathlib.Algebra.Order.Ring.InjSurj (2.4s)
✔ [1005/3112] Built Mathlib.Tactic.CategoryTheory.Bicategory.Datatypes (6.9s)
✔ [1006/3112] Built Mathlib.Algebra.Order.Field.Defs (2.5s)
✔ [1007/3112] Built Mathlib.Tactic.FieldSimp.Lemmas (4.3s)
✔ [1008/3112] Built Mathlib.Algebra.Order.Ring.Canonical (2.0s)
✔ [1009/3112] Built Mathlib.Data.Nat.Choose.Bounds (3.2s)
✔ [1010/3112] Built Mathlib.Algebra.Order.Positive.Ring (3.3s)
✔ [1011/3112] Built Mathlib.Tactic.Abel (7.0s)
✔ [1012/3112] Built Mathlib.Data.Bool.Set (2.3s)
✔ [1013/3112] Built Mathlib.Algebra.Order.Ring.Basic (3.7s)
✔ [1014/3112] Built Mathlib.Order.Hom.WithTopBot (4.3s)
✔ [1015/3112] Built Mathlib.Algebra.Order.Hom.MonoidWithZero (4.2s)
✔ [1016/3112] Built Mathlib.GroupTheory.OreLocalization.Basic (11s)
✔ [1017/3112] Built Mathlib.Tactic.NormNum.PowMod (2.8s)
✔ [1018/3112] Built Mathlib.Data.Set.List (2.7s)
✔ [1019/3112] Built Mathlib.Algebra.Order.Group.PosPart (4.5s)
✔ [1020/3112] Built Mathlib.Data.Set.Restrict (2.9s)
✔ [1021/3112] Built Mathlib.Order.Interval.Set.WithBotTop (2.9s)
✔ [1022/3112] Built Mathlib.Algebra.Order.Ring.Unbundled.Rat (4.9s)
✔ [1023/3112] Built Mathlib.Data.List.Lemmas (3.1s)
✔ [1024/3112] Built Mathlib.Algebra.Order.Interval.Set.Instances (4.4s)
✔ [1025/3112] Built Mathlib.Algebra.EuclideanDomain.Int (2.7s)
✔ [1026/3112] Built Mathlib.Order.Interval.Set.LinearOrder (6.7s)
✔ [1027/3112] Built Mathlib.Order.Directed (3.3s)
✔ [1028/3112] Built Mathlib.Logic.Embedding.Set (3.4s)
✔ [1029/3112] Built Mathlib.Algebra.GCDMonoid.Nat (3.1s)
✔ [1030/3112] Built Mathlib.Algebra.Order.Ring.Int (3.3s)
✔ [1031/3112] Built Mathlib.Tactic.CancelDenoms.Core (5.0s)
✔ [1032/3112] Built Mathlib.Algebra.IsPrimePow (2.6s)
✔ [1033/3112] Built Mathlib.Algebra.Order.Group.Abs (5.7s)
✔ [1034/3112] Built Mathlib.Algebra.Order.BigOperators.Ring.List (2.2s)
✔ [1035/3112] Built Mathlib.Algebra.Ring.Subring.Defs (4.2s)
✔ [1036/3112] Built Mathlib.Data.Nat.ModEq (3.9s)
✔ [1037/3112] Built Mathlib.Data.Nat.MaxPowDiv (3.1s)
✔ [1038/3112] Built Mathlib.Algebra.NoZeroSMulDivisors.Basic (3.3s)
✔ [1039/3112] Built Mathlib.Data.Nat.Cast.Order.Ring (3.2s)
✔ [1040/3112] Built Mathlib.Algebra.Order.Field.Canonical (2.8s)
✔ [1041/3112] Built Mathlib.Algebra.Notation.Support (4.7s)
✔ [1042/3112] Built Mathlib.Tactic.NoncommRing (2.6s)
✔ [1043/3112] Built Mathlib.CategoryTheory.Whiskering (18s)
✔ [1044/3112] Built Mathlib.Logic.Function.DependsOn (2.3s)
✔ [1045/3112] Built Mathlib.Data.PNat.Basic (3.3s)
✔ [1046/3112] Built Mathlib.Algebra.Order.Ring.Rat (2.3s)
✔ [1047/3112] Built Mathlib.Logic.Equiv.Embedding (2.6s)
✔ [1048/3112] Built Mathlib.Tactic.CategoryTheory.Bicategory.PureCoherence (4.0s)
✔ [1049/3112] Built Mathlib.Data.List.Permutation (3.2s)
✔ [1050/3112] Built Mathlib.Algebra.Order.Invertible (2.3s)
✔ [1051/3112] Built Mathlib.RingTheory.OreLocalization.Basic (4.0s)
✔ [1052/3112] Built Mathlib.Algebra.Ring.Action.Invariant (2.7s)
✔ [1053/3112] Built Mathlib.Algebra.Order.Group.MinMax (2.8s)
✔ [1054/3112] Built Mathlib.Data.Multiset.MapFold (3.0s)
✔ [1055/3112] Built Mathlib.Data.Set.Prod (6.8s)
✔ [1056/3112] Built Mathlib.Algebra.Group.Support (2.2s)
✔ [1057/3112] Built Mathlib.Tactic.Linarith.Lemmas (2.7s)
✔ [1058/3112] Built Mathlib.Data.Int.CharZero (2.2s)
✔ [1059/3112] Built Mathlib.Data.NNRat.Defs (3.9s)
✔ [1060/3112] Built Mathlib.Algebra.Ring.CharZero (2.4s)
✔ [1061/3112] Built Mathlib.CategoryTheory.Functor.ReflectsIso.Basic (2.2s)
✔ [1062/3112] Built Mathlib.Data.Int.ModEq (3.1s)
✔ [1063/3112] Built Mathlib.Algebra.Order.Ring.Pow (3.2s)
✔ [1064/3112] Built Mathlib.Order.Bounds.Basic (4.2s)
✔ [1065/3112] Built Mathlib.Algebra.Order.Hom.Basic (3.9s)
✔ [1066/3112] Built Mathlib.Algebra.Order.Ring.Cast (3.7s)
✔ [1067/3112] Built Mathlib.Data.PNat.Prime (2.8s)
✔ [1068/3112] Built Mathlib.Algebra.Order.Ring.WithTop (6.6s)
✔ [1069/3112] Built Mathlib.Algebra.Order.Interval.Set.Group (4.4s)
✔ [1070/3112] Built Mathlib.Tactic.CategoryTheory.Bicategory.Normalize (7.2s)
✔ [1071/3112] Built Mathlib.Tactic.PNatToNat (3.4s)
✔ [1072/3112] Built Mathlib.Algebra.Order.Ring.Abs (4.6s)
✔ [1073/3112] Built Mathlib.Data.Multiset.NatAntidiagonal (2.2s)
✔ [1074/3112] Built Mathlib.Data.Prod.TProd (2.4s)
✔ [1075/3112] Built Mathlib.Algebra.Field.Rat (2.4s)
✔ [1076/3112] Built Mathlib.Order.ScottContinuity (2.1s)
✔ [1077/3112] Built Mathlib.Tactic.Linarith.Datatypes (2.8s)
✔ [1078/3112] Built Mathlib.Algebra.Field.Subfield.Defs (5.9s)
✔ [1079/3112] Built Mathlib.Data.Nat.Prime.Infinite (2.1s)
✔ [1080/3112] Built Mathlib.Tactic.ModCases (2.7s)
✔ [1081/3112] Built Mathlib.Tactic.Qify (2.3s)
✔ [1082/3112] Built Mathlib.Data.Set.NAry (3.6s)
✔ [1083/3112] Built Mathlib.Data.Int.Order.Units (1.9s)
✔ [1084/3112] Built Mathlib.Order.CompleteLattice.Defs (3.2s)
✔ [1085/3112] Built Mathlib.Data.Rat.Sqrt (1.0s)
✔ [1086/3112] Built Mathlib.Order.LatticeIntervals (3.6s)
✔ [1087/3112] Built Mathlib.Algebra.Order.Floor.Defs (3.4s)
✔ [1088/3112] Built Mathlib.Data.Set.Function (5.4s)
✔ [1089/3112] Built Mathlib.Tactic.Linarith.Oracle.FourierMotzkin (2.7s)
✔ [1090/3112] Built Mathlib.Tactic.Linarith.Parsing (2.0s)
✔ [1091/3112] Built Mathlib.Tactic.Linarith.Oracle.SimplexAlgorithm (2.0s)
✔ [1092/3112] Built Mathlib.Tactic.CategoryTheory.Bicategory.Basic (4.4s)
✔ [1093/3112] Built Mathlib.Algebra.Order.Nonneg.Floor (1.9s)
✔ [1094/3112] Built Mathlib.Order.Bounds.Image (2.8s)
✔ [1095/3112] Built Mathlib.Tactic.Linarith.Preprocessing (3.8s)
✔ [1096/3112] Built Mathlib.Data.Rat.Cast.Defs (4.5s)
✔ [1097/3112] Built Mathlib.CategoryTheory.Equivalence (8.8s)
✔ [1098/3112] Built Mathlib.Tactic.Positivity.Core (6.1s)
✔ [1099/3112] Built Mathlib.Algebra.Order.Interval.Set.Monoid (2.3s)
✔ [1100/3112] Built Mathlib.Algebra.Order.Module.Defs (10s)
✔ [1101/3112] Built Mathlib.Data.List.Iterate (2.3s)
✔ [1102/3112] Built Mathlib.Order.WellFounded (2.4s)
✔ [1103/3112] Built Mathlib.Data.Set.Piecewise (2.5s)
✔ [1104/3112] Built Mathlib.Dynamics.FixedPoints.Basic (2.7s)
✔ [1105/3112] Built Mathlib.Data.Set.Monotone (2.8s)
✔ [1106/3112] Built Mathlib.Order.Interval.Set.Image (3.1s)
✔ [1107/3112] Built Mathlib.Data.Multiset.Filter (3.1s)
✔ [1108/3112] Built Mathlib.Tactic.Linarith.Verification (3.5s)
✔ [1109/3112] Built Mathlib.Tactic.Finiteness (2.4s)
✔ [1110/3112] Built Mathlib.Algebra.Order.Floor.Semiring (5.4s)
✔ [1111/3112] Built Mathlib.Data.Rat.Cast.CharZero (3.1s)
✔ [1112/3112] Built Mathlib.Logic.Equiv.Set (4.8s)
✔ [1113/3112] Built Mathlib.Order.ConditionallyCompleteLattice.Defs (2.6s)
✔ [1114/3112] Built Mathlib.Algebra.Group.Action.Pi (2.8s)
✔ [1115/3112] Built Mathlib.Tactic.FieldSimp.Discharger (3.5s)
✔ [1116/3112] Built Mathlib.Algebra.Order.Module.Basic (3.0s)
✔ [1117/3112] Built Mathlib.Order.PiLex (2.9s)
✔ [1118/3112] Built Mathlib.Algebra.Order.Field.Power (3.9s)
✔ [1119/3112] Built Mathlib.Algebra.BigOperators.Group.Multiset.Defs (2.8s)
✔ [1120/3112] Built Mathlib.Algebra.Order.Module.Field (3.9s)
✔ [1121/3112] Built Mathlib.Data.Multiset.UnionInter (3.2s)
✔ [1122/3112] Built Mathlib.Algebra.Notation.Indicator (3.9s)
✔ [1123/3112] Built Mathlib.Logic.Small.Basic (1.9s)
✔ [1124/3112] Built Mathlib.GroupTheory.Perm.ViaEmbedding (2.0s)
✔ [1125/3112] Built Mathlib.GroupTheory.Perm.Basic (2.3s)
✔ [1126/3112] Built Mathlib.Data.Set.Pairwise.Basic (7.1s)
✔ [1127/3112] Built Mathlib.Order.RelIso.Set (2.3s)
✔ [1128/3112] Built Mathlib.Algebra.Order.AbsoluteValue.Basic (5.3s)
✔ [1129/3112] Built Mathlib.Logic.Equiv.PartialEquiv (4.7s)
✔ [1130/3112] Built Mathlib.Algebra.Group.Pi.Lemmas (4.8s)
✔ [1131/3112] Built Mathlib.Algebra.NoZeroSMulDivisors.Pi (2.1s)
✔ [1132/3112] Built Mathlib.Algebra.Order.Group.PiLex (2.5s)
✔ [1133/3112] Built Mathlib.Order.Hom.Set (3.2s)
✔ [1134/3112] Built Mathlib.Algebra.GroupWithZero.Action.Pi (2.8s)
✔ [1135/3112] Built Mathlib.Order.Interval.Set.UnorderedInterval (5.1s)
✔ [1136/3112] Built Mathlib.Tactic.NormNum.Inv (3.6s)
✔ [1137/3112] Built Mathlib.Algebra.Order.BigOperators.Ring.Multiset (2.4s)
✔ [1138/3112] Built Mathlib.Data.Countable.Small (1.8s)
✔ [1139/3112] Built Mathlib.Data.Multiset.Dedup (2.3s)
✔ [1140/3112] Built Mathlib.Data.Multiset.Range (2.2s)
✔ [1141/3112] Built Mathlib.Algebra.GroupWithZero.Indicator (2.2s)
✔ [1142/3112] Built Mathlib.Data.Int.Log (4.5s)
✔ [1143/3112] Built Mathlib.Data.Set.Pairwise.List (2.1s)
✔ [1144/3112] Built Mathlib.Algebra.Module.Basic (3.1s)
✔ [1145/3112] Built Mathlib.Algebra.Group.Indicator (3.4s)
✔ [1146/3112] Built Mathlib.Data.Finset.Defs (3.0s)
✔ [1147/3112] Built Mathlib.Data.Fin.SuccPred (5.4s)
✔ [1148/3112] Built Mathlib.Order.Interval.Set.OrderIso (2.3s)
✔ [1149/3112] Built Mathlib.Order.Bounds.OrderIso (2.3s)
✔ [1150/3112] Built Mathlib.Order.Interval.Set.OrderEmbedding (2.3s)
✔ [1151/3112] Built Mathlib.Algebra.Group.Pointwise.Set.Basic (12s)
✔ [1152/3112] Built Mathlib.Data.Multiset.Fold (2.1s)
✔ [1153/3112] Built Mathlib.Order.Preorder.Chain (2.9s)
✔ [1154/3112] Built Mathlib.CategoryTheory.Opposites (9.3s)
✔ [1155/3112] Built Mathlib.Order.Hom.Lex (2.9s)
✔ [1156/3112] Built Mathlib.Data.Multiset.FinsetOps (2.5s)
✔ [1157/3112] Built Mathlib.Algebra.Order.Module.OrderedSMul (3.0s)
✔ [1158/3112] Built Mathlib.Tactic.NormNum.Eq (3.3s)
✔ [1159/3112] Built Mathlib.Algebra.Ring.Equiv (6.9s)
✔ [1160/3112] Built Mathlib.GroupTheory.GroupAction.DomAct.Basic (4.3s)
✔ [1161/3112] Built Mathlib.Data.Finset.Order (2.0s)
✔ [1162/3112] Built Mathlib.Data.Finset.Attach (2.3s)
✔ [1163/3112] Built Mathlib.Algebra.Module.Rat (2.9s)
✔ [1164/3112] Built Mathlib.Data.Finset.Erase (2.6s)
✔ [1165/3112] Built Mathlib.Data.Fin.Rev (2.5s)
✔ [1166/3112] Built Mathlib.Data.Finset.Dedup (2.7s)
✔ [1167/3112] Built Mathlib.Data.Fin.Embedding (2.5s)
✔ [1168/3112] Built Mathlib.Data.Finset.Empty (2.8s)
✔ [1169/3112] Built Mathlib.Tactic.Positivity.Basic (11s)
✔ [1170/3112] Built Mathlib.Algebra.Ring.Pointwise.Set (2.5s)
✔ [1171/3112] Built Mathlib.Algebra.GroupWithZero.Pointwise.Set.Basic (2.7s)
✔ [1172/3112] Built Mathlib.Order.CompleteLattice.Basic (5.0s)
✔ [1174/3112] Built Mathlib.Algebra.Order.Group.Multiset (3.3s)
✔ [1175/3112] Built Mathlib.Order.Antichain (3.1s)
✔ [1176/3112] Built Mathlib.Algebra.Order.Nonneg.Module (3.0s)
✔ [1177/3112] Built Mathlib.Data.Multiset.Lattice (2.9s)
✔ [1178/3112] Built Mathlib.Algebra.Ring.Action.Group (2.5s)
✔ [1179/3112] Built Mathlib.Algebra.Ring.Aut (2.7s)
✔ [1180/3112] Built Mathlib.Algebra.Ring.CompTypeclasses (2.8s)
✔ [1181/3112] Built Mathlib.Tactic.LinearCombination.Lemmas (3.4s)
✔ [1182/3112] Built Mathlib.Data.Finset.Lattice.Basic (3.5s)
✔ [1183/3112] Built Mathlib.Algebra.Group.Pointwise.Set.Scalar (3.9s)
✔ [1184/3112] Built Mathlib.Algebra.Module.Hom (3.2s)
✔ [1185/3112] Built Mathlib.CategoryTheory.EqToHom (4.1s)
✔ [1186/3112] Built Mathlib.CategoryTheory.Functor.Const (4.1s)
✔ [1187/3112] Built Mathlib.CategoryTheory.Functor.TwoSquare (4.2s)
✔ [1188/3112] Built Mathlib.Algebra.Order.BigOperators.Group.Multiset (4.3s)
✔ [1189/3112] Built Mathlib.Algebra.Group.Fin.Basic (2.6s)
✔ [1190/3112] Built Mathlib.Data.Finset.Filter (2.8s)
✔ [1191/3112] Built Mathlib.Order.Fin.Basic (3.3s)
✔ [1192/3112] Built Mathlib.Algebra.Order.Hom.Ring (4.5s)
✔ [1193/3112] Built Mathlib.Algebra.Ring.ULift (4.9s)
✔ [1194/3112] Built Mathlib.Data.Multiset.OrderedMonoid (2.4s)
✔ [1195/3112] Built Mathlib.Data.Multiset.Sum (2.7s)
✔ [1196/3112] Built Mathlib.Data.Setoid.Basic (3.1s)
✔ [1197/3112] Built Mathlib.Order.Interval.Set.OrdConnected (2.0s)
✔ [1198/3112] Built Mathlib.Algebra.Ring.Action.End (2.8s)
✔ [1199/3112] Built Mathlib.Data.Finset.Insert (4.3s)
✔ [1200/3112] Built Mathlib.Algebra.Ring.Action.Pointwise.Set (2.6s)
✔ [1201/3112] Built Mathlib.CategoryTheory.Bicategory.Strict (2.5s)
✔ [1202/3112] Built Mathlib.Algebra.AddTorsor.Basic (3.1s)
✔ [1203/3112] Built Mathlib.Order.GaloisConnection.Basic (4.0s)
✔ [1304/3112] Built Mathlib.Algebra.GCDMonoid.Multiset (3.8s)
✔ [1306/3112] Built Mathlib.Tactic.NormNum.Ineq (6.6s)
✔ [1307/3112] Built Mathlib.Algebra.BigOperators.Group.Multiset.Basic (4.2s)
✔ [1308/3112] Built Mathlib.GroupTheory.GroupAction.Pointwise (3.7s)
✔ [1309/3112] Built Mathlib.CategoryTheory.Category.Preorder (3.4s)
✔ [1310/3112] Built Mathlib.Order.Minimal (4.6s)
✔ [1312/3112] Built Mathlib.CategoryTheory.Category.ULift (3.8s)
✔ [1313/3112] Built Mathlib.Algebra.Ring.Pi (4.4s)
✔ [1314/3112] Built Mathlib.CategoryTheory.Quotient (3.9s)
✔ [1315/3112] Built Mathlib.CategoryTheory.Bicategory.Functor.Prelax (3.9s)
✔ [1316/3112] Built Mathlib.Algebra.Star.Basic (4.9s)
✔ [1317/3112] Built Mathlib.Data.Fintype.Defs (3.8s)
✔ [1318/3112] Built Mathlib.Algebra.Ring.Prod (5.1s)
✔ [1319/3112] Built Mathlib.Algebra.CharP.Basic (3.0s)
✔ [1320/3112] Built Mathlib.Data.Finset.Range (2.6s)
✔ [1321/3112] Built Mathlib.Data.Finset.Lattice.Lemmas (2.6s)
✔ [1322/3112] Built Mathlib.Order.OmegaCompletePartialOrder (6.0s)
✔ [1323/3112] Built Mathlib.Data.Finset.Disjoint (2.9s)
✔ [1324/3112] Built Mathlib.Algebra.Order.Field.Basic (10s)
✔ [1325/3112] Built Mathlib.Tactic.CancelDenoms (2.3s)
✔ [1326/3112] Built Mathlib.Order.Hom.Order (2.7s)
✔ [1327/3112] Built Mathlib.Order.Interval.Set.ProjIcc (3.7s)
✔ [1328/3112] Built Mathlib.Order.Interval.Set.Fin (4.7s)
✔ [1329/3112] Built Mathlib.Algebra.Order.Monovary (9.7s)
✔ [1330/3112] Built Mathlib.Algebra.Order.Group.Pointwise.Bounds (3.0s)
✔ [1331/3112] Built Mathlib.Topology.Defs.Filter (3.9s)
✔ [1333/3112] Built Mathlib.Order.Cover (4.1s)
✔ [1347/3112] Built Mathlib.Algebra.Module.Pi (2.5s)
✔ [1348/3112] Built Mathlib.Data.Fin.Tuple.Basic (5.2s)
✔ [1352/3112] Built Mathlib.Data.Multiset.Bind (3.3s)
✔ [1353/3112] Built Mathlib.Algebra.Order.Module.Pointwise (3.5s)
✔ [1354/3112] Built Mathlib.Tactic.NormNum.DivMod (3.6s)
✔ [1360/3112] Built Mathlib.Algebra.Order.Pi (2.9s)
✔ [1361/3112] Built Mathlib.Algebra.Star.Rat (2.4s)
✔ [1362/3112] Built Mathlib.Algebra.Star.Pi (2.5s)
✔ [1363/3112] Built Mathlib.Algebra.Star.Prod (2.3s)
✔ [1364/3112] Built Mathlib.CategoryTheory.PathCategory.Basic (3.1s)
✔ [1365/3112] Built Mathlib.Order.UpperLower.Basic (11s)
✔ [1369/3112] Built Mathlib.Data.Finset.SDiff (2.8s)
✔ [1370/3112] Built Mathlib.Data.Nat.Cast.Order.Field (2.6s)
✔ [1371/3112] Built Mathlib.CategoryTheory.Products.Basic (7.0s)
✔ [1372/3112] Built Mathlib.GroupTheory.Congruence.Defs (6.1s)
✔ [1373/3112] Built Mathlib.Algebra.Star.MonoidHom (3.9s)
✔ [1374/3112] Built Mathlib.Algebra.Ring.Fin (2.2s)
✔ [1375/3112] Built Mathlib.Data.List.OfFn (2.4s)
✔ [1376/3112] Built Mathlib.Algebra.Star.StarRingHom (4.3s)
✔ [1377/3112] Built Mathlib.Data.Multiset.Sections (2.3s)
✔ [1378/3112] Built Mathlib.Tactic.NormNum.ModEq (2.3s)
✔ [1379/3112] Built Mathlib.Order.FixedPoints (3.4s)
✔ [1381/3112] Built Mathlib.Data.Multiset.Pi (2.6s)
✔ [1382/3112] Built Mathlib.Algebra.Order.Kleene (4.7s)
✔ [1384/3112] Built Mathlib.Tactic.FieldSimp (19s)
✔ [1385/3112] Built Mathlib.Order.UpperLower.Fibration (2.2s)
✔ [1386/3112] Built Mathlib.Order.ModularLattice (3.8s)
✔ [1393/3112] Built Mathlib.LinearAlgebra.Matrix.Defs (3.6s)
✔ [1394/3112] Built Mathlib.GroupTheory.Congruence.Opposite (1.9s)
✔ [1395/3112] Built Mathlib.Data.Fin.VecNotation (3.9s)
✔ [1396/3112] Built Mathlib.Data.List.FinRange (2.3s)
✔ [1397/3112] Built Mathlib.Tactic.Ring.Basic (17s)
✔ [1398/3112] Built Mathlib.Algebra.Group.Pointwise.Set.ListOfFn (2.8s)
✔ [1399/3112] Built Mathlib.Data.List.Pi (2.3s)
✔ [1400/3112] Built Mathlib.Data.Finset.Basic (3.9s)
✔ [1401/3112] Built Mathlib.Data.Finset.Image (3.9s)
✔ [1402/3112] Built Mathlib.Order.InitialSeg (4.2s)
✔ [1405/3112] Built Mathlib.Data.List.Sort (3.5s)
✔ [1406/3112] Built Mathlib.Data.Vector.Basic (3.7s)
✔ [1407/3112] Built Mathlib.Algebra.Group.Fin.Tuple (2.3s)
✔ [1408/3112] Built Mathlib.Algebra.Module.LinearMap.Defs (13s)
✔ [1409/3112] Built Mathlib.RingTheory.Congruence.Defs (4.3s)
✔ [1410/3112] Built Mathlib.GroupTheory.Congruence.Hom (4.6s)
✔ [1425/3112] Built Mathlib.Data.Matrix.Diagonal (3.4s)
✔ [1426/3112] Built Mathlib.Tactic.Ring.PNat (2.4s)
✔ [1427/3112] Built Mathlib.Logic.Equiv.Fin.Basic (3.3s)
✔ [1428/3112] Built Mathlib.Data.List.Sublists (2.6s)
✔ [1429/3112] Built Mathlib.Algebra.Star.SelfAdjoint (6.9s)
✔ [1430/3112] Built Mathlib.Data.Fintype.OfMap (2.1s)
✔ [1431/3112] Built Mathlib.Data.Finset.SymmDiff (2.3s)
✔ [1432/3112] Built Mathlib.Algebra.Group.Nat.Range (2.4s)
✔ [1433/3112] Built Mathlib.Data.Fintype.Quotient (2.6s)
✔ [1434/3112] Built Mathlib.Data.Fintype.Inv (2.5s)
✔ [1435/3112] Built Mathlib.Data.Finset.BooleanAlgebra (2.8s)
✔ [1436/3112] Built Mathlib.Logic.Small.List (2.1s)
✔ [1437/3112] Built Mathlib.Data.Finset.Fold (2.9s)
✔ [1438/3112] Built Mathlib.Data.Multiset.Sort (2.7s)
✔ [1439/3112] Built Mathlib.Algebra.Order.CauSeq.Basic (9.6s)
✔ [1440/3112] Built Mathlib.Algebra.Module.LinearMap.Prod (2.4s)
✔ [1441/3112] Built Mathlib.Tactic.Linarith.Frontend (4.0s)
✔ [1445/3112] Built Mathlib.Data.Nat.Factors (2.0s)
✔ [1446/3112] Built Mathlib.Tactic.Ring.RingNF (4.2s)
✔ [1447/3112] Built Mathlib.Data.List.NodupEquivFin (3.3s)
✔ [1448/3112] Built Mathlib.Tactic.Ring.Compare (4.5s)
✔ [1449/3112] Built Mathlib.Logic.Equiv.Fin.Rotate (2.4s)
✔ [1450/3112] Built Mathlib.Data.Finset.Card (4.4s)
✔ [1451/3112] Built Mathlib.CategoryTheory.Functor.Currying (8.1s)
✔ [1452/3112] Built Mathlib.Algebra.Module.LinearMap.Basic (3.7s)
✔ [1453/3112] Built Mathlib.Algebra.Star.StarProjection (2.6s)
✔ [1455/3112] Built Mathlib.CategoryTheory.Pi.Basic (8.4s)
✔ [1456/3112] Built Mathlib.Data.Multiset.Powerset (2.0s)
✔ [1457/3112] Built Mathlib.Data.Sym.Basic (4.2s)
✔ [1458/3112] Built Mathlib.Algebra.Order.Group.Pointwise.Interval (11s)
✔ [1459/3112] Built Mathlib.Order.Fin.Tuple (3.1s)
✔ [1460/3112] Built Mathlib.Algebra.Algebra.Defs (4.1s)
✔ [1462/3112] Built Mathlib.Data.Finset.Piecewise (2.3s)
✔ [1463/3112] Built Mathlib.Tactic.Ring (1.0s)
✔ [1469/3112] Built Mathlib.Algebra.GCDMonoid.Finset (2.8s)
✔ [1470/3112] Built Mathlib.Data.Fintype.Sets (3.1s)
✔ [1471/3112] Built Mathlib.Data.Finset.Fin (2.0s)
✔ [1472/3112] Built Mathlib.Tactic.Simproc.Factors (2.9s)
✔ [1473/3112] Built Mathlib.Tactic.Bound (3.3s)
✔ [1474/3112] Built Mathlib.Data.Finset.Union (3.9s)
✔ [1475/3112] Built Mathlib.Data.Multiset.Antidiagonal (2.1s)
✔ [1476/3112] Built Mathlib.CategoryTheory.Groupoid (2.6s)
✔ [1477/3112] Built Mathlib.Data.Finset.Sum (3.1s)
✔ [1490/3112] Built Mathlib.Tactic.Group (2.9s)
✔ [1491/3112] Built Mathlib.Data.Fintype.Basic (3.0s)
✔ [1493/3112] Built Mathlib.Algebra.Order.Module.Algebra (3.9s)
✔ [1494/3112] Built Mathlib.Algebra.Order.CauSeq.Completion (5.7s)
✔ [1495/3112] Built Mathlib.Tactic.LinearCombination (3.6s)
✔ [1497/3112] Built Mathlib.Data.Finset.Option (2.6s)
✔ [1501/3112] Built Mathlib.RingTheory.Coprime.Basic (3.7s)
✔ [1503/3112] Built Mathlib.CategoryTheory.Discrete.Basic (4.8s)
✔ [1504/3112] Built Mathlib.Algebra.BigOperators.Ring.Multiset (2.6s)
✔ [1505/3112] Built Mathlib.Tactic.LinearCombination' (4.1s)
✔ [1506/3112] Built Mathlib.Data.Finset.Pi (3.1s)
✔ [1507/3112] Built Mathlib.CategoryTheory.Endomorphism (2.6s)
✔ [1508/3112] Built Mathlib.CategoryTheory.EpiMono (2.8s)
✔ [1509/3112] Built Mathlib.Data.Finset.Prod (3.5s)
✔ [1514/3112] Built Mathlib.CategoryTheory.Monoidal.Category (14s)
✔ [1515/3112] Built Mathlib.Tactic.FinCases (2.2s)
✔ [1517/3112] Built Mathlib.Data.Fintype.Card (2.4s)
✔ [1521/3112] Built Mathlib.Algebra.Group.TransferInstance (2.9s)
✔ [1522/3112] Built Mathlib.CategoryTheory.PEmpty (2.3s)
✔ [1523/3112] Built Mathlib.CategoryTheory.FinCategory.Basic (2.3s)
✔ [1524/3112] Built Mathlib.CategoryTheory.Products.Unitor (2.3s)
✔ [1525/3112] Built Mathlib.CategoryTheory.Balanced (1.8s)
✔ [1526/3112] Built Mathlib.CategoryTheory.PUnit (2.7s)
✔ [1527/3112] Built Mathlib.Data.Finset.Update (2.4s)
✔ [1528/3112] Built Mathlib.Algebra.BigOperators.Group.Finset.Defs (6.8s)
✔ [1529/3112] Built Mathlib.Tactic.CategoryTheory.MonoidalComp (2.3s)
✔ [1530/3112] Built Mathlib.CategoryTheory.Types.Basic (2.7s)
✔ [1531/3112] Built Mathlib.Algebra.Module.Equiv.Defs (12s)
✔ [1534/3112] Built Mathlib.CategoryTheory.Bicategory.LocallyDiscrete (3.5s)
✔ [1535/3112] Built Mathlib.Data.Fintype.Parity (1.8s)
✔ [1536/3112] Built Mathlib.Algebra.Group.TypeTags.Finite (2.0s)
✔ [1537/3112] Built Mathlib.Algebra.Group.Action.TransferInstance (2.3s)
✔ [1538/3112] Built Mathlib.Data.Fintype.EquivFin (2.8s)
✔ [1555/3112] Built Mathlib.Data.Real.Basic (6.1s)
✔ [1568/3112] Built Mathlib.Algebra.BigOperators.RingEquiv (2.4s)
✔ [1569/3112] Built Mathlib.Algebra.Star.BigOperators (2.4s)
✔ [1570/3112] Built Mathlib.Algebra.Regular.Pow (2.4s)
✔ [1572/3112] Built Mathlib.Data.Nat.GCD.BigOperators (2.4s)
✔ [1574/3112] Built Mathlib.CategoryTheory.IsConnected (2.9s)
✔ [1578/3112] Built Mathlib.CategoryTheory.Functor.Hom (2.4s)
✔ [1579/3112] Built Mathlib.Algebra.Module.Equiv.Opposite (2.3s)
✔ [1580/3112] Built Mathlib.Algebra.Ring.TransferInstance (3.5s)
✔ [1581/3112] Built Mathlib.Tactic.Polyrith (6.1s)
✔ [1582/3112] Built Mathlib.Data.Rat.BigOperators (2.8s)
✔ [1583/3112] Built Mathlib.Algebra.Module.LinearMap.Star (2.6s)
✔ [1584/3112] Built Mathlib.Algebra.Algebra.Rat (3.0s)
✔ [1585/3112] Built Mathlib.CategoryTheory.Limits.Types.ColimitType (3.2s)
✔ [1586/3112] Built Mathlib.Algebra.CharZero.Infinite (2.2s)
✔ [1587/3112] Built Mathlib.Algebra.Module.ULift (3.4s)
✔ [1588/3112] Built Mathlib.Data.Finite.Set (2.3s)
✔ [1589/3112] Built Mathlib.CategoryTheory.Category.Cat (3.6s)
✔ [1590/3112] Built Mathlib.Data.Fintype.Prod (2.3s)
✔ [1591/3112] Built Mathlib.Algebra.GroupWithZero.Action.TransferInstance (2.4s)
✔ [1592/3112] Built Mathlib.CategoryTheory.ConcreteCategory.Basic (3.7s)
✔ [1593/3112] Built Mathlib.Data.Set.Finite.Range (2.6s)
✔ [1596/3112] Built Mathlib.Logic.Equiv.Fintype (2.6s)
✔ [1597/3112] Built Mathlib.Data.Fintype.Option (2.7s)
✔ [1598/3112] Built Mathlib.Data.Fintype.Sum (2.7s)
✔ [1600/3112] Built Mathlib.Data.Fintype.Pigeonhole (2.7s)
✔ [1604/3112] Built Mathlib.Algebra.Group.Shrink (2.9s)
✔ [1605/3112] Built Mathlib.Data.Real.Star (1.9s)
✔ [1606/3112] Built Mathlib.CategoryTheory.FinCategory.AsType (3.1s)
✔ [1607/3112] Built Mathlib.Data.ZMod.Defs (3.5s)
✔ [1608/3112] Built Mathlib.Data.Fintype.Perm (4.2s)
✔ [1609/3112] Built Mathlib.Data.Set.Finite.Basic (4.4s)
✔ [1654/3112] Built Mathlib.Data.Finite.Sum (1.8s)
✔ [1656/3112] Built Mathlib.CategoryTheory.ConcreteCategory.ReflectsIso (2.1s)
✔ [1657/3112] Built Mathlib.CategoryTheory.IsomorphismClasses (2.2s)
✔ [1658/3112] Built Mathlib.CategoryTheory.Category.Cat.AsSmall (2.2s)
✔ [1661/3112] Built Mathlib.Algebra.Ring.Shrink (2.1s)
✔ [1662/3112] Built Mathlib.Tactic.CategoryTheory.Monoidal.Datatypes (6.6s)
✔ [1663/3112] Built Mathlib.Tactic.CategoryTheory.Elementwise (2.9s)
✔ [1664/3112] Built Mathlib.Tactic.CategoryTheory.ToApp (3.2s)
✔ [1665/3112] Built Mathlib.Algebra.Module.TransferInstance (3.4s)
✔ [1666/3112] Built Mathlib.Algebra.Notation.FiniteSupport (2.1s)
✔ [1667/3112] Built Mathlib.Order.Interval.Set.Infinite (2.2s)
✔ [1668/3112] Built Mathlib.Order.Preorder.Finite (2.3s)
✔ [1715/3112] Built Mathlib.Data.Nat.Count (2.5s)
✔ [1716/3112] Built Mathlib.CategoryTheory.Elementwise (1.9s)
✔ [1717/3112] Built Mathlib.Algebra.Module.LinearMap.End (6.2s)
✔ [1719/3112] Built Mathlib.Data.Finsupp.Defs (3.2s)
✔ [1720/3112] Built Mathlib.Algebra.Module.Shrink (2.1s)
✔ [1721/3112] Built Mathlib.Data.Fintype.Pi (3.4s)
✔ [1724/3112] Built Mathlib.Data.Complex.Basic (7.5s)
✔ [1725/3112] Built Mathlib.Tactic.CategoryTheory.Monoidal.PureCoherence (4.2s)
✔ [1726/3112] Built Mathlib.Data.Fintype.Vector (2.1s)
✔ [1727/3112] Built Mathlib.Order.Preorder.Finsupp (2.4s)
✔ [1728/3112] Built Mathlib.Algebra.BigOperators.Group.Finset.Pi (2.3s)
✔ [1729/3112] Built Mathlib.CategoryTheory.Bicategory.Functor.Oplax (4.9s)
✔ [1730/3112] Built Mathlib.Data.Finsupp.Single (2.9s)
✔ [1734/3112] Built Mathlib.CategoryTheory.Yoneda (9.0s)
✔ [1735/3112] Built Mathlib.Data.Finite.Prod (3.4s)
✔ [1846/3112] Built Mathlib.CategoryTheory.Bicategory.Functor.Lax (5.8s)
✔ [1847/3112] Built Mathlib.Data.DFinsupp.Defs (6.9s)
✔ [1849/3112] Built Mathlib.Algebra.BigOperators.Group.Finset.Basic (13s)
✔ [1905/3112] Built Mathlib.CategoryTheory.Comma.Basic (14s)
✔ [1906/3112] Built Mathlib.Tactic.CategoryTheory.Monoidal.Normalize (7.2s)
✔ [1907/3112] Built Mathlib.Data.Finsupp.Fin (1.0s)
✔ [1908/3112] Built Mathlib.Data.Finsupp.Indicator (2.3s)
✔ [1909/3112] Built Mathlib.Data.DFinsupp.NeLocus (2.4s)
✔ [1910/3112] Built Mathlib.Algebra.BigOperators.Option (2.3s)
✔ [1911/3112] Built Mathlib.Algebra.Group.Pointwise.Set.Finite (3.1s)
✔ [1915/3112] Built Mathlib.Data.DFinsupp.Module (3.2s)
✔ [1916/3112] Built Mathlib.Algebra.BigOperators.Group.Finset.Lemmas (2.7s)
✔ [1917/3112] Built Mathlib.Algebra.BigOperators.WithTop (2.8s)
✔ [1918/3112] Built Mathlib.Algebra.Category.MonCat.Basic (7.6s)
✔ [1919/3112] Built Mathlib.Data.Multiset.Fintype (4.3s)
✔ [1920/3112] Built Mathlib.Algebra.Category.MonCat.ForgetCorepresentable (2.1s)
✔ [1921/3112] Built Mathlib.CategoryTheory.Comma.Arrow (4.9s)
✔ [1925/3112] Built Mathlib.Data.Finset.NoncommProd (5.2s)
✔ [1963/3112] Built Mathlib.Tactic.CategoryTheory.Monoidal.Basic (4.8s)
✔ [1964/3112] Built Mathlib.Data.DFinsupp.Sigma (2.0s)
✔ [1965/3112] Built Mathlib.Algebra.BigOperators.Group.Finset.Piecewise (5.7s)
✔ [2182/3112] Built Mathlib.Tactic.NormNum.BigOperators (6.8s)
✔ [2183/3112] Built Mathlib.CategoryTheory.Adjunction.Basic (7.9s)
✔ [2188/3112] Built Mathlib.CategoryTheory.Bicategory.Functor.Pseudofunctor (8.0s)
✔ [2189/3112] Built Mathlib.CategoryTheory.Retract (2.5s)
✔ [2190/3112] Built Mathlib.CategoryTheory.CommSq (2.9s)
✔ [2191/3112] Built Mathlib.Data.DFinsupp.Order (5.5s)
✔ [2194/3112] Built Mathlib.GroupTheory.Perm.Support (3.1s)
✔ [2199/3112] Built Mathlib.Algebra.Group.Pointwise.Set.BigOperators (3.5s)
✔ [2200/3112] Built Mathlib.Algebra.Module.Equiv.Basic (13s)
✔ [2490/3112] Built Mathlib.Tactic.Widget.StringDiagram (9.1s)
✔ [2491/3112] Built Mathlib.Algebra.Category.Grp.Basic (7.6s)
✔ [2492/3112] Built Mathlib.CategoryTheory.LiftingProperties.Basic (2.6s)
✔ [2493/3112] Built Mathlib.CategoryTheory.Skeletal (3.8s)
✔ [2494/3112] Built Mathlib.GroupTheory.Perm.List (2.7s)
✔ [2513/3112] Built Mathlib.LinearAlgebra.GeneralLinearGroup (2.7s)
✔ [2964/3112] Built Mathlib.CategoryTheory.Limits.Shapes.StrongEpi (2.1s)
✔ [2965/3112] Built Mathlib.Algebra.Category.Grp.ForgetCorepresentable (2.2s)
✔ [2966/3112] Built Mathlib.CategoryTheory.EssentiallySmall (2.6s)
✔ [2967/3112] Built Mathlib.CategoryTheory.LiftingProperties.Adjunction (3.6s)
✔ [2968/3112] Built Mathlib.CategoryTheory.Adjunction.Mates (7.5s)
✔ [2969/3112] Built Mathlib.CategoryTheory.Functor.EpiMono (2.5s)
✔ [2970/3112] Built Mathlib.Algebra.Category.Ring.Basic (6.7s)
✔ [2972/3112] Built Mathlib.CategoryTheory.Bicategory.Free (10s)
✔ [2973/3112] Built Mathlib.CategoryTheory.Monad.Basic (5.8s)
✔ [2974/3112] Built Mathlib.CategoryTheory.Limits.Cones (20s)
✔ [2975/3112] Built Mathlib.CategoryTheory.Monad.Algebra (5.9s)
✔ [2976/3112] Built Mathlib.CategoryTheory.Bicategory.Coherence (7.4s)
✔ [2977/3112] Built Mathlib.Tactic.CategoryTheory.BicategoryCoherence (2.4s)
✔ [2979/3112] Built Mathlib.CategoryTheory.Limits.IsLimit (11s)
✔ [2980/3112] Built Mathlib.CategoryTheory.Limits.Shapes.IsTerminal (5.4s)
✔ [2981/3112] Built Mathlib.CategoryTheory.Limits.HasLimits (9.3s)
✔ [2982/3112] Built Mathlib.CategoryTheory.Limits.Types.Colimits (2.9s)
✔ [2983/3112] Built Mathlib.CategoryTheory.Limits.Types.Limits (3.0s)
✔ [2984/3112] Built Mathlib.CategoryTheory.Limits.Preserves.Basic (4.1s)
✔ [2985/3112] Built Mathlib.CategoryTheory.Limits.Shapes.Terminal (4.8s)
✔ [2986/3112] Built Mathlib.Algebra.Category.Ring.Colimits (5.2s)
✔ [2987/3112] Built Mathlib.CategoryTheory.Limits.Types.Yoneda (3.4s)
✔ [2988/3112] Built Mathlib.CategoryTheory.Limits.Preserves.Limits (2.7s)
✔ [2989/3112] Built Mathlib.CategoryTheory.Limits.Preserves.Shapes.Terminal (2.5s)
✔ [2990/3112] Built Mathlib.CategoryTheory.Limits.Shapes.ZeroObjects (2.5s)
✔ [2991/3112] Built Mathlib.CategoryTheory.Limits.Creates (4.6s)
✔ [2992/3112] Built Mathlib.CategoryTheory.Limits.Shapes.Equalizers (10s)
✔ [2993/3112] Built Mathlib.CategoryTheory.Limits.Shapes.WidePullbacks (10s)
✔ [2994/3112] Built Mathlib.CategoryTheory.Limits.Preserves.Ulift (2.3s)
✔ [2995/3112] Built Mathlib.CategoryTheory.Comma.StructuredArrow.Basic (18s)
✔ [2996/3112] Built Mathlib.CategoryTheory.Limits.FunctorCategory.Basic (7.6s)
✔ [2997/3112] Built Mathlib.CategoryTheory.Limits.Shapes.Products (15s)
✔ [2998/3112] Built Mathlib.CategoryTheory.Adjunction.Limits (6.8s)
✔ [2999/3112] Built Mathlib.Algebra.Category.MonCat.Limits (8.3s)
✔ [3000/3112] Built Mathlib.CategoryTheory.Limits.Shapes.Equivalence (1.9s)
✔ [3001/3112] Built Mathlib.CategoryTheory.Limits.Yoneda (3.3s)
✔ [3002/3112] Built Mathlib.CategoryTheory.Adjunction.Comma (3.4s)
✔ [3003/3112] Built Mathlib.CategoryTheory.Elements (8.0s)
✔ [3004/3112] Built Mathlib.CategoryTheory.Comma.Over.Basic (26s)
✔ [3005/3112] Built Mathlib.CategoryTheory.Limits.ConeCategory (7.3s)
✔ [3006/3112] Built Mathlib.CategoryTheory.Grothendieck (10s)
✔ [3007/3112] Built Mathlib.CategoryTheory.Limits.Shapes.BinaryProducts (15s)
✔ [3008/3112] Built Mathlib.CategoryTheory.Limits.Shapes.Grothendieck (6.8s)
✔ [3009/3112] Built Mathlib.CategoryTheory.Limits.Shapes.StrictInitial (2.6s)
✔ [3010/3112] Built Mathlib.CategoryTheory.Limits.Connected (3.2s)
✔ [3011/3112] Built Mathlib.CategoryTheory.Limits.Shapes.Multiequalizer (10s)
✔ [3012/3112] Built Mathlib.CategoryTheory.Limits.Shapes.Pullback.Cospan (4.1s)
✔ [3013/3112] Built Mathlib.CategoryTheory.Monad.Products (5.3s)
✔ [3014/3112] Built Mathlib.CategoryTheory.Limits.Shapes.Pullback.PullbackCone (4.7s)
✔ [3015/3112] Built Mathlib.CategoryTheory.Limits.Shapes.Pullback.HasPullback (5.9s)
✔ [3016/3112] Built Mathlib.CategoryTheory.Limits.Shapes.FiniteLimits (2.8s)
✔ [3017/3112] Built Mathlib.CategoryTheory.Limits.Shapes.Pullback.Iso (3.0s)
✔ [3018/3112] Built Mathlib.CategoryTheory.Limits.Shapes.RegularMono (3.2s)
✔ [3019/3112] Built Mathlib.CategoryTheory.Limits.Shapes.FiniteProducts (2.4s)
✔ [3020/3112] Built Mathlib.CategoryTheory.Limits.Types.Shapes (6.8s)
✔ [3021/3112] Built Mathlib.CategoryTheory.Filtered.Basic (4.1s)
✔ [3022/3112] Built Mathlib.CategoryTheory.Limits.Shapes.Pullback.Pasting (7.6s)
✔ [3023/3112] Built Mathlib.CategoryTheory.Limits.Shapes.Pullback.Mono (4.7s)
✔ [3033/3112] Built Mathlib.CategoryTheory.Comma.Over.Pullback (8.4s)
✔ [3034/3112] Built Mathlib.CategoryTheory.Filtered.Connected (2.4s)
✔ [3035/3112] Built Mathlib.CategoryTheory.Limits.Filtered (2.4s)
✔ [3042/3112] Built Mathlib.CategoryTheory.Limits.Types.Filtered (3.1s)
✔ [3047/3112] Built Mathlib.CategoryTheory.Limits.Shapes.Pullback.Assoc (9.7s)
✔ [3049/3112] Built Mathlib.CategoryTheory.Limits.Final (11s)
Some required targets logged failures:
- Mathlib.Data.Nat.Set
error: build failed
