⚠ [3064/3105] Replayed FloatSpec.src.Core.Zaux
warning: FloatSpec/src/Core/Zaux.lean:487:22: unused variable `r`

Note: This linter can be disabled with `set_option linter.unusedVariables false`
warning: FloatSpec/src/Core/Zaux.lean:737:28: unused variable `v`

Note: This linter can be disabled with `set_option linter.unusedVariables false`
warning: FloatSpec/src/Core/Zaux.lean:757:33: unused variable `v`

Note: This linter can be disabled with `set_option linter.unusedVariables false`
⚠ [3065/3105] Replayed FloatSpec.src.Core.Raux
warning: FloatSpec/src/Core/Raux.lean:349:34: unused variable `y`

Note: This linter can be disabled with `set_option linter.unusedVariables false`
warning: FloatSpec/src/Core/Raux.lean:493:18: missing doc string for public def sqrt_neg_check

Note: This linter can be disabled with `set_option linter.missingDocs false`
warning: FloatSpec/src/Core/Raux.lean:553:18: missing doc string for public def Rsqr_le_abs_0_alt_val

Note: This linter can be disabled with `set_option linter.missingDocs false`
warning: FloatSpec/src/Core/Raux.lean:553:43: unused variable `y`

Note: This linter can be disabled with `set_option linter.unusedVariables false`
warning: FloatSpec/src/Core/Raux.lean:845:12: This simp argument is unused:
  pure

Hint: Omit it from the simp argument list.
  simp [hx,̵ ̵p̵u̵r̵e̵]

Note: This linter can be disabled with `set_option linter.unusedSimpArgs false`
warning: FloatSpec/src/Core/Raux.lean:999:10: This simp argument is unused:
  hlt

Hint: Omit it from the simp argument list.
  simp [hl̵t̵,̵ ̵h̵Eq, pure]

Note: This linter can be disabled with `set_option linter.unusedSimpArgs false`
warning: FloatSpec/src/Core/Raux.lean:1046:12: This simp argument is unused:
  hnotlt

Hint: Omit it from the simp argument list.
  simp [hn̵o̵t̵l̵t̵,̵ ̵h̵eq, hEqR]

Note: This linter can be disabled with `set_option linter.unusedSimpArgs false`
warning: FloatSpec/src/Core/Raux.lean:1046:25: This simp argument is unused:
  hEqR

Hint: Omit it from the simp argument list.
  simp [hnotlt, heq,̵ ̵h̵E̵q̵R̵]

Note: This linter can be disabled with `set_option linter.unusedSimpArgs false`
warning: FloatSpec/src/Core/Raux.lean:1112:12: This simp argument is unused:
  hxnotlt

Hint: Omit it from the simp argument list.
  simp [hxn̵o̵t̵l̵t̵,̵ ̵h̵x̵eq, this]

Note: This linter can be disabled with `set_option linter.unusedSimpArgs false`
warning: FloatSpec/src/Core/Raux.lean:1112:27: This simp argument is unused:
  this

Hint: Omit it from the simp argument list.
  simp [hxnotlt, hxeq,̵ ̵t̵h̵i̵s̵]

Note: This linter can be disabled with `set_option linter.unusedSimpArgs false`
warning: FloatSpec/src/Core/Raux.lean:1163:12: This simp argument is unused:
  hxnotlt

Hint: Omit it from the simp argument list.
  simp [hxn̵o̵t̵l̵t̵,̵ ̵h̵x̵eq]

Note: This linter can be disabled with `set_option linter.unusedSimpArgs false`
warning: FloatSpec/src/Core/Raux.lean:1198:36: This simp argument is unused:
  hxlt

Hint: Omit it from the simp argument list.
  simp [Rcompare, pure, Id.run, hxl̵t̵,̵ ̵h̵x̵eq', heq]

Note: This linter can be disabled with `set_option linter.unusedSimpArgs false`
warning: FloatSpec/src/Core/Raux.lean:1245:20: This simp argument is unused:
  min_eq_left hle

Hint: Omit it from the simp argument list.
  simp [hlt, hle,̵ ̵m̵i̵n̵_̵e̵q̵_̵l̵e̵f̵t̵ ̵h̵l̵e̵]

Note: This linter can be disabled with `set_option linter.unusedSimpArgs false`
warning: FloatSpec/src/Core/Raux.lean:1250:12: This simp argument is unused:
  hnotlt

Hint: Omit it from the simp argument list.
  simp [h̵n̵o̵t̵l̵t̵,̵ ̵min_eq_left le_rfl]

Note: This linter can be disabled with `set_option linter.unusedSimpArgs false`
warning: FloatSpec/src/Core/Raux.lean:1250:20: This simp argument is unused:
  min_eq_left le_rfl

Hint: Omit it from the simp argument list.
  simp [hnotlt,̵ ̵m̵i̵n̵_̵e̵q̵_̵l̵e̵f̵t̵ ̵l̵e̵_̵r̵f̵l̵]

Note: This linter can be disabled with `set_option linter.unusedSimpArgs false`
warning: FloatSpec/src/Core/Raux.lean:1255:32: This simp argument is unused:
  min_eq_right hleyx

Hint: Omit it from the simp argument list.
  simp [hnotlt, heq, hleyx,̵ ̵m̵i̵n̵_̵e̵q̵_̵r̵i̵g̵h̵t̵ ̵h̵l̵e̵y̵x̵]

Note: This linter can be disabled with `set_option linter.unusedSimpArgs false`
warning: FloatSpec/src/Core/Raux.lean:1487:18: missing doc string for public def eqb_check

Note: This linter can be disabled with `set_option linter.missingDocs false`
warning: FloatSpec/src/Core/Raux.lean:1512:2: 'all_goals cases (hNe rfl)' tactic does nothing

Note: This linter can be disabled with `set_option linter.unusedTactic false`
warning: FloatSpec/src/Core/Raux.lean:1513:4: this tactic is never executed

Note: This linter can be disabled with `set_option linter.unreachableTactic false`
warning: FloatSpec/src/Core/Raux.lean:1631:38: This simp argument is unused:
  cond_Ropp

Hint: Omit it from the simp argument list.
  simp [wp, PostCond.noThrow, Id.run, c̵o̵n̵d̵_̵R̵o̵p̵p̵,̵ ̵neg_mul]

Note: This linter can be disabled with `set_option linter.unusedSimpArgs false`
warning: FloatSpec/src/Core/Raux.lean:1644:38: This simp argument is unused:
  cond_Ropp

Hint: Omit it from the simp argument list.
  simp [wp, PostCond.noThrow, Id.run, c̵o̵n̵d̵_̵R̵o̵p̵p̵,̵ ̵mul_neg]

Note: This linter can be disabled with `set_option linter.unusedSimpArgs false`
warning: FloatSpec/src/Core/Raux.lean:1658:40: This simp argument is unused:
  cond_Ropp

Hint: Omit it from the simp argument list.
  simp [wp, PostCond.noThrow, Id.run, c̵o̵nd̵_̵R̵o̵p̵p̵,̵ ̵n̵eg_add, sub_eq_add_neg, add_comm]

Note: This linter can be disabled with `set_option linter.unusedSimpArgs false`
warning: FloatSpec/src/Core/Raux.lean:1658:51: This simp argument is unused:
  neg_add

Hint: Omit it from the simp argument list.
  simp [wp, PostCond.noThrow, Id.run, cond_Ropp, n̵e̵g̵_̵a̵d̵d̵,̵ ̵sub_eq_add_neg, add_comm]

Note: This linter can be disabled with `set_option linter.unusedSimpArgs false`
warning: FloatSpec/src/Core/Raux.lean:1658:60: This simp argument is unused:
  sub_eq_add_neg

Hint: Omit it from the simp argument list.
  simp [wp, PostCond.noThrow, Id.run, cond_Ropp, neg_add, s̵u̵b̵_̵e̵q̵_̵a̵d̵d̵_̵n̵e̵g̵,̵ ̵add_comm]

Note: This linter can be disabled with `set_option linter.unusedSimpArgs false`
warning: FloatSpec/src/Core/Raux.lean:1700:60: This simp argument is unused:
  cond_Ropp

Hint: Omit it from the simp argument list.
  simp [wp, PostCond.noThrow, Id.run, pure, bind, Rlt_bool,̵ ̵c̵o̵n̵d̵_̵R̵o̵p̵p̵]

Note: This linter can be disabled with `set_option linter.unusedSimpArgs false`
warning: FloatSpec/src/Core/Raux.lean:1702:14: This simp argument is unused:
  decide_eq_true_iff

Hint: Omit it from the simp argument list.
  simp [hb,̵ ̵d̵e̵c̵i̵d̵e̵_̵e̵q̵_̵t̵r̵u̵e̵_̵i̵f̵f̵]

Note: This linter can be disabled with `set_option linter.unusedSimpArgs false`
warning: FloatSpec/src/Core/Raux.lean:1703:14: This simp argument is unused:
  decide_eq_true_iff

Hint: Omit it from the simp argument list.
  simp [hb,̵ ̵d̵e̵c̵i̵d̵e̵_̵e̵q̵_̵t̵r̵u̵e̵_̵i̵f̵f̵]

Note: This linter can be disabled with `set_option linter.unusedSimpArgs false`
warning: FloatSpec/src/Core/Raux.lean:1945:61: This simp argument is unused:
  Zceil

Hint: Omit it from the simp argument list.
  simp [Zc̵e̵i̵l̵,̵ ̵Z̵floor, h]

Note: This linter can be disabled with `set_option linter.unusedSimpArgs false`
warning: FloatSpec/src/Core/Raux.lean:1945:68: This simp argument is unused:
  Zfloor

Hint: Omit it from the simp argument list.
  simp [Zceil, Z̵f̵l̵o̵o̵r̵,̵ ̵h]

Note: This linter can be disabled with `set_option linter.unusedSimpArgs false`
warning: FloatSpec/src/Core/Raux.lean:1971:17: This simp argument is unused:
  hlt

Hint: Omit it from the simp argument list.
  simp [Zceil, hl̵t̵,̵ ̵h̵xeq]

Note: This linter can be disabled with `set_option linter.unusedSimpArgs false`
warning: FloatSpec/src/Core/Raux.lean:2028:39: This simp argument is unused:
  Int.floor_neg

Hint: Omit it from the simp argument list.
  simp [hxpos, hnotlt, Int.ceil_neg,̵ ̵I̵n̵t̵.̵f̵l̵o̵o̵r̵_̵n̵e̵g̵]

Note: This linter can be disabled with `set_option linter.unusedSimpArgs false`
warning: FloatSpec/src/Core/Raux.lean:2033:40: This simp argument is unused:
  Int.ceil_neg

Hint: Omit it from the simp argument list.
  simp [hxpos, hxlt, Int.floor_neg,̵ ̵I̵n̵t̵.̵c̵e̵i̵l̵_̵n̵e̵g̵]

Note: This linter can be disabled with `set_option linter.unusedSimpArgs false`
warning: FloatSpec/src/Core/Raux.lean:2136:60: This simp argument is unused:
  Zfloor

Hint: Omit it from the simp argument list.
  simp [Zf̵l̵o̵o̵r̵,̵ ̵Z̵ceil, h]

Note: This linter can be disabled with `set_option linter.unusedSimpArgs false`
warning: FloatSpec/src/Core/Raux.lean:2136:68: This simp argument is unused:
  Zceil

Hint: Omit it from the simp argument list.
  simp [Zfloor, Z̵c̵e̵i̵l̵,̵ ̵h]

Note: This linter can be disabled with `set_option linter.unusedSimpArgs false`
warning: FloatSpec/src/Core/Raux.lean:2162:18: This simp argument is unused:
  Zceil

Hint: Omit it from the simp argument list.
  simp [Zfloor, Z̵c̵e̵i̵l̵,̵ ̵hlt, hxeq]

Note: This linter can be disabled with `set_option linter.unusedSimpArgs false`
warning: FloatSpec/src/Core/Raux.lean:2162:25: This simp argument is unused:
  hlt

Hint: Omit it from the simp argument list.
  simp [Zfloor, Zceil, hl̵t̵,̵ ̵h̵xeq]

Note: This linter can be disabled with `set_option linter.unusedSimpArgs false`
warning: FloatSpec/src/Core/Raux.lean:2410:12: This simp argument is unused:
  hnotlt

Hint: Omit it from the simp argument list.
  simp [hn̵o̵t̵l̵t̵,̵ ̵h̵eq]

Note: This linter can be disabled with `set_option linter.unusedSimpArgs false`
warning: FloatSpec/src/Core/Raux.lean:2414:29: This simp argument is unused:
  heq

Hint: Omit it from the simp argument list.
  simp [Rcompare, hlt,̵ ̵h̵e̵q̵]

Note: This linter can be disabled with `set_option linter.unusedSimpArgs false`
warning: FloatSpec/src/Core/Raux.lean:2438:19: This simp argument is unused:
  heq

Hint: Omit it from the simp argument list.
  simp [hlt,̵ ̵h̵e̵q̵]

Note: This linter can be disabled with `set_option linter.unusedSimpArgs false`
warning: FloatSpec/src/Core/Raux.lean:2483:18: missing doc string for public def Rcompare_ceil_floor_middle_check

Note: This linter can be disabled with `set_option linter.missingDocs false`
warning: FloatSpec/src/Core/Raux.lean:2840:37: unused variable `beta`

Note: This linter can be disabled with `set_option linter.unusedVariables false`
warning: FloatSpec/src/Core/Raux.lean:2850:38: This simp argument is unused:
  pure

Hint: Omit it from the simp argument list.
  simp [wp, PostCond.noThrow, Id.run,̵ ̵p̵u̵r̵e̵]

Note: This linter can be disabled with `set_option linter.unusedSimpArgs false`
warning: FloatSpec/src/Core/Raux.lean:2862:36: unused variable `beta`

Note: This linter can be disabled with `set_option linter.unusedVariables false`
warning: FloatSpec/src/Core/Raux.lean:2862:49: unused variable `x`

Note: This linter can be disabled with `set_option linter.unusedVariables false`
warning: FloatSpec/src/Core/Raux.lean:2873:38: This simp argument is unused:
  pure

Hint: Omit it from the simp argument list.
  simp [wp, PostCond.noThrow, Id.run,̵ ̵p̵u̵r̵e̵]

Note: This linter can be disabled with `set_option linter.unusedSimpArgs false`
warning: FloatSpec/src/Core/Raux.lean:4094:27: This simp argument is unused:
  hLx

Hint: Omit it from the simp argument list.
  simp [mag, hx_ne, hy_ne, hLx̵,̵ ̵h̵L̵y, abs_of_pos hx_pos, abs_of_pos hy_pos]

Note: This linter can be disabled with `set_option linter.unusedSimpArgs false`
warning: FloatSpec/src/Core/Raux.lean:4094:32: This simp argument is unused:
  hLy

Hint: Omit it from the simp argument list.
  simp [mag, hx_ne, hy_ne, hLx, h̵L̵y̵,̵ ̵abs_of_pos hx_pos, abs_of_pos hy_pos]

Note: This linter can be disabled with `set_option linter.unusedSimpArgs false`
warning: FloatSpec/src/Core/Raux.lean:4156:18: This simp argument is unused:
  zpow_one

Hint: Omit it from the simp argument list.
  simp ̵[̵z̵p̵o̵w̵_̵o̵n̵e̵]̵

Note: This linter can be disabled with `set_option linter.unusedSimpArgs false`
warning: FloatSpec/src/Core/Raux.lean:4174:26: This simp argument is unused:
  zpow_one

Hint: Omit it from the simp argument list.
  simp ̵[̵z̵p̵o̵w̵_̵o̵n̵e̵]̵

Note: This linter can be disabled with `set_option linter.unusedSimpArgs false`
warning: FloatSpec/src/Core/Raux.lean:4233:8: This simp argument is unused:
  mag

Hint: Omit it from the simp argument list.
  simp [m̵a̵g̵,̵ ̵hx_ne, hy_ne, hxy_ne, hLx, hLy, abs_of_pos hx_pos, abs_of_pos hy_pos]

Note: This linter can be disabled with `set_option linter.unusedSimpArgs false`
warning: FloatSpec/src/Core/Raux.lean:4233:13: This simp argument is unused:
  hx_ne

Hint: Omit it from the simp argument list.
  simp [mag, hx̵_̵n̵e̵,̵ ̵h̵y_ne, hxy_ne, hLx, hLy, abs_of_pos hx_pos, abs_of_pos hy_pos]

Note: This linter can be disabled with `set_option linter.unusedSimpArgs false`
warning: FloatSpec/src/Core/Raux.lean:4233:20: This simp argument is unused:
  hy_ne

Hint: Omit it from the simp argument list.
  simp [mag, hx_ne, hy̵_̵n̵e̵,̵ ̵h̵xy_ne, hLx, hLy, abs_of_pos hx_pos, abs_of_pos hy_pos]

Note: This linter can be disabled with `set_option linter.unusedSimpArgs false`
warning: FloatSpec/src/Core/Raux.lean:4233:35: This simp argument is unused:
  hLx

Hint: Omit it from the simp argument list.
  simp [mag, hx_ne, hy_ne, hxy_ne, hLx̵,̵ ̵h̵L̵y, abs_of_pos hx_pos, abs_of_pos hy_pos]

Note: This linter can be disabled with `set_option linter.unusedSimpArgs false`
warning: FloatSpec/src/Core/Raux.lean:4233:40: This simp argument is unused:
  hLy

Hint: Omit it from the simp argument list.
  simp [mag, hx_ne, hy_ne, hxy_ne, hLx, h̵L̵y̵,̵ ̵abs_of_pos hx_pos, abs_of_pos hy_pos]

Note: This linter can be disabled with `set_option linter.unusedSimpArgs false`
warning: FloatSpec/src/Core/Raux.lean:4233:45: This simp argument is unused:
  abs_of_pos hx_pos

Hint: Omit it from the simp argument list.
  simp [mag, hx_ne, hy_ne, hxy_ne, hLx, hLy, abs_of_pos hx̵_̵p̵o̵s̵,̵ ̵a̵b̵s̵_̵o̵f̵_̵p̵o̵s̵ ̵h̵y_pos]

Note: This linter can be disabled with `set_option linter.unusedSimpArgs false`
warning: FloatSpec/src/Core/Raux.lean:4233:64: This simp argument is unused:
  abs_of_pos hy_pos

Hint: Omit it from the simp argument list.
  simp [mag, hx_ne, hy_ne, hxy_ne, hLx, hLy, abs_of_pos hx_pos,̵ ̵a̵b̵s̵_̵o̵f̵_̵p̵o̵s̵ ̵h̵y̵_̵p̵o̵s̵]

Note: This linter can be disabled with `set_option linter.unusedSimpArgs false`
warning: FloatSpec/src/Core/Raux.lean:4454:67: This simp argument is unused:
  zpow_one

Hint: Omit it from the simp argument list.
  simp ̵[̵z̵p̵o̵w̵_̵o̵n̵e̵]̵

Note: This linter can be disabled with `set_option linter.unusedSimpArgs false`
warning: FloatSpec/src/Core/Raux.lean:4471:16: This simp argument is unused:
  zpow_one

Hint: Omit it from the simp argument list.
  simp ̵[̵z̵p̵o̵w̵_̵o̵n̵e̵]̵

Note: This linter can be disabled with `set_option linter.unusedSimpArgs false`
warning: FloatSpec/src/Core/Raux.lean:4311:39: 'simpa [ex_eq]' tactic does nothing

Note: This linter can be disabled with `set_option linter.unusedTactic false`
warning: FloatSpec/src/Core/Raux.lean:4311:39: this tactic is never executed

Note: This linter can be disabled with `set_option linter.unreachableTactic false`
warning: FloatSpec/src/Core/Raux.lean:4611:18: This simp argument is unused:
  mul_left_comm

Hint: Omit it from the simp argument list.
  simp [mag, hs_ne, hx_ne, abs_of_nonneg (Real.sqrt_nonneg _), Real.log_sqrt (le_of_lt hx_pos),
  ̲  ̲ ̲ ̲div_eq_mul_inv, mul_comm, m̵u̵l̵_̵l̵e̵f̵t̵_̵c̵o̵m̵m̵,̵ ̵mul_assoc]

Note: This linter can be disabled with `set_option linter.unusedSimpArgs false`
⚠ [3067/3105] Replayed FloatSpec.src.Core.Digits
info: FloatSpec/src/Core/Digits.lean:1856:16: Try this: ring_nf
warning: FloatSpec/src/Core/Digits.lean:2242:44: unused variable `hd`

Note: This linter can be disabled with `set_option linter.unusedVariables false`
info: FloatSpec/src/Core/Digits.lean:3068:6: Try this: ring_nf
warning: FloatSpec/src/Core/Digits.lean:3686:4: missing doc string for public def Zdigits

Note: This linter can be disabled with `set_option linter.missingDocs false`
warning: FloatSpec/src/Core/Digits.lean:3687:5: unused variable `h`

Note: This linter can be disabled with `set_option linter.unusedVariables false`
warning: FloatSpec/src/Core/Digits.lean:3779:69: unused variable `hn`

Note: This linter can be disabled with `set_option linter.unusedVariables false`
warning: FloatSpec/src/Core/Digits.lean:3818:13: unused variable `hβ`

Note: This linter can be disabled with `set_option linter.unusedVariables false`
warning: FloatSpec/src/Core/Digits.lean:4452:32: unused variable `h_beta`

Note: This linter can be disabled with `set_option linter.unusedVariables false`
warning: FloatSpec/src/Core/Digits.lean:4665:77: unused variable `hc`

Note: This linter can be disabled with `set_option linter.unusedVariables false`
warning: FloatSpec/src/Core/Digits.lean:6238:15: This simp argument is unused:
  wp

Hint: Omit it from the simp argument list.
  simp only [w̵p̵,̵ ̵PostCond.noThrow, PredTrans.pure] at h_abs_spec

Note: This linter can be disabled with `set_option linter.unusedSimpArgs false`
warning: FloatSpec/src/Core/Digits.lean:6238:37: This simp argument is unused:
  PredTrans.pure

Hint: Omit it from the simp argument list.
  simp only [wp, PostCond.noThrow,̵ ̵P̵r̵e̵d̵T̵r̵a̵n̵s̵.̵p̵u̵r̵e̵] at h_abs_spec

Note: This linter can be disabled with `set_option linter.unusedSimpArgs false`
warning: FloatSpec/src/Core/Digits.lean:6246:15: This simp argument is unused:
  wp

Hint: Omit it from the simp argument list.
  simp only [w̵p̵,̵ ̵PostCond.noThrow] at h_abs_spec

Note: This linter can be disabled with `set_option linter.unusedSimpArgs false`
warning: FloatSpec/src/Core/Digits.lean:6258:15: This simp argument is unused:
  wp

Hint: Omit it from the simp argument list.
  simp only [w̵p̵,̵ ̵PostCond.noThrow] at h_abs_spec

Note: This linter can be disabled with `set_option linter.unusedSimpArgs false`
warning: FloatSpec/src/Core/Digits.lean:6549:19: This simp argument is unused:
  dm0

Hint: Omit it from the simp argument list.
  simp [Zdigits, d̵m̵0̵,̵ ̵e0]

Note: This linter can be disabled with `set_option linter.unusedSimpArgs false`
warning: FloatSpec/src/Core/Digits.lean:6846:13: `Int.ofNat_nonneg` has been deprecated: Use `Int.natCast_nonneg` instead
⚠ [3068/3105] Replayed FloatSpec.src.Core.Float_prop
warning: FloatSpec/src/Core/Float_prop.lean:112:46: `le_of_not_lt` has been deprecated: Use `le_of_not_gt` instead
warning: FloatSpec/src/Core/Float_prop.lean:109:20: This simp argument is unused:
  hltR

Hint: Omit it from the simp argument list.
  simp [pure, hl̵t̵R̵,̵ ̵h̵eqR, hsign]

Note: This linter can be disabled with `set_option linter.unusedSimpArgs false`
warning: FloatSpec/src/Core/Float_prop.lean:121:34: This simp argument is unused:
  hgtR

Hint: Omit it from the simp argument list.
  simp [pure, hnotlt, hneq, hg̵t̵R̵,̵ ̵h̵sign]

Note: This linter can be disabled with `set_option linter.unusedSimpArgs false`
warning: FloatSpec/src/Core/Float_prop.lean:248:32: unused variable `hbeta`

Note: This linter can be disabled with `set_option linter.unusedVariables false`
warning: FloatSpec/src/Core/Float_prop.lean:300:40: unused variable `hbeta`

Note: This linter can be disabled with `set_option linter.unusedVariables false`
warning: FloatSpec/src/Core/Float_prop.lean:316:56: unused variable `hbeta`

Note: This linter can be disabled with `set_option linter.unusedVariables false`
warning: FloatSpec/src/Core/Float_prop.lean:336:25: unused variable `hbeta`

Note: This linter can be disabled with `set_option linter.unusedVariables false`
warning: FloatSpec/src/Core/Float_prop.lean:596:28: unused variable `hbeta`

Note: This linter can be disabled with `set_option linter.unusedVariables false`
warning: FloatSpec/src/Core/Float_prop.lean:1095:51: This simp argument is unused:
  add_assoc

Hint: Omit it from the simp argument list.
  simp [sub_eq_add_neg, add_comm, add_left_comm,̵ ̵a̵d̵d̵_̵a̵s̵s̵o̵c̵]

Note: This linter can be disabled with `set_option linter.unusedSimpArgs false`
warning: FloatSpec/src/Core/Float_prop.lean:1284:43: 'exact hbposR' tactic does nothing

Note: This linter can be disabled with `set_option linter.unusedTactic false`
warning: FloatSpec/src/Core/Float_prop.lean:1284:43: this tactic is never executed

Note: This linter can be disabled with `set_option linter.unreachableTactic false`
⚠ [3069/3105] Replayed FloatSpec.src.Core.Generic_fmt
warning: FloatSpec/src/Core/Generic_fmt.lean:271:35: This simp argument is unused:
  Int.ceil_neg

Hint: Omit it from the simp argument list.
  simp [hx, hneg, Int.floor_neg,̵ ̵I̵n̵t̵.̵c̵e̵i̵l̵_̵n̵e̵g̵]

Note: This linter can be disabled with `set_option linter.unusedSimpArgs false`
warning: FloatSpec/src/Core/Generic_fmt.lean:277:26: This simp argument is unused:
  Int.floor_neg

Hint: Omit it from the simp argument list.
  simp [hx, hlt_negx, Int.f̵l̵o̵o̵r̵_̵n̵e̵g̵,̵ ̵I̵n̵t̵.̵ceil_neg]

Note: This linter can be disabled with `set_option linter.unusedSimpArgs false`
warning: FloatSpec/src/Core/Generic_fmt.lean:879:34: This simp argument is unused:
  mul_left_comm

Hint: Omit it from the simp argument list.
  simp [this, mul_comm, mul_l̵e̵f̵t̵_̵c̵o̵m̵m̵,̵ ̵m̵u̵l̵_̵assoc]

Note: This linter can be disabled with `set_option linter.unusedSimpArgs false`
warning: FloatSpec/src/Core/Generic_fmt.lean:879:49: This simp argument is unused:
  mul_assoc

Hint: Omit it from the simp argument list.
  simp [this, mul_comm, mul_left_comm,̵ ̵m̵u̵l̵_̵a̵s̵s̵o̵c̵]

Note: This linter can be disabled with `set_option linter.unusedSimpArgs false`
warning: FloatSpec/src/Core/Generic_fmt.lean:908:39: This simp argument is unused:
  neg_mul

Hint: Omit it from the simp argument list.
  simp [hx, FloatSpec.Core.Raux.mag,̵ ̵n̵e̵g̵_̵m̵u̵l̵]

Note: This linter can be disabled with `set_option linter.unusedSimpArgs false`
warning: FloatSpec/src/Core/Generic_fmt.lean:999:26: This simp argument is unused:
  mul_left_comm

Hint: Omit it from the simp argument list.
  simp [mul_comm, mul_l̵e̵f̵t̵_̵c̵o̵m̵m̵,̵ ̵m̵u̵l̵_̵assoc, neg_mul, mul_neg]

Note: This linter can be disabled with `set_option linter.unusedSimpArgs false`
warning: FloatSpec/src/Core/Generic_fmt.lean:999:41: This simp argument is unused:
  mul_assoc

Hint: Omit it from the simp argument list.
  simp [mul_comm, mul_left_comm, m̵u̵l̵_̵a̵s̵s̵o̵c̵,̵ ̵neg_mul, mul_neg]

Note: This linter can be disabled with `set_option linter.unusedSimpArgs false`
warning: FloatSpec/src/Core/Generic_fmt.lean:999:61: This simp argument is unused:
  mul_neg

Hint: Omit it from the simp argument list.
  simp [mul_comm, mul_left_comm, mul_assoc, neg_mul,̵ ̵m̵u̵l̵_̵n̵e̵g̵]

Note: This linter can be disabled with `set_option linter.unusedSimpArgs false`
warning: FloatSpec/src/Core/Generic_fmt.lean:2066:23: This simp argument is unused:
  h1

Hint: Omit it from the simp argument list.
  simp [hr.symm, h1̵,̵ ̵h̵2]

Note: This linter can be disabled with `set_option linter.unusedSimpArgs false`
warning: FloatSpec/src/Core/Generic_fmt.lean:2066:27: This simp argument is unused:
  h2

Hint: Omit it from the simp argument list.
  simp [hr.symm, h1,̵ ̵h̵2̵]

Note: This linter can be disabled with `set_option linter.unusedSimpArgs false`
warning: FloatSpec/src/Core/Generic_fmt.lean:2118:18: missing doc string for public def Znearest_le_ceil_check

Note: This linter can be disabled with `set_option linter.missingDocs false`
warning: FloatSpec/src/Core/Generic_fmt.lean:2237:37: `le_of_not_lt` has been deprecated: Use `le_of_not_gt` instead
warning: FloatSpec/src/Core/Generic_fmt.lean:2639:59: This simp argument is unused:
  add_assoc

Hint: Omit it from the simp argument list.
  simp [this, sub_eq_add_neg, add_comm, add_left_comm,̵ ̵a̵d̵d̵_̵a̵s̵s̵o̵c̵]

Note: This linter can be disabled with `set_option linter.unusedSimpArgs false`
warning: FloatSpec/src/Core/Generic_fmt.lean:2675:24: This simp argument is unused:
  neg_add

Hint: Omit it from the simp argument list.
  simp [̵n̵e̵g̵_̵a̵d̵d̵,̵ ̵a̵d̵d̵_̵c̵o̵m̵m̵,̵[̲a̲d̲d̲_̲c̲o̲m̲m̲,̲ add_left_comm, add_assoc]

Note: This linter can be disabled with `set_option linter.unusedSimpArgs false`
warning: FloatSpec/src/Core/Generic_fmt.lean:2675:43: This simp argument is unused:
  add_left_comm

Hint: Omit it from the simp argument list.
  simp [neg_add, add_comm, a̵d̵d̵_̵l̵e̵f̵t̵_̵c̵o̵m̵m̵,̵ ̵add_assoc]

Note: This linter can be disabled with `set_option linter.unusedSimpArgs false`
warning: FloatSpec/src/Core/Generic_fmt.lean:2675:58: This simp argument is unused:
  add_assoc

Hint: Omit it from the simp argument list.
  simp [neg_add, add_comm, add_left_comm,̵ ̵a̵d̵d̵_̵a̵s̵s̵o̵c̵]

Note: This linter can be disabled with `set_option linter.unusedSimpArgs false`
warning: FloatSpec/src/Core/Generic_fmt.lean:2709:24: This simp argument is unused:
  neg_add

Hint: Omit it from the simp argument list.
  simp [̵n̵e̵g̵_̵a̵d̵d̵,̵ ̵a̵d̵d̵_̵c̵o̵m̵m̵,̵[̲a̲d̲d̲_̲c̲o̲m̲m̲,̲ add_left_comm, add_assoc]

Note: This linter can be disabled with `set_option linter.unusedSimpArgs false`
warning: FloatSpec/src/Core/Generic_fmt.lean:2709:43: This simp argument is unused:
  add_left_comm

Hint: Omit it from the simp argument list.
  simp [neg_add, add_comm, a̵d̵d̵_̵l̵e̵f̵t̵_̵c̵o̵m̵m̵,̵ ̵add_assoc]

Note: This linter can be disabled with `set_option linter.unusedSimpArgs false`
warning: FloatSpec/src/Core/Generic_fmt.lean:2709:58: This simp argument is unused:
  add_assoc

Hint: Omit it from the simp argument list.
  simp [neg_add, add_comm, add_left_comm,̵ ̵a̵d̵d̵_̵a̵s̵s̵o̵c̵]

Note: This linter can be disabled with `set_option linter.unusedSimpArgs false`
warning: FloatSpec/src/Core/Generic_fmt.lean:2728:21: This simp argument is unused:
  hA

Hint: Omit it from the simp argument list.
  simp [hAt, hA̵,̵ ̵h̵trans_false', hfun_eq]

Note: This linter can be disabled with `set_option linter.unusedSimpArgs false`
warning: FloatSpec/src/Core/Generic_fmt.lean:2728:40: This simp argument is unused:
  hfun_eq

Hint: Omit it from the simp argument list.
  simp [hAt, hA, htrans_false',̵ ̵h̵f̵u̵n̵_̵e̵q̵]

Note: This linter can be disabled with `set_option linter.unusedSimpArgs false`
warning: FloatSpec/src/Core/Generic_fmt.lean:2747:21: This simp argument is unused:
  hA

Hint: Omit it from the simp argument list.
  simp [hAf, hA̵,̵ ̵h̵trans_true', hfun_eq]

Note: This linter can be disabled with `set_option linter.unusedSimpArgs false`
warning: FloatSpec/src/Core/Generic_fmt.lean:2747:39: This simp argument is unused:
  hfun_eq

Hint: Omit it from the simp argument list.
  simp [hAf, hA, htrans_true',̵ ̵h̵f̵u̵n̵_̵e̵q̵]

Note: This linter can be disabled with `set_option linter.unusedSimpArgs false`
warning: FloatSpec/src/Core/Generic_fmt.lean:2784:14: This simp argument is unused:
  neg_add

Hint: Omit it from the simp argument list.
  simp [̵n̵e̵g̵_̵a̵d̵d̵,̵ ̵a̵d̵d̵_̵c̵o̵m̵m̵,̵[̲a̲d̲d̲_̲c̲o̲m̲m̲,̲ add_left_comm, add_assoc]

Note: This linter can be disabled with `set_option linter.unusedSimpArgs false`
warning: FloatSpec/src/Core/Generic_fmt.lean:2784:33: This simp argument is unused:
  add_left_comm

Hint: Omit it from the simp argument list.
  simp [neg_add, add_comm, a̵d̵d̵_̵l̵e̵f̵t̵_̵c̵o̵m̵m̵,̵ ̵add_assoc]

Note: This linter can be disabled with `set_option linter.unusedSimpArgs false`
warning: FloatSpec/src/Core/Generic_fmt.lean:2784:48: This simp argument is unused:
  add_assoc

Hint: Omit it from the simp argument list.
  simp [neg_add, add_comm, add_left_comm,̵ ̵a̵d̵d̵_̵a̵s̵s̵o̵c̵]

Note: This linter can be disabled with `set_option linter.unusedSimpArgs false`
warning: FloatSpec/src/Core/Generic_fmt.lean:2797:18: missing doc string for public def roundR

Note: This linter can be disabled with `set_option linter.missingDocs false`
warning: FloatSpec/src/Core/Generic_fmt.lean:2840:21: This simp argument is unused:
  hy

Hint: Omit it from the simp argument list.
  simp [hsm, he, h̵y̵,̵ ̵scaled_mantissa, cexp]

Note: This linter can be disabled with `set_option linter.unusedSimpArgs false`
warning: FloatSpec/src/Core/Generic_fmt.lean:3132:18: missing doc string for public def ZnearestA

Note: This linter can be disabled with `set_option linter.missingDocs false`
warning: FloatSpec/src/Core/Generic_fmt.lean:3295:36: `le_of_not_le` has been deprecated: Use `le_of_not_ge` instead
warning: FloatSpec/src/Core/Generic_fmt.lean:3363:40: `le_of_not_le` has been deprecated: Use `le_of_not_ge` instead
warning: FloatSpec/src/Core/Generic_fmt.lean:3586:18: missing doc string for public def Znearest0

Note: This linter can be disabled with `set_option linter.missingDocs false`
warning: FloatSpec/src/Core/Generic_fmt.lean:3973:79: This simp argument is unused:
  hE

Hint: Omit it from the simp argument list.
  simp [hsmn, hsmx, scaled_mantissa, cexp, FloatSpec.Core.Raux.mag, abs_neg, h̵E̵,̵ ̵neg_mul]

Note: This linter can be disabled with `set_option linter.unusedSimpArgs false`
warning: FloatSpec/src/Core/Generic_fmt.lean:3982:20: This simp argument is unused:
  neg_add

Hint: Omit it from the simp argument list.
  simp [̵n̵e̵g̵_̵a̵d̵d̵,̵ ̵a̵d̵d̵_̵c̵o̵m̵m̵,̵[̲a̲d̲d̲_̲c̲o̲m̲m̲,̲ add_left_comm, add_assoc]

Note: This linter can be disabled with `set_option linter.unusedSimpArgs false`
warning: FloatSpec/src/Core/Generic_fmt.lean:3982:39: This simp argument is unused:
  add_left_comm

Hint: Omit it from the simp argument list.
  simp [neg_add, add_comm, a̵d̵d̵_̵l̵e̵f̵t̵_̵c̵o̵m̵m̵,̵ ̵add_assoc]

Note: This linter can be disabled with `set_option linter.unusedSimpArgs false`
warning: FloatSpec/src/Core/Generic_fmt.lean:3982:54: This simp argument is unused:
  add_assoc

Hint: Omit it from the simp argument list.
  simp [neg_add, add_comm, add_left_comm,̵ ̵a̵d̵d̵_̵a̵s̵s̵o̵c̵]

Note: This linter can be disabled with `set_option linter.unusedSimpArgs false`
warning: FloatSpec/src/Core/Generic_fmt.lean:4065:17: This simp argument is unused:
  this

Hint: Omit it from the simp argument list.
  simp [hlt,̵ ̵t̵h̵i̵s̵]

Note: This linter can be disabled with `set_option linter.unusedSimpArgs false`
warning: FloatSpec/src/Core/Generic_fmt.lean:4074:17: This simp argument is unused:
  this

Hint: Omit it from the simp argument list.
  simp [hlt,̵ ̵t̵h̵i̵s̵]

Note: This linter can be disabled with `set_option linter.unusedSimpArgs false`
warning: FloatSpec/src/Core/Generic_fmt.lean:4109:22: This simp argument is unused:
  neg_add

Hint: Omit it from the simp argument list.
  simp [̵n̵e̵g̵_̵a̵d̵d̵,̵ ̵a̵d̵d̵_̵c̵o̵m̵m̵,̵[̲a̲d̲d̲_̲c̲o̲m̲m̲,̲ add_left_comm, add_assoc]

Note: This linter can be disabled with `set_option linter.unusedSimpArgs false`
warning: FloatSpec/src/Core/Generic_fmt.lean:4109:41: This simp argument is unused:
  add_left_comm

Hint: Omit it from the simp argument list.
  simp [neg_add, add_comm, a̵d̵d̵_̵l̵e̵f̵t̵_̵c̵o̵m̵m̵,̵ ̵add_assoc]

Note: This linter can be disabled with `set_option linter.unusedSimpArgs false`
warning: FloatSpec/src/Core/Generic_fmt.lean:4109:56: This simp argument is unused:
  add_assoc

Hint: Omit it from the simp argument list.
  simp [neg_add, add_comm, add_left_comm,̵ ̵a̵d̵d̵_̵a̵s̵s̵o̵c̵]

Note: This linter can be disabled with `set_option linter.unusedSimpArgs false`
⚠ [3070/3105] Replayed FloatSpec.src.Core.Round_pred
warning: FloatSpec/src/Core/Round_pred.lean:41:7: missing doc string for public abbrev Rnd_DN_pt

Note: This linter can be disabled with `set_option linter.missingDocs false`
warning: FloatSpec/src/Core/Round_pred.lean:42:7: missing doc string for public abbrev Rnd_UP_pt

Note: This linter can be disabled with `set_option linter.missingDocs false`
warning: FloatSpec/src/Core/Round_pred.lean:43:7: missing doc string for public abbrev Rnd_N_pt

Note: This linter can be disabled with `set_option linter.missingDocs false`
warning: FloatSpec/src/Core/Round_pred.lean:44:7: missing doc string for public abbrev Rnd_NG_pt

Note: This linter can be disabled with `set_option linter.missingDocs false`
warning: FloatSpec/src/Core/Round_pred.lean:45:7: missing doc string for public abbrev Rnd_NA_pt

Note: This linter can be disabled with `set_option linter.missingDocs false`
warning: FloatSpec/src/Core/Round_pred.lean:46:7: missing doc string for public abbrev Rnd_N0_pt

Note: This linter can be disabled with `set_option linter.missingDocs false`
warning: FloatSpec/src/Core/Round_pred.lean:47:7: missing doc string for public abbrev Rnd_ZR_pt

Note: This linter can be disabled with `set_option linter.missingDocs false`
warning: FloatSpec/src/Core/Round_pred.lean:670:18: missing doc string for public def Rnd_DN_opp_check

Note: This linter can be disabled with `set_option linter.missingDocs false`
warning: FloatSpec/src/Core/Round_pred.lean:738:18: missing doc string for public def Rnd_DN_UP_pt_split_check

Note: This linter can be disabled with `set_option linter.missingDocs false`
warning: FloatSpec/src/Core/Round_pred.lean:3880:28: `le_of_not_lt` has been deprecated: Use `le_of_not_gt` instead
⚠ [3071/3105] Replayed FloatSpec.src.Core.Round_generic
warning: FloatSpec/src/Core/Round_generic.lean:49:2: missing doc string for public field Monotone_exp.mono

Note: This linter can be disabled with `set_option linter.missingDocs false`
warning: FloatSpec/src/Core/Round_generic.lean:136:18: missing doc string for public def round_UP_to_format

Note: This linter can be disabled with `set_option linter.missingDocs false`
warning: FloatSpec/src/Core/Round_generic.lean:170:27: unused variable `mode`

Note: This linter can be disabled with `set_option linter.unusedVariables false`
warning: FloatSpec/src/Core/Round_generic.lean:188:16: declaration uses 'sorry'
warning: FloatSpec/src/Core/Round_generic.lean:314:43: `le_of_not_le` has been deprecated: Use `le_of_not_ge` instead
warning: FloatSpec/src/Core/Round_generic.lean:360:13: unused variable `hx`

Note: This linter can be disabled with `set_option linter.unusedVariables false`
warning: FloatSpec/src/Core/Round_generic.lean:516:11: `not_lt_of_le` has been deprecated: Use `not_lt_of_ge` instead
warning: FloatSpec/src/Core/Round_generic.lean:525:8: declaration uses 'sorry'
warning: FloatSpec/src/Core/Round_generic.lean:563:8: declaration uses 'sorry'
warning: FloatSpec/src/Core/Round_generic.lean:1141:46: unused variable `hbeta`

Note: This linter can be disabled with `set_option linter.unusedVariables false`
warning: FloatSpec/src/Core/Round_generic.lean:1411:8: declaration uses 'sorry'
warning: FloatSpec/src/Core/Round_generic.lean:1535:12: This simp argument is unused:
  FloatSpec.Core.Generic_fmt.scaled_mantissa

Hint: Omit it from the simp argument list.
  simp [round_to_generic, F̵l̵o̵a̵t̵S̵p̵e̵c̵.̵C̵o̵r̵e̵.̵G̵e̵n̵e̵r̵i̵c̵_̵f̵m̵t̵.̵s̵c̵a̵l̵e̵d̵_̵m̵a̵n̵t̵i̵s̵s̵a̵,̵FloatSpec.Core.Generic_fmt.cexp, hrdef, hs, hex]

Note: This linter can be disabled with `set_option linter.unusedSimpArgs false`
warning: FloatSpec/src/Core/Round_generic.lean:1537:19: This simp argument is unused:
  hs

Hint: Omit it from the simp argument list.
  simp [round_to_generic, FloatSpec.Core.Generic_fmt.scaled_mantissa,
          FloatSpec.Core.Generic_fmt.cexp, hrdef, h̵s̵,̵ ̵hex]

Note: This linter can be disabled with `set_option linter.unusedSimpArgs false`
warning: FloatSpec/src/Core/Round_generic.lean:1537:23: This simp argument is unused:
  hex

Hint: Omit it from the simp argument list.
  simp [round_to_generic, FloatSpec.Core.Generic_fmt.scaled_mantissa,
          FloatSpec.Core.Generic_fmt.cexp, hrdef, h̵s̵,̵ ̵h̵e̵x̵]̵h̲s̲]̲

Note: This linter can be disabled with `set_option linter.unusedSimpArgs false`
warning: FloatSpec/src/Core/Round_generic.lean:1596:13: unused variable `h`

Note: This linter can be disabled with `set_option linter.unusedVariables false`
warning: FloatSpec/src/Core/Round_generic.lean:1596:52: unused variable `hx`

Note: This linter can be disabled with `set_option linter.unusedVariables false`
warning: FloatSpec/src/Core/Round_generic.lean:1738:8: declaration uses 'sorry'
warning: FloatSpec/src/Core/Round_generic.lean:1753:8: declaration uses 'sorry'
warning: FloatSpec/src/Core/Round_generic.lean:1764:8: declaration uses 'sorry'
warning: FloatSpec/src/Core/Round_generic.lean:1777:8: declaration uses 'sorry'
warning: FloatSpec/src/Core/Round_generic.lean:1850:5: unused variable `hEq`

Note: This linter can be disabled with `set_option linter.unusedVariables false`
warning: FloatSpec/src/Core/Round_generic.lean:1888:18: This simp argument is unused:
  mul_left_comm

Hint: Omit it from the simp argument list.
  simp [round_to_generic, FloatSpec.Core.Generic_fmt.cexp, FloatSpec.Core.Raux.mag, abs_neg,
      FloatSpec.Core.Generic_fmt.Ztrunc_neg, Int.cast_neg, mul_comm, m̵u̵l̵_̵l̵e̵f̵t̵_̵c̵o̵m̵m̵,̵ ̵mul_assoc]

Note: This linter can be disabled with `set_option linter.unusedSimpArgs false`
warning: FloatSpec/src/Core/Round_generic.lean:1888:33: This simp argument is unused:
  mul_assoc

Hint: Omit it from the simp argument list.
  simp [round_to_generic, FloatSpec.Core.Generic_fmt.cexp, FloatSpec.Core.Raux.mag, abs_neg,
      FloatSpec.Core.Generic_fmt.Ztrunc_neg, Int.cast_neg, mul_comm, m̵u̵l̵_̵l̵e̵f̵t̵_̵c̵o̵m̵m̵,̵ ̵m̵u̵l̵_̵a̵s̵s̵o̵c̵]̵m̲u̲l̲_̲l̲e̲f̲t̲_̲c̲o̲m̲m̲]̲

Note: This linter can be disabled with `set_option linter.unusedSimpArgs false`
warning: FloatSpec/src/Core/Round_generic.lean:2073:22: This simp argument is unused:
  mul_left_comm

Hint: Omit it from the simp argument list.
  simp [round_to_generic, FloatSpec.Core.Generic_fmt.cexp, FloatSpec.Core.Raux.mag, abs_neg,
          FloatSpec.Core.Generic_fmt.Ztrunc_neg, Int.cast_neg, mul_comm, m̵u̵l̵_̵l̵e̵f̵t̵_̵c̵o̵m̵m̵,̵ ̵mul_assoc]

Note: This linter can be disabled with `set_option linter.unusedSimpArgs false`
warning: FloatSpec/src/Core/Round_generic.lean:2073:37: This simp argument is unused:
  mul_assoc

Hint: Omit it from the simp argument list.
  simp [round_to_generic, FloatSpec.Core.Generic_fmt.cexp, FloatSpec.Core.Raux.mag, abs_neg,
          FloatSpec.Core.Generic_fmt.Ztrunc_neg, Int.cast_neg, mul_comm, m̵u̵l̵_̵l̵e̵f̵t̵_̵c̵o̵m̵m̵,̵ ̵m̵u̵l̵_̵a̵s̵s̵o̵c̵]̵m̲u̲l̲_̲l̲e̲f̲t̲_̲c̲o̲m̲m̲]̲

Note: This linter can be disabled with `set_option linter.unusedSimpArgs false`
warning: FloatSpec/src/Core/Round_generic.lean:2298:59: This simp argument is unused:
  hcexp_min

Hint: Omit it from the simp argument list.
  simp only [generic_format, scaled_mantissa, cexp, F2R,̵ ̵h̵c̵e̵x̵p̵_̵m̵i̵n̵]

Note: This linter can be disabled with `set_option linter.unusedSimpArgs false`
warning: FloatSpec/src/Core/Round_generic.lean:2623:5: unused variable `hlt`

Note: This linter can be disabled with `set_option linter.unusedVariables false`
warning: FloatSpec/src/Core/Round_generic.lean:2625:10: unused variable `hgt`

Note: This linter can be disabled with `set_option linter.unusedVariables false`
warning: FloatSpec/src/Core/Round_generic.lean:2662:18: This simp argument is unused:
  mul_left_comm

Hint: Omit it from the simp argument list.
  simp [round_to_generic, FloatSpec.Core.Generic_fmt.cexp, FloatSpec.Core.Raux.mag, abs_neg,
      FloatSpec.Core.Generic_fmt.Ztrunc_neg, Int.cast_neg, mul_comm, m̵u̵l̵_̵l̵e̵f̵t̵_̵c̵o̵m̵m̵,̵ ̵mul_assoc]

Note: This linter can be disabled with `set_option linter.unusedSimpArgs false`
warning: FloatSpec/src/Core/Round_generic.lean:2662:33: This simp argument is unused:
  mul_assoc

Hint: Omit it from the simp argument list.
  simp [round_to_generic, FloatSpec.Core.Generic_fmt.cexp, FloatSpec.Core.Raux.mag, abs_neg,
      FloatSpec.Core.Generic_fmt.Ztrunc_neg, Int.cast_neg, mul_comm, m̵u̵l̵_̵l̵e̵f̵t̵_̵c̵o̵m̵m̵,̵ ̵m̵u̵l̵_̵a̵s̵s̵o̵c̵]̵m̲u̲l̲_̲l̲e̲f̲t̲_̲c̲o̲m̲m̲]̲

Note: This linter can be disabled with `set_option linter.unusedSimpArgs false`
warning: FloatSpec/src/Core/Round_generic.lean:2682:18: This simp argument is unused:
  mul_left_comm

Hint: Omit it from the simp argument list.
  simp [round_to_generic, FloatSpec.Core.Generic_fmt.cexp, FloatSpec.Core.Raux.mag, abs_neg,
      FloatSpec.Core.Generic_fmt.Ztrunc_neg, Int.cast_neg, mul_comm, m̵u̵l̵_̵l̵e̵f̵t̵_̵c̵o̵m̵m̵,̵ ̵mul_assoc]

Note: This linter can be disabled with `set_option linter.unusedSimpArgs false`
warning: FloatSpec/src/Core/Round_generic.lean:2682:33: This simp argument is unused:
  mul_assoc

Hint: Omit it from the simp argument list.
  simp [round_to_generic, FloatSpec.Core.Generic_fmt.cexp, FloatSpec.Core.Raux.mag, abs_neg,
      FloatSpec.Core.Generic_fmt.Ztrunc_neg, Int.cast_neg, mul_comm, m̵u̵l̵_̵l̵e̵f̵t̵_̵c̵o̵m̵m̵,̵ ̵m̵u̵l̵_̵a̵s̵s̵o̵c̵]̵m̲u̲l̲_̲l̲e̲f̲t̲_̲c̲o̲m̲m̲]̲

Note: This linter can be disabled with `set_option linter.unusedSimpArgs false`
warning: FloatSpec/src/Core/Round_generic.lean:2702:18: This simp argument is unused:
  mul_left_comm

Hint: Omit it from the simp argument list.
  simp [round_to_generic, FloatSpec.Core.Generic_fmt.cexp, FloatSpec.Core.Raux.mag, abs_neg,
      FloatSpec.Core.Generic_fmt.Ztrunc_neg, Int.cast_neg, mul_comm, m̵u̵l̵_̵l̵e̵f̵t̵_̵c̵o̵m̵m̵,̵ ̵mul_assoc]

Note: This linter can be disabled with `set_option linter.unusedSimpArgs false`
warning: FloatSpec/src/Core/Round_generic.lean:2702:33: This simp argument is unused:
  mul_assoc

Hint: Omit it from the simp argument list.
  simp [round_to_generic, FloatSpec.Core.Generic_fmt.cexp, FloatSpec.Core.Raux.mag, abs_neg,
      FloatSpec.Core.Generic_fmt.Ztrunc_neg, Int.cast_neg, mul_comm, m̵u̵l̵_̵l̵e̵f̵t̵_̵c̵o̵m̵m̵,̵ ̵m̵u̵l̵_̵a̵s̵s̵o̵c̵]̵m̲u̲l̲_̲l̲e̲f̲t̲_̲c̲o̲m̲m̲]̲

Note: This linter can be disabled with `set_option linter.unusedSimpArgs false`
warning: FloatSpec/src/Core/Round_generic.lean:2743:18: This simp argument is unused:
  mul_left_comm

Hint: Omit it from the simp argument list.
  simp [round_to_generic, FloatSpec.Core.Generic_fmt.cexp, FloatSpec.Core.Raux.mag, abs_neg,
      FloatSpec.Core.Generic_fmt.Ztrunc_neg, Int.cast_neg, mul_comm, m̵u̵l̵_̵l̵e̵f̵t̵_̵c̵o̵m̵m̵,̵ ̵mul_assoc]

Note: This linter can be disabled with `set_option linter.unusedSimpArgs false`
warning: FloatSpec/src/Core/Round_generic.lean:2743:33: This simp argument is unused:
  mul_assoc

Hint: Omit it from the simp argument list.
  simp [round_to_generic, FloatSpec.Core.Generic_fmt.cexp, FloatSpec.Core.Raux.mag, abs_neg,
      FloatSpec.Core.Generic_fmt.Ztrunc_neg, Int.cast_neg, mul_comm, m̵u̵l̵_̵l̵e̵f̵t̵_̵c̵o̵m̵m̵,̵ ̵m̵u̵l̵_̵a̵s̵s̵o̵c̵]̵m̲u̲l̲_̲l̲e̲f̲t̲_̲c̲o̲m̲m̲]̲

Note: This linter can be disabled with `set_option linter.unusedSimpArgs false`
warning: FloatSpec/src/Core/Round_generic.lean:3349:10: This simp argument is unused:
  FloatSpec.Core.Raux.Ztrunc

Hint: Omit it from the simp argument list.
  simp [F̵l̵o̵a̵t̵S̵p̵e̵c̵.̵C̵o̵r̵e̵.̵R̵a̵u̵x̵.̵Z̵t̵r̵u̵n̵c̵,̵ ̵hy]

Note: This linter can be disabled with `set_option linter.unusedSimpArgs false`
warning: FloatSpec/src/Core/Round_generic.lean:3362:10: This simp argument is unused:
  FloatSpec.Core.Raux.Ztrunc

Hint: Omit it from the simp argument list.
  simp [F̵l̵o̵a̵t̵S̵p̵e̵c̵.̵C̵o̵r̵e̵.̵R̵a̵u̵x̵.̵Z̵t̵r̵u̵n̵c̵,̵ ̵hy]

Note: This linter can be disabled with `set_option linter.unusedSimpArgs false`
⚠ [3072/3105] Replayed FloatSpec.src.Calc.Bracket
warning: FloatSpec/src/Calc/Bracket.lean:25:4: missing doc string for public constructor Location.loc_Exact

Note: This linter can be disabled with `set_option linter.missingDocs false`
warning: FloatSpec/src/Calc/Bracket.lean:26:4: missing doc string for public constructor Location.loc_Inexact

Note: This linter can be disabled with `set_option linter.missingDocs false`
warning: FloatSpec/src/Calc/Bracket.lean:37:4: missing doc string for public constructor inbetween.inbetween_Exact

Note: This linter can be disabled with `set_option linter.missingDocs false`
warning: FloatSpec/src/Calc/Bracket.lean:38:4: missing doc string for public constructor inbetween.inbetween_Inexact

Note: This linter can be disabled with `set_option linter.missingDocs false`
warning: FloatSpec/src/Calc/Bracket.lean:64:8: declaration uses 'sorry'
warning: FloatSpec/src/Calc/Bracket.lean:81:8: declaration uses 'sorry'
warning: FloatSpec/src/Calc/Bracket.lean:99:28: unused variable `h`

Note: This linter can be disabled with `set_option linter.unusedVariables false`
warning: FloatSpec/src/Calc/Bracket.lean:106:8: declaration uses 'sorry'
warning: FloatSpec/src/Calc/Bracket.lean:116:35: unused variable `h`

Note: This linter can be disabled with `set_option linter.unusedVariables false`
warning: FloatSpec/src/Calc/Bracket.lean:117:5: unused variable `hl`

Note: This linter can be disabled with `set_option linter.unusedVariables false`
warning: FloatSpec/src/Calc/Bracket.lean:124:8: declaration uses 'sorry'
warning: FloatSpec/src/Calc/Bracket.lean:142:8: declaration uses 'sorry'
warning: FloatSpec/src/Calc/Bracket.lean:160:8: declaration uses 'sorry'
warning: FloatSpec/src/Calc/Bracket.lean:171:65: unused variable `Hdu`

Note: This linter can be disabled with `set_option linter.unusedVariables false`
warning: FloatSpec/src/Calc/Bracket.lean:174:25: unused variable `ord`

Note: This linter can be disabled with `set_option linter.unusedVariables false`
warning: FloatSpec/src/Calc/Bracket.lean:180:8: declaration uses 'sorry'
warning: FloatSpec/src/Calc/Bracket.lean:198:25: unused variable `start`

Note: This linter can be disabled with `set_option linter.unusedVariables false`
warning: FloatSpec/src/Calc/Bracket.lean:198:31: unused variable `step`

Note: This linter can be disabled with `set_option linter.unusedVariables false`
warning: FloatSpec/src/Calc/Bracket.lean:198:42: unused variable `k`

Note: This linter can be disabled with `set_option linter.unusedVariables false`
warning: FloatSpec/src/Calc/Bracket.lean:205:6: declaration uses 'sorry'
warning: FloatSpec/src/Calc/Bracket.lean:222:6: declaration uses 'sorry'
warning: FloatSpec/src/Calc/Bracket.lean:234:49: unused variable `start`

Note: This linter can be disabled with `set_option linter.unusedVariables false`
warning: FloatSpec/src/Calc/Bracket.lean:234:55: unused variable `step`

Note: This linter can be disabled with `set_option linter.unusedVariables false`
warning: FloatSpec/src/Calc/Bracket.lean:234:66: unused variable `nb_steps`

Note: This linter can be disabled with `set_option linter.unusedVariables false`
warning: FloatSpec/src/Calc/Bracket.lean:234:83: unused variable `x`

Note: This linter can be disabled with `set_option linter.unusedVariables false`
warning: FloatSpec/src/Calc/Bracket.lean:234:91: unused variable `k`

Note: This linter can be disabled with `set_option linter.unusedVariables false`
warning: FloatSpec/src/Calc/Bracket.lean:241:8: declaration uses 'sorry'
warning: FloatSpec/src/Calc/Bracket.lean:263:8: declaration uses 'sorry'
warning: FloatSpec/src/Calc/Bracket.lean:283:8: declaration uses 'sorry'
warning: FloatSpec/src/Calc/Bracket.lean:314:8: declaration uses 'sorry'
warning: FloatSpec/src/Calc/Bracket.lean:345:8: declaration uses 'sorry'
warning: FloatSpec/src/Calc/Bracket.lean:368:8: declaration uses 'sorry'
⚠ [3073/3105] Replayed FloatSpec.src.Calc.Operations
warning: FloatSpec/src/Calc/Operations.lean:47:8: declaration uses 'sorry'
warning: FloatSpec/src/Calc/Operations.lean:66:8: declaration uses 'sorry'
warning: FloatSpec/src/Calc/Operations.lean:87:8: declaration uses 'sorry'
warning: FloatSpec/src/Calc/Operations.lean:108:8: declaration uses 'sorry'
warning: FloatSpec/src/Calc/Operations.lean:130:8: declaration uses 'sorry'
warning: FloatSpec/src/Calc/Operations.lean:147:8: declaration uses 'sorry'
warning: FloatSpec/src/Calc/Operations.lean:164:8: declaration uses 'sorry'
warning: FloatSpec/src/Calc/Operations.lean:186:8: declaration uses 'sorry'
warning: FloatSpec/src/Calc/Operations.lean:203:8: declaration uses 'sorry'
warning: FloatSpec/src/Calc/Operations.lean:224:8: declaration uses 'sorry'
⚠ [3074/3105] Replayed FloatSpec.src.Calc.Div
warning: FloatSpec/src/Calc/Div.lean:45:6: declaration uses 'sorry'
warning: FloatSpec/src/Calc/Div.lean:77:8: declaration uses 'sorry'
warning: FloatSpec/src/Calc/Div.lean:110:8: declaration uses 'sorry'
⚠ [3075/3105] Replayed FloatSpec.src.Calc.Sqrt
warning: FloatSpec/src/Calc/Sqrt.lean:45:6: declaration uses 'sorry'
warning: FloatSpec/src/Calc/Sqrt.lean:60:26: unused variable `d1`

Note: This linter can be disabled with `set_option linter.unusedVariables false`
warning: FloatSpec/src/Calc/Sqrt.lean:73:8: declaration uses 'sorry'
warning: FloatSpec/src/Calc/Sqrt.lean:102:8: declaration uses 'sorry'
✖ [3077/3105] Building FloatSpec.src.Core.Ulp (12s)
trace: .> LEAN_PATH=/home/hantao/code/FloatSpec/.lake/packages/Cli/.lake/build/lib/lean:/home/hantao/code/FloatSpec/.lake/packages/batteries/.lake/build/lib/lean:/home/hantao/code/FloatSpec/.lake/packages/Qq/.lake/build/lib/lean:/home/hantao/code/FloatSpec/.lake/packages/aesop/.lake/build/lib/lean:/home/hantao/code/FloatSpec/.lake/packages/proofwidgets/.lake/build/lib/lean:/home/hantao/code/FloatSpec/.lake/packages/importGraph/.lake/build/lib/lean:/home/hantao/code/FloatSpec/.lake/packages/LeanSearchClient/.lake/build/lib/lean:/home/hantao/code/FloatSpec/.lake/packages/plausible/.lake/build/lib/lean:/home/hantao/code/FloatSpec/.lake/packages/mathlib/.lake/build/lib/lean:/home/hantao/code/FloatSpec/.lake/build/lib/lean /home/hantao/.elan/toolchains/leanprover--lean4---v4.23.0-rc2/bin/lean /home/hantao/code/FloatSpec/FloatSpec/src/Core/Ulp.lean -o /home/hantao/code/FloatSpec/.lake/build/lib/lean/FloatSpec/src/Core/Ulp.olean -i /home/hantao/code/FloatSpec/.lake/build/lib/lean/FloatSpec/src/Core/Ulp.ilean -c /home/hantao/code/FloatSpec/.lake/build/ir/FloatSpec/src/Core/Ulp.c --setup /home/hantao/code/FloatSpec/.lake/build/ir/FloatSpec/src/Core/Ulp.setup.json --json
warning: FloatSpec/src/Core/Ulp.lean:50:7: missing doc string for public abbrev Float

Note: This linter can be disabled with `set_option linter.missingDocs false`
warning: FloatSpec/src/Core/Ulp.lean:63:2: missing doc string for public field Exp_not_FTZ.exp_not_FTZ

Note: This linter can be disabled with `set_option linter.missingDocs false`
warning: FloatSpec/src/Core/Ulp.lean:72:2: missing doc string for public field Monotone_exp.mono

Note: This linter can be disabled with `set_option linter.missingDocs false`
warning: FloatSpec/src/Core/Ulp.lean:124:4: missing doc string for public constructor negligible_exp_prop.negligible_None

Note: This linter can be disabled with `set_option linter.missingDocs false`
warning: FloatSpec/src/Core/Ulp.lean:125:4: missing doc string for public constructor negligible_exp_prop.negligible_Some

Note: This linter can be disabled with `set_option linter.missingDocs false`
warning: FloatSpec/src/Core/Ulp.lean:222:0: automatically included section variable(s) unused in theorem 'FloatSpec.Core.Ulp.ulp_neq_0':
  [Valid_exp beta fexp]
consider restructuring your `variable` declarations so that the variables are not in scope or explicitly omit them:
  omit [Valid_exp beta fexp] in theorem ...

Note: This linter can be disabled with `set_option linter.unusedSectionVars false`
warning: FloatSpec/src/Core/Ulp.lean:241:8: automatically included section variable(s) unused in theorem '_private.FloatSpec.src.Core.Ulp.0.FloatSpec.Core.Ulp.ulp_run_nonneg':
  [Valid_exp beta fexp]
consider restructuring your `variable` declarations so that the variables are not in scope or explicitly omit them:
  omit [Valid_exp beta fexp] in theorem ...

Note: This linter can be disabled with `set_option linter.unusedSectionVars false`
warning: FloatSpec/src/Core/Ulp.lean:252:18: This simp argument is unused:
  hopt

Hint: Omit it from the simp argument list.
  simp [hx, h̵o̵p̵t̵,̵ ̵Id.run, bind, pure]

Note: This linter can be disabled with `set_option linter.unusedSimpArgs false`
warning: FloatSpec/src/Core/Ulp.lean:252:32: This simp argument is unused:
  bind

Hint: Omit it from the simp argument list.
  simp [hx, hopt, Id.run, b̵i̵n̵d̵,̵ ̵pure]

Note: This linter can be disabled with `set_option linter.unusedSimpArgs false`
warning: FloatSpec/src/Core/Ulp.lean:254:18: This simp argument is unused:
  hopt

Hint: Omit it from the simp argument list.
  simp [hx, h̵o̵p̵t̵,̵ ̵Id.run, bind, pure, le_of_lt (zpow_pos hbpos _)]

Note: This linter can be disabled with `set_option linter.unusedSimpArgs false`
warning: FloatSpec/src/Core/Ulp.lean:254:32: This simp argument is unused:
  bind

Hint: Omit it from the simp argument list.
  simp [hx, hopt, Id.run, b̵i̵n̵d̵,̵ ̵pure, le_of_lt (zpow_pos hbpos _)]

Note: This linter can be disabled with `set_option linter.unusedSimpArgs false`
warning: FloatSpec/src/Core/Ulp.lean:258:60: unused variable `hx`

Note: This linter can be disabled with `set_option linter.unusedVariables false`
warning: FloatSpec/src/Core/Ulp.lean:281:8: automatically included section variable(s) unused in theorem '_private.FloatSpec.src.Core.Ulp.0.FloatSpec.Core.Ulp.pred_pos_run_lt_self':
  [Valid_exp beta fexp]
consider restructuring your `variable` declarations so that the variables are not in scope or explicitly omit them:
  omit [Valid_exp beta fexp] in theorem ...

Note: This linter can be disabled with `set_option linter.unusedSectionVars false`
warning: FloatSpec/src/Core/Ulp.lean:320:36: This simp argument is unused:
  neg_add

Hint: Omit it from the simp argument list.
  simp [h0, Id.run, bind, pure, n̵e̵g̵_̵a̵d̵d̵,̵ ̵sub_eq_add_neg, add_comm]

Note: This linter can be disabled with `set_option linter.unusedSimpArgs false`
warning: FloatSpec/src/Core/Ulp.lean:342:36: This simp argument is unused:
  neg_add

Hint: Omit it from the simp argument list.
  simp [h0, Id.run, bind, pure, n̵e̵g̵_̵a̵d̵d̵,̵ ̵sub_eq_add_neg, add_comm]

Note: This linter can be disabled with `set_option linter.unusedSimpArgs false`
warning: FloatSpec/src/Core/Ulp.lean:365:5: unused variable `Fx`

Note: This linter can be disabled with `set_option linter.unusedVariables false`
warning: FloatSpec/src/Core/Ulp.lean:366:5: unused variable `Fy`

Note: This linter can be disabled with `set_option linter.unusedVariables false`
warning: FloatSpec/src/Core/Ulp.lean:411:5: unused variable `Fx`

Note: This linter can be disabled with `set_option linter.unusedVariables false`
warning: FloatSpec/src/Core/Ulp.lean:412:5: unused variable `Fy`

Note: This linter can be disabled with `set_option linter.unusedVariables false`
warning: FloatSpec/src/Core/Ulp.lean:427:5: unused variable `Fx`

Note: This linter can be disabled with `set_option linter.unusedVariables false`
warning: FloatSpec/src/Core/Ulp.lean:428:5: unused variable `Fy`

Note: This linter can be disabled with `set_option linter.unusedVariables false`
warning: FloatSpec/src/Core/Ulp.lean:464:5: unused variable `Fx`

Note: This linter can be disabled with `set_option linter.unusedVariables false`
warning: FloatSpec/src/Core/Ulp.lean:465:5: unused variable `Fy`

Note: This linter can be disabled with `set_option linter.unusedVariables false`
warning: FloatSpec/src/Core/Ulp.lean:486:5: unused variable `Fx`

Note: This linter can be disabled with `set_option linter.unusedVariables false`
warning: FloatSpec/src/Core/Ulp.lean:487:5: unused variable `Fy`

Note: This linter can be disabled with `set_option linter.unusedVariables false`
warning: FloatSpec/src/Core/Ulp.lean:502:5: unused variable `Fx`

Note: This linter can be disabled with `set_option linter.unusedVariables false`
warning: FloatSpec/src/Core/Ulp.lean:503:5: unused variable `Fy`

Note: This linter can be disabled with `set_option linter.unusedVariables false`
warning: FloatSpec/src/Core/Ulp.lean:538:85: This simp argument is unused:
  hmag_eq

Hint: Omit it from the simp argument list.
  simp [hx_ne, hx_ne', FloatSpec.Core.Generic_fmt.cexp, FloatSpec.Core.Raux.mag, h̵m̵a̵g̵_̵e̵q̵,̵ ̵Id.run, bind,
  ̲  ̲ ̲ ̲ ̲ ̲ ̲ ̲pure]

Note: This linter can be disabled with `set_option linter.unusedSimpArgs false`
warning: FloatSpec/src/Core/Ulp.lean:727:69: This simp argument is unused:
  add_left_comm

Hint: Omit it from the simp argument list.
  simp [ex, sub_eq_add_neg, add_assoc,̵ ̵a̵d̵d̵_̵l̵e̵f̵t̵_̵c̵o̵m̵m̵]

Note: This linter can be disabled with `set_option linter.unusedSimpArgs false`
warning: FloatSpec/src/Core/Ulp.lean:904:49: This simp argument is unused:
  mul_assoc

Hint: Omit it from the simp argument list.
  simp [mul_comm, mul_left_comm,̵ ̵m̵u̵l̵_̵a̵s̵s̵o̵c̵]

Note: This linter can be disabled with `set_option linter.unusedSimpArgs false`
warning: FloatSpec/src/Core/Ulp.lean:1002:51: This simp argument is unused:
  mul_assoc

Hint: Omit it from the simp argument list.
  simp [mul_comm, mul_left_comm,̵ ̵m̵u̵l̵_̵a̵s̵s̵o̵c̵]

Note: This linter can be disabled with `set_option linter.unusedSimpArgs false`
warning: FloatSpec/src/Core/Ulp.lean:1047:51: This simp argument is unused:
  mul_assoc

Hint: Omit it from the simp argument list.
  simp [mul_comm, mul_left_comm,̵ ̵m̵u̵l̵_̵a̵s̵s̵o̵c̵]

Note: This linter can be disabled with `set_option linter.unusedSimpArgs false`
warning: FloatSpec/src/Core/Ulp.lean:1111:106: This simp argument is unused:
  mul_assoc

Hint: Omit it from the simp argument list.
  simp [mul_comm,
  ̲  ̲ ̲ ̲ ̲ ̲ ̲ ̲ ̲ ̲ ̲ ̲ ̲ ̲ ̲ ̲ ̲ ̲ ̲ ̲ ̲ ̲m̵u̵l̵_̵l̵e̵f̵t̵_̵c̵o̵m̵m̵,̵ ̵m̵u̵l̵_̵a̵s̵s̵o̵c̵]̵m̲u̲l̲_̲l̲e̲f̲t̲_̲c̲o̲m̲m̲]̲

Note: This linter can be disabled with `set_option linter.unusedSimpArgs false`
warning: FloatSpec/src/Core/Ulp.lean:1175:100: This simp argument is unused:
  mul_assoc

Hint: Omit it from the simp argument list.
  simp [mul_comm,
  ̲  ̲ ̲ ̲ ̲ ̲ ̲ ̲ ̲ ̲ ̲ ̲ ̲ ̲ ̲ ̲m̵u̵l̵_̵l̵e̵f̵t̵_̵c̵o̵m̵m̵,̵ ̵m̵u̵l̵_̵a̵s̵s̵o̵c̵]̵m̲u̲l̲_̲l̲e̲f̲t̲_̲c̲o̲m̲m̲]̲

Note: This linter can be disabled with `set_option linter.unusedSimpArgs false`
error: FloatSpec/src/Core/Ulp.lean:1295:34: Type mismatch
  Raux.radix_pos
has type
  ∀ (beta : ℤ), ⦃⌜1 < beta⌝⦄ Raux.radix_pos_check beta ⦃PostCond.noThrow fun r ↦ ⌜0 < r⌝⦄
but is expected to have type
  1 < beta
error: FloatSpec/src/Core/Ulp.lean:1325:20: Unknown identifier `sub_eq`
error: FloatSpec/src/Core/Ulp.lean:1326:12: Type mismatch: After simplification, term
  congrArg (fun t ↦ c + t) h0'
 has type
  diff = 0
but is expected to have type
  c = -1 + e
error: FloatSpec/src/Core/Ulp.lean:1328:6: Type mismatch: After simplification, term
  sub_self (↑beta ^ (e - 1))
 has type
  True
but is expected to have type
  ↑beta ^ (e - 1) - ↑beta ^ fexp (e - 1) = 0
error: FloatSpec/src/Core/Ulp.lean:1339:16: Unknown identifier `add_sub_cancel'`
error: FloatSpec/src/Core/Ulp.lean:1346:12: Type mismatch: After simplification, term
  Eq.symm (zpow_add₀ hbne c diff)
 has type
  ↑beta ^ c * ↑beta ^ diff = ↑beta ^ (c + diff)
but is expected to have type
  ↑beta ^ (c + diff) = ↑beta ^ c * ↑beta ^ diff
error: FloatSpec/src/Core/Ulp.lean:1388:6: Type mismatch: After simplification, term
  hle_x
 has type
  0 ≤ ↑beta ^ c
but is expected to have type
  |↑beta ^ (e - 1) - ↑beta ^ c| ≤ ↑beta ^ (e - 1)
error: FloatSpec/src/Core/Ulp.lean:1402:60: Unknown identifier `one_lt_pow_of_one_lt`
error: FloatSpec/src/Core/Ulp.lean:1402:41: unsolved goals
beta : ℤ
fexp : ℤ → ℤ
inst✝ : Valid_exp beta fexp
x : ℝ
hx : 0 < x
Fx : (generic_format beta fexp x).run
e : ℤ := (Raux.mag beta x).run
hxe : x = ↑beta ^ (e - 1)
he : e = (Raux.mag beta x).run
c : ℤ := fexp (e - 1)
hne : x - ↑beta ^ c ≠ 0
hc : c = fexp (e - 1)
hx_bpow : x = ↑beta ^ (e - 1)
hβ : 1 < beta
hbposℤ : 0 < beta
hbposR : 0 < ↑beta
hbne : ↑beta ≠ 0
hb_ge1 : 1 ≤ ↑beta
hfmt_pow : (generic_format beta fexp (↑beta ^ (e - 1))).run
hc_le : c ≤ e - 1
diff : ℤ := e - 1 - c
hdiff : diff = e - 1 - c
hdiff_nonneg : 0 ≤ diff
hdiff_pos : 0 < diff
m : ℤ := beta ^ diff.toNat - 1
hfactor : ↑beta ^ (e - 1) - ↑beta ^ c = ↑beta ^ c * (↑beta ^ diff - 1)
hpow_toNat : ↑beta ^ diff = ↑(beta ^ diff.toNat)
hF2R_eq : x - ↑beta ^ fexp ((Raux.mag beta x).run - 1) = ↑m * ↑beta ^ c
hupp : |x - ↑beta ^ c| ≤ ↑beta ^ (e - 1)
hdiff_ge1 : 1 ≤ diff
hpow_diff_ge_beta : ↑beta ^ diff ≥ ↑beta
hbase_pos : 0 < ↑beta
⊢ ?m.1070 ≤ ?m.1071
error: FloatSpec/src/Core/Ulp.lean:1403:123: Application type mismatch: The argument
  hdiff_pos
has type
  (0 : ℤ) < diff
but is expected to have type
  (1 : ℕ) < ?m.1098
in the application
  le_of_lt hdiff_pos
error: FloatSpec/src/Core/Ulp.lean:1403:38: unsolved goals
beta : ℤ
fexp : ℤ → ℤ
inst✝ : Valid_exp beta fexp
x : ℝ
hx : 0 < x
Fx : (generic_format beta fexp x).run
e : ℤ := (Raux.mag beta x).run
hxe : x = ↑beta ^ (e - 1)
he : e = (Raux.mag beta x).run
c : ℤ := fexp (e - 1)
hne : x - ↑beta ^ c ≠ 0
hc : c = fexp (e - 1)
hx_bpow : x = ↑beta ^ (e - 1)
hβ : 1 < beta
hbposℤ : 0 < beta
hbposR : 0 < ↑beta
hbne : ↑beta ≠ 0
hb_ge1 : 1 ≤ ↑beta
hfmt_pow : (generic_format beta fexp (↑beta ^ (e - 1))).run
hc_le : c ≤ e - 1
diff : ℤ := e - 1 - c
hdiff : diff = e - 1 - c
hdiff_nonneg : 0 ≤ diff
hdiff_pos : 0 < diff
m : ℤ := beta ^ diff.toNat - 1
hfactor : ↑beta ^ (e - 1) - ↑beta ^ c = ↑beta ^ c * (↑beta ^ diff - 1)
hpow_toNat : ↑beta ^ diff = ↑(beta ^ diff.toNat)
hF2R_eq : x - ↑beta ^ fexp ((Raux.mag beta x).run - 1) = ↑m * ↑beta ^ c
hupp : |x - ↑beta ^ c| ≤ ↑beta ^ (e - 1)
hdiff_ge1 : 1 ≤ diff
hpow_diff_ge_beta : ↑beta ^ diff ≥ ↑beta
hbase_pos : 0 < ↑beta
⊢ 0 ≤ ?m.1098
error: FloatSpec/src/Core/Ulp.lean:1403:137: unsolved goals
beta : ℤ
fexp : ℤ → ℤ
inst✝ : Valid_exp beta fexp
x : ℝ
hx : 0 < x
Fx : (generic_format beta fexp x).run
e : ℤ := (Raux.mag beta x).run
hxe : x = ↑beta ^ (e - 1)
he : e = (Raux.mag beta x).run
c : ℤ := fexp (e - 1)
hne : x - ↑beta ^ c ≠ 0
hc : c = fexp (e - 1)
hx_bpow : x = ↑beta ^ (e - 1)
hβ : 1 < beta
hbposℤ : 0 < beta
hbposR : 0 < ↑beta
hbne : ↑beta ≠ 0
hb_ge1 : 1 ≤ ↑beta
hfmt_pow : (generic_format beta fexp (↑beta ^ (e - 1))).run
hc_le : c ≤ e - 1
diff : ℤ := e - 1 - c
hdiff : diff = e - 1 - c
hdiff_nonneg : 0 ≤ diff
hdiff_pos : 0 < diff
m : ℤ := beta ^ diff.toNat - 1
hfactor : ↑beta ^ (e - 1) - ↑beta ^ c = ↑beta ^ c * (↑beta ^ diff - 1)
hpow_toNat : ↑beta ^ diff = ↑(beta ^ diff.toNat)
hF2R_eq : x - ↑beta ^ fexp ((Raux.mag beta x).run - 1) = ↑m * ↑beta ^ c
hupp : |x - ↑beta ^ c| ≤ ↑beta ^ (e - 1)
hdiff_ge1 : 1 ≤ diff
hpow_diff_ge_beta : ↑beta ^ diff ≥ ↑beta
hbase_pos : 0 < ↑beta
⊢ ?m.1102 < ?m.1104
error: FloatSpec/src/Core/Ulp.lean:1403:11: unsolved goals
beta : ℤ
fexp : ℤ → ℤ
inst✝ : Valid_exp beta fexp
x : ℝ
hx : 0 < x
Fx : (generic_format beta fexp x).run
e : ℤ := (Raux.mag beta x).run
hxe : x = ↑beta ^ (e - 1)
he : e = (Raux.mag beta x).run
c : ℤ := fexp (e - 1)
hne : x - ↑beta ^ c ≠ 0
hc : c = fexp (e - 1)
hx_bpow : x = ↑beta ^ (e - 1)
hβ : 1 < beta
hbposℤ : 0 < beta
hbposR : 0 < ↑beta
hbne : ↑beta ≠ 0
hb_ge1 : 1 ≤ ↑beta
hfmt_pow : (generic_format beta fexp (↑beta ^ (e - 1))).run
hc_le : c ≤ e - 1
diff : ℤ := e - 1 - c
hdiff : diff = e - 1 - c
hdiff_nonneg : 0 ≤ diff
hdiff_pos : 0 < diff
m : ℤ := beta ^ diff.toNat - 1
hfactor : ↑beta ^ (e - 1) - ↑beta ^ c = ↑beta ^ c * (↑beta ^ diff - 1)
hpow_toNat : ↑beta ^ diff = ↑(beta ^ diff.toNat)
hF2R_eq : x - ↑beta ^ fexp ((Raux.mag beta x).run - 1) = ↑m * ↑beta ^ c
hupp : |x - ↑beta ^ c| ≤ ↑beta ^ (e - 1)
hdiff_ge1 : 1 ≤ diff
hpow_diff_ge_beta : ↑beta ^ diff ≥ ↑beta
hbase_pos : 0 < ↑beta
⊢ ?m.1053 < ↑beta ^ diff - 1
error: FloatSpec/src/Core/Ulp.lean:1455:17: Unknown identifier `sub_eq`
error: FloatSpec/src/Core/Ulp.lean:1455:10: Type mismatch: After simplification, term
  hlow
 has type
  ↑beta ^ (-2 + e) < |x + -↑beta ^ c|
but is expected to have type
  ↑beta ^ (-1 + (-1 + e)) < |x + -↑beta ^ c|
error: FloatSpec/src/Core/Ulp.lean:1478:6: Tactic `assumption` failed

beta : ℤ
fexp : ℤ → ℤ
inst✝ : Valid_exp beta fexp
x : ℝ
hx : 0 < x
Fx : (generic_format beta fexp x).run
e : ℤ := (Raux.mag beta x).run
hxe : x = ↑beta ^ (e - 1)
he : e = (Raux.mag beta x).run
c : ℤ := fexp (e - 1)
hne : x - ↑beta ^ c ≠ 0
hc : c = fexp (e - 1)
hx_bpow : x = ↑beta ^ (e - 1)
hβ : 1 < beta
hbposℤ : 0 < beta
hbposR : 0 < ↑beta
hbne : ↑beta ≠ 0
hb_ge1 : 1 ≤ ↑beta
hfmt_pow : (generic_format beta fexp (↑beta ^ (e - 1))).run
hc_le : c ≤ e - 1
diff : ℤ := e - 1 - c
hdiff : diff = e - 1 - c
hdiff_nonneg : 0 ≤ diff
hdiff_pos : 0 < diff
m : ℤ := beta ^ diff.toNat - 1
hfactor : ↑beta ^ (e - 1) - ↑beta ^ c = ↑beta ^ c * (↑beta ^ diff - 1)
hpow_toNat : ↑beta ^ diff = ↑(beta ^ diff.toNat)
hF2R_eq : x - ↑beta ^ fexp ((Raux.mag beta x).run - 1) = ↑m * ↑beta ^ c
hcexp_le_c : (cexp beta fexp (x - ↑beta ^ fexp ((Raux.mag beta x).run - 1))).run ≤ c
a✝ : m ≠ 0
this✝ : (F2R { Fnum := m, Fexp := c }).run = ↑m * ↑beta ^ c
this : True
⊢ (cexp beta fexp (F2R { Fnum := m, Fexp := c }).run).run ≤ c
warning: FloatSpec/src/Core/Ulp.lean:1541:16: declaration uses 'sorry'
warning: FloatSpec/src/Core/Ulp.lean:1559:16: declaration uses 'sorry'
warning: FloatSpec/src/Core/Ulp.lean:1572:16: declaration uses 'sorry'
warning: FloatSpec/src/Core/Ulp.lean:1588:16: declaration uses 'sorry'
warning: FloatSpec/src/Core/Ulp.lean:1720:16: declaration uses 'sorry'
warning: FloatSpec/src/Core/Ulp.lean:1729:16: declaration uses 'sorry'
warning: FloatSpec/src/Core/Ulp.lean:1737:16: declaration uses 'sorry'
warning: FloatSpec/src/Core/Ulp.lean:1748:5: unused variable `choice`

Note: This linter can be disabled with `set_option linter.unusedVariables false`
warning: FloatSpec/src/Core/Ulp.lean:1776:12: This simp argument is unused:
  FloatSpec.Core.Round_generic.round_DN_to_format

Hint: Omit it from the simp argument list.
  simp [FloatSpec.Core.Round_generic.round_N_to_format,
          F̵l̵o̵a̵t̵S̵p̵e̵c̵.̵C̵o̵r̵e̵.̵R̵o̵u̵n̵d̵_̵g̵e̵n̵e̵r̵i̵c̵.̵r̵o̵u̵n̵d̵_̵D̵N̵_̵t̵o̵_̵f̵o̵r̵m̵a̵t̵,̵FloatSpec.Core.Round_generic.round_UP_to_format, hd.symm, hu.symm, hlt0]

Note: This linter can be disabled with `set_option linter.unusedSimpArgs false`
warning: FloatSpec/src/Core/Ulp.lean:1777:12: This simp argument is unused:
  FloatSpec.Core.Round_generic.round_UP_to_format

Hint: Omit it from the simp argument list.
  simp [FloatSpec.Core.Round_generic.round_N_to_format,
          FloatSpec.Core.Round_generic.round_DN_to_format, F̵l̵o̵a̵t̵S̵p̵e̵c̵.̵C̵o̵r̵e̵.̵R̵o̵u̵n̵d̵_̵g̵e̵n̵e̵r̵i̵c̵.̵r̵o̵u̵n̵d̵_̵U̵P̵_̵t̵o̵_̵f̵o̵r̵m̵a̵t̵,̵hd.symm, hu.symm, hlt0]

Note: This linter can be disabled with `set_option linter.unusedSimpArgs false`
warning: FloatSpec/src/Core/Ulp.lean:1784:14: This simp argument is unused:
  FloatSpec.Core.Round_generic.round_DN_to_format

Hint: Omit it from the simp argument list.
  simp [FloatSpec.Core.Round_generic.round_N_to_format,
            F̵l̵o̵a̵t̵S̵p̵e̵c̵.̵C̵o̵r̵e̵.̵R̵o̵u̵n̵d̵_̵g̵e̵n̵e̵r̵i̵c̵.̵r̵o̵u̵n̵d̵_̵D̵N̵_̵t̵o̵_̵f̵o̵r̵m̵a̵t̵,̵FloatSpec.Core.Round_generic.round_UP_to_format, hd.symm, hu.symm, hlt0, hgt0]

Note: This linter can be disabled with `set_option linter.unusedSimpArgs false`
warning: FloatSpec/src/Core/Ulp.lean:1785:14: This simp argument is unused:
  FloatSpec.Core.Round_generic.round_UP_to_format

Hint: Omit it from the simp argument list.
  simp [FloatSpec.Core.Round_generic.round_N_to_format,
            FloatSpec.Core.Round_generic.round_DN_to_format, F̵l̵o̵a̵t̵S̵p̵e̵c̵.̵C̵o̵r̵e̵.̵R̵o̵u̵n̵d̵_̵g̵e̵n̵e̵r̵i̵c̵.̵r̵o̵u̵n̵d̵_̵U̵P̵_̵t̵o̵_̵f̵o̵r̵m̵a̵t̵,̵hd.symm, hu.symm, hlt0, hgt0]

Note: This linter can be disabled with `set_option linter.unusedSimpArgs false`
warning: FloatSpec/src/Core/Ulp.lean:1794:14: This simp argument is unused:
  FloatSpec.Core.Round_generic.round_DN_to_format

Hint: Omit it from the simp argument list.
  simp [FloatSpec.Core.Round_generic.round_N_to_format,
            F̵l̵o̵a̵t̵S̵p̵e̵c̵.̵C̵o̵r̵e̵.̵R̵o̵u̵n̵d̵_̵g̵e̵n̵e̵r̵i̵c̵.̵r̵o̵u̵n̵d̵_̵D̵N̵_̵t̵o̵_̵f̵o̵r̵m̵a̵t̵,̵FloatSpec.Core.Round_generic.round_UP_to_format, hd.symm, hu.symm, hnotlt, hnotgt]

Note: This linter can be disabled with `set_option linter.unusedSimpArgs false`
warning: FloatSpec/src/Core/Ulp.lean:1795:14: This simp argument is unused:
  FloatSpec.Core.Round_generic.round_UP_to_format

Hint: Omit it from the simp argument list.
  simp [FloatSpec.Core.Round_generic.round_N_to_format,
            FloatSpec.Core.Round_generic.round_DN_to_format, F̵l̵o̵a̵t̵S̵p̵e̵c̵.̵C̵o̵r̵e̵.̵R̵o̵u̵n̵d̵_̵g̵e̵n̵e̵r̵i̵c̵.̵r̵o̵u̵n̵d̵_̵U̵P̵_̵t̵o̵_̵f̵o̵r̵m̵a̵t̵,̵hd.symm, hu.symm, hnotlt, hnotgt]

Note: This linter can be disabled with `set_option linter.unusedSimpArgs false`
warning: FloatSpec/src/Core/Ulp.lean:1855:10: This simp argument is unused:
  FloatSpec.Core.Round_generic.round_DN_to_format

Hint: Omit it from the simp argument list.
  simp [FloatSpec.Core.Round_generic.round_N_to_format,
        F̵l̵o̵a̵t̵S̵p̵e̵c̵.̵C̵o̵r̵e̵.̵R̵o̵u̵n̵d̵_̵g̵e̵n̵e̵r̵i̵c̵.̵r̵o̵u̵n̵d̵_̵D̵N̵_̵t̵o̵_̵f̵o̵r̵m̵a̵t̵,̵FloatSpec.Core.Round_generic.round_UP_to_format, hd.symm, hu.symm, hbranch]

Note: This linter can be disabled with `set_option linter.unusedSimpArgs false`
warning: FloatSpec/src/Core/Ulp.lean:1856:10: This simp argument is unused:
  FloatSpec.Core.Round_generic.round_UP_to_format

Hint: Omit it from the simp argument list.
  simp [FloatSpec.Core.Round_generic.round_N_to_format,
        FloatSpec.Core.Round_generic.round_DN_to_format, F̵l̵o̵a̵t̵S̵p̵e̵c̵.̵C̵o̵r̵e̵.̵R̵o̵u̵n̵d̵_̵g̵e̵n̵e̵r̵i̵c̵.̵r̵o̵u̵n̵d̵_̵U̵P̵_̵t̵o̵_̵f̵o̵r̵m̵a̵t̵,̵hd.symm, hu.symm, hbranch]

Note: This linter can be disabled with `set_option linter.unusedSimpArgs false`
warning: FloatSpec/src/Core/Ulp.lean:1861:16: declaration uses 'sorry'
warning: FloatSpec/src/Core/Ulp.lean:1870:16: declaration uses 'sorry'
warning: FloatSpec/src/Core/Ulp.lean:1881:16: declaration uses 'sorry'
warning: FloatSpec/src/Core/Ulp.lean:1893:16: declaration uses 'sorry'
warning: FloatSpec/src/Core/Ulp.lean:1906:16: declaration uses 'sorry'
warning: FloatSpec/src/Core/Ulp.lean:2011:16: declaration uses 'sorry'
warning: FloatSpec/src/Core/Ulp.lean:2025:16: declaration uses 'sorry'
warning: FloatSpec/src/Core/Ulp.lean:2041:16: declaration uses 'sorry'
warning: FloatSpec/src/Core/Ulp.lean:2057:16: declaration uses 'sorry'
warning: FloatSpec/src/Core/Ulp.lean:2072:16: declaration uses 'sorry'
warning: FloatSpec/src/Core/Ulp.lean:2090:16: declaration uses 'sorry'
warning: FloatSpec/src/Core/Ulp.lean:2100:16: declaration uses 'sorry'
warning: FloatSpec/src/Core/Ulp.lean:2227:16: declaration uses 'sorry'
warning: FloatSpec/src/Core/Ulp.lean:2253:16: declaration uses 'sorry'
warning: FloatSpec/src/Core/Ulp.lean:2298:16: declaration uses 'sorry'
warning: FloatSpec/src/Core/Ulp.lean:2340:16: declaration uses 'sorry'
warning: FloatSpec/src/Core/Ulp.lean:2380:16: declaration uses 'sorry'
warning: FloatSpec/src/Core/Ulp.lean:2620:16: declaration uses 'sorry'
warning: FloatSpec/src/Core/Ulp.lean:2637:5: unused variable `choice1`

Note: This linter can be disabled with `set_option linter.unusedVariables false`
warning: FloatSpec/src/Core/Ulp.lean:2637:13: unused variable `choice2`

Note: This linter can be disabled with `set_option linter.unusedVariables false`
warning: FloatSpec/src/Core/Ulp.lean:2655:5: unused variable `c1`

Note: This linter can be disabled with `set_option linter.unusedVariables false`
warning: FloatSpec/src/Core/Ulp.lean:2655:8: unused variable `c2`

Note: This linter can be disabled with `set_option linter.unusedVariables false`
warning: FloatSpec/src/Core/Ulp.lean:2656:5: unused variable `hne`

Note: This linter can be disabled with `set_option linter.unusedVariables false`
warning: FloatSpec/src/Core/Ulp.lean:2743:16: declaration uses 'sorry'
warning: FloatSpec/src/Core/Ulp.lean:2808:16: declaration uses 'sorry'
warning: FloatSpec/src/Core/Ulp.lean:2884:16: declaration uses 'sorry'
warning: FloatSpec/src/Core/Ulp.lean:2914:16: declaration uses 'sorry'
warning: FloatSpec/src/Core/Ulp.lean:2960:16: declaration uses 'sorry'
warning: FloatSpec/src/Core/Ulp.lean:3002:16: declaration uses 'sorry'
warning: FloatSpec/src/Core/Ulp.lean:3016:16: declaration uses 'sorry'
warning: FloatSpec/src/Core/Ulp.lean:3052:16: declaration uses 'sorry'
warning: FloatSpec/src/Core/Ulp.lean:3096:16: declaration uses 'sorry'
warning: FloatSpec/src/Core/Ulp.lean:3121:0: automatically included section variable(s) unused in theorem 'FloatSpec.Core.Ulp.succ_0':
  [Valid_exp beta fexp]
consider restructuring your `variable` declarations so that the variables are not in scope or explicitly omit them:
  omit [Valid_exp beta fexp] in theorem ...

Note: This linter can be disabled with `set_option linter.unusedSectionVars false`
warning: FloatSpec/src/Core/Ulp.lean:3132:0: automatically included section variable(s) unused in theorem 'FloatSpec.Core.Ulp.pred_0':
  [Valid_exp beta fexp]
consider restructuring your `variable` declarations so that the variables are not in scope or explicitly omit them:
  omit [Valid_exp beta fexp] in theorem ...

Note: This linter can be disabled with `set_option linter.unusedSectionVars false`
warning: FloatSpec/src/Core/Ulp.lean:3149:5: unused variable `hx`

Note: This linter can be disabled with `set_option linter.unusedVariables false`
warning: FloatSpec/src/Core/Ulp.lean:3226:16: declaration uses 'sorry'
warning: FloatSpec/src/Core/Ulp.lean:3265:16: declaration uses 'sorry'
warning: FloatSpec/src/Core/Ulp.lean:3298:5: unused variable `hx`

Note: This linter can be disabled with `set_option linter.unusedVariables false`
warning: FloatSpec/src/Core/Ulp.lean:3315:16: declaration uses 'sorry'
warning: FloatSpec/src/Core/Ulp.lean:3358:16: declaration uses 'sorry'
warning: FloatSpec/src/Core/Ulp.lean:3390:0: automatically included section variable(s) unused in theorem 'FloatSpec.Core.Ulp.succ_opp':
  [Valid_exp beta fexp]
consider restructuring your `variable` declarations so that the variables are not in scope or explicitly omit them:
  omit [Valid_exp beta fexp] in theorem ...

Note: This linter can be disabled with `set_option linter.unusedSectionVars false`
warning: FloatSpec/src/Core/Ulp.lean:3402:0: automatically included section variable(s) unused in theorem 'FloatSpec.Core.Ulp.pred_opp':
  [Valid_exp beta fexp]
consider restructuring your `variable` declarations so that the variables are not in scope or explicitly omit them:
  omit [Valid_exp beta fexp] in theorem ...

Note: This linter can be disabled with `set_option linter.unusedSectionVars false`
warning: FloatSpec/src/Core/Ulp.lean:3414:0: automatically included section variable(s) unused in theorem 'FloatSpec.Core.Ulp.ulp_opp':
  [Valid_exp beta fexp]
consider restructuring your `variable` declarations so that the variables are not in scope or explicitly omit them:
  omit [Valid_exp beta fexp] in theorem ...

Note: This linter can be disabled with `set_option linter.unusedSectionVars false`
warning: FloatSpec/src/Core/Ulp.lean:3459:16: declaration uses 'sorry'
warning: FloatSpec/src/Core/Ulp.lean:3492:22: This simp argument is unused:
  h0

Hint: Omit it from the simp argument list.
  simp [pred, succ, h0̵,̵ ̵h̵x0, sub_eq_add_neg, h_opp, Id.run, bind, pure]

Note: This linter can be disabled with `set_option linter.unusedSimpArgs false`
warning: FloatSpec/src/Core/Ulp.lean:3492:47: This simp argument is unused:
  h_opp

Hint: Omit it from the simp argument list.
  simp [pred, succ, h0, hx0, sub_eq_add_neg, h̵_̵o̵p̵p̵,̵ ̵Id.run, bind, pure]

Note: This linter can be disabled with `set_option linter.unusedSimpArgs false`
warning: FloatSpec/src/Core/Ulp.lean:3516:22: This simp argument is unused:
  bind

Hint: Omit it from the simp argument list.
  simp [Id.run, b̵i̵n̵d̵,̵ ̵pure, sub_eq_add_neg]

Note: This linter can be disabled with `set_option linter.unusedSimpArgs false`
warning: FloatSpec/src/Core/Ulp.lean:3531:0: automatically included section variable(s) unused in theorem 'FloatSpec.Core.Ulp.succ_eq_pos':
  [Valid_exp beta fexp]
consider restructuring your `variable` declarations so that the variables are not in scope or explicitly omit them:
  omit [Valid_exp beta fexp] in theorem ...

Note: This linter can be disabled with `set_option linter.unusedSectionVars false`
warning: FloatSpec/src/Core/Ulp.lean:3543:0: automatically included section variable(s) unused in theorem 'FloatSpec.Core.Ulp.ulp_ge_0':
  [Valid_exp beta fexp]
consider restructuring your `variable` declarations so that the variables are not in scope or explicitly omit them:
  omit [Valid_exp beta fexp] in theorem ...

Note: This linter can be disabled with `set_option linter.unusedSectionVars false`
warning: FloatSpec/src/Core/Ulp.lean:3555:44: This simp argument is unused:
  bind

Hint: Omit it from the simp argument list.
  simp [wp, PostCond.noThrow, Id.run, b̵i̵n̵d̵,̵ ̵pure, hx, hopt]

Note: This linter can be disabled with `set_option linter.unusedSimpArgs false`
warning: FloatSpec/src/Core/Ulp.lean:3555:60: This simp argument is unused:
  hopt

Hint: Omit it from the simp argument list.
  simp [wp, PostCond.noThrow, Id.run, bind, pure, hx,̵ ̵h̵o̵p̵t̵]

Note: This linter can be disabled with `set_option linter.unusedSimpArgs false`
warning: FloatSpec/src/Core/Ulp.lean:3557:44: This simp argument is unused:
  bind

Hint: Omit it from the simp argument list.
  simp [wp, PostCond.noThrow, Id.run, b̵i̵n̵d̵,̵ ̵pure, hx, hopt, le_of_lt (zpow_pos hbpos _)]

Note: This linter can be disabled with `set_option linter.unusedSimpArgs false`
warning: FloatSpec/src/Core/Ulp.lean:3557:60: This simp argument is unused:
  hopt

Hint: Omit it from the simp argument list.
  simp [wp, PostCond.noThrow, Id.run, bind, pure, hx, h̵o̵p̵t̵,̵ ̵le_of_lt (zpow_pos hbpos _)]

Note: This linter can be disabled with `set_option linter.unusedSimpArgs false`
warning: FloatSpec/src/Core/Ulp.lean:3582:14: This simp argument is unused:
  ulp

Hint: Omit it from the simp argument list.
  simp [u̵l̵p̵,̵ ̵hx, hopt, wp, PostCond.noThrow, Id.run, bind, pure]

Note: This linter can be disabled with `set_option linter.unusedSimpArgs false`
warning: FloatSpec/src/Core/Ulp.lean:3582:23: This simp argument is unused:
  hopt

Hint: Omit it from the simp argument list.
  simp [ulp, hx, h̵o̵p̵t̵,̵ ̵wp, PostCond.noThrow, Id.run, bind, pure]

Note: This linter can be disabled with `set_option linter.unusedSimpArgs false`
warning: FloatSpec/src/Core/Ulp.lean:3605:14: This simp argument is unused:
  ulp

Hint: Omit it from the simp argument list.
  simp [u̵l̵p̵,̵ ̵hx, hopt, wp, PostCond.noThrow, Id.run, bind, pure]

Note: This linter can be disabled with `set_option linter.unusedSimpArgs false`
warning: FloatSpec/src/Core/Ulp.lean:3605:23: This simp argument is unused:
  hopt

Hint: Omit it from the simp argument list.
  simp [ulp, hx, h̵o̵p̵t̵,̵ ̵wp, PostCond.noThrow, Id.run, bind, pure]

Note: This linter can be disabled with `set_option linter.unusedSimpArgs false`
warning: FloatSpec/src/Core/Ulp.lean:3621:56: This simp argument is unused:
  ulp

Hint: Omit it from the simp argument list.
  simp [hx, wp, PostCond.noThrow, Id.run, bind, pure, u̵l̵p̵,̵FloatSpec.Core.Generic_fmt.cexp,
        FloatSpec.Core.Raux.mag] at Hfmt
  ̲  ̲ ̲ ̲ ̲ ̲ ̲ ̲⊢
  ̲  ̲ ̲ ̲ ̲ ̲ ̲ ̲ ̲ ̲-̲-̲ ̲`̲s̲i̲m̲p̲`̲ ̲h̲a̲s̲ ̲a̲l̲r̲e̲a̲d̲y̲ ̲t̲r̲a̲n̲s̲f̲o̲r̲m̲e̲d̲ ̲t̲h̲e̲ ̲g̲o̲a̲l̲ ̲t̲o̲ ̲e̲x̲a̲c̲t̲l̲y̲ ̲`̲H̲f̲m̲t̲`̲.̲
  ̲ ̲ ̲ ̲ ̲ ̲ ̲ ̲ ̲ ̲ ̲

Note: This linter can be disabled with `set_option linter.unusedSimpArgs false`
warning: FloatSpec/src/Core/Ulp.lean:3657:0: automatically included section variable(s) unused in theorem 'FloatSpec.Core.Ulp.pred_pos_lt_id':
  [Valid_exp beta fexp]
consider restructuring your `variable` declarations so that the variables are not in scope or explicitly omit them:
  omit [Valid_exp beta fexp] in theorem ...

Note: This linter can be disabled with `set_option linter.unusedSectionVars false`
warning: FloatSpec/src/Core/Ulp.lean:3674:23: This simp argument is unused:
  bind

Hint: Omit it from the simp argument list.
  simp only [Id.run, b̵i̵n̵d̵,̵ ̵pure]

Note: This linter can be disabled with `set_option linter.unusedSimpArgs false`
warning: FloatSpec/src/Core/Ulp.lean:3683:15: This simp argument is unused:
  Id.run

Hint: Omit it from the simp argument list.
  simp only [I̵d̵.̵r̵u̵n̵,̵ ̵bind, pure]

Note: This linter can be disabled with `set_option linter.unusedSimpArgs false`
warning: FloatSpec/src/Core/Ulp.lean:3890:16: declaration uses 'sorry'
warning: FloatSpec/src/Core/Ulp.lean:3919:44: This simp argument is unused:
  pure

Hint: Omit it from the simp argument list.
  simp [wp, PostCond.noThrow, Id.run, bind,̵ ̵p̵u̵r̵e̵]

Note: This linter can be disabled with `set_option linter.unusedSimpArgs false`
warning: FloatSpec/src/Core/Ulp.lean:3929:8: declaration uses 'sorry'
warning: FloatSpec/src/Core/Ulp.lean:3944:16: declaration uses 'sorry'
warning: FloatSpec/src/Core/Ulp.lean:3960:8: declaration uses 'sorry'
warning: FloatSpec/src/Core/Ulp.lean:3978:16: declaration uses 'sorry'
warning: FloatSpec/src/Core/Ulp.lean:4090:16: declaration uses 'sorry'
warning: FloatSpec/src/Core/Ulp.lean:4214:13: unused variable `hx`

Note: This linter can be disabled with `set_option linter.unusedVariables false`
warning: FloatSpec/src/Core/Ulp.lean:4215:5: unused variable `Fx`

Note: This linter can be disabled with `set_option linter.unusedVariables false`
warning: FloatSpec/src/Core/Ulp.lean:4308:16: declaration uses 'sorry'
warning: FloatSpec/src/Core/Ulp.lean:4434:16: declaration uses 'sorry'
warning: FloatSpec/src/Core/Ulp.lean:4702:16: declaration uses 'sorry'
warning: FloatSpec/src/Core/Ulp.lean:4852:0: automatically included section variable(s) unused in theorem 'FloatSpec.Core.Ulp.not_FTZ_generic_format_ulp':
  [Valid_exp beta fexp]
consider restructuring your `variable` declarations so that the variables are not in scope or explicitly omit them:
  omit [Valid_exp beta fexp] in theorem ...

Note: This linter can be disabled with `set_option linter.unusedSectionVars false`
warning: FloatSpec/src/Core/Ulp.lean:4865:63: This simp argument is unused:
  ulp

Hint: Omit it from the simp argument list.
  simp [wp, PostCond.noThrow, Id.run, bind, pure, u̵l̵p̵,̵ ̵hopt]

Note: This linter can be disabled with `set_option linter.unusedSimpArgs false`
warning: FloatSpec/src/Core/Ulp.lean:4865:68: This simp argument is unused:
  hopt

Hint: Omit it from the simp argument list.
  simp [wp, PostCond.noThrow, Id.run, bind, pure, ulp,̵ ̵h̵o̵p̵t̵]

Note: This linter can be disabled with `set_option linter.unusedSimpArgs false`
warning: FloatSpec/src/Core/Ulp.lean:4868:63: This simp argument is unused:
  ulp

Hint: Omit it from the simp argument list.
  simp [wp, PostCond.noThrow, Id.run, bind, pure, u̵l̵p̵,̵ ̵hopt]

Note: This linter can be disabled with `set_option linter.unusedSimpArgs false`
warning: FloatSpec/src/Core/Ulp.lean:4868:68: This simp argument is unused:
  hopt

Hint: Omit it from the simp argument list.
  simp [wp, PostCond.noThrow, Id.run, bind, pure, ulp,̵ ̵h̵o̵p̵t̵]

Note: This linter can be disabled with `set_option linter.unusedSimpArgs false`
warning: FloatSpec/src/Core/Ulp.lean:4908:19: This simp argument is unused:
  wp

Hint: Omit it from the simp argument list.
  simp [hx, ulp, w̵p̵,̵ ̵PostCond.noThrow, Id.run, bind, pure]

Note: This linter can be disabled with `set_option linter.unusedSimpArgs false`
warning: FloatSpec/src/Core/Ulp.lean:4908:23: This simp argument is unused:
  PostCond.noThrow

Hint: Omit it from the simp argument list.
  simp [hx, ulp, wp, P̵o̵s̵t̵C̵o̵n̵d̵.̵n̵o̵T̵h̵r̵o̵w̵,̵ ̵Id.run, bind, pure]

Note: This linter can be disabled with `set_option linter.unusedSimpArgs false`
warning: FloatSpec/src/Core/Ulp.lean:4908:41: This simp argument is unused:
  Id.run

Hint: Omit it from the simp argument list.
  simp [hx, ulp, wp, PostCond.noThrow, I̵d̵.̵r̵u̵n̵,̵ ̵bind, pure]

Note: This linter can be disabled with `set_option linter.unusedSimpArgs false`
warning: FloatSpec/src/Core/Ulp.lean:4963:0: automatically included section variable(s) unused in theorem 'FloatSpec.Core.Ulp.not_FTZ_ulp_ge_ulp_0':
  [Valid_exp beta fexp]
consider restructuring your `variable` declarations so that the variables are not in scope or explicitly omit them:
  omit [Valid_exp beta fexp] in theorem ...

Note: This linter can be disabled with `set_option linter.unusedSectionVars false`
warning: FloatSpec/src/Core/Ulp.lean:4977:63: This simp argument is unused:
  ulp

Hint: Omit it from the simp argument list.
  simp [wp, PostCond.noThrow, Id.run, bind, pure, u̵l̵p̵,̵ ̵hopt]

Note: This linter can be disabled with `set_option linter.unusedSimpArgs false`
warning: FloatSpec/src/Core/Ulp.lean:4977:68: This simp argument is unused:
  hopt

Hint: Omit it from the simp argument list.
  simp [wp, PostCond.noThrow, Id.run, bind, pure, ulp,̵ ̵h̵o̵p̵t̵]

Note: This linter can be disabled with `set_option linter.unusedSimpArgs false`
warning: FloatSpec/src/Core/Ulp.lean:4980:63: This simp argument is unused:
  ulp

Hint: Omit it from the simp argument list.
  simp [wp, PostCond.noThrow, Id.run, bind, pure, u̵l̵p̵,̵ ̵hopt]

Note: This linter can be disabled with `set_option linter.unusedSimpArgs false`
warning: FloatSpec/src/Core/Ulp.lean:4980:68: This simp argument is unused:
  hopt

Hint: Omit it from the simp argument list.
  simp [wp, PostCond.noThrow, Id.run, bind, pure, ulp,̵ ̵h̵o̵p̵t̵]

Note: This linter can be disabled with `set_option linter.unusedSimpArgs false`
warning: FloatSpec/src/Core/Ulp.lean:5031:49: This simp argument is unused:
  Id.run

Hint: Omit it from the simp argument list.
  simp [ulp, ne_of_gt hxpos, ne_of_gt hypos, I̵d̵.̵r̵u̵n̵,̵ ̵bind, pure]

Note: This linter can be disabled with `set_option linter.unusedSimpArgs false`
warning: FloatSpec/src/Core/Ulp.lean:5196:38: This simp argument is unused:
  bind

Hint: Omit it from the simp argument list.
  simp [wp, PostCond.noThrow, Id.run, b̵i̵n̵d̵,̵ ̵pure]

Note: This linter can be disabled with `set_option linter.unusedSimpArgs false`
warning: FloatSpec/src/Core/Ulp.lean:5196:44: This simp argument is unused:
  pure

Hint: Omit it from the simp argument list.
  simp [wp, PostCond.noThrow, Id.run, bind,̵ ̵p̵u̵r̵e̵]

Note: This linter can be disabled with `set_option linter.unusedSimpArgs false`
warning: FloatSpec/src/Core/Ulp.lean:5405:48: This simp argument is unused:
  add_left_comm

Hint: Omit it from the simp argument list.
  simp [sub_eq_add_neg, add_comm, a̵d̵d̵_̵l̵e̵f̵t̵_̵c̵o̵m̵m̵,̵ ̵add_assoc]

Note: This linter can be disabled with `set_option linter.unusedSimpArgs false`
warning: FloatSpec/src/Core/Ulp.lean:5405:63: This simp argument is unused:
  add_assoc

Hint: Omit it from the simp argument list.
  simp [sub_eq_add_neg, add_comm, add_left_comm,̵ ̵a̵d̵d̵_̵a̵s̵s̵o̵c̵]

Note: This linter can be disabled with `set_option linter.unusedSimpArgs false`
warning: FloatSpec/src/Core/Ulp.lean:5507:50: This simp argument is unused:
  hulprun'

Hint: Omit it from the simp argument list.
  simp [wp, PostCond.noThrow, Id.run, bind, pure, hu̵l̵p̵r̵u̵n̵'̵,̵ ̵h̵x_eq]

Note: This linter can be disabled with `set_option linter.unusedSimpArgs false`
warning: FloatSpec/src/Core/Ulp.lean:5656:5: unused variable `hbpos`

Note: This linter can be disabled with `set_option linter.unusedVariables false`
warning: FloatSpec/src/Core/Ulp.lean:5967:28: This simp argument is unused:
  bind

Hint: Omit it from the simp argument list.
  simp [Id.run, b̵i̵n̵d̵,̵ ̵pure]

Note: This linter can be disabled with `set_option linter.unusedSimpArgs false`
warning: FloatSpec/src/Core/Ulp.lean:6323:40: This simp argument is unused:
  bind

Hint: Omit it from the simp argument list.
  simp [Id.run, b̵i̵n̵d̵,̵ ̵pure]

Note: This linter can be disabled with `set_option linter.unusedSimpArgs false`
warning: FloatSpec/src/Core/Ulp.lean:6394:44: This simp argument is unused:
  pure

Hint: Omit it from the simp argument list.
  simp [wp, PostCond.noThrow, Id.run, bind,̵ ̵p̵u̵r̵e̵]

Note: This linter can be disabled with `set_option linter.unusedSimpArgs false`
error: Lean exited with code 1
Some required targets logged failures:
- FloatSpec.src.Core.Ulp
error: build failed
