✔ [227/2206] Built Mathlib.Init (1.2s)
✔ [229/2223] Built Aesop.Forward.Match (2.9s)
✔ [230/2223] Built Aesop.RuleTac.Apply (1.8s)
✔ [231/2223] Built Aesop.RuleTac.Cases (1.0s)
✔ [232/2223] Built Aesop.RuleTac.Preprocess (1.5s)
✔ [233/2223] Built Mathlib.Logic.OpClass (2.0s)
✔ [234/2223] Built Mathlib.Tactic.Change (2.0s)
✔ [235/2223] Built Mathlib.Tactic.Clean (2.0s)
✔ [236/2223] Built Mathlib.Tactic.Explode.Datatypes (2.0s)
✔ [237/2223] Built Mathlib.Tactic.FieldSimp.Attr (1.0s)
✔ [238/2226] Built Mathlib.CategoryTheory.ConcreteCategory.Bundled (2.1s)
✔ [239/2226] Built Mathlib.Tactic.Generalize (2.1s)
✔ [240/2230] Built Mathlib.Tactic.Monotonicity.Attr (1.0s)
✔ [241/2230] Built Mathlib.Tactic.Linarith.Oracle.SimplexAlgorithm.Datatypes (2.2s)
✔ [242/2334] Built Mathlib.Tactic.CC.Lemmas (2.3s)
✔ [243/2334] Built Mathlib.Tactic.FunProp.Decl (2.3s)
✔ [244/2334] Built Mathlib.Util.DischargerAsTactic (2.3s)
✔ [245/2466] Built Mathlib.Data.List.Monad (2.3s)
✔ [246/2466] Built Mathlib.Tactic.Relation.Symm (2.4s)
✔ [247/2466] Built Mathlib.Util.AddRelatedDecl (2.4s)
✔ [248/2466] Built Mathlib.Tactic.FindSyntax (2.4s)
✔ [249/2466] Built Mathlib.Tactic.Have (2.4s)
✔ [250/2544] Built Mathlib.Util.TransImports (2.2s)
✔ [251/2544] Built Mathlib.Tactic.TryThis (2.2s)
✔ [252/2544] Built Mathlib.Util.PPOptions (2.2s)
✔ [253/2544] Built Mathlib.Data.Int.DivMod (2.5s)
✔ [254/2544] Built Mathlib.Tactic.FunProp.Mor (2.5s)
✔ [255/2649] Built Mathlib.Lean.GoalsLocation (2.2s)
✔ [256/2649] Built Mathlib.Control.Combinators (2.3s)
✔ [257/2649] Built Mathlib.Lean.Expr.Rat (2.3s)
✔ [258/2649] Built Mathlib.Control.ULift (2.5s)
✔ [259/2755] Built Mathlib.Tactic.Widget.SelectInsertParamsClass (2.3s)
✔ [260/2755] Built Mathlib.Tactic.HaveI (2.3s)
✔ [261/2858] Built Mathlib.Tactic.SudoSetOption (2.4s)
✔ [262/2858] Built Mathlib.Tactic.TypeCheck (2.3s)
✔ [263/2858] Built Mathlib.Tactic.CategoryTheory.Coherence.Datatypes (2.8s)
✔ [264/2924] Built Mathlib.Tactic.GuardGoalNums (2.2s)
✔ [265/2924] Built Mathlib.Tactic.SuccessIfFailWithMsg (2.5s)
✔ [266/2924] Built Mathlib.Tactic.Trace (2.5s)
✔ [267/2924] Built Mathlib.Tactic.UnsetOption (2.5s)
✔ [268/2924] Built Mathlib.Lean.Meta.KAbstractPositions (2.6s)
✔ [272/3116] Built Mathlib.Tactic.Rename (2.7s)
✔ [281/3116] Built Mathlib.Tactic.ExistsI (2.3s)
✔ [282/3116] Built Mathlib.Tactic.GuardHypNums (2.5s)
✔ [283/3116] Built Mathlib.Tactic.Relation.Rfl (2.6s)
✔ [284/3116] Built Mathlib.Tactic.Constructor (2.4s)
✔ [285/3116] Built Mathlib.Tactic.Linter.PPRoundtrip (2.6s)
✔ [286/3116] Built Mathlib.Tactic.NthRewrite (2.7s)
✔ [287/3116] Built Mathlib.Tactic.FunProp.ToBatteries (3.4s)
✔ [288/3116] Built Mathlib.Util.Tactic (2.3s)
✔ [289/3116] Built Mathlib.Tactic.InferParam (2.7s)
✔ [290/3116] Built Mathlib.Util.WhatsNew (3.0s)
✔ [291/3116] Built Mathlib.Tactic.SuppressCompilation (3.4s)
✔ [292/3116] Built Mathlib.Tactic.ClearExclamation (2.4s)
✔ [293/3116] Built Mathlib.Tactic.Linter.HaveLetLinter (2.8s)
✔ [294/3116] Built Mathlib.Tactic.Linter.UpstreamableDecl (2.8s)
✔ [295/3116] Built Mathlib.Tactic.Set (3.1s)
✔ [296/3116] Built Mathlib.Tactic.SimpIntro (3.1s)
✔ [297/3116] Built Mathlib.Tactic.ClearExcept (2.7s)
✔ [298/3116] Built Mathlib.Tactic.Clear_ (2.7s)
✔ [299/3116] Built Mathlib.Tactic.Recover (3.1s)
✔ [300/3116] Built Mathlib.Lean.Meta.RefinedDiscrTree.Basic (3.2s)
✔ [301/3116] Built Mathlib.Tactic.ApplyWith (2.7s)
✔ [302/3116] Built Mathlib.Tactic.Coe (2.9s)
✔ [303/3116] Built Mathlib.Tactic.Observe (3.1s)
✔ [304/3116] Built Mathlib.Tactic.OfNat (2.4s)
✔ [305/3116] Built Mathlib.Lean.Elab.Term (2.5s)
✔ [306/3116] Built Mathlib.Util.WithWeakNamespace (2.5s)
✔ [307/3116] Built Mathlib.Tactic.Substs (2.6s)
✔ [308/3116] Built Mathlib.Tactic.GCongr.ForwardAttr (2.7s)
✔ [309/3116] Built Mathlib.Tactic.Check (2.8s)
✔ [310/3116] Built Mathlib.Tactic.Find (3.1s)
✔ [311/3116] Built Mathlib.Lean.Meta.Basic (2.9s)
✔ [312/3116] Built Mathlib.Tactic.Hint (3.2s)
✔ [313/3116] Built Mathlib.Data.Int.Notation (2.5s)
✔ [314/3116] Built Mathlib.Tactic.ExtendDoc (2.6s)
✔ [315/3116] Built Mathlib.Tactic.PPWithUniv (2.6s)
✔ [316/3116] Built Mathlib.Lean.PrettyPrinter.Delaborator (2.7s)
✔ [317/3116] Built Mathlib.Util.AtLocation (2.8s)
✔ [318/3116] Built Mathlib.Tactic.Linter.DeprecatedModule (3.3s)
✔ [319/3116] Built Mathlib.Data.Array.Defs (2.4s)
✔ [320/3116] Built Mathlib.Tactic.StacksAttribute (3.1s)
✔ [321/3116] Built Mathlib.Tactic.FailIfNoProgress (3.4s)
✔ [322/3116] Built Mathlib.Tactic.Lemma (2.5s)
✔ [323/3116] Built Mathlib.Tactic.TypeStar (2.5s)
✔ [324/3116] Built Mathlib.Data.Nat.Notation (2.5s)
✔ [325/3116] Built Mathlib.Tactic.Eqns (2.5s)
✔ [326/3116] Built Mathlib.Data.String.Defs (2.6s)
✔ [327/3116] Built Mathlib.Util.AssertExistsExt (2.7s)
✔ [328/3116] Built Mathlib.Tactic.Simproc.ExistsAndEq (2.9s)
✔ [329/3116] Built Mathlib.Tactic.WithoutCDot (2.9s)
✔ [330/3116] Built Mathlib.Util.MemoFix (2.8s)
✔ [332/3116] Built Mathlib.Lean.Meta.Simp (3.1s)
✔ [333/3116] Built Mathlib.Lean.Name (2.9s)
✔ [334/3116] Built Mathlib.Tactic.Simps.NotationClass (3.0s)
✔ [335/3116] Built Mathlib.Tactic.AdaptationNote (3.2s)
✔ [336/3116] Built Mathlib.Tactic.Attr.Register (3.3s)
✔ [337/3116] Built Mathlib.Lean.Meta (3.3s)
✔ [338/3116] Built Aesop.Builder.Cases (3.9s)
✔ [339/3116] Built Mathlib.Tactic.SimpRw (3.4s)
✔ [340/3116] Built Mathlib.Tactic.Spread (3.6s)
✔ [341/3116] Built Mathlib.Tactic.CasesM (3.7s)
✔ [342/3116] Built Mathlib.Tactic.ErwQuestion (3.9s)
✔ [343/3116] Built Mathlib.Tactic.Variable (4.4s)
✔ [344/3116] Built Mathlib.Util.CountHeartbeats (4.4s)
✔ [345/3116] Built Mathlib.Tactic.FastInstance (4.5s)
✔ [346/3116] Built Mathlib.Tactic.Linarith.Oracle.SimplexAlgorithm.Gauss (2.7s)
✔ [347/3116] Built Mathlib.Tactic.Explode.Pretty (2.7s)
✔ [348/3116] Built Mathlib.Tactic.Monotonicity.Basic (2.5s)
✔ [349/3116] Built Mathlib.Tactic.Linarith.Oracle.SimplexAlgorithm.SimplexAlgorithm (2.8s)
✔ [350/3116] Built Mathlib.Tactic.Conv (3.8s)
✔ [351/3116] Built Mathlib.Tactic.Replace (2.1s)
✔ [352/3116] Built Mathlib.Lean.Expr.Basic (3.7s)
✔ [353/3116] Built Mathlib.Data.Set.Defs (4.1s)
✔ [354/3116] Built Aesop.Tree.Data.ForwardRuleMatches (3.5s)
✔ [355/3116] Built Mathlib.Util.CompileInductive (4.4s)
✔ [356/3116] Built Mathlib.Tactic.Linter (1.5s)
✔ [357/3116] Built Mathlib.Tactic.SwapVar (2.2s)
✔ [358/3116] Built Mathlib.Tactic.ToExpr (2.1s)
✔ [359/3116] Built Mathlib.Tactic.ToLevel (1.5s)
✔ [360/3116] Built Mathlib.Tactic.Widget.SelectPanelUtils (2.8s)
✔ [363/3116] Built Mathlib.Tactic.ApplyAt (1.8s)
✔ [364/3116] Built Mathlib.Data.Ordering.Basic (1.7s)
✔ [365/3116] Built Mathlib.Data.Option.Defs (1.7s)
✔ [366/3116] Built Mathlib.Data.PNat.Notation (1.7s)
✔ [367/3116] Built Aesop.Index (4.0s)
✔ [368/3116] Built Mathlib.Data.Prod.PProd (1.8s)
✔ [369/3116] Built Mathlib.Data.Rat.Init (1.8s)
✔ [370/3116] Built Mathlib.Logic.Function.ULift (1.9s)
✔ [371/3116] Built Mathlib.Logic.Nontrivial.Defs (2.0s)
✔ [372/3116] Built Mathlib.Logic.Function.CompTypeclasses (2.0s)
✔ [373/3116] Built Mathlib.Tactic.CategoryTheory.Coherence.PureCoherence (3.4s)
✔ [374/3116] Built Mathlib.Tactic.Inhabit (2.1s)
✔ [375/3116] Built Mathlib.Data.List.TFAE (2.1s)
✔ [376/3116] Built Mathlib.Data.Bracket (2.1s)
✔ [377/3116] Built Mathlib.Logic.Function.Coequalizer (2.1s)
✔ [378/3116] Built Mathlib.Logic.Nonempty (2.2s)
✔ [379/3116] Built Mathlib.Tactic.Attr.Core (1.6s)
✔ [380/3116] Built Mathlib.Lean.Elab.Tactic.Basic (1.7s)
✔ [381/3116] Built Mathlib.Lean.Meta.RefinedDiscrTree.Encode (2.8s)
✔ [382/3116] Built Aesop.RuleTac.Forward (4.6s)
✔ [383/3116] Built Mathlib.Tactic.DepRewrite (6.6s)
✔ [384/3116] Built Mathlib.Util.AssertExists (2.4s)
✔ [385/3116] Built Mathlib.Logic.Function.Defs (1.9s)
✔ [386/3116] Built Mathlib.Lean.Meta.RefinedDiscrTree.Initialize (3.1s)
✔ [387/3116] Built Mathlib.Tactic.Linarith.Oracle.SimplexAlgorithm.PositiveVector (1.7s)
✔ [388/3116] Built Mathlib.Logic.ExistsUnique (2.6s)
✔ [389/3116] Built Mathlib.Tactic.ApplyCongr (1.8s)
✔ [390/3116] Built Mathlib.Data.Ineq (1.6s)
✔ [391/3116] Built Mathlib.Tactic.HigherOrder (2.2s)
✔ [392/3116] Built Mathlib.Tactic.RenameBVar (1.7s)
✔ [393/3116] Built Batteries.Data.BinomialHeap.Basic (8.1s)
✔ [394/3116] Built Mathlib.Data.Int.Init (2.8s)
✔ [395/3116] Built Mathlib.Tactic.Use (2.9s)
✔ [396/3116] Built Mathlib.Tactic.Explode (2.4s)
✔ [397/3116] Built Mathlib.Tactic.ScopedNS (3.4s)
✔ [398/3116] Built Mathlib.Util.TermReduce (1.9s)
✔ [399/3116] Built Mathlib.Tactic.Push.Attr (1.9s)
✔ [400/3116] Built Mathlib.Data.Tree.Basic (1.6s)
✔ [401/3116] Built Mathlib.Tactic.Linter.TextBased (3.1s)
✔ [402/3116] Built Mathlib.Tactic.ToAdditive.GuessName (3.3s)
✔ [403/3116] Built Mathlib.Util.PrintSorries (2.2s)
✔ [404/3116] Built Mathlib.Control.Functor (1.9s)
✔ [405/3116] Built Mathlib.Tactic.Widget.Conv (2.0s)
✔ [406/3116] Built Mathlib.Tactic.Basic (3.4s)
✔ [407/3116] Built Qq.Macro (8.7s)
✔ [410/3116] Built Mathlib.Tactic.MkIffOfInductiveProp (3.1s)
✔ [411/3116] Built Mathlib.Tactic.Core (2.5s)
✔ [412/3116] Built Mathlib.Logic.Relator (1.3s)
✔ [418/3116] Built Mathlib.Tactic.DeprecateTo (2.8s)
✔ [420/3116] Built Mathlib.Tactic.Widget.Calc (2.5s)
✔ [421/3116] Built Mathlib.Tactic.Widget.InteractiveUnfold (2.5s)
✔ [423/3116] Built Mathlib.Data.Int.Cast.Pi (1.2s)
✔ [424/3116] Built Mathlib.Data.Option.NAry (1.4s)
✔ [425/3116] Built Aesop.RuleTac (1.7s)
✔ [426/3116] Built Mathlib.Tactic.Cases (2.0s)
✔ [427/3116] Built Mathlib.Tactic.FBinop (2.9s)
✔ [428/3116] Built Mathlib.Control.Basic (1.6s)
✔ [429/3116] Built Mathlib.Tactic.CategoryTheory.Coherence.Normalize (5.7s)
✔ [430/3116] Built Mathlib.Lean.Meta.RefinedDiscrTree.Lookup (2.1s)
✔ [431/3116] Built Mathlib.Data.Nat.Init (2.6s)
✔ [432/3116] Built Mathlib.Tactic.LiftLets (1.6s)
✔ [433/3116] Built Mathlib.Data.SProd (1.2s)
✔ [435/3116] Built Mathlib.Tactic.Eval (1.9s)
✔ [436/3116] Built Mathlib.Tactic.SplitIfs (1.9s)
✔ [437/3116] Built Aesop.Forward.State (7.7s)
✔ [438/3116] Built Mathlib.Tactic.ExtractLets (2.0s)
✔ [439/3116] Built Mathlib.Tactic.RSuffices (2.1s)
✔ [440/3116] Built Mathlib.Lean.Meta.RefinedDiscrTree (1.2s)
✔ [441/3116] Built Mathlib.Control.Traversable.Basic (1.5s)
✔ [442/3116] Built Aesop.RuleSet (3.9s)
✔ [443/3116] Built Mathlib.Util.AtomM (2.1s)
✔ [445/3116] Built Mathlib.Util.SynthesizeUsing (2.1s)
✖ [446/3116] Building Aesop.Forward.State.ApplyGoalDiff (160ms)
trace: .> LEAN_PATH=/home/hantao/code/FloatSpec/.lake/packages/Cli/.lake/build/lib/lean:/home/hantao/code/FloatSpec/.lake/packages/batteries/.lake/build/lib/lean:/home/hantao/code/FloatSpec/.lake/packages/Qq/.lake/build/lib/lean:/home/hantao/code/FloatSpec/.lake/packages/aesop/.lake/build/lib/lean:/home/hantao/code/FloatSpec/.lake/packages/proofwidgets/.lake/build/lib/lean:/home/hantao/code/FloatSpec/.lake/packages/importGraph/.lake/build/lib/lean:/home/hantao/code/FloatSpec/.lake/packages/LeanSearchClient/.lake/build/lib/lean:/home/hantao/code/FloatSpec/.lake/packages/plausible/.lake/build/lib/lean:/home/hantao/code/FloatSpec/.lake/packages/mathlib/.lake/build/lib/lean:/home/hantao/code/FloatSpec/.lake/build/lib/lean /home/hantao/.elan/toolchains/leanprover--lean4---v4.24.0-rc1/bin/lean /home/hantao/code/FloatSpec/.lake/packages/aesop/Aesop/Forward/State/ApplyGoalDiff.lean -o /home/hantao/code/FloatSpec/.lake/packages/aesop/.lake/build/lib/lean/Aesop/Forward/State/ApplyGoalDiff.olean -i /home/hantao/code/FloatSpec/.lake/packages/aesop/.lake/build/lib/lean/Aesop/Forward/State/ApplyGoalDiff.ilean -c /home/hantao/code/FloatSpec/.lake/packages/aesop/.lake/build/ir/Aesop/Forward/State/ApplyGoalDiff.c --setup /home/hantao/code/FloatSpec/.lake/packages/aesop/.lake/build/ir/Aesop/Forward/State/ApplyGoalDiff.setup.json --json
info: stderr:
failed to load header from /home/hantao/code/FloatSpec/.lake/packages/aesop/.lake/build/ir/Aesop/Forward/State/ApplyGoalDiff.setup.json: offset 8192: unexpected end of input
error: Lean exited with code 1
✔ [447/3116] Built Mathlib.Tactic.WLOG (2.2s)
✔ [448/3116] Built Mathlib.Util.Qq (2.1s)
✔ [449/3116] Built Mathlib.Order.TypeTags (2.1s)
✔ [450/3116] Built Aesop.Frontend.RuleExpr (5.2s)
✔ [451/3116] Built Mathlib.Tactic.Propose (2.3s)
✔ [452/3116] Built Mathlib.Tactic.FunProp.FunctionData (2.8s)
✔ [453/3116] Built Mathlib.Logic.Basic (3.1s)
✔ [454/3116] Built Mathlib.Tactic.Lift (2.0s)
✔ [457/3116] Built Mathlib.Tactic.GeneralizeProofs (5.7s)
✔ [458/3116] Built Mathlib.Util.Delaborators (8.6s)
✔ [459/3116] Built Mathlib.Tactic.DefEqTransformations (3.5s)
✔ [460/3116] Built Mathlib.Order.Defs.PartialOrder (1.5s)
✔ [461/3116] Built Mathlib.Order.Defs.Unbundled (1.6s)
✔ [464/3116] Built Aesop.Frontend.Extension.Init (1.7s)
✔ [465/3116] Built Mathlib.Util.AtomM.Recurse (2.0s)
✔ [466/3116] Built Mathlib.Data.ENat.Defs (1.0s)
✔ [467/3116] Built Aesop.Forward.State.Initial (2.2s)
✔ [469/3116] Built Mathlib.Tactic.Simps.Basic (6.9s)
✔ [470/3116] Built Mathlib.Order.Interval.Set.Defs (1.1s)
✔ [471/3116] Built Mathlib.Data.Sigma.Lex (1.5s)
✔ [472/3116] Built Mathlib.Tactic.FunProp.Types (2.4s)
✔ [474/3116] Built Aesop.Tree.Data (3.3s)
✔ [476/3116] Built Mathlib.Algebra.NeZero (1.7s)
✔ [477/3116] Built Mathlib.Order.Defs.LinearOrder (1.9s)
✔ [478/3116] Built Mathlib.Tactic.GCongr.CoreAttrs (1.8s)
✔ [479/3116] Built Mathlib.Tactic.Widget.LibraryRewrite (3.5s)
✔ [480/3116] Built Mathlib.Tactic.Subsingleton (2.7s)
✔ [481/3116] Built Aesop.Frontend.Extension (2.0s)
✔ [491/3116] Built Mathlib.Tactic.GRewrite.Core (2.3s)
✔ [493/3116] Built Mathlib.Logic.Relation (2.7s)
✔ [494/3116] Built Mathlib.Logic.Function.Basic (3.0s)
✔ [509/3116] Built Mathlib.Data.Int.Order.Basic (1.4s)
✔ [510/3116] Built Aesop.Search.Queue.Class (1.8s)
✔ [512/3116] Built Mathlib.Tactic.FunProp.Attr (1.9s)
✔ [513/3116] Built Mathlib.Tactic.Push (4.2s)
✔ [518/3116] Built Mathlib.Tactic.GCongr (1.8s)
✔ [520/3116] Built Aesop.Tree.RunMetaM (2.0s)
✔ [522/3116] Built Aesop.Tree.Traversal (2.1s)
✔ [524/3116] Built Aesop.Tree.Free (2.0s)
✔ [525/3116] Built Aesop.BuiltinRules.Rfl (1.7s)
✔ [526/3116] Built Mathlib.Data.Bool.Basic (2.3s)
✔ [527/3116] Built Aesop.Tree.ExtractProof (2.6s)
✔ [528/3116] Built Aesop.BuiltinRules.Assumption (2.1s)
✔ [529/3116] Built Mathlib.Logic.Pairwise (1.9s)
✔ [530/3116] Built Aesop.Tree.ExtractScript (3.4s)
✔ [531/3116] Built Mathlib.Tactic.GRewrite.Elab (2.7s)
✔ [532/3116] Built Aesop.Frontend.Tactic (2.9s)
✔ [533/3116] Built Mathlib.Logic.Unique (2.1s)
✔ [536/3116] Built Mathlib.Tactic.CongrM (1.0s)
✔ [537/3116] Built Mathlib.Data.Sum.Basic (2.4s)
✔ [538/3116] Built Mathlib.Util.Notation3 (9.7s)
✔ [542/3116] Built Mathlib.Data.Nat.Bits (2.5s)
✔ [543/3116] Built Mathlib.Data.Nat.Find (2.1s)
✔ [544/3116] Built Aesop.Tree.State (2.3s)
✔ [549/3116] Built Aesop.BuiltinRules (1.7s)
✔ [550/3116] Built Aesop.Tree.Tracing (2.7s)
✔ [572/3116] Built Mathlib.Data.Nat.Sqrt (2.8s)
✔ [573/3116] Built Mathlib.Tactic.GRewrite (1.5s)
✔ [574/3116] Built Mathlib.Data.List.Pairwise (1.7s)
✔ [575/3116] Built Mathlib.Tactic.ToAdditive.Frontend (5.9s)
✔ [604/3116] Built Mathlib.Data.FunLike.Equiv (1.7s)
✔ [607/3116] Built Mathlib.Tactic.Widget.CongrM (1.0s)
✔ [635/3116] Built Mathlib.Tactic.CC.Datatypes (4.5s)
✔ [639/3116] Built Mathlib.Algebra.Group.PUnit (1.3s)
✔ [640/3116] Built Mathlib.Data.Nat.Cast.NeZero (1.3s)
✔ [641/3116] Built Mathlib.Data.Int.Cast.Defs (1.5s)
✔ [645/3116] Built Mathlib.Algebra.Group.Nat.Defs (1.5s)
✔ [653/3116] Built Mathlib.Tactic.FunProp.Core (6.7s)
✔ [659/3116] Built Mathlib.Algebra.Notation (1.8s)
✔ [660/3116] Built Mathlib.Algebra.Group.Commute.Defs (2.3s)
✔ [683/3116] Built Mathlib.Logic.Small.Defs (2.3s)
✔ [725/3116] Built Mathlib.Algebra.Notation.Pi.Basic (2.5s)
✔ [737/3116] Built Mathlib.Data.Finite.Defs (2.3s)
✔ [741/3116] Built Mathlib.Algebra.GroupWithZero.InjSurj (3.0s)
✔ [755/3116] Built Mathlib.Algebra.CharZero.Defs (1.8s)
✔ [757/3116] Built Mathlib.Logic.Equiv.Sum (3.2s)
✔ [768/3116] Built Mathlib.Order.Basic (4.9s)
✔ [1303/3116] Built Mathlib.Algebra.Group.Equiv.Defs (5.0s)
Some required targets logged failures:
- Aesop.Forward.State.ApplyGoalDiff
error: build failed
