⚠ [3064/3105] Replayed FloatSpec.src.Core.Zaux
warning: FloatSpec/src/Core/Zaux.lean:487:22: unused variable `r`

Note: This linter can be disabled with `set_option linter.unusedVariables false`
warning: FloatSpec/src/Core/Zaux.lean:737:28: unused variable `v`

Note: This linter can be disabled with `set_option linter.unusedVariables false`
warning: FloatSpec/src/Core/Zaux.lean:757:33: unused variable `v`

Note: This linter can be disabled with `set_option linter.unusedVariables false`
⚠ [3065/3105] Replayed FloatSpec.src.Core.Raux
warning: FloatSpec/src/Core/Raux.lean:349:34: unused variable `y`

Note: This linter can be disabled with `set_option linter.unusedVariables false`
warning: FloatSpec/src/Core/Raux.lean:493:18: missing doc string for public def sqrt_neg_check

Note: This linter can be disabled with `set_option linter.missingDocs false`
warning: FloatSpec/src/Core/Raux.lean:553:18: missing doc string for public def Rsqr_le_abs_0_alt_val

Note: This linter can be disabled with `set_option linter.missingDocs false`
warning: FloatSpec/src/Core/Raux.lean:553:43: unused variable `y`

Note: This linter can be disabled with `set_option linter.unusedVariables false`
warning: FloatSpec/src/Core/Raux.lean:845:12: This simp argument is unused:
  pure

Hint: Omit it from the simp argument list.
  simp [hx,̵ ̵p̵u̵r̵e̵]

Note: This linter can be disabled with `set_option linter.unusedSimpArgs false`
warning: FloatSpec/src/Core/Raux.lean:999:10: This simp argument is unused:
  hlt

Hint: Omit it from the simp argument list.
  simp [hl̵t̵,̵ ̵h̵Eq, pure]

Note: This linter can be disabled with `set_option linter.unusedSimpArgs false`
warning: FloatSpec/src/Core/Raux.lean:1046:12: This simp argument is unused:
  hnotlt

Hint: Omit it from the simp argument list.
  simp [hn̵o̵t̵l̵t̵,̵ ̵h̵eq, hEqR]

Note: This linter can be disabled with `set_option linter.unusedSimpArgs false`
warning: FloatSpec/src/Core/Raux.lean:1046:25: This simp argument is unused:
  hEqR

Hint: Omit it from the simp argument list.
  simp [hnotlt, heq,̵ ̵h̵E̵q̵R̵]

Note: This linter can be disabled with `set_option linter.unusedSimpArgs false`
warning: FloatSpec/src/Core/Raux.lean:1112:12: This simp argument is unused:
  hxnotlt

Hint: Omit it from the simp argument list.
  simp [hxn̵o̵t̵l̵t̵,̵ ̵h̵x̵eq, this]

Note: This linter can be disabled with `set_option linter.unusedSimpArgs false`
warning: FloatSpec/src/Core/Raux.lean:1112:27: This simp argument is unused:
  this

Hint: Omit it from the simp argument list.
  simp [hxnotlt, hxeq,̵ ̵t̵h̵i̵s̵]

Note: This linter can be disabled with `set_option linter.unusedSimpArgs false`
warning: FloatSpec/src/Core/Raux.lean:1163:12: This simp argument is unused:
  hxnotlt

Hint: Omit it from the simp argument list.
  simp [hxn̵o̵t̵l̵t̵,̵ ̵h̵x̵eq]

Note: This linter can be disabled with `set_option linter.unusedSimpArgs false`
warning: FloatSpec/src/Core/Raux.lean:1198:36: This simp argument is unused:
  hxlt

Hint: Omit it from the simp argument list.
  simp [Rcompare, pure, Id.run, hxl̵t̵,̵ ̵h̵x̵eq', heq]

Note: This linter can be disabled with `set_option linter.unusedSimpArgs false`
warning: FloatSpec/src/Core/Raux.lean:1245:20: This simp argument is unused:
  min_eq_left hle

Hint: Omit it from the simp argument list.
  simp [hlt, hle,̵ ̵m̵i̵n̵_̵e̵q̵_̵l̵e̵f̵t̵ ̵h̵l̵e̵]

Note: This linter can be disabled with `set_option linter.unusedSimpArgs false`
warning: FloatSpec/src/Core/Raux.lean:1250:12: This simp argument is unused:
  hnotlt

Hint: Omit it from the simp argument list.
  simp [h̵n̵o̵t̵l̵t̵,̵ ̵min_eq_left le_rfl]

Note: This linter can be disabled with `set_option linter.unusedSimpArgs false`
warning: FloatSpec/src/Core/Raux.lean:1250:20: This simp argument is unused:
  min_eq_left le_rfl

Hint: Omit it from the simp argument list.
  simp [hnotlt,̵ ̵m̵i̵n̵_̵e̵q̵_̵l̵e̵f̵t̵ ̵l̵e̵_̵r̵f̵l̵]

Note: This linter can be disabled with `set_option linter.unusedSimpArgs false`
warning: FloatSpec/src/Core/Raux.lean:1255:32: This simp argument is unused:
  min_eq_right hleyx

Hint: Omit it from the simp argument list.
  simp [hnotlt, heq, hleyx,̵ ̵m̵i̵n̵_̵e̵q̵_̵r̵i̵g̵h̵t̵ ̵h̵l̵e̵y̵x̵]

Note: This linter can be disabled with `set_option linter.unusedSimpArgs false`
warning: FloatSpec/src/Core/Raux.lean:1487:18: missing doc string for public def eqb_check

Note: This linter can be disabled with `set_option linter.missingDocs false`
warning: FloatSpec/src/Core/Raux.lean:1512:2: 'all_goals cases (hNe rfl)' tactic does nothing

Note: This linter can be disabled with `set_option linter.unusedTactic false`
warning: FloatSpec/src/Core/Raux.lean:1513:4: this tactic is never executed

Note: This linter can be disabled with `set_option linter.unreachableTactic false`
warning: FloatSpec/src/Core/Raux.lean:1631:38: This simp argument is unused:
  cond_Ropp

Hint: Omit it from the simp argument list.
  simp [wp, PostCond.noThrow, Id.run, c̵o̵n̵d̵_̵R̵o̵p̵p̵,̵ ̵neg_mul]

Note: This linter can be disabled with `set_option linter.unusedSimpArgs false`
warning: FloatSpec/src/Core/Raux.lean:1644:38: This simp argument is unused:
  cond_Ropp

Hint: Omit it from the simp argument list.
  simp [wp, PostCond.noThrow, Id.run, c̵o̵n̵d̵_̵R̵o̵p̵p̵,̵ ̵mul_neg]

Note: This linter can be disabled with `set_option linter.unusedSimpArgs false`
warning: FloatSpec/src/Core/Raux.lean:1658:40: This simp argument is unused:
  cond_Ropp

Hint: Omit it from the simp argument list.
  simp [wp, PostCond.noThrow, Id.run, c̵o̵nd̵_̵R̵o̵p̵p̵,̵ ̵n̵eg_add, sub_eq_add_neg, add_comm]

Note: This linter can be disabled with `set_option linter.unusedSimpArgs false`
warning: FloatSpec/src/Core/Raux.lean:1658:51: This simp argument is unused:
  neg_add

Hint: Omit it from the simp argument list.
  simp [wp, PostCond.noThrow, Id.run, cond_Ropp, n̵e̵g̵_̵a̵d̵d̵,̵ ̵sub_eq_add_neg, add_comm]

Note: This linter can be disabled with `set_option linter.unusedSimpArgs false`
warning: FloatSpec/src/Core/Raux.lean:1658:60: This simp argument is unused:
  sub_eq_add_neg

Hint: Omit it from the simp argument list.
  simp [wp, PostCond.noThrow, Id.run, cond_Ropp, neg_add, s̵u̵b̵_̵e̵q̵_̵a̵d̵d̵_̵n̵e̵g̵,̵ ̵add_comm]

Note: This linter can be disabled with `set_option linter.unusedSimpArgs false`
warning: FloatSpec/src/Core/Raux.lean:1700:60: This simp argument is unused:
  cond_Ropp

Hint: Omit it from the simp argument list.
  simp [wp, PostCond.noThrow, Id.run, pure, bind, Rlt_bool,̵ ̵c̵o̵n̵d̵_̵R̵o̵p̵p̵]

Note: This linter can be disabled with `set_option linter.unusedSimpArgs false`
warning: FloatSpec/src/Core/Raux.lean:1702:14: This simp argument is unused:
  decide_eq_true_iff

Hint: Omit it from the simp argument list.
  simp [hb,̵ ̵d̵e̵c̵i̵d̵e̵_̵e̵q̵_̵t̵r̵u̵e̵_̵i̵f̵f̵]

Note: This linter can be disabled with `set_option linter.unusedSimpArgs false`
warning: FloatSpec/src/Core/Raux.lean:1703:14: This simp argument is unused:
  decide_eq_true_iff

Hint: Omit it from the simp argument list.
  simp [hb,̵ ̵d̵e̵c̵i̵d̵e̵_̵e̵q̵_̵t̵r̵u̵e̵_̵i̵f̵f̵]

Note: This linter can be disabled with `set_option linter.unusedSimpArgs false`
warning: FloatSpec/src/Core/Raux.lean:1945:61: This simp argument is unused:
  Zceil

Hint: Omit it from the simp argument list.
  simp [Zc̵e̵i̵l̵,̵ ̵Z̵floor, h]

Note: This linter can be disabled with `set_option linter.unusedSimpArgs false`
warning: FloatSpec/src/Core/Raux.lean:1945:68: This simp argument is unused:
  Zfloor

Hint: Omit it from the simp argument list.
  simp [Zceil, Z̵f̵l̵o̵o̵r̵,̵ ̵h]

Note: This linter can be disabled with `set_option linter.unusedSimpArgs false`
warning: FloatSpec/src/Core/Raux.lean:1971:17: This simp argument is unused:
  hlt

Hint: Omit it from the simp argument list.
  simp [Zceil, hl̵t̵,̵ ̵h̵xeq]

Note: This linter can be disabled with `set_option linter.unusedSimpArgs false`
warning: FloatSpec/src/Core/Raux.lean:2028:39: This simp argument is unused:
  Int.floor_neg

Hint: Omit it from the simp argument list.
  simp [hxpos, hnotlt, Int.ceil_neg,̵ ̵I̵n̵t̵.̵f̵l̵o̵o̵r̵_̵n̵e̵g̵]

Note: This linter can be disabled with `set_option linter.unusedSimpArgs false`
warning: FloatSpec/src/Core/Raux.lean:2033:40: This simp argument is unused:
  Int.ceil_neg

Hint: Omit it from the simp argument list.
  simp [hxpos, hxlt, Int.floor_neg,̵ ̵I̵n̵t̵.̵c̵e̵i̵l̵_̵n̵e̵g̵]

Note: This linter can be disabled with `set_option linter.unusedSimpArgs false`
warning: FloatSpec/src/Core/Raux.lean:2136:60: This simp argument is unused:
  Zfloor

Hint: Omit it from the simp argument list.
  simp [Zf̵l̵o̵o̵r̵,̵ ̵Z̵ceil, h]

Note: This linter can be disabled with `set_option linter.unusedSimpArgs false`
warning: FloatSpec/src/Core/Raux.lean:2136:68: This simp argument is unused:
  Zceil

Hint: Omit it from the simp argument list.
  simp [Zfloor, Z̵c̵e̵i̵l̵,̵ ̵h]

Note: This linter can be disabled with `set_option linter.unusedSimpArgs false`
warning: FloatSpec/src/Core/Raux.lean:2162:18: This simp argument is unused:
  Zceil

Hint: Omit it from the simp argument list.
  simp [Zfloor, Z̵c̵e̵i̵l̵,̵ ̵hlt, hxeq]

Note: This linter can be disabled with `set_option linter.unusedSimpArgs false`
warning: FloatSpec/src/Core/Raux.lean:2162:25: This simp argument is unused:
  hlt

Hint: Omit it from the simp argument list.
  simp [Zfloor, Zceil, hl̵t̵,̵ ̵h̵xeq]

Note: This linter can be disabled with `set_option linter.unusedSimpArgs false`
warning: FloatSpec/src/Core/Raux.lean:2410:12: This simp argument is unused:
  hnotlt

Hint: Omit it from the simp argument list.
  simp [hn̵o̵t̵l̵t̵,̵ ̵h̵eq]

Note: This linter can be disabled with `set_option linter.unusedSimpArgs false`
warning: FloatSpec/src/Core/Raux.lean:2414:29: This simp argument is unused:
  heq

Hint: Omit it from the simp argument list.
  simp [Rcompare, hlt,̵ ̵h̵e̵q̵]

Note: This linter can be disabled with `set_option linter.unusedSimpArgs false`
warning: FloatSpec/src/Core/Raux.lean:2438:19: This simp argument is unused:
  heq

Hint: Omit it from the simp argument list.
  simp [hlt,̵ ̵h̵e̵q̵]

Note: This linter can be disabled with `set_option linter.unusedSimpArgs false`
warning: FloatSpec/src/Core/Raux.lean:2483:18: missing doc string for public def Rcompare_ceil_floor_middle_check

Note: This linter can be disabled with `set_option linter.missingDocs false`
warning: FloatSpec/src/Core/Raux.lean:2840:37: unused variable `beta`

Note: This linter can be disabled with `set_option linter.unusedVariables false`
warning: FloatSpec/src/Core/Raux.lean:2850:38: This simp argument is unused:
  pure

Hint: Omit it from the simp argument list.
  simp [wp, PostCond.noThrow, Id.run,̵ ̵p̵u̵r̵e̵]

Note: This linter can be disabled with `set_option linter.unusedSimpArgs false`
warning: FloatSpec/src/Core/Raux.lean:2862:36: unused variable `beta`

Note: This linter can be disabled with `set_option linter.unusedVariables false`
warning: FloatSpec/src/Core/Raux.lean:2862:49: unused variable `x`

Note: This linter can be disabled with `set_option linter.unusedVariables false`
warning: FloatSpec/src/Core/Raux.lean:2873:38: This simp argument is unused:
  pure

Hint: Omit it from the simp argument list.
  simp [wp, PostCond.noThrow, Id.run,̵ ̵p̵u̵r̵e̵]

Note: This linter can be disabled with `set_option linter.unusedSimpArgs false`
warning: FloatSpec/src/Core/Raux.lean:4094:27: This simp argument is unused:
  hLx

Hint: Omit it from the simp argument list.
  simp [mag, hx_ne, hy_ne, hLx̵,̵ ̵h̵L̵y, abs_of_pos hx_pos, abs_of_pos hy_pos]

Note: This linter can be disabled with `set_option linter.unusedSimpArgs false`
warning: FloatSpec/src/Core/Raux.lean:4094:32: This simp argument is unused:
  hLy

Hint: Omit it from the simp argument list.
  simp [mag, hx_ne, hy_ne, hLx, h̵L̵y̵,̵ ̵abs_of_pos hx_pos, abs_of_pos hy_pos]

Note: This linter can be disabled with `set_option linter.unusedSimpArgs false`
warning: FloatSpec/src/Core/Raux.lean:4156:18: This simp argument is unused:
  zpow_one

Hint: Omit it from the simp argument list.
  simp ̵[̵z̵p̵o̵w̵_̵o̵n̵e̵]̵

Note: This linter can be disabled with `set_option linter.unusedSimpArgs false`
warning: FloatSpec/src/Core/Raux.lean:4174:26: This simp argument is unused:
  zpow_one

Hint: Omit it from the simp argument list.
  simp ̵[̵z̵p̵o̵w̵_̵o̵n̵e̵]̵

Note: This linter can be disabled with `set_option linter.unusedSimpArgs false`
warning: FloatSpec/src/Core/Raux.lean:4233:8: This simp argument is unused:
  mag

Hint: Omit it from the simp argument list.
  simp [m̵a̵g̵,̵ ̵hx_ne, hy_ne, hxy_ne, hLx, hLy, abs_of_pos hx_pos, abs_of_pos hy_pos]

Note: This linter can be disabled with `set_option linter.unusedSimpArgs false`
warning: FloatSpec/src/Core/Raux.lean:4233:13: This simp argument is unused:
  hx_ne

Hint: Omit it from the simp argument list.
  simp [mag, hx̵_̵n̵e̵,̵ ̵h̵y_ne, hxy_ne, hLx, hLy, abs_of_pos hx_pos, abs_of_pos hy_pos]

Note: This linter can be disabled with `set_option linter.unusedSimpArgs false`
warning: FloatSpec/src/Core/Raux.lean:4233:20: This simp argument is unused:
  hy_ne

Hint: Omit it from the simp argument list.
  simp [mag, hx_ne, hy̵_̵n̵e̵,̵ ̵h̵xy_ne, hLx, hLy, abs_of_pos hx_pos, abs_of_pos hy_pos]

Note: This linter can be disabled with `set_option linter.unusedSimpArgs false`
warning: FloatSpec/src/Core/Raux.lean:4233:35: This simp argument is unused:
  hLx

Hint: Omit it from the simp argument list.
  simp [mag, hx_ne, hy_ne, hxy_ne, hLx̵,̵ ̵h̵L̵y, abs_of_pos hx_pos, abs_of_pos hy_pos]

Note: This linter can be disabled with `set_option linter.unusedSimpArgs false`
warning: FloatSpec/src/Core/Raux.lean:4233:40: This simp argument is unused:
  hLy

Hint: Omit it from the simp argument list.
  simp [mag, hx_ne, hy_ne, hxy_ne, hLx, h̵L̵y̵,̵ ̵abs_of_pos hx_pos, abs_of_pos hy_pos]

Note: This linter can be disabled with `set_option linter.unusedSimpArgs false`
warning: FloatSpec/src/Core/Raux.lean:4233:45: This simp argument is unused:
  abs_of_pos hx_pos

Hint: Omit it from the simp argument list.
  simp [mag, hx_ne, hy_ne, hxy_ne, hLx, hLy, abs_of_pos hx̵_̵p̵o̵s̵,̵ ̵a̵b̵s̵_̵o̵f̵_̵p̵o̵s̵ ̵h̵y_pos]

Note: This linter can be disabled with `set_option linter.unusedSimpArgs false`
warning: FloatSpec/src/Core/Raux.lean:4233:64: This simp argument is unused:
  abs_of_pos hy_pos

Hint: Omit it from the simp argument list.
  simp [mag, hx_ne, hy_ne, hxy_ne, hLx, hLy, abs_of_pos hx_pos,̵ ̵a̵b̵s̵_̵o̵f̵_̵p̵o̵s̵ ̵h̵y̵_̵p̵o̵s̵]

Note: This linter can be disabled with `set_option linter.unusedSimpArgs false`
warning: FloatSpec/src/Core/Raux.lean:4454:67: This simp argument is unused:
  zpow_one

Hint: Omit it from the simp argument list.
  simp ̵[̵z̵p̵o̵w̵_̵o̵n̵e̵]̵

Note: This linter can be disabled with `set_option linter.unusedSimpArgs false`
warning: FloatSpec/src/Core/Raux.lean:4471:16: This simp argument is unused:
  zpow_one

Hint: Omit it from the simp argument list.
  simp ̵[̵z̵p̵o̵w̵_̵o̵n̵e̵]̵

Note: This linter can be disabled with `set_option linter.unusedSimpArgs false`
warning: FloatSpec/src/Core/Raux.lean:4311:39: 'simpa [ex_eq]' tactic does nothing

Note: This linter can be disabled with `set_option linter.unusedTactic false`
warning: FloatSpec/src/Core/Raux.lean:4311:39: this tactic is never executed

Note: This linter can be disabled with `set_option linter.unreachableTactic false`
warning: FloatSpec/src/Core/Raux.lean:4611:18: This simp argument is unused:
  mul_left_comm

Hint: Omit it from the simp argument list.
  simp [mag, hs_ne, hx_ne, abs_of_nonneg (Real.sqrt_nonneg _), Real.log_sqrt (le_of_lt hx_pos),
  ̲  ̲ ̲ ̲div_eq_mul_inv, mul_comm, m̵u̵l̵_̵l̵e̵f̵t̵_̵c̵o̵m̵m̵,̵ ̵mul_assoc]

Note: This linter can be disabled with `set_option linter.unusedSimpArgs false`
⚠ [3067/3105] Replayed FloatSpec.src.Core.Digits
info: FloatSpec/src/Core/Digits.lean:1856:16: Try this: ring_nf
warning: FloatSpec/src/Core/Digits.lean:2242:44: unused variable `hd`

Note: This linter can be disabled with `set_option linter.unusedVariables false`
info: FloatSpec/src/Core/Digits.lean:3068:6: Try this: ring_nf
warning: FloatSpec/src/Core/Digits.lean:3686:4: missing doc string for public def Zdigits

Note: This linter can be disabled with `set_option linter.missingDocs false`
warning: FloatSpec/src/Core/Digits.lean:3687:5: unused variable `h`

Note: This linter can be disabled with `set_option linter.unusedVariables false`
warning: FloatSpec/src/Core/Digits.lean:3779:69: unused variable `hn`

Note: This linter can be disabled with `set_option linter.unusedVariables false`
warning: FloatSpec/src/Core/Digits.lean:3818:13: unused variable `hβ`

Note: This linter can be disabled with `set_option linter.unusedVariables false`
warning: FloatSpec/src/Core/Digits.lean:4452:32: unused variable `h_beta`

Note: This linter can be disabled with `set_option linter.unusedVariables false`
warning: FloatSpec/src/Core/Digits.lean:4665:77: unused variable `hc`

Note: This linter can be disabled with `set_option linter.unusedVariables false`
warning: FloatSpec/src/Core/Digits.lean:6238:15: This simp argument is unused:
  wp

Hint: Omit it from the simp argument list.
  simp only [w̵p̵,̵ ̵PostCond.noThrow, PredTrans.pure] at h_abs_spec

Note: This linter can be disabled with `set_option linter.unusedSimpArgs false`
warning: FloatSpec/src/Core/Digits.lean:6238:37: This simp argument is unused:
  PredTrans.pure

Hint: Omit it from the simp argument list.
  simp only [wp, PostCond.noThrow,̵ ̵P̵r̵e̵d̵T̵r̵a̵n̵s̵.̵p̵u̵r̵e̵] at h_abs_spec

Note: This linter can be disabled with `set_option linter.unusedSimpArgs false`
warning: FloatSpec/src/Core/Digits.lean:6246:15: This simp argument is unused:
  wp

Hint: Omit it from the simp argument list.
  simp only [w̵p̵,̵ ̵PostCond.noThrow] at h_abs_spec

Note: This linter can be disabled with `set_option linter.unusedSimpArgs false`
warning: FloatSpec/src/Core/Digits.lean:6258:15: This simp argument is unused:
  wp

Hint: Omit it from the simp argument list.
  simp only [w̵p̵,̵ ̵PostCond.noThrow] at h_abs_spec

Note: This linter can be disabled with `set_option linter.unusedSimpArgs false`
warning: FloatSpec/src/Core/Digits.lean:6549:19: This simp argument is unused:
  dm0

Hint: Omit it from the simp argument list.
  simp [Zdigits, d̵m̵0̵,̵ ̵e0]

Note: This linter can be disabled with `set_option linter.unusedSimpArgs false`
warning: FloatSpec/src/Core/Digits.lean:6846:13: `Int.ofNat_nonneg` has been deprecated: Use `Int.natCast_nonneg` instead
⚠ [3068/3105] Replayed FloatSpec.src.Core.Float_prop
warning: FloatSpec/src/Core/Float_prop.lean:112:46: `le_of_not_lt` has been deprecated: Use `le_of_not_gt` instead
warning: FloatSpec/src/Core/Float_prop.lean:109:20: This simp argument is unused:
  hltR

Hint: Omit it from the simp argument list.
  simp [pure, hl̵t̵R̵,̵ ̵h̵eqR, hsign]

Note: This linter can be disabled with `set_option linter.unusedSimpArgs false`
warning: FloatSpec/src/Core/Float_prop.lean:121:34: This simp argument is unused:
  hgtR

Hint: Omit it from the simp argument list.
  simp [pure, hnotlt, hneq, hg̵t̵R̵,̵ ̵h̵sign]

Note: This linter can be disabled with `set_option linter.unusedSimpArgs false`
warning: FloatSpec/src/Core/Float_prop.lean:248:32: unused variable `hbeta`

Note: This linter can be disabled with `set_option linter.unusedVariables false`
warning: FloatSpec/src/Core/Float_prop.lean:300:40: unused variable `hbeta`

Note: This linter can be disabled with `set_option linter.unusedVariables false`
warning: FloatSpec/src/Core/Float_prop.lean:316:56: unused variable `hbeta`

Note: This linter can be disabled with `set_option linter.unusedVariables false`
warning: FloatSpec/src/Core/Float_prop.lean:336:25: unused variable `hbeta`

Note: This linter can be disabled with `set_option linter.unusedVariables false`
warning: FloatSpec/src/Core/Float_prop.lean:596:28: unused variable `hbeta`

Note: This linter can be disabled with `set_option linter.unusedVariables false`
warning: FloatSpec/src/Core/Float_prop.lean:1095:51: This simp argument is unused:
  add_assoc

Hint: Omit it from the simp argument list.
  simp [sub_eq_add_neg, add_comm, add_left_comm,̵ ̵a̵d̵d̵_̵a̵s̵s̵o̵c̵]

Note: This linter can be disabled with `set_option linter.unusedSimpArgs false`
warning: FloatSpec/src/Core/Float_prop.lean:1284:43: 'exact hbposR' tactic does nothing

Note: This linter can be disabled with `set_option linter.unusedTactic false`
warning: FloatSpec/src/Core/Float_prop.lean:1284:43: this tactic is never executed

Note: This linter can be disabled with `set_option linter.unreachableTactic false`
⚠ [3069/3105] Replayed FloatSpec.src.Core.Generic_fmt
warning: FloatSpec/src/Core/Generic_fmt.lean:271:35: This simp argument is unused:
  Int.ceil_neg

Hint: Omit it from the simp argument list.
  simp [hx, hneg, Int.floor_neg,̵ ̵I̵n̵t̵.̵c̵e̵i̵l̵_̵n̵e̵g̵]

Note: This linter can be disabled with `set_option linter.unusedSimpArgs false`
warning: FloatSpec/src/Core/Generic_fmt.lean:277:26: This simp argument is unused:
  Int.floor_neg

Hint: Omit it from the simp argument list.
  simp [hx, hlt_negx, Int.f̵l̵o̵o̵r̵_̵n̵e̵g̵,̵ ̵I̵n̵t̵.̵ceil_neg]

Note: This linter can be disabled with `set_option linter.unusedSimpArgs false`
warning: FloatSpec/src/Core/Generic_fmt.lean:879:34: This simp argument is unused:
  mul_left_comm

Hint: Omit it from the simp argument list.
  simp [this, mul_comm, mul_l̵e̵f̵t̵_̵c̵o̵m̵m̵,̵ ̵m̵u̵l̵_̵assoc]

Note: This linter can be disabled with `set_option linter.unusedSimpArgs false`
warning: FloatSpec/src/Core/Generic_fmt.lean:879:49: This simp argument is unused:
  mul_assoc

Hint: Omit it from the simp argument list.
  simp [this, mul_comm, mul_left_comm,̵ ̵m̵u̵l̵_̵a̵s̵s̵o̵c̵]

Note: This linter can be disabled with `set_option linter.unusedSimpArgs false`
warning: FloatSpec/src/Core/Generic_fmt.lean:908:39: This simp argument is unused:
  neg_mul

Hint: Omit it from the simp argument list.
  simp [hx, FloatSpec.Core.Raux.mag,̵ ̵n̵e̵g̵_̵m̵u̵l̵]

Note: This linter can be disabled with `set_option linter.unusedSimpArgs false`
warning: FloatSpec/src/Core/Generic_fmt.lean:999:26: This simp argument is unused:
  mul_left_comm

Hint: Omit it from the simp argument list.
  simp [mul_comm, mul_l̵e̵f̵t̵_̵c̵o̵m̵m̵,̵ ̵m̵u̵l̵_̵assoc, neg_mul, mul_neg]

Note: This linter can be disabled with `set_option linter.unusedSimpArgs false`
warning: FloatSpec/src/Core/Generic_fmt.lean:999:41: This simp argument is unused:
  mul_assoc

Hint: Omit it from the simp argument list.
  simp [mul_comm, mul_left_comm, m̵u̵l̵_̵a̵s̵s̵o̵c̵,̵ ̵neg_mul, mul_neg]

Note: This linter can be disabled with `set_option linter.unusedSimpArgs false`
warning: FloatSpec/src/Core/Generic_fmt.lean:999:61: This simp argument is unused:
  mul_neg

Hint: Omit it from the simp argument list.
  simp [mul_comm, mul_left_comm, mul_assoc, neg_mul,̵ ̵m̵u̵l̵_̵n̵e̵g̵]

Note: This linter can be disabled with `set_option linter.unusedSimpArgs false`
warning: FloatSpec/src/Core/Generic_fmt.lean:2066:23: This simp argument is unused:
  h1

Hint: Omit it from the simp argument list.
  simp [hr.symm, h1̵,̵ ̵h̵2]

Note: This linter can be disabled with `set_option linter.unusedSimpArgs false`
warning: FloatSpec/src/Core/Generic_fmt.lean:2066:27: This simp argument is unused:
  h2

Hint: Omit it from the simp argument list.
  simp [hr.symm, h1,̵ ̵h̵2̵]

Note: This linter can be disabled with `set_option linter.unusedSimpArgs false`
warning: FloatSpec/src/Core/Generic_fmt.lean:2118:18: missing doc string for public def Znearest_le_ceil_check

Note: This linter can be disabled with `set_option linter.missingDocs false`
warning: FloatSpec/src/Core/Generic_fmt.lean:2237:37: `le_of_not_lt` has been deprecated: Use `le_of_not_gt` instead
warning: FloatSpec/src/Core/Generic_fmt.lean:2639:59: This simp argument is unused:
  add_assoc

Hint: Omit it from the simp argument list.
  simp [this, sub_eq_add_neg, add_comm, add_left_comm,̵ ̵a̵d̵d̵_̵a̵s̵s̵o̵c̵]

Note: This linter can be disabled with `set_option linter.unusedSimpArgs false`
warning: FloatSpec/src/Core/Generic_fmt.lean:2675:24: This simp argument is unused:
  neg_add

Hint: Omit it from the simp argument list.
  simp [̵n̵e̵g̵_̵a̵d̵d̵,̵ ̵a̵d̵d̵_̵c̵o̵m̵m̵,̵[̲a̲d̲d̲_̲c̲o̲m̲m̲,̲ add_left_comm, add_assoc]

Note: This linter can be disabled with `set_option linter.unusedSimpArgs false`
warning: FloatSpec/src/Core/Generic_fmt.lean:2675:43: This simp argument is unused:
  add_left_comm

Hint: Omit it from the simp argument list.
  simp [neg_add, add_comm, a̵d̵d̵_̵l̵e̵f̵t̵_̵c̵o̵m̵m̵,̵ ̵add_assoc]

Note: This linter can be disabled with `set_option linter.unusedSimpArgs false`
warning: FloatSpec/src/Core/Generic_fmt.lean:2675:58: This simp argument is unused:
  add_assoc

Hint: Omit it from the simp argument list.
  simp [neg_add, add_comm, add_left_comm,̵ ̵a̵d̵d̵_̵a̵s̵s̵o̵c̵]

Note: This linter can be disabled with `set_option linter.unusedSimpArgs false`
warning: FloatSpec/src/Core/Generic_fmt.lean:2709:24: This simp argument is unused:
  neg_add

Hint: Omit it from the simp argument list.
  simp [̵n̵e̵g̵_̵a̵d̵d̵,̵ ̵a̵d̵d̵_̵c̵o̵m̵m̵,̵[̲a̲d̲d̲_̲c̲o̲m̲m̲,̲ add_left_comm, add_assoc]

Note: This linter can be disabled with `set_option linter.unusedSimpArgs false`
warning: FloatSpec/src/Core/Generic_fmt.lean:2709:43: This simp argument is unused:
  add_left_comm

Hint: Omit it from the simp argument list.
  simp [neg_add, add_comm, a̵d̵d̵_̵l̵e̵f̵t̵_̵c̵o̵m̵m̵,̵ ̵add_assoc]

Note: This linter can be disabled with `set_option linter.unusedSimpArgs false`
warning: FloatSpec/src/Core/Generic_fmt.lean:2709:58: This simp argument is unused:
  add_assoc

Hint: Omit it from the simp argument list.
  simp [neg_add, add_comm, add_left_comm,̵ ̵a̵d̵d̵_̵a̵s̵s̵o̵c̵]

Note: This linter can be disabled with `set_option linter.unusedSimpArgs false`
warning: FloatSpec/src/Core/Generic_fmt.lean:2728:21: This simp argument is unused:
  hA

Hint: Omit it from the simp argument list.
  simp [hAt, hA̵,̵ ̵h̵trans_false', hfun_eq]

Note: This linter can be disabled with `set_option linter.unusedSimpArgs false`
warning: FloatSpec/src/Core/Generic_fmt.lean:2728:40: This simp argument is unused:
  hfun_eq

Hint: Omit it from the simp argument list.
  simp [hAt, hA, htrans_false',̵ ̵h̵f̵u̵n̵_̵e̵q̵]

Note: This linter can be disabled with `set_option linter.unusedSimpArgs false`
warning: FloatSpec/src/Core/Generic_fmt.lean:2747:21: This simp argument is unused:
  hA

Hint: Omit it from the simp argument list.
  simp [hAf, hA̵,̵ ̵h̵trans_true', hfun_eq]

Note: This linter can be disabled with `set_option linter.unusedSimpArgs false`
warning: FloatSpec/src/Core/Generic_fmt.lean:2747:39: This simp argument is unused:
  hfun_eq

Hint: Omit it from the simp argument list.
  simp [hAf, hA, htrans_true',̵ ̵h̵f̵u̵n̵_̵e̵q̵]

Note: This linter can be disabled with `set_option linter.unusedSimpArgs false`
warning: FloatSpec/src/Core/Generic_fmt.lean:2784:14: This simp argument is unused:
  neg_add

Hint: Omit it from the simp argument list.
  simp [̵n̵e̵g̵_̵a̵d̵d̵,̵ ̵a̵d̵d̵_̵c̵o̵m̵m̵,̵[̲a̲d̲d̲_̲c̲o̲m̲m̲,̲ add_left_comm, add_assoc]

Note: This linter can be disabled with `set_option linter.unusedSimpArgs false`
warning: FloatSpec/src/Core/Generic_fmt.lean:2784:33: This simp argument is unused:
  add_left_comm

Hint: Omit it from the simp argument list.
  simp [neg_add, add_comm, a̵d̵d̵_̵l̵e̵f̵t̵_̵c̵o̵m̵m̵,̵ ̵add_assoc]

Note: This linter can be disabled with `set_option linter.unusedSimpArgs false`
warning: FloatSpec/src/Core/Generic_fmt.lean:2784:48: This simp argument is unused:
  add_assoc

Hint: Omit it from the simp argument list.
  simp [neg_add, add_comm, add_left_comm,̵ ̵a̵d̵d̵_̵a̵s̵s̵o̵c̵]

Note: This linter can be disabled with `set_option linter.unusedSimpArgs false`
warning: FloatSpec/src/Core/Generic_fmt.lean:2797:18: missing doc string for public def roundR

Note: This linter can be disabled with `set_option linter.missingDocs false`
warning: FloatSpec/src/Core/Generic_fmt.lean:2840:21: This simp argument is unused:
  hy

Hint: Omit it from the simp argument list.
  simp [hsm, he, h̵y̵,̵ ̵scaled_mantissa, cexp]

Note: This linter can be disabled with `set_option linter.unusedSimpArgs false`
warning: FloatSpec/src/Core/Generic_fmt.lean:3132:18: missing doc string for public def ZnearestA

Note: This linter can be disabled with `set_option linter.missingDocs false`
warning: FloatSpec/src/Core/Generic_fmt.lean:3295:36: `le_of_not_le` has been deprecated: Use `le_of_not_ge` instead
warning: FloatSpec/src/Core/Generic_fmt.lean:3363:40: `le_of_not_le` has been deprecated: Use `le_of_not_ge` instead
warning: FloatSpec/src/Core/Generic_fmt.lean:3586:18: missing doc string for public def Znearest0

Note: This linter can be disabled with `set_option linter.missingDocs false`
warning: FloatSpec/src/Core/Generic_fmt.lean:3973:79: This simp argument is unused:
  hE

Hint: Omit it from the simp argument list.
  simp [hsmn, hsmx, scaled_mantissa, cexp, FloatSpec.Core.Raux.mag, abs_neg, h̵E̵,̵ ̵neg_mul]

Note: This linter can be disabled with `set_option linter.unusedSimpArgs false`
warning: FloatSpec/src/Core/Generic_fmt.lean:3982:20: This simp argument is unused:
  neg_add

Hint: Omit it from the simp argument list.
  simp [̵n̵e̵g̵_̵a̵d̵d̵,̵ ̵a̵d̵d̵_̵c̵o̵m̵m̵,̵[̲a̲d̲d̲_̲c̲o̲m̲m̲,̲ add_left_comm, add_assoc]

Note: This linter can be disabled with `set_option linter.unusedSimpArgs false`
warning: FloatSpec/src/Core/Generic_fmt.lean:3982:39: This simp argument is unused:
  add_left_comm

Hint: Omit it from the simp argument list.
  simp [neg_add, add_comm, a̵d̵d̵_̵l̵e̵f̵t̵_̵c̵o̵m̵m̵,̵ ̵add_assoc]

Note: This linter can be disabled with `set_option linter.unusedSimpArgs false`
warning: FloatSpec/src/Core/Generic_fmt.lean:3982:54: This simp argument is unused:
  add_assoc

Hint: Omit it from the simp argument list.
  simp [neg_add, add_comm, add_left_comm,̵ ̵a̵d̵d̵_̵a̵s̵s̵o̵c̵]

Note: This linter can be disabled with `set_option linter.unusedSimpArgs false`
warning: FloatSpec/src/Core/Generic_fmt.lean:4065:17: This simp argument is unused:
  this

Hint: Omit it from the simp argument list.
  simp [hlt,̵ ̵t̵h̵i̵s̵]

Note: This linter can be disabled with `set_option linter.unusedSimpArgs false`
warning: FloatSpec/src/Core/Generic_fmt.lean:4074:17: This simp argument is unused:
  this

Hint: Omit it from the simp argument list.
  simp [hlt,̵ ̵t̵h̵i̵s̵]

Note: This linter can be disabled with `set_option linter.unusedSimpArgs false`
warning: FloatSpec/src/Core/Generic_fmt.lean:4109:22: This simp argument is unused:
  neg_add

Hint: Omit it from the simp argument list.
  simp [̵n̵e̵g̵_̵a̵d̵d̵,̵ ̵a̵d̵d̵_̵c̵o̵m̵m̵,̵[̲a̲d̲d̲_̲c̲o̲m̲m̲,̲ add_left_comm, add_assoc]

Note: This linter can be disabled with `set_option linter.unusedSimpArgs false`
warning: FloatSpec/src/Core/Generic_fmt.lean:4109:41: This simp argument is unused:
  add_left_comm

Hint: Omit it from the simp argument list.
  simp [neg_add, add_comm, a̵d̵d̵_̵l̵e̵f̵t̵_̵c̵o̵m̵m̵,̵ ̵add_assoc]

Note: This linter can be disabled with `set_option linter.unusedSimpArgs false`
warning: FloatSpec/src/Core/Generic_fmt.lean:4109:56: This simp argument is unused:
  add_assoc

Hint: Omit it from the simp argument list.
  simp [neg_add, add_comm, add_left_comm,̵ ̵a̵d̵d̵_̵a̵s̵s̵o̵c̵]

Note: This linter can be disabled with `set_option linter.unusedSimpArgs false`
⚠ [3070/3105] Replayed FloatSpec.src.Core.Round_pred
warning: FloatSpec/src/Core/Round_pred.lean:41:7: missing doc string for public abbrev Rnd_DN_pt

Note: This linter can be disabled with `set_option linter.missingDocs false`
warning: FloatSpec/src/Core/Round_pred.lean:42:7: missing doc string for public abbrev Rnd_UP_pt

Note: This linter can be disabled with `set_option linter.missingDocs false`
warning: FloatSpec/src/Core/Round_pred.lean:43:7: missing doc string for public abbrev Rnd_N_pt

Note: This linter can be disabled with `set_option linter.missingDocs false`
warning: FloatSpec/src/Core/Round_pred.lean:44:7: missing doc string for public abbrev Rnd_NG_pt

Note: This linter can be disabled with `set_option linter.missingDocs false`
warning: FloatSpec/src/Core/Round_pred.lean:45:7: missing doc string for public abbrev Rnd_NA_pt

Note: This linter can be disabled with `set_option linter.missingDocs false`
warning: FloatSpec/src/Core/Round_pred.lean:46:7: missing doc string for public abbrev Rnd_N0_pt

Note: This linter can be disabled with `set_option linter.missingDocs false`
warning: FloatSpec/src/Core/Round_pred.lean:47:7: missing doc string for public abbrev Rnd_ZR_pt

Note: This linter can be disabled with `set_option linter.missingDocs false`
warning: FloatSpec/src/Core/Round_pred.lean:670:18: missing doc string for public def Rnd_DN_opp_check

Note: This linter can be disabled with `set_option linter.missingDocs false`
warning: FloatSpec/src/Core/Round_pred.lean:738:18: missing doc string for public def Rnd_DN_UP_pt_split_check

Note: This linter can be disabled with `set_option linter.missingDocs false`
warning: FloatSpec/src/Core/Round_pred.lean:3880:28: `le_of_not_lt` has been deprecated: Use `le_of_not_gt` instead
⚠ [3071/3105] Replayed FloatSpec.src.Core.Round_generic
warning: FloatSpec/src/Core/Round_generic.lean:49:2: missing doc string for public field Monotone_exp.mono

Note: This linter can be disabled with `set_option linter.missingDocs false`
warning: FloatSpec/src/Core/Round_generic.lean:136:18: missing doc string for public def round_UP_to_format

Note: This linter can be disabled with `set_option linter.missingDocs false`
warning: FloatSpec/src/Core/Round_generic.lean:170:27: unused variable `mode`

Note: This linter can be disabled with `set_option linter.unusedVariables false`
warning: FloatSpec/src/Core/Round_generic.lean:188:16: declaration uses 'sorry'
warning: FloatSpec/src/Core/Round_generic.lean:314:43: `le_of_not_le` has been deprecated: Use `le_of_not_ge` instead
warning: FloatSpec/src/Core/Round_generic.lean:360:13: unused variable `hx`

Note: This linter can be disabled with `set_option linter.unusedVariables false`
warning: FloatSpec/src/Core/Round_generic.lean:516:11: `not_lt_of_le` has been deprecated: Use `not_lt_of_ge` instead
warning: FloatSpec/src/Core/Round_generic.lean:525:8: declaration uses 'sorry'
warning: FloatSpec/src/Core/Round_generic.lean:563:8: declaration uses 'sorry'
warning: FloatSpec/src/Core/Round_generic.lean:1141:46: unused variable `hbeta`

Note: This linter can be disabled with `set_option linter.unusedVariables false`
warning: FloatSpec/src/Core/Round_generic.lean:1411:8: declaration uses 'sorry'
warning: FloatSpec/src/Core/Round_generic.lean:1535:12: This simp argument is unused:
  FloatSpec.Core.Generic_fmt.scaled_mantissa

Hint: Omit it from the simp argument list.
  simp [round_to_generic, F̵l̵o̵a̵t̵S̵p̵e̵c̵.̵C̵o̵r̵e̵.̵G̵e̵n̵e̵r̵i̵c̵_̵f̵m̵t̵.̵s̵c̵a̵l̵e̵d̵_̵m̵a̵n̵t̵i̵s̵s̵a̵,̵FloatSpec.Core.Generic_fmt.cexp, hrdef, hs, hex]

Note: This linter can be disabled with `set_option linter.unusedSimpArgs false`
warning: FloatSpec/src/Core/Round_generic.lean:1537:19: This simp argument is unused:
  hs

Hint: Omit it from the simp argument list.
  simp [round_to_generic, FloatSpec.Core.Generic_fmt.scaled_mantissa,
          FloatSpec.Core.Generic_fmt.cexp, hrdef, h̵s̵,̵ ̵hex]

Note: This linter can be disabled with `set_option linter.unusedSimpArgs false`
warning: FloatSpec/src/Core/Round_generic.lean:1537:23: This simp argument is unused:
  hex

Hint: Omit it from the simp argument list.
  simp [round_to_generic, FloatSpec.Core.Generic_fmt.scaled_mantissa,
          FloatSpec.Core.Generic_fmt.cexp, hrdef, h̵s̵,̵ ̵h̵e̵x̵]̵h̲s̲]̲

Note: This linter can be disabled with `set_option linter.unusedSimpArgs false`
warning: FloatSpec/src/Core/Round_generic.lean:1596:13: unused variable `h`

Note: This linter can be disabled with `set_option linter.unusedVariables false`
warning: FloatSpec/src/Core/Round_generic.lean:1596:52: unused variable `hx`

Note: This linter can be disabled with `set_option linter.unusedVariables false`
warning: FloatSpec/src/Core/Round_generic.lean:1738:8: declaration uses 'sorry'
warning: FloatSpec/src/Core/Round_generic.lean:1753:8: declaration uses 'sorry'
warning: FloatSpec/src/Core/Round_generic.lean:1764:8: declaration uses 'sorry'
warning: FloatSpec/src/Core/Round_generic.lean:1777:8: declaration uses 'sorry'
warning: FloatSpec/src/Core/Round_generic.lean:1850:5: unused variable `hEq`

Note: This linter can be disabled with `set_option linter.unusedVariables false`
warning: FloatSpec/src/Core/Round_generic.lean:1888:18: This simp argument is unused:
  mul_left_comm

Hint: Omit it from the simp argument list.
  simp [round_to_generic, FloatSpec.Core.Generic_fmt.cexp, FloatSpec.Core.Raux.mag, abs_neg,
      FloatSpec.Core.Generic_fmt.Ztrunc_neg, Int.cast_neg, mul_comm, m̵u̵l̵_̵l̵e̵f̵t̵_̵c̵o̵m̵m̵,̵ ̵mul_assoc]

Note: This linter can be disabled with `set_option linter.unusedSimpArgs false`
warning: FloatSpec/src/Core/Round_generic.lean:1888:33: This simp argument is unused:
  mul_assoc

Hint: Omit it from the simp argument list.
  simp [round_to_generic, FloatSpec.Core.Generic_fmt.cexp, FloatSpec.Core.Raux.mag, abs_neg,
      FloatSpec.Core.Generic_fmt.Ztrunc_neg, Int.cast_neg, mul_comm, m̵u̵l̵_̵l̵e̵f̵t̵_̵c̵o̵m̵m̵,̵ ̵m̵u̵l̵_̵a̵s̵s̵o̵c̵]̵m̲u̲l̲_̲l̲e̲f̲t̲_̲c̲o̲m̲m̲]̲

Note: This linter can be disabled with `set_option linter.unusedSimpArgs false`
warning: FloatSpec/src/Core/Round_generic.lean:2073:22: This simp argument is unused:
  mul_left_comm

Hint: Omit it from the simp argument list.
  simp [round_to_generic, FloatSpec.Core.Generic_fmt.cexp, FloatSpec.Core.Raux.mag, abs_neg,
          FloatSpec.Core.Generic_fmt.Ztrunc_neg, Int.cast_neg, mul_comm, m̵u̵l̵_̵l̵e̵f̵t̵_̵c̵o̵m̵m̵,̵ ̵mul_assoc]

Note: This linter can be disabled with `set_option linter.unusedSimpArgs false`
warning: FloatSpec/src/Core/Round_generic.lean:2073:37: This simp argument is unused:
  mul_assoc

Hint: Omit it from the simp argument list.
  simp [round_to_generic, FloatSpec.Core.Generic_fmt.cexp, FloatSpec.Core.Raux.mag, abs_neg,
          FloatSpec.Core.Generic_fmt.Ztrunc_neg, Int.cast_neg, mul_comm, m̵u̵l̵_̵l̵e̵f̵t̵_̵c̵o̵m̵m̵,̵ ̵m̵u̵l̵_̵a̵s̵s̵o̵c̵]̵m̲u̲l̲_̲l̲e̲f̲t̲_̲c̲o̲m̲m̲]̲

Note: This linter can be disabled with `set_option linter.unusedSimpArgs false`
warning: FloatSpec/src/Core/Round_generic.lean:2298:59: This simp argument is unused:
  hcexp_min

Hint: Omit it from the simp argument list.
  simp only [generic_format, scaled_mantissa, cexp, F2R,̵ ̵h̵c̵e̵x̵p̵_̵m̵i̵n̵]

Note: This linter can be disabled with `set_option linter.unusedSimpArgs false`
warning: FloatSpec/src/Core/Round_generic.lean:2623:5: unused variable `hlt`

Note: This linter can be disabled with `set_option linter.unusedVariables false`
warning: FloatSpec/src/Core/Round_generic.lean:2625:10: unused variable `hgt`

Note: This linter can be disabled with `set_option linter.unusedVariables false`
warning: FloatSpec/src/Core/Round_generic.lean:2662:18: This simp argument is unused:
  mul_left_comm

Hint: Omit it from the simp argument list.
  simp [round_to_generic, FloatSpec.Core.Generic_fmt.cexp, FloatSpec.Core.Raux.mag, abs_neg,
      FloatSpec.Core.Generic_fmt.Ztrunc_neg, Int.cast_neg, mul_comm, m̵u̵l̵_̵l̵e̵f̵t̵_̵c̵o̵m̵m̵,̵ ̵mul_assoc]

Note: This linter can be disabled with `set_option linter.unusedSimpArgs false`
warning: FloatSpec/src/Core/Round_generic.lean:2662:33: This simp argument is unused:
  mul_assoc

Hint: Omit it from the simp argument list.
  simp [round_to_generic, FloatSpec.Core.Generic_fmt.cexp, FloatSpec.Core.Raux.mag, abs_neg,
      FloatSpec.Core.Generic_fmt.Ztrunc_neg, Int.cast_neg, mul_comm, m̵u̵l̵_̵l̵e̵f̵t̵_̵c̵o̵m̵m̵,̵ ̵m̵u̵l̵_̵a̵s̵s̵o̵c̵]̵m̲u̲l̲_̲l̲e̲f̲t̲_̲c̲o̲m̲m̲]̲

Note: This linter can be disabled with `set_option linter.unusedSimpArgs false`
warning: FloatSpec/src/Core/Round_generic.lean:2682:18: This simp argument is unused:
  mul_left_comm

Hint: Omit it from the simp argument list.
  simp [round_to_generic, FloatSpec.Core.Generic_fmt.cexp, FloatSpec.Core.Raux.mag, abs_neg,
      FloatSpec.Core.Generic_fmt.Ztrunc_neg, Int.cast_neg, mul_comm, m̵u̵l̵_̵l̵e̵f̵t̵_̵c̵o̵m̵m̵,̵ ̵mul_assoc]

Note: This linter can be disabled with `set_option linter.unusedSimpArgs false`
warning: FloatSpec/src/Core/Round_generic.lean:2682:33: This simp argument is unused:
  mul_assoc

Hint: Omit it from the simp argument list.
  simp [round_to_generic, FloatSpec.Core.Generic_fmt.cexp, FloatSpec.Core.Raux.mag, abs_neg,
      FloatSpec.Core.Generic_fmt.Ztrunc_neg, Int.cast_neg, mul_comm, m̵u̵l̵_̵l̵e̵f̵t̵_̵c̵o̵m̵m̵,̵ ̵m̵u̵l̵_̵a̵s̵s̵o̵c̵]̵m̲u̲l̲_̲l̲e̲f̲t̲_̲c̲o̲m̲m̲]̲

Note: This linter can be disabled with `set_option linter.unusedSimpArgs false`
warning: FloatSpec/src/Core/Round_generic.lean:2702:18: This simp argument is unused:
  mul_left_comm

Hint: Omit it from the simp argument list.
  simp [round_to_generic, FloatSpec.Core.Generic_fmt.cexp, FloatSpec.Core.Raux.mag, abs_neg,
      FloatSpec.Core.Generic_fmt.Ztrunc_neg, Int.cast_neg, mul_comm, m̵u̵l̵_̵l̵e̵f̵t̵_̵c̵o̵m̵m̵,̵ ̵mul_assoc]

Note: This linter can be disabled with `set_option linter.unusedSimpArgs false`
warning: FloatSpec/src/Core/Round_generic.lean:2702:33: This simp argument is unused:
  mul_assoc

Hint: Omit it from the simp argument list.
  simp [round_to_generic, FloatSpec.Core.Generic_fmt.cexp, FloatSpec.Core.Raux.mag, abs_neg,
      FloatSpec.Core.Generic_fmt.Ztrunc_neg, Int.cast_neg, mul_comm, m̵u̵l̵_̵l̵e̵f̵t̵_̵c̵o̵m̵m̵,̵ ̵m̵u̵l̵_̵a̵s̵s̵o̵c̵]̵m̲u̲l̲_̲l̲e̲f̲t̲_̲c̲o̲m̲m̲]̲

Note: This linter can be disabled with `set_option linter.unusedSimpArgs false`
warning: FloatSpec/src/Core/Round_generic.lean:2743:18: This simp argument is unused:
  mul_left_comm

Hint: Omit it from the simp argument list.
  simp [round_to_generic, FloatSpec.Core.Generic_fmt.cexp, FloatSpec.Core.Raux.mag, abs_neg,
      FloatSpec.Core.Generic_fmt.Ztrunc_neg, Int.cast_neg, mul_comm, m̵u̵l̵_̵l̵e̵f̵t̵_̵c̵o̵m̵m̵,̵ ̵mul_assoc]

Note: This linter can be disabled with `set_option linter.unusedSimpArgs false`
warning: FloatSpec/src/Core/Round_generic.lean:2743:33: This simp argument is unused:
  mul_assoc

Hint: Omit it from the simp argument list.
  simp [round_to_generic, FloatSpec.Core.Generic_fmt.cexp, FloatSpec.Core.Raux.mag, abs_neg,
      FloatSpec.Core.Generic_fmt.Ztrunc_neg, Int.cast_neg, mul_comm, m̵u̵l̵_̵l̵e̵f̵t̵_̵c̵o̵m̵m̵,̵ ̵m̵u̵l̵_̵a̵s̵s̵o̵c̵]̵m̲u̲l̲_̲l̲e̲f̲t̲_̲c̲o̲m̲m̲]̲

Note: This linter can be disabled with `set_option linter.unusedSimpArgs false`
warning: FloatSpec/src/Core/Round_generic.lean:3349:10: This simp argument is unused:
  FloatSpec.Core.Raux.Ztrunc

Hint: Omit it from the simp argument list.
  simp [F̵l̵o̵a̵t̵S̵p̵e̵c̵.̵C̵o̵r̵e̵.̵R̵a̵u̵x̵.̵Z̵t̵r̵u̵n̵c̵,̵ ̵hy]

Note: This linter can be disabled with `set_option linter.unusedSimpArgs false`
warning: FloatSpec/src/Core/Round_generic.lean:3362:10: This simp argument is unused:
  FloatSpec.Core.Raux.Ztrunc

Hint: Omit it from the simp argument list.
  simp [F̵l̵o̵a̵t̵S̵p̵e̵c̵.̵C̵o̵r̵e̵.̵R̵a̵u̵x̵.̵Z̵t̵r̵u̵n̵c̵,̵ ̵hy]

Note: This linter can be disabled with `set_option linter.unusedSimpArgs false`
⚠ [3072/3105] Replayed FloatSpec.src.Calc.Bracket
warning: FloatSpec/src/Calc/Bracket.lean:25:4: missing doc string for public constructor Location.loc_Exact

Note: This linter can be disabled with `set_option linter.missingDocs false`
warning: FloatSpec/src/Calc/Bracket.lean:26:4: missing doc string for public constructor Location.loc_Inexact

Note: This linter can be disabled with `set_option linter.missingDocs false`
warning: FloatSpec/src/Calc/Bracket.lean:37:4: missing doc string for public constructor inbetween.inbetween_Exact

Note: This linter can be disabled with `set_option linter.missingDocs false`
warning: FloatSpec/src/Calc/Bracket.lean:38:4: missing doc string for public constructor inbetween.inbetween_Inexact

Note: This linter can be disabled with `set_option linter.missingDocs false`
warning: FloatSpec/src/Calc/Bracket.lean:64:8: declaration uses 'sorry'
warning: FloatSpec/src/Calc/Bracket.lean:81:8: declaration uses 'sorry'
warning: FloatSpec/src/Calc/Bracket.lean:99:28: unused variable `h`

Note: This linter can be disabled with `set_option linter.unusedVariables false`
warning: FloatSpec/src/Calc/Bracket.lean:106:8: declaration uses 'sorry'
warning: FloatSpec/src/Calc/Bracket.lean:116:35: unused variable `h`

Note: This linter can be disabled with `set_option linter.unusedVariables false`
warning: FloatSpec/src/Calc/Bracket.lean:117:5: unused variable `hl`

Note: This linter can be disabled with `set_option linter.unusedVariables false`
warning: FloatSpec/src/Calc/Bracket.lean:124:8: declaration uses 'sorry'
warning: FloatSpec/src/Calc/Bracket.lean:142:8: declaration uses 'sorry'
warning: FloatSpec/src/Calc/Bracket.lean:160:8: declaration uses 'sorry'
warning: FloatSpec/src/Calc/Bracket.lean:171:65: unused variable `Hdu`

Note: This linter can be disabled with `set_option linter.unusedVariables false`
warning: FloatSpec/src/Calc/Bracket.lean:174:25: unused variable `ord`

Note: This linter can be disabled with `set_option linter.unusedVariables false`
warning: FloatSpec/src/Calc/Bracket.lean:180:8: declaration uses 'sorry'
warning: FloatSpec/src/Calc/Bracket.lean:198:25: unused variable `start`

Note: This linter can be disabled with `set_option linter.unusedVariables false`
warning: FloatSpec/src/Calc/Bracket.lean:198:31: unused variable `step`

Note: This linter can be disabled with `set_option linter.unusedVariables false`
warning: FloatSpec/src/Calc/Bracket.lean:198:42: unused variable `k`

Note: This linter can be disabled with `set_option linter.unusedVariables false`
warning: FloatSpec/src/Calc/Bracket.lean:205:6: declaration uses 'sorry'
warning: FloatSpec/src/Calc/Bracket.lean:222:6: declaration uses 'sorry'
warning: FloatSpec/src/Calc/Bracket.lean:234:49: unused variable `start`

Note: This linter can be disabled with `set_option linter.unusedVariables false`
warning: FloatSpec/src/Calc/Bracket.lean:234:55: unused variable `step`

Note: This linter can be disabled with `set_option linter.unusedVariables false`
warning: FloatSpec/src/Calc/Bracket.lean:234:66: unused variable `nb_steps`

Note: This linter can be disabled with `set_option linter.unusedVariables false`
warning: FloatSpec/src/Calc/Bracket.lean:234:83: unused variable `x`

Note: This linter can be disabled with `set_option linter.unusedVariables false`
warning: FloatSpec/src/Calc/Bracket.lean:234:91: unused variable `k`

Note: This linter can be disabled with `set_option linter.unusedVariables false`
warning: FloatSpec/src/Calc/Bracket.lean:241:8: declaration uses 'sorry'
warning: FloatSpec/src/Calc/Bracket.lean:263:8: declaration uses 'sorry'
warning: FloatSpec/src/Calc/Bracket.lean:283:8: declaration uses 'sorry'
warning: FloatSpec/src/Calc/Bracket.lean:314:8: declaration uses 'sorry'
warning: FloatSpec/src/Calc/Bracket.lean:345:8: declaration uses 'sorry'
warning: FloatSpec/src/Calc/Bracket.lean:368:8: declaration uses 'sorry'
⚠ [3073/3105] Replayed FloatSpec.src.Calc.Operations
warning: FloatSpec/src/Calc/Operations.lean:47:8: declaration uses 'sorry'
warning: FloatSpec/src/Calc/Operations.lean:66:8: declaration uses 'sorry'
warning: FloatSpec/src/Calc/Operations.lean:87:8: declaration uses 'sorry'
warning: FloatSpec/src/Calc/Operations.lean:108:8: declaration uses 'sorry'
warning: FloatSpec/src/Calc/Operations.lean:130:8: declaration uses 'sorry'
warning: FloatSpec/src/Calc/Operations.lean:147:8: declaration uses 'sorry'
warning: FloatSpec/src/Calc/Operations.lean:164:8: declaration uses 'sorry'
warning: FloatSpec/src/Calc/Operations.lean:186:8: declaration uses 'sorry'
warning: FloatSpec/src/Calc/Operations.lean:203:8: declaration uses 'sorry'
warning: FloatSpec/src/Calc/Operations.lean:224:8: declaration uses 'sorry'
⚠ [3074/3105] Replayed FloatSpec.src.Calc.Div
warning: FloatSpec/src/Calc/Div.lean:45:6: declaration uses 'sorry'
warning: FloatSpec/src/Calc/Div.lean:77:8: declaration uses 'sorry'
warning: FloatSpec/src/Calc/Div.lean:110:8: declaration uses 'sorry'
⚠ [3075/3105] Replayed FloatSpec.src.Calc.Sqrt
warning: FloatSpec/src/Calc/Sqrt.lean:45:6: declaration uses 'sorry'
warning: FloatSpec/src/Calc/Sqrt.lean:60:26: unused variable `d1`

Note: This linter can be disabled with `set_option linter.unusedVariables false`
warning: FloatSpec/src/Calc/Sqrt.lean:73:8: declaration uses 'sorry'
warning: FloatSpec/src/Calc/Sqrt.lean:102:8: declaration uses 'sorry'
✖ [3077/3105] Building FloatSpec.src.Core.Ulp (12s)
trace: .> LEAN_PATH=/home/hantao/code/FloatSpec/.lake/packages/Cli/.lake/build/lib/lean:/home/hantao/code/FloatSpec/.lake/packages/batteries/.lake/build/lib/lean:/home/hantao/code/FloatSpec/.lake/packages/Qq/.lake/build/lib/lean:/home/hantao/code/FloatSpec/.lake/packages/aesop/.lake/build/lib/lean:/home/hantao/code/FloatSpec/.lake/packages/proofwidgets/.lake/build/lib/lean:/home/hantao/code/FloatSpec/.lake/packages/importGraph/.lake/build/lib/lean:/home/hantao/code/FloatSpec/.lake/packages/LeanSearchClient/.lake/build/lib/lean:/home/hantao/code/FloatSpec/.lake/packages/plausible/.lake/build/lib/lean:/home/hantao/code/FloatSpec/.lake/packages/mathlib/.lake/build/lib/lean:/home/hantao/code/FloatSpec/.lake/build/lib/lean /home/hantao/.elan/toolchains/leanprover--lean4---v4.23.0-rc2/bin/lean /home/hantao/code/FloatSpec/FloatSpec/src/Core/Ulp.lean -o /home/hantao/code/FloatSpec/.lake/build/lib/lean/FloatSpec/src/Core/Ulp.olean -i /home/hantao/code/FloatSpec/.lake/build/lib/lean/FloatSpec/src/Core/Ulp.ilean -c /home/hantao/code/FloatSpec/.lake/build/ir/FloatSpec/src/Core/Ulp.c --setup /home/hantao/code/FloatSpec/.lake/build/ir/FloatSpec/src/Core/Ulp.setup.json --json
warning: FloatSpec/src/Core/Ulp.lean:50:7: missing doc string for public abbrev Float

Note: This linter can be disabled with `set_option linter.missingDocs false`
warning: FloatSpec/src/Core/Ulp.lean:63:2: missing doc string for public field Exp_not_FTZ.exp_not_FTZ

Note: This linter can be disabled with `set_option linter.missingDocs false`
warning: FloatSpec/src/Core/Ulp.lean:72:2: missing doc string for public field Monotone_exp.mono

Note: This linter can be disabled with `set_option linter.missingDocs false`
warning: FloatSpec/src/Core/Ulp.lean:125:4: missing doc string for public constructor negligible_exp_prop.negligible_None

Note: This linter can be disabled with `set_option linter.missingDocs false`
warning: FloatSpec/src/Core/Ulp.lean:126:4: missing doc string for public constructor negligible_exp_prop.negligible_Some

Note: This linter can be disabled with `set_option linter.missingDocs false`
warning: FloatSpec/src/Core/Ulp.lean:223:0: automatically included section variable(s) unused in theorem 'FloatSpec.Core.Ulp.ulp_neq_0':
  [Valid_exp beta fexp]
consider restructuring your `variable` declarations so that the variables are not in scope or explicitly omit them:
  omit [Valid_exp beta fexp] in theorem ...

Note: This linter can be disabled with `set_option linter.unusedSectionVars false`
warning: FloatSpec/src/Core/Ulp.lean:242:8: automatically included section variable(s) unused in theorem '_private.FloatSpec.src.Core.Ulp.0.FloatSpec.Core.Ulp.ulp_run_nonneg':
  [Valid_exp beta fexp]
consider restructuring your `variable` declarations so that the variables are not in scope or explicitly omit them:
  omit [Valid_exp beta fexp] in theorem ...

Note: This linter can be disabled with `set_option linter.unusedSectionVars false`
warning: FloatSpec/src/Core/Ulp.lean:253:18: This simp argument is unused:
  hopt

Hint: Omit it from the simp argument list.
  simp [hx, h̵o̵p̵t̵,̵ ̵Id.run, bind, pure]

Note: This linter can be disabled with `set_option linter.unusedSimpArgs false`
warning: FloatSpec/src/Core/Ulp.lean:253:32: This simp argument is unused:
  bind

Hint: Omit it from the simp argument list.
  simp [hx, hopt, Id.run, b̵i̵n̵d̵,̵ ̵pure]

Note: This linter can be disabled with `set_option linter.unusedSimpArgs false`
warning: FloatSpec/src/Core/Ulp.lean:255:18: This simp argument is unused:
  hopt

Hint: Omit it from the simp argument list.
  simp [hx, h̵o̵p̵t̵,̵ ̵Id.run, bind, pure, le_of_lt (zpow_pos hbpos _)]

Note: This linter can be disabled with `set_option linter.unusedSimpArgs false`
warning: FloatSpec/src/Core/Ulp.lean:255:32: This simp argument is unused:
  bind

Hint: Omit it from the simp argument list.
  simp [hx, hopt, Id.run, b̵i̵n̵d̵,̵ ̵pure, le_of_lt (zpow_pos hbpos _)]

Note: This linter can be disabled with `set_option linter.unusedSimpArgs false`
warning: FloatSpec/src/Core/Ulp.lean:259:60: unused variable `hx`

Note: This linter can be disabled with `set_option linter.unusedVariables false`
warning: FloatSpec/src/Core/Ulp.lean:282:8: automatically included section variable(s) unused in theorem '_private.FloatSpec.src.Core.Ulp.0.FloatSpec.Core.Ulp.pred_pos_run_lt_self':
  [Valid_exp beta fexp]
consider restructuring your `variable` declarations so that the variables are not in scope or explicitly omit them:
  omit [Valid_exp beta fexp] in theorem ...

Note: This linter can be disabled with `set_option linter.unusedSectionVars false`
warning: FloatSpec/src/Core/Ulp.lean:321:36: This simp argument is unused:
  neg_add

Hint: Omit it from the simp argument list.
  simp [h0, Id.run, bind, pure, n̵e̵g̵_̵a̵d̵d̵,̵ ̵sub_eq_add_neg, add_comm]

Note: This linter can be disabled with `set_option linter.unusedSimpArgs false`
warning: FloatSpec/src/Core/Ulp.lean:343:36: This simp argument is unused:
  neg_add

Hint: Omit it from the simp argument list.
  simp [h0, Id.run, bind, pure, n̵e̵g̵_̵a̵d̵d̵,̵ ̵sub_eq_add_neg, add_comm]

Note: This linter can be disabled with `set_option linter.unusedSimpArgs false`
warning: FloatSpec/src/Core/Ulp.lean:366:5: unused variable `Fx`

Note: This linter can be disabled with `set_option linter.unusedVariables false`
warning: FloatSpec/src/Core/Ulp.lean:367:5: unused variable `Fy`

Note: This linter can be disabled with `set_option linter.unusedVariables false`
warning: FloatSpec/src/Core/Ulp.lean:412:5: unused variable `Fx`

Note: This linter can be disabled with `set_option linter.unusedVariables false`
warning: FloatSpec/src/Core/Ulp.lean:413:5: unused variable `Fy`

Note: This linter can be disabled with `set_option linter.unusedVariables false`
warning: FloatSpec/src/Core/Ulp.lean:428:5: unused variable `Fx`

Note: This linter can be disabled with `set_option linter.unusedVariables false`
warning: FloatSpec/src/Core/Ulp.lean:429:5: unused variable `Fy`

Note: This linter can be disabled with `set_option linter.unusedVariables false`
warning: FloatSpec/src/Core/Ulp.lean:465:5: unused variable `Fx`

Note: This linter can be disabled with `set_option linter.unusedVariables false`
warning: FloatSpec/src/Core/Ulp.lean:466:5: unused variable `Fy`

Note: This linter can be disabled with `set_option linter.unusedVariables false`
warning: FloatSpec/src/Core/Ulp.lean:487:5: unused variable `Fx`

Note: This linter can be disabled with `set_option linter.unusedVariables false`
warning: FloatSpec/src/Core/Ulp.lean:488:5: unused variable `Fy`

Note: This linter can be disabled with `set_option linter.unusedVariables false`
warning: FloatSpec/src/Core/Ulp.lean:503:5: unused variable `Fx`

Note: This linter can be disabled with `set_option linter.unusedVariables false`
warning: FloatSpec/src/Core/Ulp.lean:504:5: unused variable `Fy`

Note: This linter can be disabled with `set_option linter.unusedVariables false`
warning: FloatSpec/src/Core/Ulp.lean:539:85: This simp argument is unused:
  hmag_eq

Hint: Omit it from the simp argument list.
  simp [hx_ne, hx_ne', FloatSpec.Core.Generic_fmt.cexp, FloatSpec.Core.Raux.mag, h̵m̵a̵g̵_̵e̵q̵,̵ ̵Id.run, bind,
  ̲  ̲ ̲ ̲ ̲ ̲ ̲ ̲pure]

Note: This linter can be disabled with `set_option linter.unusedSimpArgs false`
warning: FloatSpec/src/Core/Ulp.lean:954:49: This simp argument is unused:
  mul_assoc

Hint: Omit it from the simp argument list.
  simp [mul_comm, mul_left_comm,̵ ̵m̵u̵l̵_̵a̵s̵s̵o̵c̵]

Note: This linter can be disabled with `set_option linter.unusedSimpArgs false`
warning: FloatSpec/src/Core/Ulp.lean:1050:51: This simp argument is unused:
  mul_assoc

Hint: Omit it from the simp argument list.
  simp [mul_comm, mul_left_comm,̵ ̵m̵u̵l̵_̵a̵s̵s̵o̵c̵]

Note: This linter can be disabled with `set_option linter.unusedSimpArgs false`
warning: FloatSpec/src/Core/Ulp.lean:1095:51: This simp argument is unused:
  mul_assoc

Hint: Omit it from the simp argument list.
  simp [mul_comm, mul_left_comm,̵ ̵m̵u̵l̵_̵a̵s̵s̵o̵c̵]

Note: This linter can be disabled with `set_option linter.unusedSimpArgs false`
warning: FloatSpec/src/Core/Ulp.lean:1159:106: This simp argument is unused:
  mul_assoc

Hint: Omit it from the simp argument list.
  simp [mul_comm,
  ̲  ̲ ̲ ̲ ̲ ̲ ̲ ̲ ̲ ̲ ̲ ̲ ̲ ̲ ̲ ̲ ̲ ̲ ̲ ̲ ̲ ̲m̵u̵l̵_̵l̵e̵f̵t̵_̵c̵o̵m̵m̵,̵ ̵m̵u̵l̵_̵a̵s̵s̵o̵c̵]̵m̲u̲l̲_̲l̲e̲f̲t̲_̲c̲o̲m̲m̲]̲

Note: This linter can be disabled with `set_option linter.unusedSimpArgs false`
warning: FloatSpec/src/Core/Ulp.lean:1223:100: This simp argument is unused:
  mul_assoc

Hint: Omit it from the simp argument list.
  simp [mul_comm,
  ̲  ̲ ̲ ̲ ̲ ̲ ̲ ̲ ̲ ̲ ̲ ̲ ̲ ̲ ̲ ̲m̵u̵l̵_̵l̵e̵f̵t̵_̵c̵o̵m̵m̵,̵ ̵m̵u̵l̵_̵a̵s̵s̵o̵c̵]̵m̲u̲l̲_̲l̲e̲f̲t̲_̲c̲o̲m̲m̲]̲

Note: This linter can be disabled with `set_option linter.unusedSimpArgs false`
warning: FloatSpec/src/Core/Ulp.lean:1302:16: declaration uses 'sorry'
error: FloatSpec/src/Core/Ulp.lean:1383:22: Unknown identifier `generic_format_pred_aux2`
error: FloatSpec/src/Core/Ulp.lean:1397:20: Unknown identifier `generic_format_pred_aux1`
warning: FloatSpec/src/Core/Ulp.lean:1415:16: declaration uses 'sorry'
warning: FloatSpec/src/Core/Ulp.lean:1473:16: declaration uses 'sorry'
warning: FloatSpec/src/Core/Ulp.lean:1482:16: declaration uses 'sorry'
warning: FloatSpec/src/Core/Ulp.lean:1490:16: declaration uses 'sorry'
warning: FloatSpec/src/Core/Ulp.lean:1501:5: unused variable `choice`

Note: This linter can be disabled with `set_option linter.unusedVariables false`
warning: FloatSpec/src/Core/Ulp.lean:1529:12: This simp argument is unused:
  FloatSpec.Core.Round_generic.round_DN_to_format

Hint: Omit it from the simp argument list.
  simp [FloatSpec.Core.Round_generic.round_N_to_format,
          F̵l̵o̵a̵t̵S̵p̵e̵c̵.̵C̵o̵r̵e̵.̵R̵o̵u̵n̵d̵_̵g̵e̵n̵e̵r̵i̵c̵.̵r̵o̵u̵n̵d̵_̵D̵N̵_̵t̵o̵_̵f̵o̵r̵m̵a̵t̵,̵FloatSpec.Core.Round_generic.round_UP_to_format, hd.symm, hu.symm, hlt0]

Note: This linter can be disabled with `set_option linter.unusedSimpArgs false`
warning: FloatSpec/src/Core/Ulp.lean:1530:12: This simp argument is unused:
  FloatSpec.Core.Round_generic.round_UP_to_format

Hint: Omit it from the simp argument list.
  simp [FloatSpec.Core.Round_generic.round_N_to_format,
          FloatSpec.Core.Round_generic.round_DN_to_format, F̵l̵o̵a̵t̵S̵p̵e̵c̵.̵C̵o̵r̵e̵.̵R̵o̵u̵n̵d̵_̵g̵e̵n̵e̵r̵i̵c̵.̵r̵o̵u̵n̵d̵_̵U̵P̵_̵t̵o̵_̵f̵o̵r̵m̵a̵t̵,̵hd.symm, hu.symm, hlt0]

Note: This linter can be disabled with `set_option linter.unusedSimpArgs false`
warning: FloatSpec/src/Core/Ulp.lean:1537:14: This simp argument is unused:
  FloatSpec.Core.Round_generic.round_DN_to_format

Hint: Omit it from the simp argument list.
  simp [FloatSpec.Core.Round_generic.round_N_to_format,
            F̵l̵o̵a̵t̵S̵p̵e̵c̵.̵C̵o̵r̵e̵.̵R̵o̵u̵n̵d̵_̵g̵e̵n̵e̵r̵i̵c̵.̵r̵o̵u̵n̵d̵_̵D̵N̵_̵t̵o̵_̵f̵o̵r̵m̵a̵t̵,̵FloatSpec.Core.Round_generic.round_UP_to_format, hd.symm, hu.symm, hlt0, hgt0]

Note: This linter can be disabled with `set_option linter.unusedSimpArgs false`
warning: FloatSpec/src/Core/Ulp.lean:1538:14: This simp argument is unused:
  FloatSpec.Core.Round_generic.round_UP_to_format

Hint: Omit it from the simp argument list.
  simp [FloatSpec.Core.Round_generic.round_N_to_format,
            FloatSpec.Core.Round_generic.round_DN_to_format, F̵l̵o̵a̵t̵S̵p̵e̵c̵.̵C̵o̵r̵e̵.̵R̵o̵u̵n̵d̵_̵g̵e̵n̵e̵r̵i̵c̵.̵r̵o̵u̵n̵d̵_̵U̵P̵_̵t̵o̵_̵f̵o̵r̵m̵a̵t̵,̵hd.symm, hu.symm, hlt0, hgt0]

Note: This linter can be disabled with `set_option linter.unusedSimpArgs false`
warning: FloatSpec/src/Core/Ulp.lean:1547:14: This simp argument is unused:
  FloatSpec.Core.Round_generic.round_DN_to_format

Hint: Omit it from the simp argument list.
  simp [FloatSpec.Core.Round_generic.round_N_to_format,
            F̵l̵o̵a̵t̵S̵p̵e̵c̵.̵C̵o̵r̵e̵.̵R̵o̵u̵n̵d̵_̵g̵e̵n̵e̵r̵i̵c̵.̵r̵o̵u̵n̵d̵_̵D̵N̵_̵t̵o̵_̵f̵o̵r̵m̵a̵t̵,̵FloatSpec.Core.Round_generic.round_UP_to_format, hd.symm, hu.symm, hnotlt, hnotgt]

Note: This linter can be disabled with `set_option linter.unusedSimpArgs false`
warning: FloatSpec/src/Core/Ulp.lean:1548:14: This simp argument is unused:
  FloatSpec.Core.Round_generic.round_UP_to_format

Hint: Omit it from the simp argument list.
  simp [FloatSpec.Core.Round_generic.round_N_to_format,
            FloatSpec.Core.Round_generic.round_DN_to_format, F̵l̵o̵a̵t̵S̵p̵e̵c̵.̵C̵o̵r̵e̵.̵R̵o̵u̵n̵d̵_̵g̵e̵n̵e̵r̵i̵c̵.̵r̵o̵u̵n̵d̵_̵U̵P̵_̵t̵o̵_̵f̵o̵r̵m̵a̵t̵,̵hd.symm, hu.symm, hnotlt, hnotgt]

Note: This linter can be disabled with `set_option linter.unusedSimpArgs false`
warning: FloatSpec/src/Core/Ulp.lean:1608:10: This simp argument is unused:
  FloatSpec.Core.Round_generic.round_DN_to_format

Hint: Omit it from the simp argument list.
  simp [FloatSpec.Core.Round_generic.round_N_to_format,
        F̵l̵o̵a̵t̵S̵p̵e̵c̵.̵C̵o̵r̵e̵.̵R̵o̵u̵n̵d̵_̵g̵e̵n̵e̵r̵i̵c̵.̵r̵o̵u̵n̵d̵_̵D̵N̵_̵t̵o̵_̵f̵o̵r̵m̵a̵t̵,̵FloatSpec.Core.Round_generic.round_UP_to_format, hd.symm, hu.symm, hbranch]

Note: This linter can be disabled with `set_option linter.unusedSimpArgs false`
warning: FloatSpec/src/Core/Ulp.lean:1609:10: This simp argument is unused:
  FloatSpec.Core.Round_generic.round_UP_to_format

Hint: Omit it from the simp argument list.
  simp [FloatSpec.Core.Round_generic.round_N_to_format,
        FloatSpec.Core.Round_generic.round_DN_to_format, F̵l̵o̵a̵t̵S̵p̵e̵c̵.̵C̵o̵r̵e̵.̵R̵o̵u̵n̵d̵_̵g̵e̵n̵e̵r̵i̵c̵.̵r̵o̵u̵n̵d̵_̵U̵P̵_̵t̵o̵_̵f̵o̵r̵m̵a̵t̵,̵hd.symm, hu.symm, hbranch]

Note: This linter can be disabled with `set_option linter.unusedSimpArgs false`
warning: FloatSpec/src/Core/Ulp.lean:1614:16: declaration uses 'sorry'
warning: FloatSpec/src/Core/Ulp.lean:1623:16: declaration uses 'sorry'
warning: FloatSpec/src/Core/Ulp.lean:1634:16: declaration uses 'sorry'
warning: FloatSpec/src/Core/Ulp.lean:1646:16: declaration uses 'sorry'
warning: FloatSpec/src/Core/Ulp.lean:1659:16: declaration uses 'sorry'
warning: FloatSpec/src/Core/Ulp.lean:1764:16: declaration uses 'sorry'
warning: FloatSpec/src/Core/Ulp.lean:1778:16: declaration uses 'sorry'
warning: FloatSpec/src/Core/Ulp.lean:1794:16: declaration uses 'sorry'
warning: FloatSpec/src/Core/Ulp.lean:1810:16: declaration uses 'sorry'
warning: FloatSpec/src/Core/Ulp.lean:1825:16: declaration uses 'sorry'
warning: FloatSpec/src/Core/Ulp.lean:1843:16: declaration uses 'sorry'
warning: FloatSpec/src/Core/Ulp.lean:1853:16: declaration uses 'sorry'
warning: FloatSpec/src/Core/Ulp.lean:1980:16: declaration uses 'sorry'
warning: FloatSpec/src/Core/Ulp.lean:2006:16: declaration uses 'sorry'
warning: FloatSpec/src/Core/Ulp.lean:2051:16: declaration uses 'sorry'
warning: FloatSpec/src/Core/Ulp.lean:2093:16: declaration uses 'sorry'
warning: FloatSpec/src/Core/Ulp.lean:2133:16: declaration uses 'sorry'
warning: FloatSpec/src/Core/Ulp.lean:2372:16: declaration uses 'sorry'
warning: FloatSpec/src/Core/Ulp.lean:2389:5: unused variable `choice1`

Note: This linter can be disabled with `set_option linter.unusedVariables false`
warning: FloatSpec/src/Core/Ulp.lean:2389:13: unused variable `choice2`

Note: This linter can be disabled with `set_option linter.unusedVariables false`
warning: FloatSpec/src/Core/Ulp.lean:2407:5: unused variable `c1`

Note: This linter can be disabled with `set_option linter.unusedVariables false`
warning: FloatSpec/src/Core/Ulp.lean:2407:8: unused variable `c2`

Note: This linter can be disabled with `set_option linter.unusedVariables false`
warning: FloatSpec/src/Core/Ulp.lean:2408:5: unused variable `hne`

Note: This linter can be disabled with `set_option linter.unusedVariables false`
warning: FloatSpec/src/Core/Ulp.lean:2495:16: declaration uses 'sorry'
warning: FloatSpec/src/Core/Ulp.lean:2559:16: declaration uses 'sorry'
warning: FloatSpec/src/Core/Ulp.lean:2635:16: declaration uses 'sorry'
warning: FloatSpec/src/Core/Ulp.lean:2665:16: declaration uses 'sorry'
warning: FloatSpec/src/Core/Ulp.lean:2711:16: declaration uses 'sorry'
warning: FloatSpec/src/Core/Ulp.lean:2753:16: declaration uses 'sorry'
warning: FloatSpec/src/Core/Ulp.lean:2767:16: declaration uses 'sorry'
warning: FloatSpec/src/Core/Ulp.lean:2803:16: declaration uses 'sorry'
warning: FloatSpec/src/Core/Ulp.lean:2847:16: declaration uses 'sorry'
warning: FloatSpec/src/Core/Ulp.lean:2872:0: automatically included section variable(s) unused in theorem 'FloatSpec.Core.Ulp.succ_0':
  [Valid_exp beta fexp]
consider restructuring your `variable` declarations so that the variables are not in scope or explicitly omit them:
  omit [Valid_exp beta fexp] in theorem ...

Note: This linter can be disabled with `set_option linter.unusedSectionVars false`
warning: FloatSpec/src/Core/Ulp.lean:2883:0: automatically included section variable(s) unused in theorem 'FloatSpec.Core.Ulp.pred_0':
  [Valid_exp beta fexp]
consider restructuring your `variable` declarations so that the variables are not in scope or explicitly omit them:
  omit [Valid_exp beta fexp] in theorem ...

Note: This linter can be disabled with `set_option linter.unusedSectionVars false`
warning: FloatSpec/src/Core/Ulp.lean:2900:5: unused variable `hx`

Note: This linter can be disabled with `set_option linter.unusedVariables false`
warning: FloatSpec/src/Core/Ulp.lean:2977:16: declaration uses 'sorry'
warning: FloatSpec/src/Core/Ulp.lean:3016:16: declaration uses 'sorry'
warning: FloatSpec/src/Core/Ulp.lean:3049:5: unused variable `hx`

Note: This linter can be disabled with `set_option linter.unusedVariables false`
warning: FloatSpec/src/Core/Ulp.lean:3066:16: declaration uses 'sorry'
warning: FloatSpec/src/Core/Ulp.lean:3109:16: declaration uses 'sorry'
warning: FloatSpec/src/Core/Ulp.lean:3141:0: automatically included section variable(s) unused in theorem 'FloatSpec.Core.Ulp.succ_opp':
  [Valid_exp beta fexp]
consider restructuring your `variable` declarations so that the variables are not in scope or explicitly omit them:
  omit [Valid_exp beta fexp] in theorem ...

Note: This linter can be disabled with `set_option linter.unusedSectionVars false`
warning: FloatSpec/src/Core/Ulp.lean:3153:0: automatically included section variable(s) unused in theorem 'FloatSpec.Core.Ulp.pred_opp':
  [Valid_exp beta fexp]
consider restructuring your `variable` declarations so that the variables are not in scope or explicitly omit them:
  omit [Valid_exp beta fexp] in theorem ...

Note: This linter can be disabled with `set_option linter.unusedSectionVars false`
warning: FloatSpec/src/Core/Ulp.lean:3165:0: automatically included section variable(s) unused in theorem 'FloatSpec.Core.Ulp.ulp_opp':
  [Valid_exp beta fexp]
consider restructuring your `variable` declarations so that the variables are not in scope or explicitly omit them:
  omit [Valid_exp beta fexp] in theorem ...

Note: This linter can be disabled with `set_option linter.unusedSectionVars false`
warning: FloatSpec/src/Core/Ulp.lean:3210:16: declaration uses 'sorry'
warning: FloatSpec/src/Core/Ulp.lean:3243:22: This simp argument is unused:
  h0

Hint: Omit it from the simp argument list.
  simp [pred, succ, h0̵,̵ ̵h̵x0, sub_eq_add_neg, h_opp, Id.run, bind, pure]

Note: This linter can be disabled with `set_option linter.unusedSimpArgs false`
warning: FloatSpec/src/Core/Ulp.lean:3243:47: This simp argument is unused:
  h_opp

Hint: Omit it from the simp argument list.
  simp [pred, succ, h0, hx0, sub_eq_add_neg, h̵_̵o̵p̵p̵,̵ ̵Id.run, bind, pure]

Note: This linter can be disabled with `set_option linter.unusedSimpArgs false`
warning: FloatSpec/src/Core/Ulp.lean:3267:22: This simp argument is unused:
  bind

Hint: Omit it from the simp argument list.
  simp [Id.run, b̵i̵n̵d̵,̵ ̵pure, sub_eq_add_neg]

Note: This linter can be disabled with `set_option linter.unusedSimpArgs false`
warning: FloatSpec/src/Core/Ulp.lean:3282:0: automatically included section variable(s) unused in theorem 'FloatSpec.Core.Ulp.succ_eq_pos':
  [Valid_exp beta fexp]
consider restructuring your `variable` declarations so that the variables are not in scope or explicitly omit them:
  omit [Valid_exp beta fexp] in theorem ...

Note: This linter can be disabled with `set_option linter.unusedSectionVars false`
warning: FloatSpec/src/Core/Ulp.lean:3294:0: automatically included section variable(s) unused in theorem 'FloatSpec.Core.Ulp.ulp_ge_0':
  [Valid_exp beta fexp]
consider restructuring your `variable` declarations so that the variables are not in scope or explicitly omit them:
  omit [Valid_exp beta fexp] in theorem ...

Note: This linter can be disabled with `set_option linter.unusedSectionVars false`
warning: FloatSpec/src/Core/Ulp.lean:3306:44: This simp argument is unused:
  bind

Hint: Omit it from the simp argument list.
  simp [wp, PostCond.noThrow, Id.run, b̵i̵n̵d̵,̵ ̵pure, hx, hopt]

Note: This linter can be disabled with `set_option linter.unusedSimpArgs false`
warning: FloatSpec/src/Core/Ulp.lean:3306:60: This simp argument is unused:
  hopt

Hint: Omit it from the simp argument list.
  simp [wp, PostCond.noThrow, Id.run, bind, pure, hx,̵ ̵h̵o̵p̵t̵]

Note: This linter can be disabled with `set_option linter.unusedSimpArgs false`
warning: FloatSpec/src/Core/Ulp.lean:3308:44: This simp argument is unused:
  bind

Hint: Omit it from the simp argument list.
  simp [wp, PostCond.noThrow, Id.run, b̵i̵n̵d̵,̵ ̵pure, hx, hopt, le_of_lt (zpow_pos hbpos _)]

Note: This linter can be disabled with `set_option linter.unusedSimpArgs false`
warning: FloatSpec/src/Core/Ulp.lean:3308:60: This simp argument is unused:
  hopt

Hint: Omit it from the simp argument list.
  simp [wp, PostCond.noThrow, Id.run, bind, pure, hx, h̵o̵p̵t̵,̵ ̵le_of_lt (zpow_pos hbpos _)]

Note: This linter can be disabled with `set_option linter.unusedSimpArgs false`
warning: FloatSpec/src/Core/Ulp.lean:3333:14: This simp argument is unused:
  ulp

Hint: Omit it from the simp argument list.
  simp [u̵l̵p̵,̵ ̵hx, hopt, wp, PostCond.noThrow, Id.run, bind, pure]

Note: This linter can be disabled with `set_option linter.unusedSimpArgs false`
warning: FloatSpec/src/Core/Ulp.lean:3333:23: This simp argument is unused:
  hopt

Hint: Omit it from the simp argument list.
  simp [ulp, hx, h̵o̵p̵t̵,̵ ̵wp, PostCond.noThrow, Id.run, bind, pure]

Note: This linter can be disabled with `set_option linter.unusedSimpArgs false`
warning: FloatSpec/src/Core/Ulp.lean:3356:14: This simp argument is unused:
  ulp

Hint: Omit it from the simp argument list.
  simp [u̵l̵p̵,̵ ̵hx, hopt, wp, PostCond.noThrow, Id.run, bind, pure]

Note: This linter can be disabled with `set_option linter.unusedSimpArgs false`
warning: FloatSpec/src/Core/Ulp.lean:3356:23: This simp argument is unused:
  hopt

Hint: Omit it from the simp argument list.
  simp [ulp, hx, h̵o̵p̵t̵,̵ ̵wp, PostCond.noThrow, Id.run, bind, pure]

Note: This linter can be disabled with `set_option linter.unusedSimpArgs false`
warning: FloatSpec/src/Core/Ulp.lean:3372:56: This simp argument is unused:
  ulp

Hint: Omit it from the simp argument list.
  simp [hx, wp, PostCond.noThrow, Id.run, bind, pure, u̵l̵p̵,̵FloatSpec.Core.Generic_fmt.cexp,
        FloatSpec.Core.Raux.mag] at Hfmt
  ̲  ̲ ̲ ̲ ̲ ̲ ̲ ̲⊢
  ̲  ̲ ̲ ̲ ̲ ̲ ̲ ̲ ̲ ̲-̲-̲ ̲`̲s̲i̲m̲p̲`̲ ̲h̲a̲s̲ ̲a̲l̲r̲e̲a̲d̲y̲ ̲t̲r̲a̲n̲s̲f̲o̲r̲m̲e̲d̲ ̲t̲h̲e̲ ̲g̲o̲a̲l̲ ̲t̲o̲ ̲e̲x̲a̲c̲t̲l̲y̲ ̲`̲H̲f̲m̲t̲`̲.̲
  ̲ ̲ ̲ ̲ ̲ ̲ ̲ ̲ ̲ ̲ ̲

Note: This linter can be disabled with `set_option linter.unusedSimpArgs false`
warning: FloatSpec/src/Core/Ulp.lean:3407:0: automatically included section variable(s) unused in theorem 'FloatSpec.Core.Ulp.pred_pos_lt_id':
  [Valid_exp beta fexp]
consider restructuring your `variable` declarations so that the variables are not in scope or explicitly omit them:
  omit [Valid_exp beta fexp] in theorem ...

Note: This linter can be disabled with `set_option linter.unusedSectionVars false`
warning: FloatSpec/src/Core/Ulp.lean:3424:23: This simp argument is unused:
  bind

Hint: Omit it from the simp argument list.
  simp only [Id.run, b̵i̵n̵d̵,̵ ̵pure]

Note: This linter can be disabled with `set_option linter.unusedSimpArgs false`
warning: FloatSpec/src/Core/Ulp.lean:3433:15: This simp argument is unused:
  Id.run

Hint: Omit it from the simp argument list.
  simp only [I̵d̵.̵r̵u̵n̵,̵ ̵bind, pure]

Note: This linter can be disabled with `set_option linter.unusedSimpArgs false`
warning: FloatSpec/src/Core/Ulp.lean:3640:16: declaration uses 'sorry'
warning: FloatSpec/src/Core/Ulp.lean:3669:44: This simp argument is unused:
  pure

Hint: Omit it from the simp argument list.
  simp [wp, PostCond.noThrow, Id.run, bind,̵ ̵p̵u̵r̵e̵]

Note: This linter can be disabled with `set_option linter.unusedSimpArgs false`
warning: FloatSpec/src/Core/Ulp.lean:3679:8: declaration uses 'sorry'
error: FloatSpec/src/Core/Ulp.lean:3699:2: unexpected token '/-!'; expected 'lemma'
error: FloatSpec/src/Core/Ulp.lean:3714:2: unexpected token '/--'; expected 'lemma'
warning: FloatSpec/src/Core/Ulp.lean:3841:13: unused variable `hx`

Note: This linter can be disabled with `set_option linter.unusedVariables false`
warning: FloatSpec/src/Core/Ulp.lean:3842:5: unused variable `Fx`

Note: This linter can be disabled with `set_option linter.unusedVariables false`
warning: FloatSpec/src/Core/Ulp.lean:3935:16: declaration uses 'sorry'
warning: FloatSpec/src/Core/Ulp.lean:4061:16: declaration uses 'sorry'
warning: FloatSpec/src/Core/Ulp.lean:4329:16: declaration uses 'sorry'
warning: FloatSpec/src/Core/Ulp.lean:4479:0: automatically included section variable(s) unused in theorem 'FloatSpec.Core.Ulp.not_FTZ_generic_format_ulp':
  [Valid_exp beta fexp]
consider restructuring your `variable` declarations so that the variables are not in scope or explicitly omit them:
  omit [Valid_exp beta fexp] in theorem ...

Note: This linter can be disabled with `set_option linter.unusedSectionVars false`
warning: FloatSpec/src/Core/Ulp.lean:4492:63: This simp argument is unused:
  ulp

Hint: Omit it from the simp argument list.
  simp [wp, PostCond.noThrow, Id.run, bind, pure, u̵l̵p̵,̵ ̵hopt]

Note: This linter can be disabled with `set_option linter.unusedSimpArgs false`
warning: FloatSpec/src/Core/Ulp.lean:4492:68: This simp argument is unused:
  hopt

Hint: Omit it from the simp argument list.
  simp [wp, PostCond.noThrow, Id.run, bind, pure, ulp,̵ ̵h̵o̵p̵t̵]

Note: This linter can be disabled with `set_option linter.unusedSimpArgs false`
warning: FloatSpec/src/Core/Ulp.lean:4495:63: This simp argument is unused:
  ulp

Hint: Omit it from the simp argument list.
  simp [wp, PostCond.noThrow, Id.run, bind, pure, u̵l̵p̵,̵ ̵hopt]

Note: This linter can be disabled with `set_option linter.unusedSimpArgs false`
warning: FloatSpec/src/Core/Ulp.lean:4495:68: This simp argument is unused:
  hopt

Hint: Omit it from the simp argument list.
  simp [wp, PostCond.noThrow, Id.run, bind, pure, ulp,̵ ̵h̵o̵p̵t̵]

Note: This linter can be disabled with `set_option linter.unusedSimpArgs false`
warning: FloatSpec/src/Core/Ulp.lean:4535:19: This simp argument is unused:
  wp

Hint: Omit it from the simp argument list.
  simp [hx, ulp, w̵p̵,̵ ̵PostCond.noThrow, Id.run, bind, pure]

Note: This linter can be disabled with `set_option linter.unusedSimpArgs false`
warning: FloatSpec/src/Core/Ulp.lean:4535:23: This simp argument is unused:
  PostCond.noThrow

Hint: Omit it from the simp argument list.
  simp [hx, ulp, wp, P̵o̵s̵t̵C̵o̵n̵d̵.̵n̵o̵T̵h̵r̵o̵w̵,̵ ̵Id.run, bind, pure]

Note: This linter can be disabled with `set_option linter.unusedSimpArgs false`
warning: FloatSpec/src/Core/Ulp.lean:4535:41: This simp argument is unused:
  Id.run

Hint: Omit it from the simp argument list.
  simp [hx, ulp, wp, PostCond.noThrow, I̵d̵.̵r̵u̵n̵,̵ ̵bind, pure]

Note: This linter can be disabled with `set_option linter.unusedSimpArgs false`
warning: FloatSpec/src/Core/Ulp.lean:4590:0: automatically included section variable(s) unused in theorem 'FloatSpec.Core.Ulp.not_FTZ_ulp_ge_ulp_0':
  [Valid_exp beta fexp]
consider restructuring your `variable` declarations so that the variables are not in scope or explicitly omit them:
  omit [Valid_exp beta fexp] in theorem ...

Note: This linter can be disabled with `set_option linter.unusedSectionVars false`
warning: FloatSpec/src/Core/Ulp.lean:4604:63: This simp argument is unused:
  ulp

Hint: Omit it from the simp argument list.
  simp [wp, PostCond.noThrow, Id.run, bind, pure, u̵l̵p̵,̵ ̵hopt]

Note: This linter can be disabled with `set_option linter.unusedSimpArgs false`
warning: FloatSpec/src/Core/Ulp.lean:4604:68: This simp argument is unused:
  hopt

Hint: Omit it from the simp argument list.
  simp [wp, PostCond.noThrow, Id.run, bind, pure, ulp,̵ ̵h̵o̵p̵t̵]

Note: This linter can be disabled with `set_option linter.unusedSimpArgs false`
warning: FloatSpec/src/Core/Ulp.lean:4607:63: This simp argument is unused:
  ulp

Hint: Omit it from the simp argument list.
  simp [wp, PostCond.noThrow, Id.run, bind, pure, u̵l̵p̵,̵ ̵hopt]

Note: This linter can be disabled with `set_option linter.unusedSimpArgs false`
warning: FloatSpec/src/Core/Ulp.lean:4607:68: This simp argument is unused:
  hopt

Hint: Omit it from the simp argument list.
  simp [wp, PostCond.noThrow, Id.run, bind, pure, ulp,̵ ̵h̵o̵p̵t̵]

Note: This linter can be disabled with `set_option linter.unusedSimpArgs false`
warning: FloatSpec/src/Core/Ulp.lean:4658:49: This simp argument is unused:
  Id.run

Hint: Omit it from the simp argument list.
  simp [ulp, ne_of_gt hxpos, ne_of_gt hypos, I̵d̵.̵r̵u̵n̵,̵ ̵bind, pure]

Note: This linter can be disabled with `set_option linter.unusedSimpArgs false`
warning: FloatSpec/src/Core/Ulp.lean:4823:38: This simp argument is unused:
  bind

Hint: Omit it from the simp argument list.
  simp [wp, PostCond.noThrow, Id.run, b̵i̵n̵d̵,̵ ̵pure]

Note: This linter can be disabled with `set_option linter.unusedSimpArgs false`
warning: FloatSpec/src/Core/Ulp.lean:4823:44: This simp argument is unused:
  pure

Hint: Omit it from the simp argument list.
  simp [wp, PostCond.noThrow, Id.run, bind,̵ ̵p̵u̵r̵e̵]

Note: This linter can be disabled with `set_option linter.unusedSimpArgs false`
warning: FloatSpec/src/Core/Ulp.lean:5032:48: This simp argument is unused:
  add_left_comm

Hint: Omit it from the simp argument list.
  simp [sub_eq_add_neg, add_comm, a̵d̵d̵_̵l̵e̵f̵t̵_̵c̵o̵m̵m̵,̵ ̵add_assoc]

Note: This linter can be disabled with `set_option linter.unusedSimpArgs false`
warning: FloatSpec/src/Core/Ulp.lean:5032:63: This simp argument is unused:
  add_assoc

Hint: Omit it from the simp argument list.
  simp [sub_eq_add_neg, add_comm, add_left_comm,̵ ̵a̵d̵d̵_̵a̵s̵s̵o̵c̵]

Note: This linter can be disabled with `set_option linter.unusedSimpArgs false`
warning: FloatSpec/src/Core/Ulp.lean:5134:50: This simp argument is unused:
  hulprun'

Hint: Omit it from the simp argument list.
  simp [wp, PostCond.noThrow, Id.run, bind, pure, hu̵l̵p̵r̵u̵n̵'̵,̵ ̵h̵x_eq]

Note: This linter can be disabled with `set_option linter.unusedSimpArgs false`
warning: FloatSpec/src/Core/Ulp.lean:5283:5: unused variable `hbpos`

Note: This linter can be disabled with `set_option linter.unusedVariables false`
warning: FloatSpec/src/Core/Ulp.lean:5594:28: This simp argument is unused:
  bind

Hint: Omit it from the simp argument list.
  simp [Id.run, b̵i̵n̵d̵,̵ ̵pure]

Note: This linter can be disabled with `set_option linter.unusedSimpArgs false`
warning: FloatSpec/src/Core/Ulp.lean:5950:40: This simp argument is unused:
  bind

Hint: Omit it from the simp argument list.
  simp [Id.run, b̵i̵n̵d̵,̵ ̵pure]

Note: This linter can be disabled with `set_option linter.unusedSimpArgs false`
warning: FloatSpec/src/Core/Ulp.lean:6021:44: This simp argument is unused:
  pure

Hint: Omit it from the simp argument list.
  simp [wp, PostCond.noThrow, Id.run, bind,̵ ̵p̵u̵r̵e̵]

Note: This linter can be disabled with `set_option linter.unusedSimpArgs false`
error: Lean exited with code 1
Some required targets logged failures:
- FloatSpec.src.Core.Ulp
error: build failed
