info: waiting for previous installation request to finish (/home/hantao/.elan/toolchains/leanprover--lean4---v4.24.lock, held by PID 628011)
info: mathlib: checking out revision 'dc2f7b7232556147ee80ebc9da381d566c89c942'
info: plausible: checking out revision '240eddc1bb31420fbbc57fe5cc579435c2522493'
info: importGraph: checking out revision 'dba7fbc707774d1ba830fd44d7f92a717e9bf57f'
info: proofwidgets: checking out revision '6e47cc88cfbf1601ab364e9a4de5f33f13401ff8'
info: aesop: checking out revision '3b779e9d1c73837a3764d516d81f942de391b6f0'
info: Qq: checking out revision 'f85ad59c9b60647ef736719c23edd4578f723806'
info: batteries: checking out revision 'a67fc66cd1ebc0855dc064a4be727798771c0f89'
info: Cli: checking out revision 'cacb481a1eaa4d7d4530a27b606c60923da21caf'
✔ [6/159] Built Batteries.Data.List.ArrayMap (484ms)
✔ [7/159] Built Batteries.Data.List.Count (462ms)
✔ [8/159] Built Batteries.Data.List.Init.Lemmas (449ms)
✔ [9/172] Built Batteries.Lean.Position (535ms)
✔ [10/172] Built Batteries.Control.ForInStep.Basic (475ms)
✔ [11/218] Built Batteries.Util.LibraryNote (803ms)
✔ [12/218] Built Batteries.Tactic.Unreachable (793ms)
✔ [13/218] Built Batteries.Lean.NameMapAttribute (679ms)
✔ [14/262] Built Batteries.Lean.Except (735ms)
✔ [15/262] Built Aesop.Forward.PremiseIndex (560ms)
✔ [16/262] Built Aesop.Forward.LevelIndex (527ms)
✔ [17/317] Built Batteries.Data.Array.Match (807ms)
✔ [18/317] Built Batteries.Lean.EStateM (812ms)
✔ [19/317] Built Aesop.Forward.SlotIndex (621ms)
✔ [21/362] Built Batteries.Tactic.Lint.Basic (1.1s)
✔ [22/362] Built Aesop.Check (796ms)
✔ [23/362] Built Aesop.Nanos (646ms)
✔ [25/369] Built ImportGraph.RequiredModules (1.1s)
✔ [26/369] Built Batteries.Util.ProofWanted (951ms)
✔ [27/369] Built Batteries.Data.Array.Basic (717ms)
✔ [28/369] Built Aesop.Percent (684ms)
✔ [29/369] Built Batteries.Lean.MonadBacktrack (611ms)
✔ [31/410] Built Batteries.CodeAction.Deprecated (1.3s)
✔ [32/410] Built Batteries.Tactic.OpenPrivate (1.4s)
✔ [33/410] Built Batteries.Control.ForInStep.Lemmas (631ms)
✔ [34/410] Built Batteries.Data.Fin.Basic (1.0s)
✔ [35/410] Built Batteries.Lean.Expr (880ms)
✔ [36/410] Built Aesop.Util.UnionFind (832ms)
✔ [37/410] Built Batteries.Lean.Meta.Basic (829ms)
✔ [38/410] Built Batteries.Lean.Meta.Expr (599ms)
✔ [39/410] Built Batteries.Lean.PersistentHashMap (652ms)
✔ [40/418] Built Batteries.CodeAction.Attr (1.3s)
✔ [41/418] Built Batteries.Util.ExtendedBinder (1.2s)
⚠ [42/418] Built Aesop.Rule.Name (987ms)
warning: Aesop/Rule/Name.lean:25:27: `Aesop.PhaseName.toCtorIdx` has been deprecated: Use `Aesop.PhaseName.ctorIdx` instead
warning: Aesop/Rule/Name.lean:25:40: `Aesop.PhaseName.toCtorIdx` has been deprecated: Use `Aesop.PhaseName.ctorIdx` instead
warning: Aesop/Rule/Name.lean:46:27: `Aesop.ScopeName.toCtorIdx` has been deprecated: Use `Aesop.ScopeName.ctorIdx` instead
warning: Aesop/Rule/Name.lean:46:40: `Aesop.ScopeName.toCtorIdx` has been deprecated: Use `Aesop.ScopeName.ctorIdx` instead
warning: Aesop/Rule/Name.lean:72:27: `Aesop.BuilderName.toCtorIdx` has been deprecated: Use `Aesop.BuilderName.ctorIdx` instead
warning: Aesop/Rule/Name.lean:72:40: `Aesop.BuilderName.toCtorIdx` has been deprecated: Use `Aesop.BuilderName.ctorIdx` instead
✔ [43/418] Built Batteries.Lean.Meta.Inaccessible (799ms)
✔ [44/418] Built Batteries.Lean.Meta.UnusedNames (810ms)
✔ [45/418] Built Batteries.Lean.PersistentHashSet (716ms)
✔ [46/418] Built Batteries.Lean.HashSet (642ms)
✔ [47/460] Built Batteries.Data.Array.Merge (1.5s)
✔ [55/529] Built Mathlib.Tactic.Linter.DirectoryDependency (1.7s)
✔ [56/529] Built Batteries.Tactic.PermuteGoals (1.1s)
✔ [57/529] Built Batteries.Lean.TagAttribute (760ms)
✔ [58/529] Built Batteries.Lean.Syntax (603ms)
✔ [59/582] Built Batteries.Data.List.Matcher (733ms)
✔ [60/773] Built Aesop.Constants (659ms)
✔ [61/921] Built Aesop.Search.Expansion.Simp (1.2s)
✔ [62/921] Built Plausible.Attr (763ms)
✔ [63/921] Built LeanSearchClient.Basic (639ms)
✔ [64/1318] Built Batteries.Tactic.Lint.TypeClass (1.0s)
✔ [65/1318] Built Batteries.Tactic.SeqFocus (1.3s)
✔ [66/1318] Built Qq.SortLocalDecls (1.0s)
✔ [67/1401] Built Aesop.Index.DiscrTreeConfig (1.8s)
✔ [68/1401] Built Batteries.Linter.UnreachableTactic (1.4s)
✔ [69/1401] Built Plausible.Random (1.1s)
✔ [70/1537] Built Aesop.RuleTac.RuleTerm (935ms)
✔ [71/1537] Built Batteries.Lean.Meta.SavedState (979ms)
✔ [72/1537] Built Batteries.Lean.Meta.InstantiateMVars (1.0s)
✔ [73/1656] Built Aesop.Options.Public (2.2s)
✔ [74/1656] Built Aesop.ElabM (1.8s)
✔ [75/1662] Built Aesop.Util.UnorderedArraySet (942ms)
✔ [76/1662] Built Aesop.RuleTac.FVarIdSubst (2.1s)
✔ [77/1662] Built Aesop.Script.Tactic (2.0s)
✔ [78/1662] Built Aesop.Script.GoalWithMVars (2.0s)
✔ [79/1662] Built Aesop.RuleSet.Name (1.8s)
✔ [80/1662] Built Batteries.Util.Cache (1.3s)
✔ [81/1662] Built ProofWidgets.Compat (1.0s)
✔ [82/1705] Built Batteries.Classes.SatisfiesM (1.6s)
✔ [83/1705] Built Batteries.Data.Fin.Lemmas (1.4s)
✔ [84/1705] Built Batteries.Lean.Meta.DiscrTree (1.1s)
✔ [85/1705] Built Batteries.Lean.AttributeExtra (1.1s)
✔ [86/1852] Built ProofWidgets.Util (1.2s)
✔ [87/1852] Built Batteries.Data.Nat.Basic (1.1s)
✔ [88/1852] Built Batteries.WF (951ms)
✔ [89/1964] Built Batteries.Tactic.Lint.Misc (1.7s)
✔ [90/1964] Built Aesop.Script.OptimizeSyntax (2.1s)
✔ [91/1964] Built Batteries.Tactic.Init (1.0s)
✔ [92/1964] Built Batteries.Data.MLList.Basic (1.5s)
✔ [93/2107] Built Aesop.Exception (2.1s)
✔ [94/2190] Built Aesop.Frontend.Basic (2.1s)
✔ [95/2337] Built Aesop.Util.Tactic.Unfold (2.5s)
✔ [96/2490] Built Batteries.CodeAction.Basic (1.8s)
✔ [97/2490] Built Qq.ForLean.ToExpr (2.3s)
✔ [98/2575] Built ImportGraph.Imports (2.2s)
✔ [99/2575] Built Qq.ForLean.ReduceEval (2.4s)
✔ [100/2575] Built Qq.Typ (2.4s)
✔ [101/2575] Built Plausible.Gen (1.2s)
✔ [102/2715] Built Batteries.Tactic.Trans (3.4s)
✔ [103/2715] Built Batteries.Data.List.Monadic (862ms)
✔ [104/2715] Built Qq.ForLean.Do (2.4s)
✔ [105/2851] Built Batteries.Tactic.Lint.Frontend (2.5s)
✖ [106/2992] Building Mathlib.Tactic.Linter.Header (1.0s)
trace: .> LEAN_PATH=/home/hantao/code/FloatSpec/.lake/packages/Cli/.lake/build/lib/lean:/home/hantao/code/FloatSpec/.lake/packages/batteries/.lake/build/lib/lean:/home/hantao/code/FloatSpec/.lake/packages/Qq/.lake/build/lib/lean:/home/hantao/code/FloatSpec/.lake/packages/aesop/.lake/build/lib/lean:/home/hantao/code/FloatSpec/.lake/packages/proofwidgets/.lake/build/lib/lean:/home/hantao/code/FloatSpec/.lake/packages/importGraph/.lake/build/lib/lean:/home/hantao/code/FloatSpec/.lake/packages/LeanSearchClient/.lake/build/lib/lean:/home/hantao/code/FloatSpec/.lake/packages/plausible/.lake/build/lib/lean:/home/hantao/code/FloatSpec/.lake/packages/mathlib/.lake/build/lib/lean:/home/hantao/code/FloatSpec/.lake/build/lib/lean /home/hantao/.elan/toolchains/leanprover--lean4---v4.24.0-rc1/bin/lean /home/hantao/code/FloatSpec/.lake/packages/mathlib/Mathlib/Tactic/Linter/Header.lean -o /home/hantao/code/FloatSpec/.lake/packages/mathlib/.lake/build/lib/lean/Mathlib/Tactic/Linter/Header.olean -i /home/hantao/code/FloatSpec/.lake/packages/mathlib/.lake/build/lib/lean/Mathlib/Tactic/Linter/Header.ilean -c /home/hantao/code/FloatSpec/.lake/packages/mathlib/.lake/build/ir/Mathlib/Tactic/Linter/Header.c --setup /home/hantao/code/FloatSpec/.lake/packages/mathlib/.lake/build/ir/Mathlib/Tactic/Linter/Header.setup.json --json
error: Mathlib/Tactic/Linter/Header.lean:330:40: `input` is not a field of structure `Parser.InputContext`
error: Mathlib/Tactic/Linter/Header.lean:330:38: Fields missing: `inputString`

Hint: Add missing fields:
  ,̲
  ̲ ̲ ̲ ̲ ̲ ̲ ̲ ̲ ̲ ̲ ̲ ̲ ̲ ̲ ̲ ̲ ̲ ̲ ̲ ̲ ̲ ̲ ̲ ̲ ̲ ̲ ̲ ̲ ̲ ̲ ̲ ̲ ̲ ̲ ̲ ̲ ̲ ̲ ̲ ̲ ̲i̲n̲p̲u̲t̲S̲t̲r̲i̲n̲g̲ ̲:̲=̲ ̲_̲
error: Mathlib/Tactic/Linter/Header.lean:330:38: could not synthesize default value for field 'endPos_valid' of 'Lean.Parser.InputContext' using tactics
error: Mathlib/Tactic/Linter/Header.lean:330:38: `simp` made no progress
error: Lean exited with code 1
✔ [126/3105] Built Aesop.Util.Tactic (2.3s)
✔ [127/3105] Built Batteries.Tactic.Congr (2.1s)
✔ [128/3105] Built Batteries.Lean.HashMap (788ms)
✔ [129/3105] Built Batteries.Data.String.Matcher (767ms)
✔ [131/3105] Built Batteries.Tactic.Lint.Simp (2.4s)
✖ [132/3105] Building Batteries.Tactic.Alias (2.6s)
trace: .> LEAN_PATH=/home/hantao/code/FloatSpec/.lake/packages/Cli/.lake/build/lib/lean:/home/hantao/code/FloatSpec/.lake/packages/batteries/.lake/build/lib/lean:/home/hantao/code/FloatSpec/.lake/packages/Qq/.lake/build/lib/lean:/home/hantao/code/FloatSpec/.lake/packages/aesop/.lake/build/lib/lean:/home/hantao/code/FloatSpec/.lake/packages/proofwidgets/.lake/build/lib/lean:/home/hantao/code/FloatSpec/.lake/packages/importGraph/.lake/build/lib/lean:/home/hantao/code/FloatSpec/.lake/packages/LeanSearchClient/.lake/build/lib/lean:/home/hantao/code/FloatSpec/.lake/packages/plausible/.lake/build/lib/lean:/home/hantao/code/FloatSpec/.lake/packages/mathlib/.lake/build/lib/lean:/home/hantao/code/FloatSpec/.lake/build/lib/lean /home/hantao/.elan/toolchains/leanprover--lean4---v4.24.0-rc1/bin/lean /home/hantao/code/FloatSpec/.lake/packages/batteries/Batteries/Tactic/Alias.lean -o /home/hantao/code/FloatSpec/.lake/packages/batteries/.lake/build/lib/lean/Batteries/Tactic/Alias.olean -i /home/hantao/code/FloatSpec/.lake/packages/batteries/.lake/build/lib/lean/Batteries/Tactic/Alias.ilean -c /home/hantao/code/FloatSpec/.lake/packages/batteries/.lake/build/ir/Batteries/Tactic/Alias.c --setup /home/hantao/code/FloatSpec/.lake/packages/batteries/.lake/build/ir/Batteries/Tactic/Alias.setup.json --json
error: Batteries/Tactic/Alias.lean:116:27: Application type mismatch: The argument
  declMods.docString?
has type
  Option (TSyntax `Lean.Parser.Command.docComment × Bool)
but is expected to have type
  Syntax
in the application
  addDocString' declName declMods.docString?
error: Batteries/Tactic/Alias.lean:152:25: Application type mismatch: The argument
  declMods.docString?
has type
  Option (TSyntax `Lean.Parser.Command.docComment × Bool)
but is expected to have type
  Syntax
in the application
  addDocString' declName declMods.docString?
error: Lean exited with code 1
✔ [139/3105] Built Batteries.Data.List.Basic (3.0s)
✔ [143/3105] Built Batteries.Tactic.Case (2.8s)
✔ [144/3105] Built Batteries.Control.Nondet.Basic (1.2s)
✔ [145/3105] Built ProofWidgets.Component.Basic (1.7s)
✔ [146/3105] Built ProofWidgets.Cancellable (1.7s)
✔ [147/3105] Built FloatSpec.src.Prop (507ms)
✔ [148/3105] Built Batteries.Linter.UnnecessarySeqFocus (1.7s)
✔ [149/3105] Built Aesop.RuleSet.Filter (1.9s)
✔ [150/3105] Built Batteries.Tactic.Lint (727ms)
✔ [185/3105] Built Aesop.Options.Internal (2.0s)
✔ [368/3105] Built Mathlib.Tactic.RewriteSearch (837ms)
✔ [369/3105] Built Batteries.Data.List.Pairwise (587ms)
✔ [371/3105] Built Aesop.Util.EqualUpToIds (3.3s)
✔ [372/3105] Built Aesop.RuleTac.ElabRuleTerm (2.2s)
✔ [373/3105] Built Aesop.Script.TacticState (2.2s)
✔ [374/3105] Built Plausible.Sampleable (1.6s)
✔ [375/3105] Built Batteries.CodeAction.Misc (3.6s)
✔ [435/3105] Built Batteries.Linter (841ms)
✔ [436/3105] Built ProofWidgets.Component.MakeEditLink (969ms)
✔ [437/3105] Built LeanSearchClient.Syntax (3.5s)
⚠ [438/3105] Built Mathlib.Tactic.Hint (1.4s)
warning: Mathlib/Tactic/Hint.lean:83:43: `Lean.Meta.Tactic.TryThis.SuggestionStyle.success` has been deprecated: `SuggestionStyle` is not used anymore.
warning: Mathlib/Tactic/Hint.lean:83:43: `Lean.Meta.Tactic.TryThis.SuggestionStyle.success` has been deprecated: `SuggestionStyle` is not used anymore.
✔ [439/3105] Built ProofWidgets.Component.Panel.Basic (1.6s)
✔ [440/3105] Built Aesop.Options (1.4s)
✔ [441/3105] Built Batteries.Tactic.Basic (717ms)
✔ [450/3105] Built Aesop.Util.Basic (3.8s)
✔ [451/3105] Built Aesop.RPINF.Basic (6.3s)
✔ [452/3105] Built Batteries.Classes.Order (1.0s)
✔ [472/3105] Built Plausible.Testable (2.1s)
✔ [473/3105] Built Batteries.Tactic.HelpCmd (5.9s)
✔ [474/3105] Built LeanSearchClient.LoogleSyntax (1.8s)
✖ [475/3105] Building ProofWidgets.Data.Html (3.1s)
trace: .> LEAN_PATH=/home/hantao/code/FloatSpec/.lake/packages/Cli/.lake/build/lib/lean:/home/hantao/code/FloatSpec/.lake/packages/batteries/.lake/build/lib/lean:/home/hantao/code/FloatSpec/.lake/packages/Qq/.lake/build/lib/lean:/home/hantao/code/FloatSpec/.lake/packages/aesop/.lake/build/lib/lean:/home/hantao/code/FloatSpec/.lake/packages/proofwidgets/.lake/build/lib/lean:/home/hantao/code/FloatSpec/.lake/packages/importGraph/.lake/build/lib/lean:/home/hantao/code/FloatSpec/.lake/packages/LeanSearchClient/.lake/build/lib/lean:/home/hantao/code/FloatSpec/.lake/packages/plausible/.lake/build/lib/lean:/home/hantao/code/FloatSpec/.lake/packages/mathlib/.lake/build/lib/lean:/home/hantao/code/FloatSpec/.lake/build/lib/lean /home/hantao/.elan/toolchains/leanprover--lean4---v4.24.0-rc1/bin/lean /home/hantao/code/FloatSpec/.lake/packages/proofwidgets/ProofWidgets/Data/Html.lean -o /home/hantao/code/FloatSpec/.lake/packages/proofwidgets/.lake/build/lib/lean/ProofWidgets/Data/Html.olean -i /home/hantao/code/FloatSpec/.lake/packages/proofwidgets/.lake/build/lib/lean/ProofWidgets/Data/Html.ilean -c /home/hantao/code/FloatSpec/.lake/packages/proofwidgets/.lake/build/ir/ProofWidgets/Data/Html.c --setup /home/hantao/code/FloatSpec/.lake/packages/proofwidgets/.lake/build/ir/ProofWidgets/Data/Html.setup.json --json
error: ProofWidgets/Data/Html.lean:66:53: Application type mismatch: The argument
  c
has type
  ParserContext
but is expected to have type
  optParam Bool true
in the application
  mkNodeToken `ProofWidgets.Jsx.jsxText startPos c
error: ProofWidgets/Data/Html.lean:81:0: cannot evaluate code because 'ProofWidgets.Jsx.jsxText._lam_2' uses 'sorry' and/or contains errors
error: ProofWidgets/Data/Html.lean:110:17: unexpected token '$'; expected 'jsxChild', 'jsxElement' or jsxElement
error: ProofWidgets/Data/Html.lean:247:30: unexpected token '$'; expected 'jsxChild', 'jsxElement' or jsxElement
error: ProofWidgets/Data/Html.lean:262:0: Missing name after `end`: Expected the current scope name `delaborator`

Hint: To end the current scope `delaborator`, specify its name:
  end ̲d̲e̲l̲a̲b̲o̲r̲a̲t̲o̲r̲
error: Lean exited with code 1
✔ [488/3105] Built Aesop.Script.Util (1.4s)
✔ [489/3105] Built LeanSearchClient (765ms)
✔ [490/3105] Built Aesop.Script.CtorNames (1.7s)
✔ [491/3105] Built Aesop.RuleTac.Forward.Basic (1.7s)
✔ [492/3105] Built Plausible.Functions (904ms)
✔ [493/3105] Built Plausible.Tactic (1.1s)
✔ [494/3105] Built Aesop.Tracing (1.0s)
✔ [495/3105] Built Aesop.Forward.Substitution (1.9s)
✔ [496/3105] Built Plausible (646ms)
✔ [497/3105] Built Aesop.RulePattern.Cache (1.3s)
✔ [498/3105] Built Aesop.Util.Tactic.Ext (1.6s)
✔ [499/3105] Built Aesop.Stats.Basic (1.9s)
✔ [500/3105] Built Aesop.Script.Step (2.2s)
✔ [501/3105] Built Qq.Macro (7.6s)
✔ [503/3105] Built Aesop.Stats.Extension (1.5s)
✔ [504/3105] Built Aesop.BaseM (1.5s)
✔ [505/3105] Built Aesop.Script.UScript (1.4s)
✔ [506/3105] Built Aesop.Script.SScript (1.4s)
✔ [507/3105] Built Qq.Commands (2.1s)
✔ [508/3105] Built Aesop.Script.ScriptM (1.4s)
✔ [509/3105] Built Aesop.Script.Check (1.5s)
✔ [510/3105] Built Aesop.Stats.Report (1.8s)
✔ [511/3105] Built Aesop.RPINF (1.8s)
✔ [512/3105] Built Qq.Delab (2.6s)
✔ [513/3105] Built Aesop.Script.UScriptToSScript (1.0s)
✔ [514/3105] Built Batteries.Data.BinomialHeap.Basic (6.0s)
✔ [515/3105] Built Qq.MetaM (1.5s)
✔ [516/3105] Built Aesop.Script.StructureStatic (1.7s)
✔ [517/3105] Built Aesop.RulePattern (2.2s)
✔ [518/3105] Built Aesop.RuleTac.GoalDiff (2.3s)
✔ [519/3105] Built Aesop.Script.StructureDynamic (2.6s)
✔ [520/3105] Built Aesop.Script.SpecificTactics (3.3s)
✔ [521/3105] Built Qq.Simp (1.3s)
✔ [522/3105] Built Qq.AssertInstancesCommute (2.2s)
✔ [523/3105] Built Aesop.Forward.RuleInfo (2.0s)
✔ [524/3105] Built Aesop.Script.Main (1.6s)
✔ [525/3105] Built Aesop.Rule.Forward (1.4s)
✔ [526/3105] Built Aesop.Forward.Match.Types (1.5s)
✔ [527/3105] Built Aesop.Index.Basic (1.4s)
✔ [528/3105] Built Qq.Match (7.6s)
✔ [531/3105] Built Aesop.Index.Forward (1.5s)
✔ [532/3105] Built Aesop.RuleTac.Basic (1.7s)
✔ [533/3105] Built Aesop.Index.RulePattern (1.8s)
✔ [534/3105] Built Qq (1.2s)
✔ [579/3105] Built Aesop.RuleTac.Descr (1.4s)
✔ [580/3105] Built Aesop.Search.Expansion.Basic (1.4s)
✔ [581/3105] Built Aesop.RuleTac.Preprocess (1.5s)
✔ [582/3105] Built Aesop.RuleTac.Apply (1.6s)
✔ [583/3105] Built Aesop.RuleTac.Cases (1.9s)
✔ [584/3105] Built Aesop.RuleTac.Tactic (1.9s)
✔ [585/3105] Built Aesop.Rule.Basic (1.2s)
✔ [586/3105] Built Aesop.Rule (1.6s)
✔ [587/3105] Built Aesop.RuleSet.Member (1.3s)
✔ [588/3105] Built Aesop.Tree.UnsafeQueue (1.4s)
✔ [589/3105] Built Aesop.Forward.Match (2.4s)
✔ [590/3105] Built Aesop.Builder.Basic (1.3s)
✔ [591/3105] Built Aesop.Tree.Data.ForwardRuleMatches (1.6s)
✔ [592/3105] Built Aesop.Builder.Constructors (1.6s)
✔ [593/3105] Built Aesop.Builder.Apply (1.6s)
✔ [594/3105] Built Aesop.Builder.Unfold (1.6s)
✔ [595/3105] Built Aesop.Builder.Cases (1.6s)
✔ [596/3105] Built Aesop.Builder.NormSimp (1.6s)
✔ [597/3105] Built Aesop.Builder.Tactic (1.7s)
✔ [598/3105] Built Aesop.Index (1.9s)
✔ [599/3105] Built Aesop.Builder.Forward (2.2s)
✔ [600/3105] Built Aesop.RuleTac.Forward (2.5s)
✔ [601/3105] Built Aesop.Builder.Default (1.3s)
✔ [602/3105] Built Aesop.RuleTac (1.2s)
✔ [603/3105] Built Aesop.RuleSet (3.1s)
✔ [604/3105] Built Aesop.Forward.State (5.2s)
✔ [605/3105] Built Aesop.Frontend.Extension.Init (1.3s)
✔ [606/3105] Built Aesop.Forward.State.ApplyGoalDiff (1.6s)
✔ [607/3105] Built Aesop.Forward.State.Initial (1.7s)
✔ [608/3105] Built Aesop.Frontend.RuleExpr (3.9s)
✔ [609/3105] Built Aesop.Frontend.Extension (1.6s)
✔ [610/3105] Built Aesop.Tree.Data (2.9s)
✖ [611/3105] Building Aesop.Search.Queue.Class (1.4s)
trace: .> LEAN_PATH=/home/hantao/code/FloatSpec/.lake/packages/Cli/.lake/build/lib/lean:/home/hantao/code/FloatSpec/.lake/packages/batteries/.lake/build/lib/lean:/home/hantao/code/FloatSpec/.lake/packages/Qq/.lake/build/lib/lean:/home/hantao/code/FloatSpec/.lake/packages/aesop/.lake/build/lib/lean:/home/hantao/code/FloatSpec/.lake/packages/proofwidgets/.lake/build/lib/lean:/home/hantao/code/FloatSpec/.lake/packages/importGraph/.lake/build/lib/lean:/home/hantao/code/FloatSpec/.lake/packages/LeanSearchClient/.lake/build/lib/lean:/home/hantao/code/FloatSpec/.lake/packages/plausible/.lake/build/lib/lean:/home/hantao/code/FloatSpec/.lake/packages/mathlib/.lake/build/lib/lean:/home/hantao/code/FloatSpec/.lake/build/lib/lean /home/hantao/.elan/toolchains/leanprover--lean4---v4.24.0-rc1/bin/lean /home/hantao/code/FloatSpec/.lake/packages/aesop/Aesop/Search/Queue/Class.lean -o /home/hantao/code/FloatSpec/.lake/packages/aesop/.lake/build/lib/lean/Aesop/Search/Queue/Class.olean -i /home/hantao/code/FloatSpec/.lake/packages/aesop/.lake/build/lib/lean/Aesop/Search/Queue/Class.ilean -c /home/hantao/code/FloatSpec/.lake/packages/aesop/.lake/build/ir/Aesop/Search/Queue/Class.c --setup /home/hantao/code/FloatSpec/.lake/packages/aesop/.lake/build/ir/Aesop/Search/Queue/Class.setup.json --json
info: stderr:
failed to write '/home/hantao/code/FloatSpec/.lake/packages/aesop/.lake/build/lib/lean/Aesop/Search/Queue/Class.olean': failed to create file '/home/hantao/code/FloatSpec/.lake/packages/aesop/.lake/build/lib/lean/Aesop/Search/Queue/Class.olean'
error: Lean exited with code 1
✖ [612/3105] Building Aesop.Tree.RunMetaM (1.5s)
trace: .> LEAN_PATH=/home/hantao/code/FloatSpec/.lake/packages/Cli/.lake/build/lib/lean:/home/hantao/code/FloatSpec/.lake/packages/batteries/.lake/build/lib/lean:/home/hantao/code/FloatSpec/.lake/packages/Qq/.lake/build/lib/lean:/home/hantao/code/FloatSpec/.lake/packages/aesop/.lake/build/lib/lean:/home/hantao/code/FloatSpec/.lake/packages/proofwidgets/.lake/build/lib/lean:/home/hantao/code/FloatSpec/.lake/packages/importGraph/.lake/build/lib/lean:/home/hantao/code/FloatSpec/.lake/packages/LeanSearchClient/.lake/build/lib/lean:/home/hantao/code/FloatSpec/.lake/packages/plausible/.lake/build/lib/lean:/home/hantao/code/FloatSpec/.lake/packages/mathlib/.lake/build/lib/lean:/home/hantao/code/FloatSpec/.lake/build/lib/lean /home/hantao/.elan/toolchains/leanprover--lean4---v4.24.0-rc1/bin/lean /home/hantao/code/FloatSpec/.lake/packages/aesop/Aesop/Tree/RunMetaM.lean -o /home/hantao/code/FloatSpec/.lake/packages/aesop/.lake/build/lib/lean/Aesop/Tree/RunMetaM.olean -i /home/hantao/code/FloatSpec/.lake/packages/aesop/.lake/build/lib/lean/Aesop/Tree/RunMetaM.ilean -c /home/hantao/code/FloatSpec/.lake/packages/aesop/.lake/build/ir/Aesop/Tree/RunMetaM.c --setup /home/hantao/code/FloatSpec/.lake/packages/aesop/.lake/build/ir/Aesop/Tree/RunMetaM.setup.json --json
info: stderr:
failed to write '/home/hantao/code/FloatSpec/.lake/packages/aesop/.lake/build/lib/lean/Aesop/Tree/RunMetaM.olean': failed to create file '/home/hantao/code/FloatSpec/.lake/packages/aesop/.lake/build/lib/lean/Aesop/Tree/RunMetaM.olean'
error: Lean exited with code 1
✖ [613/3105] Building Aesop.Tree.Traversal (1.5s)
trace: .> LEAN_PATH=/home/hantao/code/FloatSpec/.lake/packages/Cli/.lake/build/lib/lean:/home/hantao/code/FloatSpec/.lake/packages/batteries/.lake/build/lib/lean:/home/hantao/code/FloatSpec/.lake/packages/Qq/.lake/build/lib/lean:/home/hantao/code/FloatSpec/.lake/packages/aesop/.lake/build/lib/lean:/home/hantao/code/FloatSpec/.lake/packages/proofwidgets/.lake/build/lib/lean:/home/hantao/code/FloatSpec/.lake/packages/importGraph/.lake/build/lib/lean:/home/hantao/code/FloatSpec/.lake/packages/LeanSearchClient/.lake/build/lib/lean:/home/hantao/code/FloatSpec/.lake/packages/plausible/.lake/build/lib/lean:/home/hantao/code/FloatSpec/.lake/packages/mathlib/.lake/build/lib/lean:/home/hantao/code/FloatSpec/.lake/build/lib/lean /home/hantao/.elan/toolchains/leanprover--lean4---v4.24.0-rc1/bin/lean /home/hantao/code/FloatSpec/.lake/packages/aesop/Aesop/Tree/Traversal.lean -o /home/hantao/code/FloatSpec/.lake/packages/aesop/.lake/build/lib/lean/Aesop/Tree/Traversal.olean -i /home/hantao/code/FloatSpec/.lake/packages/aesop/.lake/build/lib/lean/Aesop/Tree/Traversal.ilean -c /home/hantao/code/FloatSpec/.lake/packages/aesop/.lake/build/ir/Aesop/Tree/Traversal.c --setup /home/hantao/code/FloatSpec/.lake/packages/aesop/.lake/build/ir/Aesop/Tree/Traversal.setup.json --json
info: stderr:
failed to write '/home/hantao/code/FloatSpec/.lake/packages/aesop/.lake/build/lib/lean/Aesop/Tree/Traversal.olean': failed to create file '/home/hantao/code/FloatSpec/.lake/packages/aesop/.lake/build/lib/lean/Aesop/Tree/Traversal.olean'
error: Lean exited with code 1
✖ [616/3105] Building Aesop.Frontend.Attribute (1.6s)
trace: .> LEAN_PATH=/home/hantao/code/FloatSpec/.lake/packages/Cli/.lake/build/lib/lean:/home/hantao/code/FloatSpec/.lake/packages/batteries/.lake/build/lib/lean:/home/hantao/code/FloatSpec/.lake/packages/Qq/.lake/build/lib/lean:/home/hantao/code/FloatSpec/.lake/packages/aesop/.lake/build/lib/lean:/home/hantao/code/FloatSpec/.lake/packages/proofwidgets/.lake/build/lib/lean:/home/hantao/code/FloatSpec/.lake/packages/importGraph/.lake/build/lib/lean:/home/hantao/code/FloatSpec/.lake/packages/LeanSearchClient/.lake/build/lib/lean:/home/hantao/code/FloatSpec/.lake/packages/plausible/.lake/build/lib/lean:/home/hantao/code/FloatSpec/.lake/packages/mathlib/.lake/build/lib/lean:/home/hantao/code/FloatSpec/.lake/build/lib/lean /home/hantao/.elan/toolchains/leanprover--lean4---v4.24.0-rc1/bin/lean /home/hantao/code/FloatSpec/.lake/packages/aesop/Aesop/Frontend/Attribute.lean -o /home/hantao/code/FloatSpec/.lake/packages/aesop/.lake/build/lib/lean/Aesop/Frontend/Attribute.olean -i /home/hantao/code/FloatSpec/.lake/packages/aesop/.lake/build/lib/lean/Aesop/Frontend/Attribute.ilean -c /home/hantao/code/FloatSpec/.lake/packages/aesop/.lake/build/ir/Aesop/Frontend/Attribute.c --setup /home/hantao/code/FloatSpec/.lake/packages/aesop/.lake/build/ir/Aesop/Frontend/Attribute.setup.json --json
info: stderr:
failed to write '/home/hantao/code/FloatSpec/.lake/packages/aesop/.lake/build/lib/lean/Aesop/Frontend/Attribute.olean': failed to create file '/home/hantao/code/FloatSpec/.lake/packages/aesop/.lake/build/lib/lean/Aesop/Frontend/Attribute.olean'
error: Lean exited with code 1
✖ [626/3105] Building Aesop.Tree.TreeM (1.8s)
trace: .> LEAN_PATH=/home/hantao/code/FloatSpec/.lake/packages/Cli/.lake/build/lib/lean:/home/hantao/code/FloatSpec/.lake/packages/batteries/.lake/build/lib/lean:/home/hantao/code/FloatSpec/.lake/packages/Qq/.lake/build/lib/lean:/home/hantao/code/FloatSpec/.lake/packages/aesop/.lake/build/lib/lean:/home/hantao/code/FloatSpec/.lake/packages/proofwidgets/.lake/build/lib/lean:/home/hantao/code/FloatSpec/.lake/packages/importGraph/.lake/build/lib/lean:/home/hantao/code/FloatSpec/.lake/packages/LeanSearchClient/.lake/build/lib/lean:/home/hantao/code/FloatSpec/.lake/packages/plausible/.lake/build/lib/lean:/home/hantao/code/FloatSpec/.lake/packages/mathlib/.lake/build/lib/lean:/home/hantao/code/FloatSpec/.lake/build/lib/lean /home/hantao/.elan/toolchains/leanprover--lean4---v4.24.0-rc1/bin/lean /home/hantao/code/FloatSpec/.lake/packages/aesop/Aesop/Tree/TreeM.lean -o /home/hantao/code/FloatSpec/.lake/packages/aesop/.lake/build/lib/lean/Aesop/Tree/TreeM.olean -i /home/hantao/code/FloatSpec/.lake/packages/aesop/.lake/build/lib/lean/Aesop/Tree/TreeM.ilean -c /home/hantao/code/FloatSpec/.lake/packages/aesop/.lake/build/ir/Aesop/Tree/TreeM.c --setup /home/hantao/code/FloatSpec/.lake/packages/aesop/.lake/build/ir/Aesop/Tree/TreeM.setup.json --json
info: stderr:
failed to write '/home/hantao/code/FloatSpec/.lake/packages/aesop/.lake/build/lib/lean/Aesop/Tree/TreeM.olean': failed to create file '/home/hantao/code/FloatSpec/.lake/packages/aesop/.lake/build/lib/lean/Aesop/Tree/TreeM.olean'
error: Lean exited with code 1
✖ [640/3105] Building Aesop.Saturate (3.0s)
trace: .> LEAN_PATH=/home/hantao/code/FloatSpec/.lake/packages/Cli/.lake/build/lib/lean:/home/hantao/code/FloatSpec/.lake/packages/batteries/.lake/build/lib/lean:/home/hantao/code/FloatSpec/.lake/packages/Qq/.lake/build/lib/lean:/home/hantao/code/FloatSpec/.lake/packages/aesop/.lake/build/lib/lean:/home/hantao/code/FloatSpec/.lake/packages/proofwidgets/.lake/build/lib/lean:/home/hantao/code/FloatSpec/.lake/packages/importGraph/.lake/build/lib/lean:/home/hantao/code/FloatSpec/.lake/packages/LeanSearchClient/.lake/build/lib/lean:/home/hantao/code/FloatSpec/.lake/packages/plausible/.lake/build/lib/lean:/home/hantao/code/FloatSpec/.lake/packages/mathlib/.lake/build/lib/lean:/home/hantao/code/FloatSpec/.lake/build/lib/lean /home/hantao/.elan/toolchains/leanprover--lean4---v4.24.0-rc1/bin/lean /home/hantao/code/FloatSpec/.lake/packages/aesop/Aesop/Saturate.lean -o /home/hantao/code/FloatSpec/.lake/packages/aesop/.lake/build/lib/lean/Aesop/Saturate.olean -i /home/hantao/code/FloatSpec/.lake/packages/aesop/.lake/build/lib/lean/Aesop/Saturate.ilean -c /home/hantao/code/FloatSpec/.lake/packages/aesop/.lake/build/ir/Aesop/Saturate.c --setup /home/hantao/code/FloatSpec/.lake/packages/aesop/.lake/build/ir/Aesop/Saturate.setup.json --json
info: stderr:
failed to write '/home/hantao/code/FloatSpec/.lake/packages/aesop/.lake/build/lib/lean/Aesop/Saturate.olean': failed to create file '/home/hantao/code/FloatSpec/.lake/packages/aesop/.lake/build/lib/lean/Aesop/Saturate.olean'
error: Lean exited with code 1
✖ [642/3105] Building Aesop.Frontend.Command (2.3s)
trace: .> LEAN_PATH=/home/hantao/code/FloatSpec/.lake/packages/Cli/.lake/build/lib/lean:/home/hantao/code/FloatSpec/.lake/packages/batteries/.lake/build/lib/lean:/home/hantao/code/FloatSpec/.lake/packages/Qq/.lake/build/lib/lean:/home/hantao/code/FloatSpec/.lake/packages/aesop/.lake/build/lib/lean:/home/hantao/code/FloatSpec/.lake/packages/proofwidgets/.lake/build/lib/lean:/home/hantao/code/FloatSpec/.lake/packages/importGraph/.lake/build/lib/lean:/home/hantao/code/FloatSpec/.lake/packages/LeanSearchClient/.lake/build/lib/lean:/home/hantao/code/FloatSpec/.lake/packages/plausible/.lake/build/lib/lean:/home/hantao/code/FloatSpec/.lake/packages/mathlib/.lake/build/lib/lean:/home/hantao/code/FloatSpec/.lake/build/lib/lean /home/hantao/.elan/toolchains/leanprover--lean4---v4.24.0-rc1/bin/lean /home/hantao/code/FloatSpec/.lake/packages/aesop/Aesop/Frontend/Command.lean -o /home/hantao/code/FloatSpec/.lake/packages/aesop/.lake/build/lib/lean/Aesop/Frontend/Command.olean -i /home/hantao/code/FloatSpec/.lake/packages/aesop/.lake/build/lib/lean/Aesop/Frontend/Command.ilean -c /home/hantao/code/FloatSpec/.lake/packages/aesop/.lake/build/ir/Aesop/Frontend/Command.c --setup /home/hantao/code/FloatSpec/.lake/packages/aesop/.lake/build/ir/Aesop/Frontend/Command.setup.json --json
info: stderr:
failed to write '/home/hantao/code/FloatSpec/.lake/packages/aesop/.lake/build/lib/lean/Aesop/Frontend/Command.olean': failed to create file '/home/hantao/code/FloatSpec/.lake/packages/aesop/.lake/build/lib/lean/Aesop/Frontend/Command.olean'
error: Lean exited with code 1
✖ [644/3105] Building Aesop.Frontend.Tactic (2.3s)
trace: .> LEAN_PATH=/home/hantao/code/FloatSpec/.lake/packages/Cli/.lake/build/lib/lean:/home/hantao/code/FloatSpec/.lake/packages/batteries/.lake/build/lib/lean:/home/hantao/code/FloatSpec/.lake/packages/Qq/.lake/build/lib/lean:/home/hantao/code/FloatSpec/.lake/packages/aesop/.lake/build/lib/lean:/home/hantao/code/FloatSpec/.lake/packages/proofwidgets/.lake/build/lib/lean:/home/hantao/code/FloatSpec/.lake/packages/importGraph/.lake/build/lib/lean:/home/hantao/code/FloatSpec/.lake/packages/LeanSearchClient/.lake/build/lib/lean:/home/hantao/code/FloatSpec/.lake/packages/plausible/.lake/build/lib/lean:/home/hantao/code/FloatSpec/.lake/packages/mathlib/.lake/build/lib/lean:/home/hantao/code/FloatSpec/.lake/build/lib/lean /home/hantao/.elan/toolchains/leanprover--lean4---v4.24.0-rc1/bin/lean /home/hantao/code/FloatSpec/.lake/packages/aesop/Aesop/Frontend/Tactic.lean -o /home/hantao/code/FloatSpec/.lake/packages/aesop/.lake/build/lib/lean/Aesop/Frontend/Tactic.olean -i /home/hantao/code/FloatSpec/.lake/packages/aesop/.lake/build/lib/lean/Aesop/Frontend/Tactic.ilean -c /home/hantao/code/FloatSpec/.lake/packages/aesop/.lake/build/ir/Aesop/Frontend/Tactic.c --setup /home/hantao/code/FloatSpec/.lake/packages/aesop/.lake/build/ir/Aesop/Frontend/Tactic.setup.json --json
info: stderr:
failed to write '/home/hantao/code/FloatSpec/.lake/packages/aesop/.lake/build/lib/lean/Aesop/Frontend/Tactic.olean': failed to create file '/home/hantao/code/FloatSpec/.lake/packages/aesop/.lake/build/lib/lean/Aesop/Frontend/Tactic.olean'
error: Lean exited with code 1
Some required targets logged failures:
- Mathlib.Tactic.Linter.Header
- Batteries.Tactic.Alias
- ProofWidgets.Data.Html
- Aesop.Search.Queue.Class
- Aesop.Tree.RunMetaM
- Aesop.Tree.Traversal
- Aesop.Frontend.Attribute
- Aesop.Tree.TreeM
- Aesop.Saturate
- Aesop.Frontend.Command
- Aesop.Frontend.Tactic
error: build failed
