✔ [8/177] Built Batteries.Lean.Position (615ms)
✔ [9/177] Built Batteries.Data.List.ArrayMap (584ms)
✔ [10/177] Built Batteries.Data.List.Count (571ms)
✔ [11/177] Built Batteries.Data.List.Init.Lemmas (534ms)
✔ [12/177] Built Batteries.Control.ForInStep.Basic (553ms)
✔ [13/216] Built Batteries.Lean.Meta.Inaccessible (712ms)
✔ [14/252] Built Batteries.Util.LibraryNote (893ms)
✔ [15/252] Built Batteries.Tactic.Unreachable (862ms)
✔ [16/252] Built Batteries.Lean.NameMapAttribute (764ms)
✔ [17/252] Built Batteries.Lean.Except (685ms)
✔ [18/252] Built Aesop.Forward.PremiseIndex (575ms)
✔ [19/252] Built Aesop.Forward.SlotIndex (603ms)
✔ [20/252] Built Aesop.Forward.LevelIndex (542ms)
✔ [21/324] Built Aesop.Check (740ms)
✔ [22/324] Built Aesop.Nanos (617ms)
✔ [24/352] Built Batteries.Tactic.Lint.Basic (1.1s)
✔ [25/352] Built Batteries.Lean.EStateM (909ms)
✔ [26/352] Built Batteries.Data.String.Basic (652ms)
✔ [27/352] Built Batteries.Data.Array.Basic (657ms)
✔ [28/352] Built Aesop.Percent (626ms)
✔ [29/352] Built Batteries.Lean.MonadBacktrack (522ms)
✔ [30/378] Built ImportGraph.RequiredModules (1.2s)
✔ [31/378] Built Batteries.Data.Fin.Basic (1.0s)
✔ [32/378] Built Batteries.Util.ProofWanted (1.0s)
✔ [33/378] Built Aesop.Util.UnionFind (748ms)
✔ [34/378] Built Batteries.Control.Lemmas (664ms)
✔ [35/378] Built Batteries.Lean.Meta.Expr (549ms)
✔ [39/446] Built Batteries.CodeAction.Deprecated (1.3s)
✔ [42/446] Built Batteries.Data.Array.Match (1.1s)
✔ [43/446] Built Batteries.Util.ExtendedBinder (1.1s)
✔ [44/446] Built Batteries.Lean.Expr (854ms)
✔ [45/446] Built Batteries.Lean.PersistentHashMap (584ms)
✔ [47/487] Built Batteries.CodeAction.Attr (1.3s)
✔ [48/487] Built Batteries.Control.ForInStep.Lemmas (659ms)
✔ [49/487] Built Batteries.Lean.Meta.UnusedNames (763ms)
✔ [50/487] Built Batteries.Lean.PersistentHashSet (715ms)
✔ [51/487] Built Batteries.Lean.HashSet (580ms)
✔ [59/568] Built Batteries.Lean.TagAttribute (628ms)
✔ [61/639] Built Mathlib.Tactic.Linter.DirectoryDependency (1.7s)
✔ [70/639] Built Batteries.Tactic.OpenPrivate (1.6s)
✔ [80/639] Built Batteries.Tactic.PermuteGoals (1.0s)
✔ [81/639] Built Batteries.Lean.Syntax (595ms)
✔ [82/795] Built Aesop.Constants (582ms)
✔ [83/971] Built Aesop.Search.Expansion.Simp (1.0s)
✔ [84/1118] Built Batteries.Data.Array.Merge (1.5s)
✔ [85/1180] Built Batteries.Tactic.Lint.TypeClass (936ms)
✔ [86/1180] Built Batteries.Data.List.Matcher (717ms)
✔ [87/1180] Built Aesop.Index.DiscrTreeConfig (1.7s)
✔ [88/1180] Built Batteries.Control.LawfulMonadState (1.5s)
✔ [89/1180] Built Plausible.Attr (765ms)
✔ [90/1180] Built LeanSearchClient.Basic (731ms)
✔ [91/1323] Built Batteries.Tactic.SeqFocus (1.2s)
✔ [92/1323] Built Qq.SortLocalDecls (1.0s)
✔ [93/1323] Built ProofWidgets.Compat (784ms)
✔ [94/1402] Built Aesop.Script.Tactic (1.7s)
✔ [95/1402] Built Plausible.Random (1.0s)
✔ [96/1514] Built Aesop.RuleTac.FVarIdSubst (1.8s)
✔ [97/1514] Built Batteries.Linter.UnreachableTactic (1.4s)
✔ [98/1514] Built Batteries.Lean.AttributeExtra (798ms)
✔ [99/1514] Built Batteries.Data.Nat.Basic (769ms)
✔ [100/1514] Built Batteries.WF (761ms)
✔ [101/1629] Built Aesop.Options.Public (2.1s)
✔ [102/1629] Built Aesop.Script.GoalWithMVars (1.8s)
✔ [103/1629] Built Aesop.ElabM (1.8s)
✔ [104/1629] Built Batteries.Util.Cache (1.1s)
✔ [105/1629] Built ProofWidgets.Util (1.1s)
✔ [106/1742] Built Batteries.Data.Fin.Lemmas (1.3s)
✔ [107/1742] Built Batteries.Lean.Meta.DiscrTree (628ms)
✔ [108/1861] Built Batteries.Classes.SatisfiesM (1.5s)
✔ [109/1861] Built Aesop.Util.UnorderedArraySet (697ms)
✔ [110/1861] Built Aesop.RuleSet.Name (1.9s)
✔ [112/1861] Built Batteries.Tactic.Init (1.8s)
✔ [113/1997] Built Batteries.Tactic.Lint.Misc (1.6s)
✔ [114/1997] Built Aesop.Exception (1.9s)
✔ [115/1997] Built Aesop.Frontend.Basic (1.8s)
✔ [116/2130] Built Batteries.CodeAction.Basic (1.4s)
✖ [117/2130] Building Aesop.Util.Basic (194ms)
trace: .> LEAN_PATH=/home/hantao/code/FloatSpec/.lake/packages/Cli/.lake/build/lib/lean:/home/hantao/code/FloatSpec/.lake/packages/batteries/.lake/build/lib/lean:/home/hantao/code/FloatSpec/.lake/packages/Qq/.lake/build/lib/lean:/home/hantao/code/FloatSpec/.lake/packages/aesop/.lake/build/lib/lean:/home/hantao/code/FloatSpec/.lake/packages/proofwidgets/.lake/build/lib/lean:/home/hantao/code/FloatSpec/.lake/packages/importGraph/.lake/build/lib/lean:/home/hantao/code/FloatSpec/.lake/packages/LeanSearchClient/.lake/build/lib/lean:/home/hantao/code/FloatSpec/.lake/packages/plausible/.lake/build/lib/lean:/home/hantao/code/FloatSpec/.lake/packages/mathlib/.lake/build/lib/lean:/home/hantao/code/FloatSpec/.lake/build/lib/lean /home/hantao/.elan/toolchains/leanprover--lean4---v4.24.0-rc1/bin/lean /home/hantao/code/FloatSpec/.lake/packages/aesop/Aesop/Util/Basic.lean -o /home/hantao/code/FloatSpec/.lake/packages/aesop/.lake/build/lib/lean/Aesop/Util/Basic.olean -i /home/hantao/code/FloatSpec/.lake/packages/aesop/.lake/build/lib/lean/Aesop/Util/Basic.ilean -c /home/hantao/code/FloatSpec/.lake/packages/aesop/.lake/build/ir/Aesop/Util/Basic.c --setup /home/hantao/code/FloatSpec/.lake/packages/aesop/.lake/build/ir/Aesop/Util/Basic.setup.json --json
error: Aesop/Util/Basic.lean:7:0: failed to open file '/home/hantao/code/FloatSpec/.lake/packages/aesop/.lake/build/lib/lean/Aesop/Index/DiscrTreeConfig.olean'
error: Lean exited with code 1
✔ [131/2130] Built Batteries.Control.OptionT (865ms)
✖ [137/2212] Building Aesop.Script.OptimizeSyntax (2.2s)
trace: .> LEAN_PATH=/home/hantao/code/FloatSpec/.lake/packages/Cli/.lake/build/lib/lean:/home/hantao/code/FloatSpec/.lake/packages/batteries/.lake/build/lib/lean:/home/hantao/code/FloatSpec/.lake/packages/Qq/.lake/build/lib/lean:/home/hantao/code/FloatSpec/.lake/packages/aesop/.lake/build/lib/lean:/home/hantao/code/FloatSpec/.lake/packages/proofwidgets/.lake/build/lib/lean:/home/hantao/code/FloatSpec/.lake/packages/importGraph/.lake/build/lib/lean:/home/hantao/code/FloatSpec/.lake/packages/LeanSearchClient/.lake/build/lib/lean:/home/hantao/code/FloatSpec/.lake/packages/plausible/.lake/build/lib/lean:/home/hantao/code/FloatSpec/.lake/packages/mathlib/.lake/build/lib/lean:/home/hantao/code/FloatSpec/.lake/build/lib/lean /home/hantao/.elan/toolchains/leanprover--lean4---v4.24.0-rc1/bin/lean /home/hantao/code/FloatSpec/.lake/packages/aesop/Aesop/Script/OptimizeSyntax.lean -o /home/hantao/code/FloatSpec/.lake/packages/aesop/.lake/build/lib/lean/Aesop/Script/OptimizeSyntax.olean -i /home/hantao/code/FloatSpec/.lake/packages/aesop/.lake/build/lib/lean/Aesop/Script/OptimizeSyntax.ilean -c /home/hantao/code/FloatSpec/.lake/packages/aesop/.lake/build/ir/Aesop/Script/OptimizeSyntax.c --setup /home/hantao/code/FloatSpec/.lake/packages/aesop/.lake/build/ir/Aesop/Script/OptimizeSyntax.setup.json --json
info: stderr:
failed to write '/home/hantao/code/FloatSpec/.lake/packages/aesop/.lake/build/lib/lean/Aesop/Script/OptimizeSyntax.olean': failed to create file '/home/hantao/code/FloatSpec/.lake/packages/aesop/.lake/build/lib/lean/Aesop/Script/OptimizeSyntax.olean'
error: Lean exited with code 1
✖ [138/2212] Building Qq.ForLean.ToExpr (1.0s)
trace: .> LEAN_PATH=/home/hantao/code/FloatSpec/.lake/packages/Cli/.lake/build/lib/lean:/home/hantao/code/FloatSpec/.lake/packages/batteries/.lake/build/lib/lean:/home/hantao/code/FloatSpec/.lake/packages/Qq/.lake/build/lib/lean:/home/hantao/code/FloatSpec/.lake/packages/aesop/.lake/build/lib/lean:/home/hantao/code/FloatSpec/.lake/packages/proofwidgets/.lake/build/lib/lean:/home/hantao/code/FloatSpec/.lake/packages/importGraph/.lake/build/lib/lean:/home/hantao/code/FloatSpec/.lake/packages/LeanSearchClient/.lake/build/lib/lean:/home/hantao/code/FloatSpec/.lake/packages/plausible/.lake/build/lib/lean:/home/hantao/code/FloatSpec/.lake/packages/mathlib/.lake/build/lib/lean:/home/hantao/code/FloatSpec/.lake/build/lib/lean /home/hantao/.elan/toolchains/leanprover--lean4---v4.24.0-rc1/bin/lean /home/hantao/code/FloatSpec/.lake/packages/Qq/Qq/ForLean/ToExpr.lean -o /home/hantao/code/FloatSpec/.lake/packages/Qq/.lake/build/lib/lean/Qq/ForLean/ToExpr.olean -i /home/hantao/code/FloatSpec/.lake/packages/Qq/.lake/build/lib/lean/Qq/ForLean/ToExpr.ilean -c /home/hantao/code/FloatSpec/.lake/packages/Qq/.lake/build/ir/Qq/ForLean/ToExpr.c --setup /home/hantao/code/FloatSpec/.lake/packages/Qq/.lake/build/ir/Qq/ForLean/ToExpr.setup.json --json
error: no such file or directory (error code: 2)
  file: /home/hantao/code/FloatSpec/.lake/packages/Qq/.lake/build/lib/lean/Qq/ForLean/ToExpr.olean
✖ [139/2212] Building Qq.Typ (1.9s)
trace: .> LEAN_PATH=/home/hantao/code/FloatSpec/.lake/packages/Cli/.lake/build/lib/lean:/home/hantao/code/FloatSpec/.lake/packages/batteries/.lake/build/lib/lean:/home/hantao/code/FloatSpec/.lake/packages/Qq/.lake/build/lib/lean:/home/hantao/code/FloatSpec/.lake/packages/aesop/.lake/build/lib/lean:/home/hantao/code/FloatSpec/.lake/packages/proofwidgets/.lake/build/lib/lean:/home/hantao/code/FloatSpec/.lake/packages/importGraph/.lake/build/lib/lean:/home/hantao/code/FloatSpec/.lake/packages/LeanSearchClient/.lake/build/lib/lean:/home/hantao/code/FloatSpec/.lake/packages/plausible/.lake/build/lib/lean:/home/hantao/code/FloatSpec/.lake/packages/mathlib/.lake/build/lib/lean:/home/hantao/code/FloatSpec/.lake/build/lib/lean /home/hantao/.elan/toolchains/leanprover--lean4---v4.24.0-rc1/bin/lean /home/hantao/code/FloatSpec/.lake/packages/Qq/Qq/Typ.lean -o /home/hantao/code/FloatSpec/.lake/packages/Qq/.lake/build/lib/lean/Qq/Typ.olean -i /home/hantao/code/FloatSpec/.lake/packages/Qq/.lake/build/lib/lean/Qq/Typ.ilean -c /home/hantao/code/FloatSpec/.lake/packages/Qq/.lake/build/ir/Qq/Typ.c --setup /home/hantao/code/FloatSpec/.lake/packages/Qq/.lake/build/ir/Qq/Typ.setup.json --json
error: no such file or directory (error code: 2)
  file: /home/hantao/code/FloatSpec/.lake/packages/Qq/.lake/build/lib/lean/Qq/Typ.olean
✖ [140/2212] Building Qq.ForLean.Do (1.8s)
trace: .> LEAN_PATH=/home/hantao/code/FloatSpec/.lake/packages/Cli/.lake/build/lib/lean:/home/hantao/code/FloatSpec/.lake/packages/batteries/.lake/build/lib/lean:/home/hantao/code/FloatSpec/.lake/packages/Qq/.lake/build/lib/lean:/home/hantao/code/FloatSpec/.lake/packages/aesop/.lake/build/lib/lean:/home/hantao/code/FloatSpec/.lake/packages/proofwidgets/.lake/build/lib/lean:/home/hantao/code/FloatSpec/.lake/packages/importGraph/.lake/build/lib/lean:/home/hantao/code/FloatSpec/.lake/packages/LeanSearchClient/.lake/build/lib/lean:/home/hantao/code/FloatSpec/.lake/packages/plausible/.lake/build/lib/lean:/home/hantao/code/FloatSpec/.lake/packages/mathlib/.lake/build/lib/lean:/home/hantao/code/FloatSpec/.lake/build/lib/lean /home/hantao/.elan/toolchains/leanprover--lean4---v4.24.0-rc1/bin/lean /home/hantao/code/FloatSpec/.lake/packages/Qq/Qq/ForLean/Do.lean -o /home/hantao/code/FloatSpec/.lake/packages/Qq/.lake/build/lib/lean/Qq/ForLean/Do.olean -i /home/hantao/code/FloatSpec/.lake/packages/Qq/.lake/build/lib/lean/Qq/ForLean/Do.ilean -c /home/hantao/code/FloatSpec/.lake/packages/Qq/.lake/build/ir/Qq/ForLean/Do.c --setup /home/hantao/code/FloatSpec/.lake/packages/Qq/.lake/build/ir/Qq/ForLean/Do.setup.json --json
info: stderr:
no such file or directory (error code: 2)
  file: /home/hantao/code/FloatSpec/.lake/packages/Qq/.lake/build/lib/lean/Qq/ForLean/Do.ilean
error: Lean exited with code 1
✖ [141/2374] Building Aesop.Util.Tactic (1.4s)
trace: .> LEAN_PATH=/home/hantao/code/FloatSpec/.lake/packages/Cli/.lake/build/lib/lean:/home/hantao/code/FloatSpec/.lake/packages/batteries/.lake/build/lib/lean:/home/hantao/code/FloatSpec/.lake/packages/Qq/.lake/build/lib/lean:/home/hantao/code/FloatSpec/.lake/packages/aesop/.lake/build/lib/lean:/home/hantao/code/FloatSpec/.lake/packages/proofwidgets/.lake/build/lib/lean:/home/hantao/code/FloatSpec/.lake/packages/importGraph/.lake/build/lib/lean:/home/hantao/code/FloatSpec/.lake/packages/LeanSearchClient/.lake/build/lib/lean:/home/hantao/code/FloatSpec/.lake/packages/plausible/.lake/build/lib/lean:/home/hantao/code/FloatSpec/.lake/packages/mathlib/.lake/build/lib/lean:/home/hantao/code/FloatSpec/.lake/build/lib/lean /home/hantao/.elan/toolchains/leanprover--lean4---v4.24.0-rc1/bin/lean /home/hantao/code/FloatSpec/.lake/packages/aesop/Aesop/Util/Tactic.lean -o /home/hantao/code/FloatSpec/.lake/packages/aesop/.lake/build/lib/lean/Aesop/Util/Tactic.olean -i /home/hantao/code/FloatSpec/.lake/packages/aesop/.lake/build/lib/lean/Aesop/Util/Tactic.ilean -c /home/hantao/code/FloatSpec/.lake/packages/aesop/.lake/build/ir/Aesop/Util/Tactic.c --setup /home/hantao/code/FloatSpec/.lake/packages/aesop/.lake/build/ir/Aesop/Util/Tactic.setup.json --json
info: stderr:
failed to write '/home/hantao/code/FloatSpec/.lake/packages/aesop/.lake/build/lib/lean/Aesop/Util/Tactic.olean': failed to create file '/home/hantao/code/FloatSpec/.lake/packages/aesop/.lake/build/lib/lean/Aesop/Util/Tactic.olean'
error: Lean exited with code 1
✖ [142/2374] Building Qq.ForLean.ReduceEval (2.0s)
trace: .> LEAN_PATH=/home/hantao/code/FloatSpec/.lake/packages/Cli/.lake/build/lib/lean:/home/hantao/code/FloatSpec/.lake/packages/batteries/.lake/build/lib/lean:/home/hantao/code/FloatSpec/.lake/packages/Qq/.lake/build/lib/lean:/home/hantao/code/FloatSpec/.lake/packages/aesop/.lake/build/lib/lean:/home/hantao/code/FloatSpec/.lake/packages/proofwidgets/.lake/build/lib/lean:/home/hantao/code/FloatSpec/.lake/packages/importGraph/.lake/build/lib/lean:/home/hantao/code/FloatSpec/.lake/packages/LeanSearchClient/.lake/build/lib/lean:/home/hantao/code/FloatSpec/.lake/packages/plausible/.lake/build/lib/lean:/home/hantao/code/FloatSpec/.lake/packages/mathlib/.lake/build/lib/lean:/home/hantao/code/FloatSpec/.lake/build/lib/lean /home/hantao/.elan/toolchains/leanprover--lean4---v4.24.0-rc1/bin/lean /home/hantao/code/FloatSpec/.lake/packages/Qq/Qq/ForLean/ReduceEval.lean -o /home/hantao/code/FloatSpec/.lake/packages/Qq/.lake/build/lib/lean/Qq/ForLean/ReduceEval.olean -i /home/hantao/code/FloatSpec/.lake/packages/Qq/.lake/build/lib/lean/Qq/ForLean/ReduceEval.ilean -c /home/hantao/code/FloatSpec/.lake/packages/Qq/.lake/build/ir/Qq/ForLean/ReduceEval.c --setup /home/hantao/code/FloatSpec/.lake/packages/Qq/.lake/build/ir/Qq/ForLean/ReduceEval.setup.json --json
info: stderr:
failed to write '/home/hantao/code/FloatSpec/.lake/packages/Qq/.lake/build/lib/lean/Qq/ForLean/ReduceEval.olean': failed to create file '/home/hantao/code/FloatSpec/.lake/packages/Qq/.lake/build/lib/lean/Qq/ForLean/ReduceEval.olean'
error: Lean exited with code 1
✖ [151/2374] Building Batteries.Tactic.Congr (1.5s)
trace: .> LEAN_PATH=/home/hantao/code/FloatSpec/.lake/packages/Cli/.lake/build/lib/lean:/home/hantao/code/FloatSpec/.lake/packages/batteries/.lake/build/lib/lean:/home/hantao/code/FloatSpec/.lake/packages/Qq/.lake/build/lib/lean:/home/hantao/code/FloatSpec/.lake/packages/aesop/.lake/build/lib/lean:/home/hantao/code/FloatSpec/.lake/packages/proofwidgets/.lake/build/lib/lean:/home/hantao/code/FloatSpec/.lake/packages/importGraph/.lake/build/lib/lean:/home/hantao/code/FloatSpec/.lake/packages/LeanSearchClient/.lake/build/lib/lean:/home/hantao/code/FloatSpec/.lake/packages/plausible/.lake/build/lib/lean:/home/hantao/code/FloatSpec/.lake/packages/mathlib/.lake/build/lib/lean:/home/hantao/code/FloatSpec/.lake/build/lib/lean /home/hantao/.elan/toolchains/leanprover--lean4---v4.24.0-rc1/bin/lean /home/hantao/code/FloatSpec/.lake/packages/batteries/Batteries/Tactic/Congr.lean -o /home/hantao/code/FloatSpec/.lake/packages/batteries/.lake/build/lib/lean/Batteries/Tactic/Congr.olean -i /home/hantao/code/FloatSpec/.lake/packages/batteries/.lake/build/lib/lean/Batteries/Tactic/Congr.ilean -c /home/hantao/code/FloatSpec/.lake/packages/batteries/.lake/build/ir/Batteries/Tactic/Congr.c --setup /home/hantao/code/FloatSpec/.lake/packages/batteries/.lake/build/ir/Batteries/Tactic/Congr.setup.json --json
info: stderr:
failed to write '/home/hantao/code/FloatSpec/.lake/packages/batteries/.lake/build/lib/lean/Batteries/Tactic/Congr.olean': failed to create file '/home/hantao/code/FloatSpec/.lake/packages/batteries/.lake/build/lib/lean/Batteries/Tactic/Congr.olean'
error: Lean exited with code 1
✖ [152/2547] Building Batteries.Control.AlternativeMonad (205ms)
trace: .> LEAN_PATH=/home/hantao/code/FloatSpec/.lake/packages/Cli/.lake/build/lib/lean:/home/hantao/code/FloatSpec/.lake/packages/batteries/.lake/build/lib/lean:/home/hantao/code/FloatSpec/.lake/packages/Qq/.lake/build/lib/lean:/home/hantao/code/FloatSpec/.lake/packages/aesop/.lake/build/lib/lean:/home/hantao/code/FloatSpec/.lake/packages/proofwidgets/.lake/build/lib/lean:/home/hantao/code/FloatSpec/.lake/packages/importGraph/.lake/build/lib/lean:/home/hantao/code/FloatSpec/.lake/packages/LeanSearchClient/.lake/build/lib/lean:/home/hantao/code/FloatSpec/.lake/packages/plausible/.lake/build/lib/lean:/home/hantao/code/FloatSpec/.lake/packages/mathlib/.lake/build/lib/lean:/home/hantao/code/FloatSpec/.lake/build/lib/lean /home/hantao/.elan/toolchains/leanprover--lean4---v4.24.0-rc1/bin/lean /home/hantao/code/FloatSpec/.lake/packages/batteries/Batteries/Control/AlternativeMonad.lean -o /home/hantao/code/FloatSpec/.lake/packages/batteries/.lake/build/lib/lean/Batteries/Control/AlternativeMonad.olean -i /home/hantao/code/FloatSpec/.lake/packages/batteries/.lake/build/lib/lean/Batteries/Control/AlternativeMonad.ilean -c /home/hantao/code/FloatSpec/.lake/packages/batteries/.lake/build/ir/Batteries/Control/AlternativeMonad.c --setup /home/hantao/code/FloatSpec/.lake/packages/batteries/.lake/build/ir/Batteries/Control/AlternativeMonad.setup.json --json
error: Batteries/Control/AlternativeMonad.lean:6:0: failed to open file '/home/hantao/code/FloatSpec/.lake/packages/batteries/.lake/build/lib/lean/Batteries/Control/Lemmas.olean'
error: Lean exited with code 1
✖ [168/2547] Building Plausible.Gen (913ms)
trace: .> LEAN_PATH=/home/hantao/code/FloatSpec/.lake/packages/Cli/.lake/build/lib/lean:/home/hantao/code/FloatSpec/.lake/packages/batteries/.lake/build/lib/lean:/home/hantao/code/FloatSpec/.lake/packages/Qq/.lake/build/lib/lean:/home/hantao/code/FloatSpec/.lake/packages/aesop/.lake/build/lib/lean:/home/hantao/code/FloatSpec/.lake/packages/proofwidgets/.lake/build/lib/lean:/home/hantao/code/FloatSpec/.lake/packages/importGraph/.lake/build/lib/lean:/home/hantao/code/FloatSpec/.lake/packages/LeanSearchClient/.lake/build/lib/lean:/home/hantao/code/FloatSpec/.lake/packages/plausible/.lake/build/lib/lean:/home/hantao/code/FloatSpec/.lake/packages/mathlib/.lake/build/lib/lean:/home/hantao/code/FloatSpec/.lake/build/lib/lean /home/hantao/.elan/toolchains/leanprover--lean4---v4.24.0-rc1/bin/lean /home/hantao/code/FloatSpec/.lake/packages/plausible/Plausible/Gen.lean -o /home/hantao/code/FloatSpec/.lake/packages/plausible/.lake/build/lib/lean/Plausible/Gen.olean -i /home/hantao/code/FloatSpec/.lake/packages/plausible/.lake/build/lib/lean/Plausible/Gen.ilean -c /home/hantao/code/FloatSpec/.lake/packages/plausible/.lake/build/ir/Plausible/Gen.c --setup /home/hantao/code/FloatSpec/.lake/packages/plausible/.lake/build/ir/Plausible/Gen.setup.json --json
info: stderr:
failed to write '/home/hantao/code/FloatSpec/.lake/packages/plausible/.lake/build/lib/lean/Plausible/Gen.olean': failed to create file '/home/hantao/code/FloatSpec/.lake/packages/plausible/.lake/build/lib/lean/Plausible/Gen.olean'
error: Lean exited with code 1
✖ [177/2547] Building Batteries.Data.String.Matcher (221ms)
trace: .> LEAN_PATH=/home/hantao/code/FloatSpec/.lake/packages/Cli/.lake/build/lib/lean:/home/hantao/code/FloatSpec/.lake/packages/batteries/.lake/build/lib/lean:/home/hantao/code/FloatSpec/.lake/packages/Qq/.lake/build/lib/lean:/home/hantao/code/FloatSpec/.lake/packages/aesop/.lake/build/lib/lean:/home/hantao/code/FloatSpec/.lake/packages/proofwidgets/.lake/build/lib/lean:/home/hantao/code/FloatSpec/.lake/packages/importGraph/.lake/build/lib/lean:/home/hantao/code/FloatSpec/.lake/packages/LeanSearchClient/.lake/build/lib/lean:/home/hantao/code/FloatSpec/.lake/packages/plausible/.lake/build/lib/lean:/home/hantao/code/FloatSpec/.lake/packages/mathlib/.lake/build/lib/lean:/home/hantao/code/FloatSpec/.lake/build/lib/lean /home/hantao/.elan/toolchains/leanprover--lean4---v4.24.0-rc1/bin/lean /home/hantao/code/FloatSpec/.lake/packages/batteries/Batteries/Data/String/Matcher.lean -o /home/hantao/code/FloatSpec/.lake/packages/batteries/.lake/build/lib/lean/Batteries/Data/String/Matcher.olean -i /home/hantao/code/FloatSpec/.lake/packages/batteries/.lake/build/lib/lean/Batteries/Data/String/Matcher.ilean -c /home/hantao/code/FloatSpec/.lake/packages/batteries/.lake/build/ir/Batteries/Data/String/Matcher.c --setup /home/hantao/code/FloatSpec/.lake/packages/batteries/.lake/build/ir/Batteries/Data/String/Matcher.setup.json --json
error: Batteries/Data/String/Matcher.lean:6:0: failed to open file '/home/hantao/code/FloatSpec/.lake/packages/batteries/.lake/build/lib/lean/Batteries/Data/Array/Match.olean'
error: Lean exited with code 1
✖ [178/2699] Building Batteries.Data.List.Monadic (528ms)
trace: .> LEAN_PATH=/home/hantao/code/FloatSpec/.lake/packages/Cli/.lake/build/lib/lean:/home/hantao/code/FloatSpec/.lake/packages/batteries/.lake/build/lib/lean:/home/hantao/code/FloatSpec/.lake/packages/Qq/.lake/build/lib/lean:/home/hantao/code/FloatSpec/.lake/packages/aesop/.lake/build/lib/lean:/home/hantao/code/FloatSpec/.lake/packages/proofwidgets/.lake/build/lib/lean:/home/hantao/code/FloatSpec/.lake/packages/importGraph/.lake/build/lib/lean:/home/hantao/code/FloatSpec/.lake/packages/LeanSearchClient/.lake/build/lib/lean:/home/hantao/code/FloatSpec/.lake/packages/plausible/.lake/build/lib/lean:/home/hantao/code/FloatSpec/.lake/packages/mathlib/.lake/build/lib/lean:/home/hantao/code/FloatSpec/.lake/build/lib/lean /home/hantao/.elan/toolchains/leanprover--lean4---v4.24.0-rc1/bin/lean /home/hantao/code/FloatSpec/.lake/packages/batteries/Batteries/Data/List/Monadic.lean -o /home/hantao/code/FloatSpec/.lake/packages/batteries/.lake/build/lib/lean/Batteries/Data/List/Monadic.olean -i /home/hantao/code/FloatSpec/.lake/packages/batteries/.lake/build/lib/lean/Batteries/Data/List/Monadic.ilean -c /home/hantao/code/FloatSpec/.lake/packages/batteries/.lake/build/ir/Batteries/Data/List/Monadic.c --setup /home/hantao/code/FloatSpec/.lake/packages/batteries/.lake/build/ir/Batteries/Data/List/Monadic.setup.json --json
info: stderr:
failed to write '/home/hantao/code/FloatSpec/.lake/packages/batteries/.lake/build/lib/lean/Batteries/Data/List/Monadic.olean': failed to create file '/home/hantao/code/FloatSpec/.lake/packages/batteries/.lake/build/lib/lean/Batteries/Data/List/Monadic.olean'
error: Lean exited with code 1
✖ [179/2699] Building Aesop.Util.Tactic.Unfold (2.5s)
trace: .> LEAN_PATH=/home/hantao/code/FloatSpec/.lake/packages/Cli/.lake/build/lib/lean:/home/hantao/code/FloatSpec/.lake/packages/batteries/.lake/build/lib/lean:/home/hantao/code/FloatSpec/.lake/packages/Qq/.lake/build/lib/lean:/home/hantao/code/FloatSpec/.lake/packages/aesop/.lake/build/lib/lean:/home/hantao/code/FloatSpec/.lake/packages/proofwidgets/.lake/build/lib/lean:/home/hantao/code/FloatSpec/.lake/packages/importGraph/.lake/build/lib/lean:/home/hantao/code/FloatSpec/.lake/packages/LeanSearchClient/.lake/build/lib/lean:/home/hantao/code/FloatSpec/.lake/packages/plausible/.lake/build/lib/lean:/home/hantao/code/FloatSpec/.lake/packages/mathlib/.lake/build/lib/lean:/home/hantao/code/FloatSpec/.lake/build/lib/lean /home/hantao/.elan/toolchains/leanprover--lean4---v4.24.0-rc1/bin/lean /home/hantao/code/FloatSpec/.lake/packages/aesop/Aesop/Util/Tactic/Unfold.lean -o /home/hantao/code/FloatSpec/.lake/packages/aesop/.lake/build/lib/lean/Aesop/Util/Tactic/Unfold.olean -i /home/hantao/code/FloatSpec/.lake/packages/aesop/.lake/build/lib/lean/Aesop/Util/Tactic/Unfold.ilean -c /home/hantao/code/FloatSpec/.lake/packages/aesop/.lake/build/ir/Aesop/Util/Tactic/Unfold.c --setup /home/hantao/code/FloatSpec/.lake/packages/aesop/.lake/build/ir/Aesop/Util/Tactic/Unfold.setup.json --json
info: stderr:
failed to write '/home/hantao/code/FloatSpec/.lake/packages/aesop/.lake/build/lib/lean/Aesop/Util/Tactic/Unfold.olean': failed to create file '/home/hantao/code/FloatSpec/.lake/packages/aesop/.lake/build/lib/lean/Aesop/Util/Tactic/Unfold.olean'
error: Lean exited with code 1
✖ [181/2699] Building ProofWidgets.Component.Basic (1.1s)
trace: .> LEAN_PATH=/home/hantao/code/FloatSpec/.lake/packages/Cli/.lake/build/lib/lean:/home/hantao/code/FloatSpec/.lake/packages/batteries/.lake/build/lib/lean:/home/hantao/code/FloatSpec/.lake/packages/Qq/.lake/build/lib/lean:/home/hantao/code/FloatSpec/.lake/packages/aesop/.lake/build/lib/lean:/home/hantao/code/FloatSpec/.lake/packages/proofwidgets/.lake/build/lib/lean:/home/hantao/code/FloatSpec/.lake/packages/importGraph/.lake/build/lib/lean:/home/hantao/code/FloatSpec/.lake/packages/LeanSearchClient/.lake/build/lib/lean:/home/hantao/code/FloatSpec/.lake/packages/plausible/.lake/build/lib/lean:/home/hantao/code/FloatSpec/.lake/packages/mathlib/.lake/build/lib/lean:/home/hantao/code/FloatSpec/.lake/build/lib/lean /home/hantao/.elan/toolchains/leanprover--lean4---v4.24.0-rc1/bin/lean /home/hantao/code/FloatSpec/.lake/packages/proofwidgets/ProofWidgets/Component/Basic.lean -o /home/hantao/code/FloatSpec/.lake/packages/proofwidgets/.lake/build/lib/lean/ProofWidgets/Component/Basic.olean -i /home/hantao/code/FloatSpec/.lake/packages/proofwidgets/.lake/build/lib/lean/ProofWidgets/Component/Basic.ilean -c /home/hantao/code/FloatSpec/.lake/packages/proofwidgets/.lake/build/ir/ProofWidgets/Component/Basic.c --setup /home/hantao/code/FloatSpec/.lake/packages/proofwidgets/.lake/build/ir/ProofWidgets/Component/Basic.setup.json --json
error: ProofWidgets/Component/Basic.lean:73:16: no such file or directory (error code: 2)
  file: /home/hantao/code/FloatSpec/.lake/packages/proofwidgets/ProofWidgets/Component/../../.lake/build/js/interactiveExpr.js
error: ProofWidgets/Component/Basic.lean:71:2: cannot evaluate code because 'ProofWidgets.InteractiveExpr' uses 'sorry' and/or contains errors
error: Lean exited with code 1
✖ [185/2862] Building ProofWidgets.Cancellable (1.2s)
trace: .> LEAN_PATH=/home/hantao/code/FloatSpec/.lake/packages/Cli/.lake/build/lib/lean:/home/hantao/code/FloatSpec/.lake/packages/batteries/.lake/build/lib/lean:/home/hantao/code/FloatSpec/.lake/packages/Qq/.lake/build/lib/lean:/home/hantao/code/FloatSpec/.lake/packages/aesop/.lake/build/lib/lean:/home/hantao/code/FloatSpec/.lake/packages/proofwidgets/.lake/build/lib/lean:/home/hantao/code/FloatSpec/.lake/packages/importGraph/.lake/build/lib/lean:/home/hantao/code/FloatSpec/.lake/packages/LeanSearchClient/.lake/build/lib/lean:/home/hantao/code/FloatSpec/.lake/packages/plausible/.lake/build/lib/lean:/home/hantao/code/FloatSpec/.lake/packages/mathlib/.lake/build/lib/lean:/home/hantao/code/FloatSpec/.lake/build/lib/lean /home/hantao/.elan/toolchains/leanprover--lean4---v4.24.0-rc1/bin/lean /home/hantao/code/FloatSpec/.lake/packages/proofwidgets/ProofWidgets/Cancellable.lean -o /home/hantao/code/FloatSpec/.lake/packages/proofwidgets/.lake/build/lib/lean/ProofWidgets/Cancellable.olean -i /home/hantao/code/FloatSpec/.lake/packages/proofwidgets/.lake/build/lib/lean/ProofWidgets/Cancellable.ilean -c /home/hantao/code/FloatSpec/.lake/packages/proofwidgets/.lake/build/ir/ProofWidgets/Cancellable.c --setup /home/hantao/code/FloatSpec/.lake/packages/proofwidgets/.lake/build/ir/ProofWidgets/Cancellable.setup.json --json
info: stderr:
failed to write '/home/hantao/code/FloatSpec/.lake/packages/proofwidgets/.lake/build/lib/lean/ProofWidgets/Cancellable.olean': failed to create file '/home/hantao/code/FloatSpec/.lake/packages/proofwidgets/.lake/build/lib/lean/ProofWidgets/Cancellable.olean'
error: Lean exited with code 1
✖ [187/2862] Building Batteries.Lean.HashMap (457ms)
trace: .> LEAN_PATH=/home/hantao/code/FloatSpec/.lake/packages/Cli/.lake/build/lib/lean:/home/hantao/code/FloatSpec/.lake/packages/batteries/.lake/build/lib/lean:/home/hantao/code/FloatSpec/.lake/packages/Qq/.lake/build/lib/lean:/home/hantao/code/FloatSpec/.lake/packages/aesop/.lake/build/lib/lean:/home/hantao/code/FloatSpec/.lake/packages/proofwidgets/.lake/build/lib/lean:/home/hantao/code/FloatSpec/.lake/packages/importGraph/.lake/build/lib/lean:/home/hantao/code/FloatSpec/.lake/packages/LeanSearchClient/.lake/build/lib/lean:/home/hantao/code/FloatSpec/.lake/packages/plausible/.lake/build/lib/lean:/home/hantao/code/FloatSpec/.lake/packages/mathlib/.lake/build/lib/lean:/home/hantao/code/FloatSpec/.lake/build/lib/lean /home/hantao/.elan/toolchains/leanprover--lean4---v4.24.0-rc1/bin/lean /home/hantao/code/FloatSpec/.lake/packages/batteries/Batteries/Lean/HashMap.lean -o /home/hantao/code/FloatSpec/.lake/packages/batteries/.lake/build/lib/lean/Batteries/Lean/HashMap.olean -i /home/hantao/code/FloatSpec/.lake/packages/batteries/.lake/build/lib/lean/Batteries/Lean/HashMap.ilean -c /home/hantao/code/FloatSpec/.lake/packages/batteries/.lake/build/ir/Batteries/Lean/HashMap.c --setup /home/hantao/code/FloatSpec/.lake/packages/batteries/.lake/build/ir/Batteries/Lean/HashMap.setup.json --json
info: stderr:
failed to write '/home/hantao/code/FloatSpec/.lake/packages/batteries/.lake/build/lib/lean/Batteries/Lean/HashMap.olean': failed to create file '/home/hantao/code/FloatSpec/.lake/packages/batteries/.lake/build/lib/lean/Batteries/Lean/HashMap.olean'
error: Lean exited with code 1
✖ [188/3009] Building Batteries.Tactic.Lint.Frontend (2.3s)
trace: .> LEAN_PATH=/home/hantao/code/FloatSpec/.lake/packages/Cli/.lake/build/lib/lean:/home/hantao/code/FloatSpec/.lake/packages/batteries/.lake/build/lib/lean:/home/hantao/code/FloatSpec/.lake/packages/Qq/.lake/build/lib/lean:/home/hantao/code/FloatSpec/.lake/packages/aesop/.lake/build/lib/lean:/home/hantao/code/FloatSpec/.lake/packages/proofwidgets/.lake/build/lib/lean:/home/hantao/code/FloatSpec/.lake/packages/importGraph/.lake/build/lib/lean:/home/hantao/code/FloatSpec/.lake/packages/LeanSearchClient/.lake/build/lib/lean:/home/hantao/code/FloatSpec/.lake/packages/plausible/.lake/build/lib/lean:/home/hantao/code/FloatSpec/.lake/packages/mathlib/.lake/build/lib/lean:/home/hantao/code/FloatSpec/.lake/build/lib/lean /home/hantao/.elan/toolchains/leanprover--lean4---v4.24.0-rc1/bin/lean /home/hantao/code/FloatSpec/.lake/packages/batteries/Batteries/Tactic/Lint/Frontend.lean -o /home/hantao/code/FloatSpec/.lake/packages/batteries/.lake/build/lib/lean/Batteries/Tactic/Lint/Frontend.olean -i /home/hantao/code/FloatSpec/.lake/packages/batteries/.lake/build/lib/lean/Batteries/Tactic/Lint/Frontend.ilean -c /home/hantao/code/FloatSpec/.lake/packages/batteries/.lake/build/ir/Batteries/Tactic/Lint/Frontend.c --setup /home/hantao/code/FloatSpec/.lake/packages/batteries/.lake/build/ir/Batteries/Tactic/Lint/Frontend.setup.json --json
info: stderr:
failed to write '/home/hantao/code/FloatSpec/.lake/packages/batteries/.lake/build/lib/lean/Batteries/Tactic/Lint/Frontend.olean': failed to create file '/home/hantao/code/FloatSpec/.lake/packages/batteries/.lake/build/lib/lean/Batteries/Tactic/Lint/Frontend.olean'
error: Lean exited with code 1
✖ [189/3009] Building ImportGraph.Imports (2.2s)
trace: .> LEAN_PATH=/home/hantao/code/FloatSpec/.lake/packages/Cli/.lake/build/lib/lean:/home/hantao/code/FloatSpec/.lake/packages/batteries/.lake/build/lib/lean:/home/hantao/code/FloatSpec/.lake/packages/Qq/.lake/build/lib/lean:/home/hantao/code/FloatSpec/.lake/packages/aesop/.lake/build/lib/lean:/home/hantao/code/FloatSpec/.lake/packages/proofwidgets/.lake/build/lib/lean:/home/hantao/code/FloatSpec/.lake/packages/importGraph/.lake/build/lib/lean:/home/hantao/code/FloatSpec/.lake/packages/LeanSearchClient/.lake/build/lib/lean:/home/hantao/code/FloatSpec/.lake/packages/plausible/.lake/build/lib/lean:/home/hantao/code/FloatSpec/.lake/packages/mathlib/.lake/build/lib/lean:/home/hantao/code/FloatSpec/.lake/build/lib/lean /home/hantao/.elan/toolchains/leanprover--lean4---v4.24.0-rc1/bin/lean /home/hantao/code/FloatSpec/.lake/packages/importGraph/ImportGraph/Imports.lean -o /home/hantao/code/FloatSpec/.lake/packages/importGraph/.lake/build/lib/lean/ImportGraph/Imports.olean -i /home/hantao/code/FloatSpec/.lake/packages/importGraph/.lake/build/lib/lean/ImportGraph/Imports.ilean -c /home/hantao/code/FloatSpec/.lake/packages/importGraph/.lake/build/ir/ImportGraph/Imports.c --setup /home/hantao/code/FloatSpec/.lake/packages/importGraph/.lake/build/ir/ImportGraph/Imports.setup.json --json
info: stderr:
failed to write '/home/hantao/code/FloatSpec/.lake/packages/importGraph/.lake/build/lib/lean/ImportGraph/Imports.olean': failed to create file '/home/hantao/code/FloatSpec/.lake/packages/importGraph/.lake/build/lib/lean/ImportGraph/Imports.olean'
error: Lean exited with code 1
✖ [193/3009] Building Batteries.Tactic.Trans (3.4s)
trace: .> LEAN_PATH=/home/hantao/code/FloatSpec/.lake/packages/Cli/.lake/build/lib/lean:/home/hantao/code/FloatSpec/.lake/packages/batteries/.lake/build/lib/lean:/home/hantao/code/FloatSpec/.lake/packages/Qq/.lake/build/lib/lean:/home/hantao/code/FloatSpec/.lake/packages/aesop/.lake/build/lib/lean:/home/hantao/code/FloatSpec/.lake/packages/proofwidgets/.lake/build/lib/lean:/home/hantao/code/FloatSpec/.lake/packages/importGraph/.lake/build/lib/lean:/home/hantao/code/FloatSpec/.lake/packages/LeanSearchClient/.lake/build/lib/lean:/home/hantao/code/FloatSpec/.lake/packages/plausible/.lake/build/lib/lean:/home/hantao/code/FloatSpec/.lake/packages/mathlib/.lake/build/lib/lean:/home/hantao/code/FloatSpec/.lake/build/lib/lean /home/hantao/.elan/toolchains/leanprover--lean4---v4.24.0-rc1/bin/lean /home/hantao/code/FloatSpec/.lake/packages/batteries/Batteries/Tactic/Trans.lean -o /home/hantao/code/FloatSpec/.lake/packages/batteries/.lake/build/lib/lean/Batteries/Tactic/Trans.olean -i /home/hantao/code/FloatSpec/.lake/packages/batteries/.lake/build/lib/lean/Batteries/Tactic/Trans.ilean -c /home/hantao/code/FloatSpec/.lake/packages/batteries/.lake/build/ir/Batteries/Tactic/Trans.c --setup /home/hantao/code/FloatSpec/.lake/packages/batteries/.lake/build/ir/Batteries/Tactic/Trans.setup.json --json
info: stderr:
failed to write '/home/hantao/code/FloatSpec/.lake/packages/batteries/.lake/build/lib/lean/Batteries/Tactic/Trans.olean': failed to create file '/home/hantao/code/FloatSpec/.lake/packages/batteries/.lake/build/lib/lean/Batteries/Tactic/Trans.olean'
error: Lean exited with code 1
✖ [196/3116] Building Batteries.Tactic.Lint.Simp (1.9s)
trace: .> LEAN_PATH=/home/hantao/code/FloatSpec/.lake/packages/Cli/.lake/build/lib/lean:/home/hantao/code/FloatSpec/.lake/packages/batteries/.lake/build/lib/lean:/home/hantao/code/FloatSpec/.lake/packages/Qq/.lake/build/lib/lean:/home/hantao/code/FloatSpec/.lake/packages/aesop/.lake/build/lib/lean:/home/hantao/code/FloatSpec/.lake/packages/proofwidgets/.lake/build/lib/lean:/home/hantao/code/FloatSpec/.lake/packages/importGraph/.lake/build/lib/lean:/home/hantao/code/FloatSpec/.lake/packages/LeanSearchClient/.lake/build/lib/lean:/home/hantao/code/FloatSpec/.lake/packages/plausible/.lake/build/lib/lean:/home/hantao/code/FloatSpec/.lake/packages/mathlib/.lake/build/lib/lean:/home/hantao/code/FloatSpec/.lake/build/lib/lean /home/hantao/.elan/toolchains/leanprover--lean4---v4.24.0-rc1/bin/lean /home/hantao/code/FloatSpec/.lake/packages/batteries/Batteries/Tactic/Lint/Simp.lean -o /home/hantao/code/FloatSpec/.lake/packages/batteries/.lake/build/lib/lean/Batteries/Tactic/Lint/Simp.olean -i /home/hantao/code/FloatSpec/.lake/packages/batteries/.lake/build/lib/lean/Batteries/Tactic/Lint/Simp.ilean -c /home/hantao/code/FloatSpec/.lake/packages/batteries/.lake/build/ir/Batteries/Tactic/Lint/Simp.c --setup /home/hantao/code/FloatSpec/.lake/packages/batteries/.lake/build/ir/Batteries/Tactic/Lint/Simp.setup.json --json
info: stderr:
failed to write '/home/hantao/code/FloatSpec/.lake/packages/batteries/.lake/build/lib/lean/Batteries/Tactic/Lint/Simp.olean': failed to create file '/home/hantao/code/FloatSpec/.lake/packages/batteries/.lake/build/lib/lean/Batteries/Tactic/Lint/Simp.olean'
error: Lean exited with code 1
✖ [231/3116] Building Batteries.Linter.UnnecessarySeqFocus (1.2s)
trace: .> LEAN_PATH=/home/hantao/code/FloatSpec/.lake/packages/Cli/.lake/build/lib/lean:/home/hantao/code/FloatSpec/.lake/packages/batteries/.lake/build/lib/lean:/home/hantao/code/FloatSpec/.lake/packages/Qq/.lake/build/lib/lean:/home/hantao/code/FloatSpec/.lake/packages/aesop/.lake/build/lib/lean:/home/hantao/code/FloatSpec/.lake/packages/proofwidgets/.lake/build/lib/lean:/home/hantao/code/FloatSpec/.lake/packages/importGraph/.lake/build/lib/lean:/home/hantao/code/FloatSpec/.lake/packages/LeanSearchClient/.lake/build/lib/lean:/home/hantao/code/FloatSpec/.lake/packages/plausible/.lake/build/lib/lean:/home/hantao/code/FloatSpec/.lake/packages/mathlib/.lake/build/lib/lean:/home/hantao/code/FloatSpec/.lake/build/lib/lean /home/hantao/.elan/toolchains/leanprover--lean4---v4.24.0-rc1/bin/lean /home/hantao/code/FloatSpec/.lake/packages/batteries/Batteries/Linter/UnnecessarySeqFocus.lean -o /home/hantao/code/FloatSpec/.lake/packages/batteries/.lake/build/lib/lean/Batteries/Linter/UnnecessarySeqFocus.olean -i /home/hantao/code/FloatSpec/.lake/packages/batteries/.lake/build/lib/lean/Batteries/Linter/UnnecessarySeqFocus.ilean -c /home/hantao/code/FloatSpec/.lake/packages/batteries/.lake/build/ir/Batteries/Linter/UnnecessarySeqFocus.c --setup /home/hantao/code/FloatSpec/.lake/packages/batteries/.lake/build/ir/Batteries/Linter/UnnecessarySeqFocus.setup.json --json
info: stderr:
failed to write '/home/hantao/code/FloatSpec/.lake/packages/batteries/.lake/build/lib/lean/Batteries/Linter/UnnecessarySeqFocus.olean': failed to create file '/home/hantao/code/FloatSpec/.lake/packages/batteries/.lake/build/lib/lean/Batteries/Linter/UnnecessarySeqFocus.olean'
error: Lean exited with code 1
✖ [478/3116] Building Aesop.Options.Internal (1.3s)
trace: .> LEAN_PATH=/home/hantao/code/FloatSpec/.lake/packages/Cli/.lake/build/lib/lean:/home/hantao/code/FloatSpec/.lake/packages/batteries/.lake/build/lib/lean:/home/hantao/code/FloatSpec/.lake/packages/Qq/.lake/build/lib/lean:/home/hantao/code/FloatSpec/.lake/packages/aesop/.lake/build/lib/lean:/home/hantao/code/FloatSpec/.lake/packages/proofwidgets/.lake/build/lib/lean:/home/hantao/code/FloatSpec/.lake/packages/importGraph/.lake/build/lib/lean:/home/hantao/code/FloatSpec/.lake/packages/LeanSearchClient/.lake/build/lib/lean:/home/hantao/code/FloatSpec/.lake/packages/plausible/.lake/build/lib/lean:/home/hantao/code/FloatSpec/.lake/packages/mathlib/.lake/build/lib/lean:/home/hantao/code/FloatSpec/.lake/build/lib/lean /home/hantao/.elan/toolchains/leanprover--lean4---v4.24.0-rc1/bin/lean /home/hantao/code/FloatSpec/.lake/packages/aesop/Aesop/Options/Internal.lean -o /home/hantao/code/FloatSpec/.lake/packages/aesop/.lake/build/lib/lean/Aesop/Options/Internal.olean -i /home/hantao/code/FloatSpec/.lake/packages/aesop/.lake/build/lib/lean/Aesop/Options/Internal.ilean -c /home/hantao/code/FloatSpec/.lake/packages/aesop/.lake/build/ir/Aesop/Options/Internal.c --setup /home/hantao/code/FloatSpec/.lake/packages/aesop/.lake/build/ir/Aesop/Options/Internal.setup.json --json
info: stderr:
failed to write '/home/hantao/code/FloatSpec/.lake/packages/aesop/.lake/build/lib/lean/Aesop/Options/Internal.olean': failed to create file '/home/hantao/code/FloatSpec/.lake/packages/aesop/.lake/build/lib/lean/Aesop/Options/Internal.olean'
error: Lean exited with code 1
✖ [491/3116] Building Batteries.Tactic.Case (2.5s)
trace: .> LEAN_PATH=/home/hantao/code/FloatSpec/.lake/packages/Cli/.lake/build/lib/lean:/home/hantao/code/FloatSpec/.lake/packages/batteries/.lake/build/lib/lean:/home/hantao/code/FloatSpec/.lake/packages/Qq/.lake/build/lib/lean:/home/hantao/code/FloatSpec/.lake/packages/aesop/.lake/build/lib/lean:/home/hantao/code/FloatSpec/.lake/packages/proofwidgets/.lake/build/lib/lean:/home/hantao/code/FloatSpec/.lake/packages/importGraph/.lake/build/lib/lean:/home/hantao/code/FloatSpec/.lake/packages/LeanSearchClient/.lake/build/lib/lean:/home/hantao/code/FloatSpec/.lake/packages/plausible/.lake/build/lib/lean:/home/hantao/code/FloatSpec/.lake/packages/mathlib/.lake/build/lib/lean:/home/hantao/code/FloatSpec/.lake/build/lib/lean /home/hantao/.elan/toolchains/leanprover--lean4---v4.24.0-rc1/bin/lean /home/hantao/code/FloatSpec/.lake/packages/batteries/Batteries/Tactic/Case.lean -o /home/hantao/code/FloatSpec/.lake/packages/batteries/.lake/build/lib/lean/Batteries/Tactic/Case.olean -i /home/hantao/code/FloatSpec/.lake/packages/batteries/.lake/build/lib/lean/Batteries/Tactic/Case.ilean -c /home/hantao/code/FloatSpec/.lake/packages/batteries/.lake/build/ir/Batteries/Tactic/Case.c --setup /home/hantao/code/FloatSpec/.lake/packages/batteries/.lake/build/ir/Batteries/Tactic/Case.setup.json --json
info: stderr:
failed to write '/home/hantao/code/FloatSpec/.lake/packages/batteries/.lake/build/lib/lean/Batteries/Tactic/Case.olean': failed to create file '/home/hantao/code/FloatSpec/.lake/packages/batteries/.lake/build/lib/lean/Batteries/Tactic/Case.olean'
error: Lean exited with code 1
✖ [492/3116] Building Batteries.Data.List.Basic (3.7s)
trace: .> LEAN_PATH=/home/hantao/code/FloatSpec/.lake/packages/Cli/.lake/build/lib/lean:/home/hantao/code/FloatSpec/.lake/packages/batteries/.lake/build/lib/lean:/home/hantao/code/FloatSpec/.lake/packages/Qq/.lake/build/lib/lean:/home/hantao/code/FloatSpec/.lake/packages/aesop/.lake/build/lib/lean:/home/hantao/code/FloatSpec/.lake/packages/proofwidgets/.lake/build/lib/lean:/home/hantao/code/FloatSpec/.lake/packages/importGraph/.lake/build/lib/lean:/home/hantao/code/FloatSpec/.lake/packages/LeanSearchClient/.lake/build/lib/lean:/home/hantao/code/FloatSpec/.lake/packages/plausible/.lake/build/lib/lean:/home/hantao/code/FloatSpec/.lake/packages/mathlib/.lake/build/lib/lean:/home/hantao/code/FloatSpec/.lake/build/lib/lean /home/hantao/.elan/toolchains/leanprover--lean4---v4.24.0-rc1/bin/lean /home/hantao/code/FloatSpec/.lake/packages/batteries/Batteries/Data/List/Basic.lean -o /home/hantao/code/FloatSpec/.lake/packages/batteries/.lake/build/lib/lean/Batteries/Data/List/Basic.olean -i /home/hantao/code/FloatSpec/.lake/packages/batteries/.lake/build/lib/lean/Batteries/Data/List/Basic.ilean -c /home/hantao/code/FloatSpec/.lake/packages/batteries/.lake/build/ir/Batteries/Data/List/Basic.c --setup /home/hantao/code/FloatSpec/.lake/packages/batteries/.lake/build/ir/Batteries/Data/List/Basic.setup.json --json
info: stderr:
failed to write '/home/hantao/code/FloatSpec/.lake/packages/batteries/.lake/build/lib/lean/Batteries/Data/List/Basic.olean': failed to create file '/home/hantao/code/FloatSpec/.lake/packages/batteries/.lake/build/lib/lean/Batteries/Data/List/Basic.olean'
error: Lean exited with code 1
✔ [504/3116] Built FloatSpec.src.Prop (375ms)
✖ [505/3116] Building Aesop.RuleTac.ElabRuleTerm (1.6s)
trace: .> LEAN_PATH=/home/hantao/code/FloatSpec/.lake/packages/Cli/.lake/build/lib/lean:/home/hantao/code/FloatSpec/.lake/packages/batteries/.lake/build/lib/lean:/home/hantao/code/FloatSpec/.lake/packages/Qq/.lake/build/lib/lean:/home/hantao/code/FloatSpec/.lake/packages/aesop/.lake/build/lib/lean:/home/hantao/code/FloatSpec/.lake/packages/proofwidgets/.lake/build/lib/lean:/home/hantao/code/FloatSpec/.lake/packages/importGraph/.lake/build/lib/lean:/home/hantao/code/FloatSpec/.lake/packages/LeanSearchClient/.lake/build/lib/lean:/home/hantao/code/FloatSpec/.lake/packages/plausible/.lake/build/lib/lean:/home/hantao/code/FloatSpec/.lake/packages/mathlib/.lake/build/lib/lean:/home/hantao/code/FloatSpec/.lake/build/lib/lean /home/hantao/.elan/toolchains/leanprover--lean4---v4.24.0-rc1/bin/lean /home/hantao/code/FloatSpec/.lake/packages/aesop/Aesop/RuleTac/ElabRuleTerm.lean -o /home/hantao/code/FloatSpec/.lake/packages/aesop/.lake/build/lib/lean/Aesop/RuleTac/ElabRuleTerm.olean -i /home/hantao/code/FloatSpec/.lake/packages/aesop/.lake/build/lib/lean/Aesop/RuleTac/ElabRuleTerm.ilean -c /home/hantao/code/FloatSpec/.lake/packages/aesop/.lake/build/ir/Aesop/RuleTac/ElabRuleTerm.c --setup /home/hantao/code/FloatSpec/.lake/packages/aesop/.lake/build/ir/Aesop/RuleTac/ElabRuleTerm.setup.json --json
info: stderr:
failed to write '/home/hantao/code/FloatSpec/.lake/packages/aesop/.lake/build/lib/lean/Aesop/RuleTac/ElabRuleTerm.olean': failed to create file '/home/hantao/code/FloatSpec/.lake/packages/aesop/.lake/build/lib/lean/Aesop/RuleTac/ElabRuleTerm.olean'
error: Lean exited with code 1
✔ [584/3116] Built Mathlib.Tactic.Polyrith (648ms)
✔ [585/3116] Built Batteries.CodeAction.Misc (2.0s)
✔ [1017/3116] Built LeanSearchClient.Syntax (2.7s)
Some required targets logged failures:
- Aesop.Util.Basic
- Aesop.Script.OptimizeSyntax
- Qq.ForLean.ToExpr
- Qq.Typ
- Qq.ForLean.Do
- Aesop.Util.Tactic
- Qq.ForLean.ReduceEval
- Batteries.Tactic.Congr
- Batteries.Control.AlternativeMonad
- Plausible.Gen
- Batteries.Data.String.Matcher
- Batteries.Data.List.Monadic
- Aesop.Util.Tactic.Unfold
- ProofWidgets.Component.Basic
- ProofWidgets.Cancellable
- Batteries.Lean.HashMap
- Batteries.Tactic.Lint.Frontend
- ImportGraph.Imports
- Batteries.Tactic.Trans
- Batteries.Tactic.Lint.Simp
- Batteries.Linter.UnnecessarySeqFocus
- Aesop.Options.Internal
- Batteries.Tactic.Case
- Batteries.Data.List.Basic
- Aesop.RuleTac.ElabRuleTerm
error: build failed
