✔ [9/283] Built Batteries.Data.List.Count (446ms)
✔ [24/423] Built Mathlib.Tactic.Linter.DocPrime (970ms)
✔ [25/423] Built Batteries.Util.LibraryNote (804ms)
✔ [26/423] Built Batteries.Lean.NameMapAttribute (667ms)
✔ [27/423] Built Batteries.Lean.Position (636ms)
✔ [28/423] Built Batteries.Data.List.ArrayMap (594ms)
✔ [29/423] Built Batteries.Data.List.Init.Lemmas (574ms)
✔ [30/423] Built Batteries.Control.ForInStep.Basic (583ms)
✔ [31/471] Built Mathlib.Tactic.Linter.GlobalAttributeIn (988ms)
✔ [32/471] Built Mathlib.Tactic.Linter.HashCommandLinter (1.0s)
✔ [33/471] Built Batteries.Tactic.Unreachable (900ms)
✔ [34/471] Built Batteries.Lean.Except (660ms)
✔ [35/471] Built Batteries.Data.String.Basic (553ms)
✔ [36/471] Built Batteries.Lean.MonadBacktrack (428ms)
✔ [42/570] Built Batteries.Data.Array.Match (847ms)
✔ [43/570] Built Batteries.Data.Array.Basic (606ms)
✔ [44/570] Built Batteries.Lean.Meta.Expr (543ms)
⚠ [46/570] Ran proofwidgets:extraDep
warning: building from source; failed to fetch GitHub release (run with '-v' for details)
✖ [47/570] Building proofwidgets/widgetJsAll
error: ProofWidgets not up-to-date. Please run `lake exe cache get` to fetch the latest ProofWidgets. If this does not work, report your issue on the Lean Zulip.
✔ [56/570] Built Batteries.Tactic.Lint.Basic (1.1s)
✔ [57/570] Built Mathlib.Tactic.Linter.UnusedTacticExtension (1.1s)
✔ [58/570] Built Batteries.Lean.EStateM (806ms)
✔ [59/570] Built Batteries.Util.ProofWanted (831ms)
✔ [60/570] Built Batteries.Lean.Expr (769ms)
✔ [61/570] Built Batteries.Lean.Meta.Basic (711ms)
✔ [62/570] Built Batteries.Lean.Meta.UnusedNames (615ms)
✔ [63/570] Built Batteries.Lean.PersistentHashMap (621ms)
✔ [64/570] Built Batteries.Lean.PersistentHashSet (608ms)
✔ [65/570] Built Batteries.Lean.HashSet (581ms)
✔ [66/570] Built Batteries.Lean.Syntax (484ms)
✔ [67/614] Built Mathlib.Tactic.Linter.DeprecatedSyntaxLinter (1.3s)
✔ [68/614] Built Mathlib.Tactic.Linter.DocString (1.3s)
✔ [69/614] Built Mathlib.Tactic.Linter.Multigoal (1.2s)
✔ [70/614] Built Batteries.Lean.TagAttribute (610ms)
✔ [71/714] Built Batteries.CodeAction.Deprecated (1.4s)
✔ [72/714] Built Batteries.Control.ForInStep.Lemmas (492ms)
✔ [73/714] Built Batteries.Lean.Meta.Inaccessible (811ms)
✔ [74/825] Built Batteries.CodeAction.Attr (1.3s)
✔ [75/825] Built Batteries.Data.Fin.Basic (1.1s)
✔ [76/825] Built Batteries.Tactic.PermuteGoals (946ms)
✔ [77/958] Built Batteries.Tactic.OpenPrivate (1.5s)
✔ [78/958] Built Batteries.Data.List.Matcher (462ms)
✔ [79/958] Built Batteries.Util.ExtendedBinder (1.2s)
✔ [80/1060] Built Batteries.Data.Array.Merge (1.5s)
✔ [81/1060] Built Batteries.Tactic.SeqFocus (1000ms)
✔ [82/1060] Built Batteries.Data.Nat.Basic (644ms)
✔ [83/1215] Built Batteries.Lean.Meta.SavedState (578ms)
✔ [84/1215] Built Batteries.Util.Cache (945ms)
✔ [85/1330] Built Mathlib.Tactic.Linter.CommandStart (1.9s)
✔ [167/1330] Built Batteries.Lean.AttributeExtra (624ms)
✔ [181/1477] Built Batteries.Tactic.Lint.TypeClass (833ms)
✔ [182/1477] Built Batteries.Lean.Meta.InstantiateMVars (717ms)
✔ [183/1636] Built Batteries.Linter.UnreachableTactic (1.1s)
✔ [184/1636] Built Batteries.WF (775ms)
✔ [185/1792] Built Batteries.Lean.Meta.DiscrTree (522ms)
✔ [218/1792] Built Batteries.Data.MLList.Basic (1.3s)
✔ [219/1936] Built Mathlib.Tactic.Linter.FlexibleLinter (2.3s)
✔ [220/1936] Built Mathlib.Tactic.Linter.UnusedTactic (1.1s)
✔ [221/1936] Built Batteries.Tactic.Init (1.6s)
✔ [222/2110] Built Batteries.Data.Fin.Lemmas (929ms)
✔ [223/2166] Built Batteries.Classes.SatisfiesM (1.3s)
✔ [224/2332] Built Batteries.Tactic.Congr (1.5s)
✔ [225/2453] Built Batteries.Tactic.Lint.Misc (1.5s)
✔ [226/2453] Built Batteries.CodeAction.Basic (1.2s)
✔ [227/2776] Built Batteries.Tactic.Case (2.1s)
✔ [228/2776] Built Batteries.Data.String.Matcher (444ms)
✔ [229/2926] Built Batteries.Data.List.Monadic (517ms)
✔ [230/2926] Built Batteries.Lean.HashMap (511ms)
✔ [231/3068] Built Batteries.Linter.UnnecessarySeqFocus (1.2s)
✔ [238/3111] Built Mathlib.Tactic.Linter.Style (3.0s)
✔ [239/3111] Built Mathlib.Tactic.TacticAnalysis (1.5s)
✔ [241/3111] Built Batteries.Tactic.Lint.Frontend (2.2s)
✔ [242/3111] Built Batteries.Control.Nondet.Basic (710ms)
✔ [243/3111] Built Batteries.Tactic.Alias (2.1s)
✔ [244/3111] Built Batteries.Tactic.Lint.Simp (1.0s)
✔ [245/3111] Built Batteries.Linter (557ms)
✔ [246/3111] Built Batteries.Tactic.Trans (3.7s)
✔ [247/3111] Built Batteries.Tactic.Lint (574ms)
✔ [248/3111] Built Batteries.Tactic.Exact (676ms)
✔ [249/3111] Built Batteries.Logic (713ms)
✔ [250/3111] Built Batteries.CodeAction.Misc (2.7s)
✔ [251/3111] Built Batteries.Tactic.Basic (602ms)
✔ [252/3111] Built Batteries.Data.Nat.Gcd (848ms)
✔ [253/3111] Built Batteries.Data.List.Basic (4.1s)
✔ [254/3111] Built Mathlib.Tactic.Hint (1.2s)
✔ [255/3111] Built Batteries.Data.List.Pairwise (487ms)
✔ [256/3111] Built Mathlib.Tactic.Linter.Lint (856ms)
✔ [257/3111] Built Batteries.Classes.Order (916ms)
✔ [258/3111] Built Batteries.Data.Rat.Basic (1.3s)
✔ [259/3111] Built Batteries.Tactic.HelpCmd (5.4s)
✔ [260/3111] Built Batteries.Classes.RatCast (610ms)
✔ [277/3111] Built Batteries.Data.Rat.Lemmas (1.2s)
✔ [278/3111] Built Batteries.Data.List.Lemmas (2.6s)
✔ [279/3111] Built Batteries.Data.List.OfFn (632ms)
✔ [280/3111] Built Batteries.Data.List.Perm (994ms)
✔ [281/3111] Built Batteries.Data.List (572ms)
✔ [282/3111] Built Batteries.CodeAction.Match (1.3s)
✔ [283/3111] Built Batteries.CodeAction (658ms)
✔ [284/3111] Built Batteries.Data.BinomialHeap.Basic (6.9s)
✔ [297/3111] Built Mathlib.Init (1.0s)
✔ [298/3111] Built Mathlib.Tactic.Generalize (1.3s)
✔ [299/3111] Built Mathlib.Util.Superscript (2.5s)
✔ [300/3111] Built Mathlib.Tactic.Recall (1.2s)
✔ [301/3111] Built Mathlib.Tactic.ReduceModChar.Ext (759ms)
✔ [302/3111] Built Mathlib.Data.Nat.BinaryRec (1.2s)
✔ [303/3111] Built Mathlib.Tactic.ExistsI (1.2s)
✔ [304/3111] Built Mathlib.Tactic.ExtractGoal (1.4s)
✔ [305/3111] Built Mathlib.Tactic.GuardGoalNums (1.3s)
✔ [306/3111] Built Mathlib.Tactic.Linter.UpstreamableDecl (1.2s)
✔ [307/3111] Built Mathlib.Tactic.Relation.Rfl (1.5s)
✔ [308/3111] Built Mathlib.Tactic.SuccessIfFailWithMsg (1.7s)
✔ [309/3111] Built Mathlib.Tactic.SudoSetOption (1.7s)
✔ [310/3111] Built Mathlib.Tactic.Trace (1.5s)
✔ [311/3111] Built Mathlib.Tactic.TypeCheck (1.5s)
✔ [312/3111] Built Mathlib.Tactic.UnsetOption (1.5s)
✔ [313/3111] Built Mathlib.Tactic.Widget.SelectInsertParamsClass (1.6s)
✔ [315/3111] Built Mathlib.Lean.GoalsLocation (1.3s)
✔ [316/3111] Built Mathlib.Lean.Meta.KAbstractPositions (1.7s)
✔ [317/3111] Built Mathlib.Util.TransImports (1.4s)
✔ [318/3111] Built Mathlib.Control.Combinators (1.3s)
✔ [319/3111] Built Mathlib.Lean.Expr.Rat (1.3s)
✔ [320/3111] Built Mathlib.Tactic.HaveI (1.4s)
✔ [321/3111] Built Mathlib.Tactic.TryThis (1.4s)
✔ [322/3111] Built Mathlib.Util.PPOptions (1.4s)
✔ [323/3111] Built Mathlib.Tactic.Monotonicity.Attr (1.3s)
✔ [324/3111] Built Mathlib.Control.ULift (1.5s)
✔ [325/3111] Built Mathlib.Data.List.Monad (1.1s)
✔ [326/3111] Built Mathlib.Logic.OpClass (1.0s)
✔ [327/3111] Built Mathlib.Data.Int.DivMod (1.5s)
✔ [328/3111] Built Mathlib.Util.SynthesizeUsing (2.2s)
✔ [329/3111] Built Mathlib.Tactic.Linarith.Oracle.SimplexAlgorithm.Datatypes (1.5s)
✔ [330/3111] Built Mathlib.Tactic.CC.Lemmas (1.2s)
✔ [331/3111] Built Mathlib.Tactic.Relation.Symm (1.2s)
✔ [332/3111] Built Mathlib.Util.AddRelatedDecl (1.6s)
✔ [333/3111] Built Mathlib.Tactic.CategoryTheory.Coherence.Datatypes (2.3s)
✔ [334/3111] Built Mathlib.CategoryTheory.ConcreteCategory.Bundled (1.3s)
✔ [335/3111] Built Mathlib.Tactic.Change (1.8s)
✔ [336/3111] Built Mathlib.Tactic.Clean (1.4s)
✔ [337/3111] Built Mathlib.Tactic.FunProp.Decl (1.9s)
✔ [338/3111] Built Mathlib.Tactic.FunProp.Mor (1.5s)
✔ [339/3111] Built Mathlib.Tactic.FunProp.ToBatteries (2.5s)
✔ [340/3111] Built Mathlib.Tactic.Eval (2.2s)
✔ [341/3111] Built Mathlib.Tactic.Explode.Datatypes (1.2s)
✔ [342/3111] Built Mathlib.Util.DischargerAsTactic (1.2s)
✔ [343/3111] Built Mathlib.Tactic.FindSyntax (1.8s)
✔ [344/3111] Built Mathlib.Tactic.SuppressCompilation (2.5s)
✔ [345/3111] Built Mathlib.Tactic.Have (1.8s)
✔ [346/3111] Built Mathlib.Tactic.TacticAnalysis.Declarations (2.2s)
✔ [347/3111] Built Mathlib.Util.Tactic (1.2s)
✔ [348/3111] Built Mathlib.Tactic.GuardHypNums (1.4s)
✔ [349/3111] Built Mathlib.Tactic.Linter.HaveLetLinter (1.6s)
✔ [350/3111] Built Mathlib.Tactic.NthRewrite (1.6s)
✔ [351/3111] Built Mathlib.Tactic.Rename (1.6s)
✔ [352/3111] Built Mathlib.Tactic.SimpIntro (1.8s)
✔ [354/3111] Built Mathlib.Tactic.Constructor (1.3s)
✔ [355/3111] Built Mathlib.Tactic.InferParam (1.5s)
✔ [356/3111] Built Mathlib.Tactic.Linter.PPRoundtrip (1.7s)
✔ [357/3111] Built Mathlib.Util.WhatsNew (2.0s)
✔ [358/3111] Built Mathlib.Combinatorics.Matroid.Init (2.8s)
✔ [359/3111] Built Mathlib.Tactic.ApplyWith (1.4s)
✔ [360/3111] Built Mathlib.Tactic.ClearExclamation (1.4s)
✔ [361/3111] Built Mathlib.Tactic.Observe (1.8s)
✔ [362/3111] Built Mathlib.Util.Qq (2.3s)
✔ [363/3111] Built Mathlib.Tactic.Bound.Init (2.4s)
✔ [364/3111] Built Mathlib.Tactic.ClearExcept (1.5s)
✔ [365/3111] Built Mathlib.Lean.Meta.RefinedDiscrTree.Basic (2.3s)
✔ [366/3111] Built Mathlib.Util.AtomM (2.4s)
✔ [367/3111] Built Mathlib.Tactic.Explode.Pretty (1.6s)
✔ [368/3111] Built Mathlib.Tactic.Measurability.Init (3.0s)
✔ [369/3111] Built Mathlib.Lean.Elab.Term (1.4s)
✔ [370/3111] Built Mathlib.Tactic.Substs (1.5s)
✔ [371/3111] Built Mathlib.Lean.Meta.Basic (1.6s)
✔ [372/3111] Built Mathlib.Tactic.Check (1.6s)
✔ [373/3111] Built Mathlib.Tactic.Clear_ (1.6s)
✔ [374/3111] Built Mathlib.Tactic.Recover (1.0s)
✔ [375/3111] Built Mathlib.Tactic.Set (2.2s)
✔ [376/3111] Built Mathlib.Tactic.Finiteness.Attr (3.0s)
✔ [377/3111] Built Mathlib.Util.WithWeakNamespace (1.6s)
✔ [378/3111] Built Mathlib.Util.CountHeartbeats (2.6s)
✔ [379/3111] Built Mathlib.Tactic.FastInstance (2.6s)
✔ [380/3111] Built Mathlib.Data.Int.Notation (1.3s)
✔ [381/3111] Built Mathlib.Tactic.OfNat (1.4s)
✔ [382/3111] Built Mathlib.Tactic.PPWithUniv (1.4s)
✔ [383/3111] Built Mathlib.Lean.PrettyPrinter.Delaborator (1.7s)
✔ [384/3111] Built Mathlib.Util.AtLocation (1.7s)
✔ [385/3111] Built Mathlib.Tactic.GCongr.ForwardAttr (1.8s)
✔ [386/3111] Built Mathlib.Tactic.Coe (1.8s)
✔ [387/3111] Built Mathlib.Tactic.Find (1.0s)
✔ [388/3111] Built Mathlib.Tactic.Linter.DeprecatedModule (2.2s)
✔ [391/3111] Built Mathlib.Util.MemoFix (1.2s)
✔ [392/3111] Built Mathlib.Tactic.Eqns (1.3s)
✔ [393/3111] Built Mathlib.Data.String.Defs (1.3s)
✔ [394/3111] Built Mathlib.Util.AssertExistsExt (1.4s)
✔ [395/3111] Built Mathlib.Tactic.ExtendDoc (1.5s)
✔ [396/3111] Built Mathlib.Tactic.StacksAttribute (1.9s)
✔ [397/3111] Built Mathlib.Tactic.Continuity.Init (3.3s)
✔ [398/3111] Built Mathlib.Tactic.Replace (1.5s)
✔ [399/3111] Built Mathlib.Tactic.Lemma (1.1s)
✔ [400/3111] Built Mathlib.Tactic.TypeStar (1.2s)
✔ [401/3111] Built Mathlib.Tactic.WithoutCDot (1.7s)
✔ [402/3111] Built Mathlib.Tactic.Spread (1.0s)
✔ [403/3111] Built Mathlib.Tactic.FailIfNoProgress (2.2s)
✔ [404/3111] Built Mathlib.Data.Finset.Attr (3.2s)
✔ [405/3111] Built Mathlib.Tactic.ArithMult.Init (3.2s)
✔ [406/3111] Built Mathlib.CategoryTheory.Category.Init (3.4s)
✔ [407/3111] Built Mathlib.Data.Array.Defs (1.4s)
✔ [408/3111] Built Mathlib.Data.Nat.Notation (1.4s)
✔ [409/3111] Built Mathlib.Lean.EnvExtension (1.4s)
✔ [410/3111] Built Mathlib.Lean.Name (1.4s)
✔ [411/3111] Built Mathlib.Tactic.AdaptationNote (1.6s)
✔ [412/3111] Built Mathlib.Tactic.Simproc.ExistsAndEq (1.8s)
✔ [413/3111] Built Mathlib.Tactic.SimpRw (1.9s)
✔ [414/3111] Built Mathlib.Tactic.ErwQuestion (2.4s)
✔ [415/3111] Built Mathlib.Tactic.Monotonicity.Basic (1.8s)
✔ [416/3111] Built Mathlib.Tactic.Simps.NotationClass (1.7s)
✔ [417/3111] Built Mathlib.Lean.Meta (1.8s)
✔ [418/3111] Built Mathlib.Tactic.Variable (3.1s)
✔ [419/3111] Built Mathlib.Tactic.SetLike (3.4s)
✔ [420/3111] Built Mathlib.Tactic.Linarith.Oracle.SimplexAlgorithm.Gauss (1.6s)
✔ [421/3111] Built Mathlib.Tactic.Attr.Register (1.9s)
✔ [422/3111] Built Mathlib.Tactic.SwapVar (1.2s)
✔ [423/3111] Built Mathlib.Tactic.ToExpr (1.1s)
✔ [424/3111] Built Mathlib.Lean.Meta.Simp (1.7s)
✔ [425/3111] Built Mathlib.Tactic.CasesM (2.5s)
✔ [426/3111] Built Mathlib.Tactic.Says (3.1s)
✔ [427/3111] Built Mathlib.Tactic.Linarith.Oracle.SimplexAlgorithm.SimplexAlgorithm (1.8s)
✔ [428/3111] Built Mathlib.Tactic.Conv (2.6s)
✔ [429/3111] Built Mathlib.Tactic.Linter (962ms)
✔ [430/3111] Built Mathlib.Tactic.ToLevel (944ms)
✔ [431/3111] Built Mathlib.Tactic.ApplyAt (1.3s)
✔ [432/3111] Built Mathlib.Lean.Expr.ReplaceRec (990ms)
✔ [433/3111] Built Mathlib.Lean.Expr.Basic (2.4s)
✔ [434/3111] Built Mathlib.Data.Set.Defs (2.7s)
✔ [435/3111] Built Mathlib.Tactic.Inhabit (1.1s)
✔ [436/3111] Built Mathlib.Data.Ordering.Basic (1.1s)
✔ [437/3111] Built Mathlib.Lean.Meta.RefinedDiscrTree.Encode (1.8s)
✔ [438/3111] Built Mathlib.Data.Option.Defs (1.1s)
✔ [439/3111] Built Mathlib.Data.List.TFAE (1.1s)
✔ [440/3111] Built Mathlib.Data.Bracket (1.1s)
✔ [441/3111] Built Mathlib.Data.PNat.Notation (1.0s)
✔ [442/3111] Built Mathlib.Util.AssertExists (1.4s)
✔ [443/3111] Built Mathlib.Util.CompileInductive (2.9s)
✔ [444/3111] Built Mathlib.Data.Rat.Init (1.2s)
✔ [445/3111] Built Mathlib.Tactic.Explode (1.8s)
✔ [446/3111] Built Mathlib.Tactic.Attr.Core (924ms)
✔ [447/3111] Built Mathlib.Lean.Elab.Tactic.Basic (1.1s)
✔ [448/3111] Built Mathlib.Util.AtomM.Recurse (1.9s)
✔ [449/3111] Built Mathlib.Lean.Meta.RefinedDiscrTree.Initialize (2.1s)
✔ [450/3111] Built Mathlib.Tactic.Linarith.Oracle.SimplexAlgorithm.PositiveVector (908ms)
✔ [451/3111] Built Mathlib.Logic.Function.Defs (1.2s)
✔ [452/3111] Built Mathlib.Logic.ExistsUnique (1.6s)
✔ [453/3111] Built Mathlib.Tactic.CategoryTheory.Coherence.PureCoherence (2.5s)
✔ [454/3111] Built Mathlib.Tactic.Continuity (1.0s)
✔ [455/3111] Built Mathlib.Tactic.FunProp.FunctionData (2.5s)
✔ [456/3111] Built Mathlib.Tactic.DepRewrite (5.1s)
✔ [457/3111] Built Mathlib.Tactic.ApplyCongr (1.2s)
✔ [458/3111] Built Mathlib.Tactic.HigherOrder (1.4s)
✔ [459/3111] Built Mathlib.Tactic.Bound.Attribute (2.5s)
✔ [460/3111] Built Mathlib.Tactic.ToAdditive.GuessName (2.1s)
✔ [461/3111] Built Mathlib.Order.Bounds.Defs (824ms)
✔ [462/3111] Built Mathlib.Tactic.RenameBVar (1.1s)
✔ [463/3111] Built Mathlib.Tactic.Linter.TextBased (1.0s)
✔ [464/3111] Built Mathlib.Data.Int.Init (2.0s)
✔ [465/3111] Built Mathlib.Tactic.Use (2.2s)
✔ [466/3111] Built Mathlib.Data.Set.CoeSort (1.0s)
✔ [467/3111] Built Mathlib.Data.Int.Cast.Pi (961ms)
✔ [468/3111] Built Mathlib.Data.Ineq (1.2s)
✔ [469/3111] Built Mathlib.Tactic.Basic (2.2s)
✔ [470/3111] Built Mathlib.Tactic.ScopedNS (2.6s)
✔ [471/3111] Built Mathlib.Util.TermReduce (1.4s)
✔ [472/3111] Built Mathlib.Control.Functor (1.4s)
✔ [473/3111] Built Mathlib.Data.Tree.Basic (1.2s)
✔ [474/3111] Built Mathlib.Tactic.MkIffOfInductiveProp (2.3s)
✔ [475/3111] Built Mathlib.Tactic.Core (1.7s)
✔ [476/3111] Built Mathlib.Logic.Nonempty (976ms)
✔ [477/3111] Built Mathlib.Logic.Function.ULift (994ms)
✔ [478/3111] Built Mathlib.Logic.Function.CompTypeclasses (986ms)
✔ [479/3111] Built Mathlib.Logic.Function.Coequalizer (1.1s)
✔ [480/3111] Built Mathlib.Logic.Nontrivial.Defs (1.1s)
✔ [481/3111] Built Mathlib.Util.PrintSorries (1.8s)
✔ [482/3111] Built Mathlib.Data.Prod.PProd (1.1s)
✔ [483/3111] Built Mathlib.Tactic.FBinop (2.4s)
✔ [484/3111] Built Mathlib.Logic.Relator (1.2s)
✔ [485/3111] Built Mathlib.Data.Option.NAry (1.2s)
✔ [486/3111] Built Mathlib.Tactic.DeprecateTo (2.0s)
✔ [487/3111] Built Mathlib.Order.Notation (2.6s)
✔ [488/3111] Built Mathlib.Control.Basic (1.3s)
✔ [489/3111] Built Mathlib.Lean.Meta.RefinedDiscrTree.Lookup (1.0s)
✔ [490/3111] Built Mathlib.Tactic.CategoryTheory.Coherence.Normalize (4.1s)
✔ [491/3111] Built Mathlib.Tactic.Cases (2.3s)
✔ [492/3111] Built Mathlib.Tactic.FunProp.Types (1.9s)
✔ [493/3111] Built Mathlib.Data.Nat.Init (2.2s)
✔ [494/3111] Built Mathlib.Data.SProd (959ms)
✔ [495/3111] Built Mathlib.Tactic.RSuffices (1.5s)
✔ [496/3111] Built Mathlib.Tactic.ExtractLets (1.5s)
✔ [497/3111] Built Mathlib.Tactic.LiftLets (1.5s)
✔ [498/3111] Built Mathlib.Tactic.SplitIfs (1.5s)
✔ [499/3111] Built Mathlib.Lean.Meta.RefinedDiscrTree (921ms)
✔ [501/3111] Built Mathlib.Tactic.WLOG (1.6s)
✔ [502/3111] Built Mathlib.Order.TypeTags (1.4s)
✔ [503/3111] Built Mathlib.Tactic.ArithMult (1.0s)
✔ [504/3111] Built Mathlib.Control.Traversable.Basic (1.3s)
✔ [505/3111] Built Mathlib.Tactic.Propose (1.9s)
✔ [506/3111] Built Mathlib.Logic.Basic (2.3s)
✔ [507/3111] Built Mathlib.Tactic.Lift (2.6s)
✔ [508/3111] Built Mathlib.Tactic.DefEqTransformations (2.7s)
✔ [509/3111] Built Mathlib.Data.List.Defs (1.4s)
✔ [510/3111] Built Mathlib.Order.Defs.PartialOrder (1.3s)
✔ [511/3111] Built Mathlib.Order.Defs.Unbundled (1.4s)
✔ [512/3111] Built Mathlib.Tactic.TFAE (4.6s)
✔ [513/3111] Built Mathlib.Data.ENat.Defs (1.5s)
✔ [514/3111] Built Mathlib.Tactic.FunProp.Theorems (2.5s)
✔ [515/3111] Built Mathlib.Tactic.GeneralizeProofs (5.6s)
✔ [516/3111] Built Mathlib.Order.Interval.Set.Defs (1.2s)
✔ [517/3111] Built Mathlib.Tactic.Simps.Basic (5.0s)
✔ [518/3111] Built Mathlib.Tactic.Subsingleton (2.2s)
✔ [519/3111] Built Mathlib.Data.Sigma.Lex (1.4s)
✔ [520/3111] Built Mathlib.Order.Defs.LinearOrder (1.5s)
✔ [521/3111] Built Mathlib.Algebra.NeZero (1.6s)
✔ [522/3111] Built Mathlib.Tactic.FunProp.Attr (1.4s)
✔ [523/3111] Built Mathlib.Logic.Relation (2.7s)
✔ [524/3111] Built Mathlib.Data.Int.Order.Basic (1.2s)
✔ [525/3111] Built Mathlib.Tactic.Tauto (3.7s)
✔ [526/3111] Built Mathlib.Logic.Function.Basic (2.9s)
✔ [527/3111] Built Mathlib.Util.Delaborators (9.8s)
✔ [528/3111] Built Mathlib.Data.Bool.Basic (1.9s)
✔ [529/3111] Built Mathlib.Tactic.ITauto (5.1s)
✔ [530/3111] Built Mathlib.Logic.Pairwise (1.5s)
✔ [531/3111] Built Mathlib.Logic.Function.Conjugate (1.6s)
✔ [532/3111] Built Mathlib.Tactic.Push (3.1s)
✔ [533/3111] Built Mathlib.Data.Sigma.Basic (1.8s)
✔ [534/3111] Built Mathlib.Logic.IsEmpty (1.9s)
✔ [535/3111] Built Mathlib.Data.Subtype (2.1s)
✔ [536/3111] Built Mathlib.Tactic.GCongr.Core (4.0s)
✔ [537/3111] Built Mathlib.Data.Sum.Basic (2.3s)
✔ [538/3111] Built Mathlib.Tactic.Choose (2.7s)
✔ [539/3111] Built Mathlib.Data.List.Pairwise (1.8s)
✔ [540/3111] Built Mathlib.Tactic.ByContra (1.7s)
✔ [541/3111] Built Mathlib.Logic.Unique (1.7s)
✔ [542/3111] Built Mathlib.Logic.Function.Iterate (2.1s)
✔ [543/3111] Built Mathlib.Tactic.Contrapose (1.9s)
✔ [544/3111] Built Mathlib.Tactic.GCongr.CoreAttrs (1.6s)
✔ [545/3111] Built Mathlib.Data.List.Flatten (1.6s)
✔ [546/3111] Built Mathlib.Tactic.GRewrite.Core (1.9s)
✔ [547/3111] Built Mathlib.Data.Option.Basic (2.2s)
✔ [548/3111] Built Mathlib.Tactic.ToAdditive.Frontend (5.6s)
✔ [549/3111] Built Mathlib.Data.Set.Operations (2.2s)
✔ [550/3111] Built Mathlib.Tactic.FunProp.Core (6.8s)
✔ [551/3111] Built Mathlib.Util.Notation3 (10s)
✔ [552/3111] Built Mathlib.Tactic.ToAdditive (958ms)
✔ [553/3111] Built Mathlib.Data.Nat.Basic (1.4s)
✔ [554/3111] Built Mathlib.Tactic.GCongr (1.4s)
✔ [555/3111] Built Mathlib.Tactic.IrreducibleDef (2.0s)
✔ [557/3111] Built Mathlib.Lean.Meta.CongrTheorems (3.4s)
✔ [558/3111] Built Mathlib.Data.FunLike.Basic (1.8s)
✔ [559/3111] Built Mathlib.Lean.Expr.ExtraRecognizers (1.6s)
✔ [560/3111] Built Mathlib.Data.Prod.Basic (2.3s)
✔ [561/3111] Built Mathlib.Tactic.GRewrite.Elab (2.3s)
✔ [562/3111] Built Mathlib.Algebra.Notation.Lemmas (1.3s)
✔ [563/3111] Built Mathlib.Algebra.Notation (1.4s)
✔ [564/3111] Built Mathlib.Tactic.FunProp.Elab (2.2s)
✔ [565/3111] Built Mathlib.Data.FunLike.Embedding (1.4s)
✔ [566/3111] Built Mathlib.Data.Nat.Find (1.7s)
✔ [567/3111] Built Mathlib.Algebra.Notation.Defs (1.9s)
✔ [568/3111] Built Mathlib.Logic.Nontrivial.Basic (1.7s)
✔ [569/3111] Built Mathlib.Data.Quot (3.1s)
✔ [570/3111] Built Mathlib.Data.Nat.Sqrt (2.6s)
✔ [571/3111] Built Mathlib.Data.Set.Notation (1.8s)
✔ [572/3111] Built Mathlib.Tactic.GRewrite (1.3s)
✔ [573/3111] Built Mathlib.Tactic.FunProp (1.3s)
✔ [574/3111] Built Mathlib.Algebra.Regular.Defs (1.0s)
✔ [575/3111] Built Mathlib.Data.FunLike.Equiv (1.4s)
✔ [576/3111] Built Mathlib.Algebra.Notation.Pi.Defs (1.3s)
✔ [577/3111] Built Mathlib.Tactic.CC.Datatypes (3.4s)
✔ [578/3111] Built Mathlib.Algebra.Notation.Prod (2.1s)
✔ [579/3111] Built Mathlib.Tactic.CongrExclamation (4.3s)
✔ [580/3111] Built Mathlib.Tactic.ContinuousFunctionalCalculus (1.6s)
✔ [581/3111] Built Mathlib.Tactic.Nontriviality.Core (2.2s)
✔ [582/3111] Built Mathlib.Algebra.Notation.Pi.Basic (1.9s)
✔ [583/3111] Built Mathlib.Order.SetNotation (6.5s)
✔ [584/3111] Built Mathlib.Tactic.Nontriviality (1.4s)
✔ [585/3111] Built Mathlib.Logic.Equiv.Defs (3.7s)
✔ [586/3111] Built Mathlib.Tactic.Convert (2.5s)
✔ [587/3111] Built Mathlib.Topology.Defs.Basic (2.1s)
✔ [588/3111] Built Mathlib.Tactic.CC.MkProof (4.5s)
✔ [589/3111] Built Mathlib.Control.Monad.Basic (1.3s)
✔ [590/3111] Built Mathlib.Logic.Small.Defs (1.8s)
✔ [591/3111] Built Mathlib.Data.Finite.Defs (1.0s)
✔ [592/3111] Built Mathlib.Tactic.ProdAssoc (1.9s)
✔ [593/3111] Built Mathlib.Data.Int.Basic (1.0s)
✔ [594/3111] Built Mathlib.Control.EquivFunctor (2.1s)
✔ [595/3111] Built Mathlib.Logic.Lemmas (1.0s)
✔ [596/3111] Built Mathlib.Algebra.Group.Defs (6.1s)
✔ [597/3111] Built Mathlib.Tactic.TermCongr (4.9s)
✔ [598/3111] Built Mathlib.Data.Nat.Bits (2.6s)
✔ [599/3111] Built Mathlib.Topology.ContinuousMap.Defs (2.1s)
✔ [600/3111] Built Mathlib.Logic.Equiv.Prod (3.5s)
✔ [601/3111] Built Mathlib.Algebra.Group.Nat.Defs (1.3s)
✔ [602/3111] Built Mathlib.Algebra.Group.PUnit (1.3s)
✔ [603/3111] Built Mathlib.Tactic.ProxyType (3.5s)
✔ [604/3111] Built Mathlib.Algebra.Group.Commutator (1.4s)
✔ [605/3111] Built Mathlib.Algebra.Group.Int.Defs (1.5s)
✔ [606/3111] Built Mathlib.Data.Opposite (1.0s)
✔ [607/3111] Built Mathlib.Logic.UnivLE (2.0s)
✔ [608/3111] Built Mathlib.Algebra.BigOperators.Group.List.Defs (1.7s)
✔ [609/3111] Built Mathlib.Data.Countable.Defs (2.2s)
✔ [610/3111] Built Mathlib.Control.Applicative (1.9s)
✔ [611/3111] Built Mathlib.Algebra.Group.Semiconj.Defs (1.0s)
✔ [612/3111] Built Mathlib.Algebra.Group.Invertible.Defs (2.1s)
✔ [613/3111] Built Mathlib.Data.Nat.Cast.Defs (2.1s)
✔ [614/3111] Built Mathlib.Tactic.Measurability (2.3s)
✔ [615/3111] Built Mathlib.Tactic.CongrM (2.1s)
✔ [635/3111] Built Mathlib.Order.Basic (4.7s)
✔ [645/3111] Built Mathlib.Algebra.GroupWithZero.Defs (2.8s)
✔ [646/3111] Built Mathlib.Logic.Equiv.Option (2.9s)
✔ [647/3111] Built Mathlib.Data.Int.Cast.Defs (1.2s)
✔ [648/3111] Built Mathlib.Data.Nat.Cast.NeZero (1.2s)
✔ [649/3111] Built Mathlib.Control.Traversable.Lemmas (1.3s)
✔ [650/3111] Built Mathlib.Algebra.Opposites (3.3s)
✔ [651/3111] Built Mathlib.Combinatorics.Quiver.Basic (1.0s)
✔ [657/3111] Built Mathlib.Algebra.Group.Commute.Defs (1.8s)
✔ [658/3111] Built Mathlib.Algebra.Group.Pi.Basic (3.9s)
✔ [659/3111] Built Mathlib.Logic.Equiv.Sum (2.8s)
✔ [660/3111] Built Mathlib.Algebra.Group.InjSurj (4.4s)
✔ [661/3111] Built Mathlib.Algebra.Order.ZeroLEOne (1.9s)
✔ [662/3111] Built Mathlib.Order.ULift (1.0s)
✔ [663/3111] Built Mathlib.Algebra.GroupWithZero.NeZero (1.9s)
✔ [664/3111] Built Mathlib.Data.List.TakeWhile (2.1s)
✔ [665/3111] Built Mathlib.Algebra.GroupWithZero.Regular (1.9s)
✔ [666/3111] Built Mathlib.Algebra.GroupWithZero.Nat (2.0s)
✔ [667/3111] Built Mathlib.Order.Synonym (2.3s)
✔ [668/3111] Built Mathlib.Tactic.Sat.FromLRAT (3.6s)
✔ [669/3111] Built Mathlib.Data.PNat.Defs (2.4s)
✔ [670/3111] Built Mathlib.Algebra.CharZero.Defs (1.0s)
✔ [671/3111] Built Mathlib.Data.List.Scan (2.7s)
✔ [672/3111] Built Mathlib.Order.Monotone.Defs (3.1s)
✔ [673/3111] Built Mathlib.Order.RelClasses (3.1s)
✔ [680/3111] Built Mathlib.Combinatorics.Quiver.Prefunctor (2.3s)
✔ [723/3111] Built Mathlib.Algebra.Ring.Defs (3.4s)
✔ [724/3111] Built Mathlib.Data.PNat.Equiv (1.7s)
✔ [725/3111] Built Mathlib.Order.Compare (1.9s)
✔ [726/3111] Built Mathlib.Tactic.DeriveTraversable (3.9s)
✔ [727/3111] Built Mathlib.Algebra.GroupWithZero.InjSurj (2.5s)
✔ [728/3111] Built Mathlib.Order.Max (2.3s)
✔ [729/3111] Built Mathlib.Algebra.Group.Opposite (3.0s)
✔ [730/3111] Built Mathlib.Algebra.Order.Group.Synonym (2.6s)
✔ [731/3111] Built Mathlib.Combinatorics.Quiver.Push (1.9s)
✔ [732/3111] Built Mathlib.Algebra.Group.Hom.Defs (7.8s)
✔ [733/3111] Built Mathlib.Algebra.Group.Action.Defs (4.3s)
✔ [734/3111] Built Mathlib.Logic.Equiv.Basic (4.3s)
✔ [735/3111] Built Mathlib.Algebra.Ring.Semiconj (1.8s)
✔ [736/3111] Built Mathlib.Combinatorics.Quiver.Path (2.7s)
✔ [738/3111] Built Mathlib.Algebra.Ring.Nat (1.8s)
✔ [739/3111] Built Mathlib.Algebra.Ring.PUnit (1.8s)
✔ [740/3111] Built Mathlib.Algebra.Group.Units.Defs (4.9s)
✔ [741/3111] Built Mathlib.Algebra.Field.Defs (2.5s)
✔ [743/3111] Built Mathlib.Algebra.Order.GroupWithZero.Synonym (1.9s)
✔ [744/3111] Built Mathlib.Algebra.EuclideanDomain.Defs (2.8s)
✔ [745/3111] Built Mathlib.Algebra.GroupWithZero.Opposite (2.3s)
✔ [746/3111] Built Mathlib.Algebra.Order.Ring.Synonym (2.2s)
✔ [747/3111] Built Mathlib.Algebra.Group.Hom.CompTypeclasses (2.1s)
✔ [748/3111] Built Mathlib.Algebra.GroupWithZero.Pi (2.3s)
✔ [749/3111] Built Mathlib.Algebra.Group.Commute.Hom (2.2s)
✔ [750/3111] Built Mathlib.Algebra.Group.Action.Faithful (2.3s)
✔ [751/3111] Built Mathlib.Order.BoundedOrder.Basic (2.9s)
✔ [757/3111] Built Mathlib.Data.Matrix.DMatrix (2.5s)
✔ [758/3111] Built Mathlib.GroupTheory.GroupAction.IterateAct (2.2s)
✔ [759/3111] Built Mathlib.Order.Monotone.Basic (3.1s)
✔ [760/3111] Built Mathlib.Algebra.Group.Nat.Units (1.6s)
✔ [761/3111] Built Mathlib.RingTheory.LocalRing.Defs (1.6s)
✔ [762/3111] Built Mathlib.Algebra.AddTorsor.Defs (2.5s)
✔ [763/3111] Built Mathlib.Data.ULift (2.2s)
✔ [773/3111] Built Mathlib.Combinatorics.Quiver.Symmetric (2.3s)
✔ [806/3111] Built Mathlib.Tactic.CC.Addition (11s)
✔ [807/3111] Built Mathlib.Algebra.Group.Irreducible.Defs (2.1s)
✔ [808/3111] Built Mathlib.Algebra.Group.Action.Opposite (3.4s)
✔ [809/3111] Built Mathlib.Logic.Embedding.Basic (3.4s)
✔ [810/3111] Built Mathlib.Order.Nat (1.9s)
✔ [811/3111] Built Mathlib.Algebra.Group.Basic (12s)
✔ [815/3111] Built Mathlib.LinearAlgebra.AffineSpace.Defs (2.2s)
✔ [816/3111] Built Mathlib.Order.BoundedOrder.Monotone (2.3s)
✔ [817/3111] Built Mathlib.Order.Iterate (2.2s)
✔ [818/3111] Built Mathlib.Algebra.Group.Equiv.Defs (5.3s)
✔ [819/3111] Built Mathlib.Order.GaloisConnection.Defs (2.8s)
✔ [821/3111] Built Mathlib.Tactic.CC (2.6s)
✔ [822/3111] Built Mathlib.SetTheory.Cardinal.Defs (2.8s)
✔ [823/3111] Built Mathlib.Data.Nat.Log (3.2s)
✔ [824/3111] Built Mathlib.Algebra.Group.Embedding (2.3s)
✔ [825/3111] Built Mathlib.Order.Lattice (4.3s)
✔ [827/3111] Built Mathlib.Algebra.Ring.Regular (2.9s)
✔ [828/3111] Built Mathlib.Algebra.Group.Torsion (2.9s)
✔ [829/3111] Built Mathlib.Algebra.Group.Idempotent (2.9s)
✔ [830/3111] Built Mathlib.Data.Int.Cast.Basic (3.1s)
✔ [831/3111] Built Mathlib.Algebra.Group.Semiconj.Basic (3.0s)
✔ [832/3111] Built Mathlib.Algebra.Group.Int.Units (3.1s)
✔ [834/3111] Built Mathlib.Algebra.Group.Units.Opposite (2.8s)
✔ [835/3111] Built Mathlib.Algebra.Group.Action.Units (3.4s)
✔ [836/3111] Built Mathlib.Algebra.Regular.Basic (3.6s)
✔ [837/3111] Built Mathlib.Algebra.GroupWithZero.Basic (3.8s)
✔ [838/3111] Built Mathlib.Algebra.Order.Monoid.Unbundled.Defs (3.8s)
✔ [839/3111] Built Mathlib.Tactic.MoveAdd (3.9s)
✔ [840/3111] Built Mathlib.Order.RelIso.Basic (4.8s)
✔ [841/3111] Built Mathlib.Algebra.Group.ULift (3.5s)
✔ [842/3111] Built Mathlib.Algebra.Group.Hom.Basic (4.5s)
✔ [843/3111] Built Mathlib.Order.BoundedOrder.Lattice (2.4s)
✔ [844/3111] Built Mathlib.Order.MinMax (2.4s)
✔ [845/3111] Built Mathlib.Algebra.GroupWithZero.Idempotent (1.8s)
✔ [846/3111] Built Mathlib.Order.Monotone.Monovary (2.7s)
✔ [847/3111] Built Mathlib.Algebra.Ring.GrindInstances (2.4s)
✔ [848/3111] Built Mathlib.Tactic.Zify (2.5s)
✔ [849/3111] Built Mathlib.Algebra.Group.Commute.Basic (2.9s)
✔ [850/3111] Built Mathlib.Algebra.Order.Monoid.Unbundled.OrderDual (2.3s)
✔ [851/3111] Built Mathlib.Data.Prod.Lex (4.0s)
✔ [852/3111] Built Mathlib.Tactic.Order.CollectFacts (4.2s)
✔ [853/3111] Built Mathlib.Algebra.GroupWithZero.ULift (2.4s)
✔ [854/3111] Built Mathlib.Algebra.Group.Units.Basic (6.7s)
✔ [856/3111] Built Mathlib.Algebra.Group.TypeTags.Basic (3.9s)
✔ [857/3111] Built Mathlib.Algebra.Order.GroupWithZero.Unbundled.Defs (3.4s)
✔ [858/3111] Built Mathlib.Algebra.Ring.Int.Defs (2.2s)
✔ [859/3111] Built Mathlib.Algebra.Ring.Idempotent (2.9s)
✔ [860/3111] Built Mathlib.Algebra.GroupWithZero.Hom (3.2s)
✔ [861/3111] Built Mathlib.Algebra.Group.Equiv.Basic (3.9s)
✔ [863/3111] Built Mathlib.Tactic.Order.Graph.Basic (2.3s)
✔ [864/3111] Built Mathlib.Order.Disjoint (4.1s)
✔ [865/3111] Built Mathlib.Tactic.Order.Preprocessing (2.5s)
✔ [866/3111] Built Mathlib.Algebra.Group.Hom.Instances (4.4s)
✔ [867/3111] Built Mathlib.Algebra.Group.Action.TypeTags (2.0s)
✔ [868/3111] Built Mathlib.Algebra.Group.Semiconj.Units (2.4s)
✔ [869/3111] Built Mathlib.Algebra.Group.TypeTags.Hom (2.6s)
✔ [870/3111] Built Mathlib.Algebra.Ring.Hom.InjSurj (1.6s)
✔ [872/3111] Built Mathlib.Algebra.Ring.InjSurj (6.6s)
✔ [873/3111] Built Mathlib.Data.Int.Cast.Field (1.9s)
✔ [874/3111] Built Mathlib.Algebra.GroupWithZero.Equiv (1.0s)
✔ [875/3111] Built Mathlib.Algebra.Group.Units.Hom (3.1s)
✔ [877/3111] Built Mathlib.Algebra.GroupWithZero.Units.Basic (3.4s)
✔ [883/3111] Built Mathlib.Tactic.Order.Graph.Tarjan (1.9s)
✔ [884/3111] Built Mathlib.Order.PropInstances (2.2s)
✔ [885/3111] Built Mathlib.Algebra.Group.Action.Pretransitive (2.2s)
✔ [886/3111] Built Mathlib.Algebra.GroupWithZero.Action.Defs (3.5s)
✔ [887/3111] Built Mathlib.Algebra.Group.Hom.End (2.4s)
✔ [889/3111] Built Mathlib.Algebra.Group.Nat.Hom (2.1s)
✔ [891/3111] Built Mathlib.Algebra.Group.Equiv.Opposite (3.3s)
✔ [892/3111] Built Mathlib.Algebra.Ring.Basic (3.1s)
✔ [895/3111] Built Mathlib.Algebra.Group.Commute.Units (2.9s)
✔ [896/3111] Built Mathlib.Algebra.GroupWithZero.Semiconj (2.1s)
✔ [898/3111] Built Mathlib.Algebra.Group.Equiv.TypeTags (3.3s)
✔ [899/3111] Built Mathlib.Algebra.Group.Units.Equiv (3.0s)
✔ [901/3111] Built Mathlib.Algebra.Order.Monoid.Unbundled.Basic (8.4s)
✔ [902/3111] Built Mathlib.Order.WithBot (11s)
✔ [904/3111] Built Mathlib.Algebra.EuclideanDomain.Field (3.2s)
✔ [905/3111] Built Mathlib.Algebra.Group.Action.Hom (3.2s)
✔ [906/3111] Built Mathlib.Algebra.GroupWithZero.Action.Opposite (3.0s)
✔ [907/3111] Built Mathlib.Algebra.GroupWithZero.Action.Hom (3.2s)
✔ [908/3111] Built Mathlib.GroupTheory.GroupAction.Ring (3.2s)
✔ [909/3111] Built Mathlib.Algebra.Ring.Action.Rat (3.2s)
✔ [910/3111] Built Mathlib.Tactic.Order (4.0s)
✔ [911/3111] Built Mathlib.Algebra.GroupWithZero.Action.Units (3.5s)
✔ [912/3111] Built Mathlib.Algebra.NoZeroSMulDivisors.Defs (3.6s)
✔ [913/3111] Built Mathlib.Algebra.Regular.SMul (3.8s)
✔ [914/3111] Built Mathlib.Algebra.GroupWithZero.Commute (2.9s)
✔ [915/3111] Built Mathlib.Algebra.Module.Defs (3.9s)
✔ [917/3111] Built Mathlib.Algebra.GroupWithZero.Units.Equiv (2.7s)
✔ [918/3111] Built Mathlib.Algebra.Group.Invertible.Basic (3.5s)
✔ [919/3111] Built Mathlib.Algebra.Order.Monoid.NatCast (2.8s)
✔ [920/3111] Built Mathlib.Data.Set.Basic (5.0s)
✔ [921/3111] Built Mathlib.Algebra.Order.Monoid.Unbundled.ExistsOfLE (3.2s)
✔ [929/3111] Built Mathlib.Order.Hom.Basic (7.6s)
✔ [930/3111] Built Mathlib.Algebra.Order.Monoid.Unbundled.MinMax (3.4s)
✔ [931/3111] Built Mathlib.Algebra.Group.Even (4.8s)
✔ [932/3111] Built Mathlib.Algebra.Order.Sub.Defs (3.7s)
✔ [933/3111] Built Mathlib.Algebra.Order.Monoid.Defs (3.8s)
✔ [934/3111] Built Mathlib.Algebra.Group.Prod (7.1s)
✔ [938/3111] Built Mathlib.Algebra.GroupWithZero.Action.End (2.4s)
✔ [939/3111] Built Mathlib.Algebra.Module.MinimalAxioms (2.3s)
✔ [940/3111] Built Mathlib.Algebra.GroupWithZero.Units.Lemmas (2.6s)
✔ [941/3111] Built Mathlib.Order.Circular (3.0s)
✔ [942/3111] Built Mathlib.Algebra.GroupWithZero.Invertible (2.4s)
✔ [943/3111] Built Mathlib.Algebra.Ring.Hom.Defs (5.0s)
✔ [949/3111] Built Mathlib.Order.Heyting.Basic (7.3s)
✔ [950/3111] Built Mathlib.Algebra.Order.Monoid.Unbundled.Pow (4.0s)
✔ [951/3111] Built Mathlib.Data.Set.Inclusion (2.9s)
✔ [952/3111] Built Mathlib.Algebra.Group.Action.Basic (3.2s)
✔ [954/3111] Built Mathlib.Data.Set.Disjoint (2.0s)
✔ [955/3111] Built Mathlib.Data.Nat.Order.Lemmas (3.0s)
✔ [956/3111] Built Mathlib.Data.Set.Order (3.4s)
✔ [957/3111] Built Mathlib.Algebra.Order.GroupWithZero.Unbundled.Basic (9.2s)
✔ [959/3111] Built Mathlib.Data.SetLike.Basic (3.5s)
✔ [960/3111] Built Mathlib.Algebra.Order.Monoid.Units (3.3s)
✔ [961/3111] Built Mathlib.Algebra.Order.Monoid.Unbundled.TypeTags (3.3s)
✔ [962/3111] Built Mathlib.Algebra.Order.Group.Int (3.1s)
✔ [963/3111] Built Mathlib.Algebra.Order.Monoid.OrderDual (3.1s)
✔ [964/3111] Built Mathlib.Data.Nat.Cast.Prod (3.1s)
✔ [965/3111] Built Mathlib.Algebra.Group.Irreducible.Lemmas (3.7s)
✔ [969/3111] Built Mathlib.Algebra.Group.Nat.Even (3.9s)
✔ [971/3111] Built Mathlib.Algebra.Order.Group.Opposite (3.5s)
✔ [972/3111] Built Mathlib.Tactic.ApplyFun (4.3s)
✔ [973/3111] Built Mathlib.Algebra.Order.Monoid.Basic (3.8s)
✔ [975/3111] Built Mathlib.Order.Antisymmetrization (4.4s)
✔ [976/3111] Built Mathlib.Algebra.Order.Sub.Unbundled.Basic (4.0s)
✔ [977/3111] Built Mathlib.Algebra.Ring.Units (3.3s)
✔ [978/3111] Built Mathlib.Algebra.Group.Action.Prod (4.3s)
✔ [980/3111] Built Mathlib.Algebra.Group.Center (5.4s)
✔ [981/3111] Built Mathlib.Algebra.Ring.Invertible (3.2s)
✔ [984/3111] Built Mathlib.Algebra.Module.RingHom (3.5s)
✔ [985/3111] Built Mathlib.Algebra.Ring.Action.Basic (2.6s)
✔ [986/3111] Built Mathlib.Order.BooleanAlgebra.Defs (3.3s)
✔ [987/3111] Built Mathlib.Algebra.Order.Monoid.Canonical.Defs (4.8s)
✔ [988/3111] Built Mathlib.Algebra.Order.Group.Units (2.1s)
✔ [990/3111] Built Mathlib.Algebra.Order.GroupWithZero.Unbundled.OrderIso (2.6s)
✔ [991/3111] Built Mathlib.Order.Hom.Lattice (5.8s)
✔ [992/3111] Built Mathlib.Order.Hom.Bounded (5.9s)
✔ [993/3111] Built Mathlib.Data.Int.Cast.Prod (2.2s)
✔ [994/3111] Built Mathlib.Algebra.Group.Subsemigroup.Defs (3.5s)
✔ [995/3111] Built Mathlib.Tactic.NormNum.Result (4.9s)
✔ [996/3111] Built Mathlib.Data.Set.Insert (4.1s)
✔ [997/3111] Built Mathlib.Algebra.Ring.Opposite (5.7s)
✔ [998/3111] Built Mathlib.Algebra.Ring.Int.Units (2.4s)
✔ [999/3111] Built Mathlib.Algebra.Order.Monoid.Unbundled.WithTop (7.6s)
✔ [1000/3111] Built Mathlib.Algebra.GroupWithZero.Center (2.7s)
✔ [1001/3111] Built Mathlib.Algebra.Ring.Centralizer (2.6s)
✔ [1002/3111] Built Mathlib.Algebra.Ring.Action.Field (2.5s)
✔ [1003/3111] Built Mathlib.Algebra.Order.Group.Nat (2.5s)
✔ [1004/3111] Built Mathlib.Algebra.Order.Monoid.TypeTags (2.4s)
✔ [1005/3111] Built Mathlib.Algebra.Module.PUnit (2.8s)
✔ [1006/3111] Built Mathlib.Algebra.GroupWithZero.Action.Prod (3.1s)
✔ [1007/3111] Built Mathlib.Algebra.Ring.Commute (3.5s)
✔ [1009/3111] Built Mathlib.Algebra.Order.Sub.Basic (3.2s)
✔ [1010/3111] Built Mathlib.GroupTheory.Subsemigroup.Center (2.3s)
✔ [1011/3111] Built Mathlib.Data.Sum.Order (7.4s)
✔ [1012/3111] Built Mathlib.Data.Set.Subsingleton (2.8s)
✔ [1013/3111] Built Mathlib.Algebra.Module.Opposite (2.2s)
✔ [1015/3111] Built Mathlib.Data.Nat.Cast.WithTop (2.0s)
✔ [1016/3111] Built Mathlib.Algebra.Order.Sub.WithTop (2.2s)
✔ [1017/3111] Built Mathlib.Algebra.Order.Monoid.WithTop (2.3s)
✔ [1018/3111] Built Mathlib.Algebra.Module.Prod (1.9s)
✔ [1019/3111] Built Mathlib.Algebra.Order.Group.Unbundled.Basic (9.7s)
✖ [1020/3111] Building Mathlib.Algebra.Order.Group.Defs (124ms)
trace: .> LEAN_PATH=/home/hantao/code/FloatSpec/.lake/packages/Cli/.lake/build/lib/lean:/home/hantao/code/FloatSpec/.lake/packages/batteries/.lake/build/lib/lean:/home/hantao/code/FloatSpec/.lake/packages/Qq/.lake/build/lib/lean:/home/hantao/code/FloatSpec/.lake/packages/aesop/.lake/build/lib/lean:/home/hantao/code/FloatSpec/.lake/packages/proofwidgets/.lake/build/lib/lean:/home/hantao/code/FloatSpec/.lake/packages/importGraph/.lake/build/lib/lean:/home/hantao/code/FloatSpec/.lake/packages/LeanSearchClient/.lake/build/lib/lean:/home/hantao/code/FloatSpec/.lake/packages/plausible/.lake/build/lib/lean:/home/hantao/code/FloatSpec/.lake/packages/mathlib/.lake/build/lib/lean:/home/hantao/code/FloatSpec/.lake/build/lib/lean /home/hantao/.elan/toolchains/leanprover--lean4---v4.23.0-rc2/bin/lean /home/hantao/code/FloatSpec/.lake/packages/mathlib/Mathlib/Algebra/Order/Group/Defs.lean -o /home/hantao/code/FloatSpec/.lake/packages/mathlib/.lake/build/lib/lean/Mathlib/Algebra/Order/Group/Defs.olean -i /home/hantao/code/FloatSpec/.lake/packages/mathlib/.lake/build/lib/lean/Mathlib/Algebra/Order/Group/Defs.ilean -c /home/hantao/code/FloatSpec/.lake/packages/mathlib/.lake/build/ir/Mathlib/Algebra/Order/Group/Defs.c --setup /home/hantao/code/FloatSpec/.lake/packages/mathlib/.lake/build/ir/Mathlib/Algebra/Order/Group/Defs.setup.json --json
info: stderr:
failed to load header from /home/hantao/code/FloatSpec/.lake/packages/mathlib/.lake/build/ir/Mathlib/Algebra/Order/Group/Defs.setup.json: offset 45056: unexpected end of input
error: Lean exited with code 1
✔ [1021/3111] Built Mathlib.Tactic.NormNum.Core (3.7s)
✔ [1022/3111] Built Mathlib.Data.Nat.Cast.Commute (2.2s)
✔ [1046/3111] Built Mathlib.Algebra.Group.Submonoid.Defs (4.4s)
✔ [1049/3111] Built Mathlib.Order.BooleanAlgebra.Basic (5.0s)
✔ [1050/3111] Built Mathlib.Data.Int.Range (2.3s)
✔ [1051/3111] Built Mathlib.Algebra.Order.AddGroupWithTop (2.7s)
✔ [1054/3111] Built Mathlib.Algebra.Order.Group.OrderIso (2.8s)
✔ [1055/3111] Built Mathlib.Algebra.Order.GroupWithZero.Submonoid (2.1s)
✔ [1056/3111] Built Mathlib.Algebra.Order.Group.Basic (3.1s)
✔ [1057/3111] Built Mathlib.Algebra.Group.Submonoid.MulAction (2.3s)
✔ [1058/3111] Built Mathlib.Algebra.Field.Basic (4.0s)
✔ [1059/3111] Built Mathlib.GroupTheory.OreLocalization.OreSet (2.5s)
✔ [1061/3111] Built Mathlib.Data.Part (4.7s)
✔ [1063/3111] Built Mathlib.RingTheory.NonUnitalSubsemiring.Defs (3.0s)
✔ [1065/3111] Built Mathlib.Data.Int.LeastGreatest (2.1s)
✔ [1066/3111] Built Mathlib.Order.SymmDiff (4.2s)
✔ [1067/3111] Built Mathlib.Order.BooleanAlgebra.Set (4.3s)
✔ [1068/3111] Built Mathlib.Algebra.Group.Submonoid.DistribMulAction (2.1s)
✔ [1071/3111] Built Mathlib.Algebra.Order.Group.Lattice (2.8s)
✔ [1072/3111] Built Mathlib.RingTheory.OreLocalization.OreSet (2.2s)
✔ [1073/3111] Built Mathlib.Algebra.Order.Ring.Unbundled.Basic (7.4s)
✔ [1092/3111] Built Mathlib.Data.Set.SymmDiff (2.1s)
✔ [1093/3111] Built Mathlib.Algebra.Order.Hom.Monoid (7.5s)
✔ [1095/3111] Built Mathlib.Data.Set.BoolIndicator (2.3s)
✔ [1096/3111] Built Mathlib.GroupTheory.GroupAction.Hom (14s)
✔ [1097/3111] Built Mathlib.Algebra.Ring.Subsemiring.Defs (4.3s)
✔ [1100/3111] Built Mathlib.Tactic.TautoSet (2.1s)
✔ [1101/3111] Built Mathlib.Order.Filter.Defs (4.4s)
✔ [1102/3111] Built Mathlib.Order.Interval.Set.Basic (4.7s)
✔ [1104/3111] Built Mathlib.Algebra.Order.Group.Unbundled.Abs (5.4s)
✔ [1123/3111] Built Mathlib.Order.Hom.BoundedLattice (6.3s)
✔ [1124/3111] Built Mathlib.Data.Set.Image (5.8s)
✔ [1128/3111] Built Mathlib.Algebra.Order.Group.Unbundled.Int (2.4s)
✔ [1168/3111] Built Mathlib.Data.Bool.Set (2.5s)
✔ [1169/3111] Built Mathlib.Order.Hom.WithTopBot (4.1s)
✔ [1170/3111] Built Mathlib.Data.Nat.Set (2.5s)
✔ [1171/3111] Built Mathlib.Algebra.Order.Group.PosPart (4.7s)
✔ [1172/3111] Built Mathlib.Algebra.EuclideanDomain.Int (2.4s)
✔ [1173/3111] Built Mathlib.Data.Set.List (2.8s)
✔ [1176/3111] Built Mathlib.Order.Interval.Set.WithBotTop (3.2s)
✔ [1177/3111] Built Mathlib.Data.Set.Restrict (3.2s)
✔ [1178/3111] Built Mathlib.Order.Directed (3.3s)
✔ [1179/3111] Built Mathlib.Order.Interval.Set.LinearOrder (6.5s)
✔ [1180/3111] Built Mathlib.Logic.Embedding.Set (3.5s)
✔ [1181/3111] Built Mathlib.Algebra.Notation.Support (4.9s)
✔ [1186/3111] Built Mathlib.Logic.Function.DependsOn (2.3s)
✔ [1187/3111] Built Mathlib.Logic.Equiv.Embedding (2.4s)
✔ [1188/3111] Built Mathlib.Data.Set.Prod (6.4s)
✔ [1190/3111] Built Mathlib.Algebra.Group.Support (2.1s)
✔ [1191/3111] Built Mathlib.Order.Bounds.Basic (4.1s)
✔ [1193/3111] Built Mathlib.Order.ScottContinuity (2.3s)
✔ [1194/3111] Built Mathlib.Data.Set.NAry (3.6s)
✔ [1195/3111] Built Mathlib.Order.CompleteLattice.Defs (3.2s)
✔ [1196/3111] Built Mathlib.Order.LatticeIntervals (3.6s)
✔ [1197/3111] Built Mathlib.Data.Set.Function (5.2s)
✔ [1218/3111] Built Mathlib.Order.Bounds.Image (2.9s)
✔ [1219/3111] Built Mathlib.Order.WellFounded (2.1s)
✔ [1222/3111] Built Mathlib.Data.Set.Piecewise (2.4s)
✔ [1223/3111] Built Mathlib.Data.List.Iterate (2.5s)
✔ [1224/3111] Built Mathlib.Algebra.Order.Interval.Set.Monoid (2.5s)
✔ [1225/3111] Built Mathlib.Data.Set.Monotone (2.7s)
✔ [1226/3111] Built Mathlib.Order.Interval.Set.Image (2.0s)
✔ [1229/3111] Built Mathlib.Order.ConditionallyCompleteLattice.Defs (2.4s)
✔ [1230/3111] Built Mathlib.Logic.Equiv.Set (4.5s)
✔ [1259/3111] Built Mathlib.Algebra.Group.Action.Pi (2.5s)
✔ [1267/3111] Built Mathlib.Algebra.Notation.Indicator (4.2s)
✔ [1270/3111] Built Mathlib.Logic.Small.Basic (1.0s)
✔ [1309/3111] Built Mathlib.Algebra.NoZeroSMulDivisors.Pi (1.9s)
✔ [1310/3111] Built Mathlib.Order.RelIso.Set (2.1s)
✔ [1311/3111] Built Mathlib.Algebra.Group.Pi.Lemmas (4.7s)
✔ [1312/3111] Built Mathlib.Logic.Equiv.PartialEquiv (4.8s)
✔ [1313/3111] Built Mathlib.Data.Set.Pairwise.Basic (7.3s)
✔ [1408/3111] Built Mathlib.Order.Hom.Set (3.1s)
✔ [1409/3111] Built Mathlib.Data.Countable.Small (1.0s)
✔ [1410/3111] Built Mathlib.Algebra.GroupWithZero.Indicator (2.4s)
✔ [1411/3111] Built Mathlib.Order.Bounds.OrderIso (2.1s)
✔ [1414/3111] Built Mathlib.Order.Interval.Set.OrderIso (2.2s)
✔ [1415/3111] Built Mathlib.Algebra.Group.Indicator (3.4s)
✔ [1416/3111] Built Mathlib.Order.Preorder.Chain (2.8s)
✔ [1417/3111] Built Mathlib.Order.Hom.Lex (2.8s)
✔ [1419/3111] Built Mathlib.GroupTheory.GroupAction.DomAct.Basic (4.1s)
✔ [1421/3111] Built Mathlib.Algebra.Group.Pointwise.Set.Basic (12s)
✔ [1424/3111] Built Mathlib.Algebra.Ring.Equiv (7.1s)
✔ [1435/3111] Built Mathlib.Order.Antichain (2.8s)
✔ [1440/3111] Built Mathlib.Order.CompleteLattice.Basic (6.1s)
✔ [1442/3111] Built Mathlib.Algebra.GroupWithZero.Pointwise.Set.Basic (2.8s)
✔ [1443/3111] Built Mathlib.Algebra.Ring.Pointwise.Set (2.8s)
✔ [1444/3111] Built Mathlib.Algebra.Ring.CompTypeclasses (2.7s)
✔ [1466/3111] Built Mathlib.Algebra.Group.Pointwise.Set.Scalar (3.9s)
✔ [1470/3111] Built Mathlib.Order.CompleteLattice.Lemmas (3.0s)
✔ [1471/3111] Built Mathlib.Algebra.Ring.ULift (4.0s)
✔ [1474/3111] Built Mathlib.Data.Setoid.Basic (3.0s)
✔ [1477/3111] Built Mathlib.Order.GaloisConnection.Basic (3.8s)
✔ [1479/3111] Built Mathlib.Order.Minimal (4.5s)
✔ [1481/3111] Built Mathlib.Algebra.Ring.Action.Pointwise.Set (2.7s)
✔ [1482/3111] Built Mathlib.Algebra.Ring.Pi (4.3s)
✔ [1499/3111] Built Mathlib.GroupTheory.GroupAction.Pointwise (3.6s)
✔ [1500/3111] Built Mathlib.Topology.Defs.Filter (3.7s)
✔ [1501/3111] Built Mathlib.Order.Hom.Order (3.0s)
✔ [1503/3111] Built Mathlib.Algebra.Order.Group.Pointwise.Bounds (3.3s)
✔ [1504/3111] Built Mathlib.GroupTheory.Congruence.Defs (5.7s)
✔ [1505/3111] Built Mathlib.GroupTheory.Congruence.Opposite (2.0s)
✔ [1506/3111] Built Mathlib.Order.CompleteBooleanAlgebra (7.6s)
✔ [1533/3111] Built Mathlib.RingTheory.Congruence.Defs (4.6s)
✔ [1534/3111] Built Mathlib.GroupTheory.Congruence.Hom (4.7s)
✔ [1535/3111] Built Mathlib.Data.Set.BooleanAlgebra (2.2s)
✔ [1554/3111] Built Mathlib.Order.Closure (4.1s)
✔ [1555/3111] Built Mathlib.Data.Set.Sigma (5.0s)
✔ [1556/3111] Built Mathlib.Data.Set.Lattice (6.1s)
✔ [1563/3111] Built Mathlib.Order.CompleteLattice.Chain (2.0s)
✔ [1564/3111] Built Mathlib.Data.Set.Accumulate (2.2s)
✔ [1565/3111] Built Mathlib.Logic.Small.Set (2.4s)
✔ [1566/3111] Built Mathlib.Data.Set.UnionLift (2.5s)
✔ [1567/3111] Built Mathlib.Data.Set.Pairwise.Lattice (3.2s)
✔ [1578/3111] Built Mathlib.Order.Zorn (2.1s)
✔ [1580/3111] Built Mathlib.Order.Filter.Basic (4.6s)
✔ [1581/3111] Built Mathlib.Order.ConditionallyCompleteLattice.Basic (5.4s)
✔ [1624/3111] Built Mathlib.Order.Filter.AtTopBot.Defs (2.0s)
✔ [1625/3111] Built Mathlib.Algebra.Order.Group.Action (1.0s)
✔ [1626/3111] Built Mathlib.Tactic.Peel (3.1s)
✔ [1627/3111] Built Mathlib.Order.OrdContinuous (2.7s)
✔ [1628/3111] Built Mathlib.Data.Int.ConditionallyCompleteOrder (2.8s)
✔ [1629/3111] Built Mathlib.Topology.Defs.Sequences (2.1s)
✔ [1630/3111] Built Mathlib.Order.Copy (3.9s)
✔ [1631/3111] Built Mathlib.Order.ConditionallyCompleteLattice.Indexed (4.4s)
✔ [1638/3111] Built Mathlib.Data.Rel (17s)
✔ [1639/3111] Built Mathlib.Data.Set.Lattice.Image (11s)
✔ [1725/3111] Built Mathlib.Order.ConditionallyCompleteLattice.Group (2.5s)
✔ [1726/3111] Built Mathlib.Algebra.Order.Group.Indicator (3.5s)
✔ [1727/3111] Built Mathlib.Data.Nat.Pairing (2.4s)
✔ [1728/3111] Built Mathlib.Data.Set.Functor (2.3s)
✔ [1729/3111] Built Mathlib.Order.Interval.Set.Disjoint (3.1s)
✔ [1747/3111] Built Mathlib.Algebra.Group.Subsemigroup.Basic (3.3s)
✔ [1748/3111] Built Mathlib.Algebra.Group.Pointwise.Set.Lattice (3.3s)
✔ [1749/3111] Built Mathlib.Order.Filter.Map (4.2s)
✔ [1752/3111] Built Mathlib.Logic.Equiv.Nat (1.9s)
✔ [1814/3111] Built Mathlib.Order.Hom.CompleteLattice (4.0s)
✔ [1815/3111] Built Mathlib.Order.Filter.AtTopBot.Disjoint (1.0s)
✔ [1816/3111] Built Mathlib.Algebra.Group.Action.Pointwise.Set.Basic (5.2s)
✔ [1820/3111] Built Mathlib.Data.Set.Subset (2.9s)
✔ [1823/3111] Built Mathlib.GroupTheory.Subsemigroup.Centralizer (2.0s)
✔ [1824/3111] Built Mathlib.Tactic.DeriveCountable (3.6s)
✔ [1825/3111] Built Mathlib.Algebra.Group.Subsemigroup.Membership (2.8s)
✔ [1826/3111] Built Mathlib.Order.Filter.Ker (2.2s)
✔ [1827/3111] Built Mathlib.Order.Filter.Tendsto (2.4s)
✔ [1831/3111] Built Mathlib.Algebra.Group.Submonoid.Basic (4.3s)
✔ [1875/3111] Built Mathlib.Order.Filter.Bases.Basic (3.5s)
✔ [1879/3111] Built Mathlib.Order.Filter.AtTopBot.Map (1.7s)
✔ [1880/3111] Built Mathlib.Order.Filter.AtTopBot.Tendsto (2.0s)
✔ [1881/3111] Built Mathlib.Algebra.Ring.Submonoid.Basic (1.9s)
✔ [1882/3111] Built Mathlib.Order.Filter.Prod (3.4s)
✔ [1886/3111] Built Mathlib.Order.Filter.AtTopBot.CompleteLattice (2.1s)
✔ [1887/3111] Built Mathlib.Algebra.Group.Submonoid.MulOpposite (3.2s)
✔ [1894/3111] Built Mathlib.Algebra.Group.Subsemigroup.Operations (7.7s)
✔ [1895/3111] Built Mathlib.Order.Filter.AtTopBot.Monoid (3.1s)
✔ [1896/3111] Built Mathlib.Order.Filter.Curry (1.9s)
✔ [1903/3111] Built Mathlib.Order.Filter.AtTopBot.Basic (3.7s)
✔ [1983/3111] Built Mathlib.Order.Filter.NAry (2.3s)
✔ [2091/3111] Built Mathlib.Algebra.Group.Submonoid.Operations (11s)
✔ [2220/3111] Built Mathlib.GroupTheory.Submonoid.Center (3.4s)
✔ [2225/3111] Built Mathlib.GroupTheory.Congruence.Basic (3.0s)
✔ [2226/3111] Built Mathlib.GroupTheory.Submonoid.Centralizer (1.9s)
✔ [2500/3111] Built Mathlib.RingTheory.Congruence.Basic (3.9s)
✔ [2505/3111] Built Mathlib.RingTheory.Congruence.Opposite (1.6s)
Some required targets logged failures:
- proofwidgets/widgetJsAll
- Mathlib.Algebra.Order.Group.Defs
error: build failed
