✔ [44/374] Built Batteries.Data.List.Count (623ms)
✔ [45/374] Built Batteries.Data.List.Init.Lemmas (611ms)
✔ [59/469] Built Batteries.Data.List.ArrayMap (688ms)
✔ [60/469] Built Batteries.Control.ForInStep.Basic (687ms)
✔ [71/592] Built Batteries.Lean.Position (767ms)
✔ [74/763] Built Batteries.Tactic.Unreachable (1.0s)
✔ [76/763] Built Batteries.Lean.Meta.Inaccessible (971ms)
✔ [77/763] Built Batteries.Lean.NameMapAttribute (974ms)
✔ [78/763] Built Aesop.Forward.PremiseIndex (710ms)
✔ [79/763] Built Aesop.Forward.SlotIndex (728ms)
✔ [80/763] Built Aesop.Forward.LevelIndex (729ms)
✔ [81/899] Built Batteries.Lean.Except (956ms)
✔ [82/899] Built Aesop.Nanos (801ms)
✔ [83/899] Built Batteries.Control.Lemmas (684ms)
✔ [84/899] Built Batteries.Lean.MonadBacktrack (638ms)
✔ [85/899] Built Batteries.Lean.Meta.Expr (649ms)
✔ [86/1049] Built Batteries.Util.LibraryNote (1.2s)
✔ [87/1049] Built Aesop.Check (978ms)
✔ [90/1049] Built Batteries.Data.String.Basic (877ms)
✔ [91/1049] Built Aesop.Percent (812ms)
✔ [92/1049] Built Batteries.Lean.PersistentHashMap (733ms)
✔ [93/1049] Built Batteries.Lean.HashSet (686ms)
✔ [95/1092] Built Batteries.Tactic.Lint.Basic (1.4s)
✔ [97/1092] Built Batteries.Lean.EStateM (1.1s)
✔ [98/1092] Built Batteries.Data.Array.Basic (907ms)
✔ [99/1092] Built Batteries.Lean.Meta.UnusedNames (834ms)
✔ [100/1092] Built Batteries.Lean.PersistentHashSet (788ms)
✔ [101/1092] Built Batteries.Lean.TagAttribute (752ms)
✔ [102/1092] Built Batteries.Lean.Syntax (620ms)
✔ [103/1221] Built ImportGraph.RequiredModules (1.4s)
✔ [108/1221] Built Batteries.Control.ForInStep.Lemmas (599ms)
✔ [109/1221] Built Batteries.Data.Fin.Basic (1.3s)
✔ [110/1221] Built Batteries.Util.ProofWanted (1.2s)
✔ [111/1221] Built Aesop.Util.UnionFind (983ms)
✔ [112/1221] Built Plausible.Attr (652ms)
✔ [113/1221] Built LeanSearchClient.Basic (655ms)
✔ [118/1321] Built Batteries.Data.Array.Match (1.3s)
✔ [119/1321] Built Batteries.Util.ExtendedBinder (1.3s)
✔ [120/1321] Built Batteries.Lean.Expr (1.2s)
✖ [136/1321] Building Batteries.Lean.Meta.DiscrTree (261ms)
trace: .> LEAN_PATH=/home/hantao/code/FloatSpec/.lake/packages/Cli/.lake/build/lib/lean:/home/hantao/code/FloatSpec/.lake/packages/batteries/.lake/build/lib/lean:/home/hantao/code/FloatSpec/.lake/packages/Qq/.lake/build/lib/lean:/home/hantao/code/FloatSpec/.lake/packages/aesop/.lake/build/lib/lean:/home/hantao/code/FloatSpec/.lake/packages/proofwidgets/.lake/build/lib/lean:/home/hantao/code/FloatSpec/.lake/packages/importGraph/.lake/build/lib/lean:/home/hantao/code/FloatSpec/.lake/packages/LeanSearchClient/.lake/build/lib/lean:/home/hantao/code/FloatSpec/.lake/packages/plausible/.lake/build/lib/lean:/home/hantao/code/FloatSpec/.lake/packages/mathlib/.lake/build/lib/lean:/home/hantao/code/FloatSpec/.lake/build/lib/lean /home/hantao/.elan/toolchains/leanprover--lean4---v4.24.0-rc1/bin/lean /home/hantao/code/FloatSpec/.lake/packages/batteries/Batteries/Lean/Meta/DiscrTree.lean -o /home/hantao/code/FloatSpec/.lake/packages/batteries/.lake/build/lib/lean/Batteries/Lean/Meta/DiscrTree.olean -i /home/hantao/code/FloatSpec/.lake/packages/batteries/.lake/build/lib/lean/Batteries/Lean/Meta/DiscrTree.ilean -c /home/hantao/code/FloatSpec/.lake/packages/batteries/.lake/build/ir/Batteries/Lean/Meta/DiscrTree.c --setup /home/hantao/code/FloatSpec/.lake/packages/batteries/.lake/build/ir/Batteries/Lean/Meta/DiscrTree.setup.json --json
error: Batteries/Lean/Meta/DiscrTree.lean:7:0: failed to read file '/home/hantao/code/FloatSpec/.lake/packages/batteries/.lake/build/lib/lean/Batteries/Data/Array/Merge.olean', incompatible header
error: Lean exited with code 1
✔ [141/1321] Built ProofWidgets.Compat (731ms)
✔ [147/1462] Built Batteries.Tactic.PermuteGoals (1.2s)
✔ [148/1462] Built Qq.SortLocalDecls (933ms)
✔ [151/1462] Built Batteries.WF (709ms)
✔ [152/1582] Built Batteries.CodeAction.Deprecated (1.8s)
✔ [157/1582] Built Aesop.Search.Expansion.Simp (1.1s)
✔ [158/1582] Built Aesop.Constants (477ms)
✔ [160/1582] Built Plausible.Random (1.0s)
✔ [161/1582] Built Batteries.Data.Nat.Basic (799ms)
✔ [162/1704] Built Batteries.CodeAction.Attr (1.8s)
✔ [164/1704] Built Batteries.Tactic.SeqFocus (1.2s)
✔ [165/1813] Built Batteries.Tactic.OpenPrivate (1.9s)
✔ [168/1909] Built Batteries.Data.List.Matcher (512ms)
✔ [169/1909] Built Batteries.Control.LawfulMonadState (1.6s)
✔ [170/1909] Built Batteries.Lean.AttributeExtra (683ms)
✔ [171/2066] Built Batteries.Tactic.Lint.TypeClass (755ms)
✔ [172/2190] Built Batteries.Linter.UnreachableTactic (1.1s)
✔ [174/2512] Built Batteries.Data.Fin.Lemmas (935ms)
✔ [176/2790] Built Batteries.Tactic.Lint.Misc (1.3s)
✔ [178/2790] Built Batteries.Classes.SatisfiesM (1.3s)
✔ [182/2790] Built Plausible.Gen (876ms)
✔ [189/2790] Built Batteries.Lean.HashMap (452ms)
✖ [190/3063] Building Mathlib.Tactic.Linter.Lint (246ms)
trace: .> LEAN_PATH=/home/hantao/code/FloatSpec/.lake/packages/Cli/.lake/build/lib/lean:/home/hantao/code/FloatSpec/.lake/packages/batteries/.lake/build/lib/lean:/home/hantao/code/FloatSpec/.lake/packages/Qq/.lake/build/lib/lean:/home/hantao/code/FloatSpec/.lake/packages/aesop/.lake/build/lib/lean:/home/hantao/code/FloatSpec/.lake/packages/proofwidgets/.lake/build/lib/lean:/home/hantao/code/FloatSpec/.lake/packages/importGraph/.lake/build/lib/lean:/home/hantao/code/FloatSpec/.lake/packages/LeanSearchClient/.lake/build/lib/lean:/home/hantao/code/FloatSpec/.lake/packages/plausible/.lake/build/lib/lean:/home/hantao/code/FloatSpec/.lake/packages/mathlib/.lake/build/lib/lean:/home/hantao/code/FloatSpec/.lake/build/lib/lean /home/hantao/.elan/toolchains/leanprover--lean4---v4.24.0-rc1/bin/lean /home/hantao/code/FloatSpec/.lake/packages/mathlib/Mathlib/Tactic/Linter/Lint.lean -o /home/hantao/code/FloatSpec/.lake/packages/mathlib/.lake/build/lib/lean/Mathlib/Tactic/Linter/Lint.olean -i /home/hantao/code/FloatSpec/.lake/packages/mathlib/.lake/build/lib/lean/Mathlib/Tactic/Linter/Lint.ilean -c /home/hantao/code/FloatSpec/.lake/packages/mathlib/.lake/build/ir/Mathlib/Tactic/Linter/Lint.c --setup /home/hantao/code/FloatSpec/.lake/packages/mathlib/.lake/build/ir/Mathlib/Tactic/Linter/Lint.setup.json --json
error: Mathlib/Tactic/Linter/Lint.lean:6:0: failed to read file '/home/hantao/code/FloatSpec/.lake/packages/batteries/.lake/build/lib/lean/Batteries/Tactic/Lint/Simp.olean', incompatible header
error: Lean exited with code 1
✔ [193/3063] Built Batteries.Control.OptionT (767ms)
✔ [382/3116] Built Batteries.CodeAction.Basic (1.1s)
✔ [547/3116] Built Aesop.Util.Tactic (1.3s)
✔ [579/3116] Built Batteries.Linter.UnnecessarySeqFocus (1.2s)
✔ [2613/3116] Built FloatSpec.src.Prop (381ms)
✔ [3074/3116] Built Mathlib.Tactic.Polyrith (661ms)
Some required targets logged failures:
- Batteries.Lean.Meta.DiscrTree
- Mathlib.Tactic.Linter.Lint
error: build failed
