FloatSpec/src/Core/Ulp.lean:159:27: warning: try 'simp' instead of 'simpa'

Note: This linter can be disabled with `set_option linter.unnecessarySimpa false`
FloatSpec/src/Core/Ulp.lean:166:30: warning: try 'simp' instead of 'simpa'

Note: This linter can be disabled with `set_option linter.unnecessarySimpa false`
FloatSpec/src/Core/Ulp.lean:184:4: warning: try 'simp' instead of 'simpa'

Note: This linter can be disabled with `set_option linter.unnecessarySimpa false`
FloatSpec/src/Core/Ulp.lean:186:4: warning: try 'simp' instead of 'simpa'

Note: This linter can be disabled with `set_option linter.unnecessarySimpa false`
FloatSpec/src/Core/Ulp.lean:219:0: warning: automatically included section variable(s) unused in theorem `FloatSpec.Core.Ulp.ulp_neq_0`:
  [Valid_exp beta fexp]
consider restructuring your `variable` declarations so that the variables are not in scope or explicitly omit them:
  omit [Valid_exp beta fexp] in theorem ...

Note: This linter can be disabled with `set_option linter.unusedSectionVars false`
FloatSpec/src/Core/Ulp.lean:228:8: warning: automatically included section variable(s) unused in theorem `_private.FloatSpec.src.Core.Ulp.0.FloatSpec.Core.Ulp.ulp_opp_aux`:
  [Valid_exp beta fexp]
consider restructuring your `variable` declarations so that the variables are not in scope or explicitly omit them:
  omit [Valid_exp beta fexp] in theorem ...

Note: This linter can be disabled with `set_option linter.unusedSectionVars false`
FloatSpec/src/Core/Ulp.lean:252:8: warning: automatically included section variable(s) unused in theorem `_private.FloatSpec.src.Core.Ulp.0.FloatSpec.Core.Ulp.ulp_run_nonneg`:
  [Valid_exp beta fexp]
consider restructuring your `variable` declarations so that the variables are not in scope or explicitly omit them:
  omit [Valid_exp beta fexp] in theorem ...

Note: This linter can be disabled with `set_option linter.unusedSectionVars false`
FloatSpec/src/Core/Ulp.lean:263:18: warning: This simp argument is unused:
  hopt

Hint: Omit it from the simp argument list.
  simp [hx, h̵o̵p̵t̵,̵ ̵Id.run, bind, pure]

Note: This linter can be disabled with `set_option linter.unusedSimpArgs false`
FloatSpec/src/Core/Ulp.lean:263:32: warning: This simp argument is unused:
  bind

Hint: Omit it from the simp argument list.
  simp [hx, hopt, Id.run, b̵i̵n̵d̵,̵ ̵pure]

Note: This linter can be disabled with `set_option linter.unusedSimpArgs false`
FloatSpec/src/Core/Ulp.lean:265:18: warning: This simp argument is unused:
  hopt

Hint: Omit it from the simp argument list.
  simp [hx, h̵o̵p̵t̵,̵ ̵Id.run, bind, pure, le_of_lt (zpow_pos hbpos _)]

Note: This linter can be disabled with `set_option linter.unusedSimpArgs false`
FloatSpec/src/Core/Ulp.lean:265:32: warning: This simp argument is unused:
  bind

Hint: Omit it from the simp argument list.
  simp [hx, hopt, Id.run, b̵i̵n̵d̵,̵ ̵pure, le_of_lt (zpow_pos hbpos _)]

Note: This linter can be disabled with `set_option linter.unusedSimpArgs false`
FloatSpec/src/Core/Ulp.lean:269:60: warning: unused variable `hx`

Note: This linter can be disabled with `set_option linter.unusedVariables false`
FloatSpec/src/Core/Ulp.lean:292:8: warning: automatically included section variable(s) unused in theorem `_private.FloatSpec.src.Core.Ulp.0.FloatSpec.Core.Ulp.pred_pos_run_lt_self`:
  [Valid_exp beta fexp]
consider restructuring your `variable` declarations so that the variables are not in scope or explicitly omit them:
  omit [Valid_exp beta fexp] in theorem ...

Note: This linter can be disabled with `set_option linter.unusedSectionVars false`
FloatSpec/src/Core/Ulp.lean:332:62: warning: This simp argument is unused:
  add_left_comm

Hint: Omit it from the simp argument list.
  simp [h0, Id.run, bind, pure, sub_eq_add_neg, add_comm, a̵d̵d̵_̵l̵e̵f̵t̵_̵c̵o̵m̵m̵,̵ ̵add_assoc]

Note: This linter can be disabled with `set_option linter.unusedSimpArgs false`
FloatSpec/src/Core/Ulp.lean:332:77: warning: This simp argument is unused:
  add_assoc

Hint: Omit it from the simp argument list.
  simp [h0, Id.run, bind, pure, sub_eq_add_neg, add_comm, add_left_comm,̵ ̵a̵d̵d̵_̵a̵s̵s̵o̵c̵]

Note: This linter can be disabled with `set_option linter.unusedSimpArgs false`
FloatSpec/src/Core/Ulp.lean:354:62: warning: This simp argument is unused:
  add_left_comm

Hint: Omit it from the simp argument list.
  simp [h0, Id.run, bind, pure, sub_eq_add_neg, add_comm, a̵d̵d̵_̵l̵e̵f̵t̵_̵c̵o̵m̵m̵,̵ ̵add_assoc]

Note: This linter can be disabled with `set_option linter.unusedSimpArgs false`
FloatSpec/src/Core/Ulp.lean:354:77: warning: This simp argument is unused:
  add_assoc

Hint: Omit it from the simp argument list.
  simp [h0, Id.run, bind, pure, sub_eq_add_neg, add_comm, add_left_comm,̵ ̵a̵d̵d̵_̵a̵s̵s̵o̵c̵]

Note: This linter can be disabled with `set_option linter.unusedSimpArgs false`
FloatSpec/src/Core/Ulp.lean:377:5: warning: unused variable `Fx`

Note: This linter can be disabled with `set_option linter.unusedVariables false`
FloatSpec/src/Core/Ulp.lean:378:5: warning: unused variable `Fy`

Note: This linter can be disabled with `set_option linter.unusedVariables false`
FloatSpec/src/Core/Ulp.lean:423:5: warning: unused variable `Fx`

Note: This linter can be disabled with `set_option linter.unusedVariables false`
FloatSpec/src/Core/Ulp.lean:424:5: warning: unused variable `Fy`

Note: This linter can be disabled with `set_option linter.unusedVariables false`
FloatSpec/src/Core/Ulp.lean:439:5: warning: unused variable `Fx`

Note: This linter can be disabled with `set_option linter.unusedVariables false`
FloatSpec/src/Core/Ulp.lean:440:5: warning: unused variable `Fy`

Note: This linter can be disabled with `set_option linter.unusedVariables false`
FloatSpec/src/Core/Ulp.lean:476:5: warning: unused variable `Fx`

Note: This linter can be disabled with `set_option linter.unusedVariables false`
FloatSpec/src/Core/Ulp.lean:477:5: warning: unused variable `Fy`

Note: This linter can be disabled with `set_option linter.unusedVariables false`
FloatSpec/src/Core/Ulp.lean:498:5: warning: unused variable `Fx`

Note: This linter can be disabled with `set_option linter.unusedVariables false`
FloatSpec/src/Core/Ulp.lean:499:5: warning: unused variable `Fy`

Note: This linter can be disabled with `set_option linter.unusedVariables false`
FloatSpec/src/Core/Ulp.lean:514:5: warning: unused variable `Fx`

Note: This linter can be disabled with `set_option linter.unusedVariables false`
FloatSpec/src/Core/Ulp.lean:515:5: warning: unused variable `Fy`

Note: This linter can be disabled with `set_option linter.unusedVariables false`
FloatSpec/src/Core/Ulp.lean:562:69: warning: try 'simp' instead of 'simpa'

Note: This linter can be disabled with `set_option linter.unnecessarySimpa false`
FloatSpec/src/Core/Ulp.lean:579:12: warning: try 'simp' instead of 'simpa'

Note: This linter can be disabled with `set_option linter.unnecessarySimpa false`
FloatSpec/src/Core/Ulp.lean:585:54: warning: try 'simp' instead of 'simpa'

Note: This linter can be disabled with `set_option linter.unnecessarySimpa false`
FloatSpec/src/Core/Ulp.lean:586:58: warning: try 'simp' instead of 'simpa'

Note: This linter can be disabled with `set_option linter.unnecessarySimpa false`
FloatSpec/src/Core/Ulp.lean:588:16: warning: try 'simp' instead of 'simpa'

Note: This linter can be disabled with `set_option linter.unnecessarySimpa false`
FloatSpec/src/Core/Ulp.lean:593:8: warning: try 'simp' instead of 'simpa'

Note: This linter can be disabled with `set_option linter.unnecessarySimpa false`
FloatSpec/src/Core/Ulp.lean:622:10: warning: try 'simp' instead of 'simpa'

Note: This linter can be disabled with `set_option linter.unnecessarySimpa false`
FloatSpec/src/Core/Ulp.lean:550:85: warning: This simp argument is unused:
  hmag_eq

Hint: Omit it from the simp argument list.
  simp [hx_ne, hx_ne', FloatSpec.Core.Generic_fmt.cexp, FloatSpec.Core.Raux.mag, h̵m̵a̵g̵_̵e̵q̵,̵ ̵Id.run, bind,
  ̲  ̲ ̲ ̲ ̲ ̲ ̲ ̲pure]

Note: This linter can be disabled with `set_option linter.unusedSimpArgs false`
FloatSpec/src/Core/Ulp.lean:715:16: warning: try 'simp' instead of 'simpa'

Note: This linter can be disabled with `set_option linter.unnecessarySimpa false`
FloatSpec/src/Core/Ulp.lean:725:8: warning: try 'simp' instead of 'simpa'

Note: This linter can be disabled with `set_option linter.unnecessarySimpa false`
FloatSpec/src/Core/Ulp.lean:728:8: warning: try 'simp' instead of 'simpa'

Note: This linter can be disabled with `set_option linter.unnecessarySimpa false`
FloatSpec/src/Core/Ulp.lean:739:6: warning: try 'simp' instead of 'simpa'

Note: This linter can be disabled with `set_option linter.unnecessarySimpa false`
FloatSpec/src/Core/Ulp.lean:771:34: warning: Try `simp at hn` instead of `simpa using hn`

Note: This linter can be disabled with `set_option linter.unnecessarySimpa false`
FloatSpec/src/Core/Ulp.lean:789:34: warning: Try `simp at hn` instead of `simpa using hn`

Note: This linter can be disabled with `set_option linter.unnecessarySimpa false`
FloatSpec/src/Core/Ulp.lean:738:69: warning: This simp argument is unused:
  add_left_comm

Hint: Omit it from the simp argument list.
  simp [ex, sub_eq_add_neg, add_assoc,̵ ̵a̵d̵d̵_̵l̵e̵f̵t̵_̵c̵o̵m̵m̵]

Note: This linter can be disabled with `set_option linter.unusedSimpArgs false`
FloatSpec/src/Core/Ulp.lean:912:65: warning: try 'simp' instead of 'simpa'

Note: This linter can be disabled with `set_option linter.unnecessarySimpa false`
FloatSpec/src/Core/Ulp.lean:922:45: warning: try 'simp' instead of 'simpa'

Note: This linter can be disabled with `set_option linter.unnecessarySimpa false`
FloatSpec/src/Core/Ulp.lean:923:45: warning: try 'simp' instead of 'simpa'

Note: This linter can be disabled with `set_option linter.unnecessarySimpa false`
FloatSpec/src/Core/Ulp.lean:948:53: warning: try 'simp' instead of 'simpa'

Note: This linter can be disabled with `set_option linter.unnecessarySimpa false`
FloatSpec/src/Core/Ulp.lean:950:6: warning: try 'simp' instead of 'simpa'

Note: This linter can be disabled with `set_option linter.unnecessarySimpa false`
FloatSpec/src/Core/Ulp.lean:914:49: warning: This simp argument is unused:
  mul_assoc

Hint: Omit it from the simp argument list.
  simp [mul_comm, mul_left_comm,̵ ̵m̵u̵l̵_̵a̵s̵s̵o̵c̵]

Note: This linter can be disabled with `set_option linter.unusedSimpArgs false`
FloatSpec/src/Core/Ulp.lean:1124:16: warning: try 'simp' instead of 'simpa'

Note: This linter can be disabled with `set_option linter.unnecessarySimpa false`
FloatSpec/src/Core/Ulp.lean:1162:14: warning: try 'simp' instead of 'simpa'

Note: This linter can be disabled with `set_option linter.unnecessarySimpa false`
FloatSpec/src/Core/Ulp.lean:1192:30: warning: try 'simp' instead of 'simpa'

Note: This linter can be disabled with `set_option linter.unnecessarySimpa false`
FloatSpec/src/Core/Ulp.lean:1011:51: warning: This simp argument is unused:
  mul_assoc

Hint: Omit it from the simp argument list.
  simp [mul_comm, mul_left_comm,̵ ̵m̵u̵l̵_̵a̵s̵s̵o̵c̵]

Note: This linter can be disabled with `set_option linter.unusedSimpArgs false`
FloatSpec/src/Core/Ulp.lean:1056:51: warning: This simp argument is unused:
  mul_assoc

Hint: Omit it from the simp argument list.
  simp [mul_comm, mul_left_comm,̵ ̵m̵u̵l̵_̵a̵s̵s̵o̵c̵]

Note: This linter can be disabled with `set_option linter.unusedSimpArgs false`
FloatSpec/src/Core/Ulp.lean:1120:106: warning: This simp argument is unused:
  mul_assoc

Hint: Omit it from the simp argument list.
  simp [mul_comm,
  ̲  ̲ ̲ ̲ ̲ ̲ ̲ ̲ ̲ ̲ ̲ ̲ ̲ ̲ ̲ ̲ ̲ ̲ ̲ ̲ ̲ ̲m̵u̵l̵_̵l̵e̵f̵t̵_̵c̵o̵m̵m̵,̵ ̵m̵u̵l̵_̵a̵s̵s̵o̵c̵]̵m̲u̲l̲_̲l̲e̲f̲t̲_̲c̲o̲m̲m̲]̲

Note: This linter can be disabled with `set_option linter.unusedSimpArgs false`
FloatSpec/src/Core/Ulp.lean:1184:100: warning: This simp argument is unused:
  mul_assoc

Hint: Omit it from the simp argument list.
  simp [mul_comm,
  ̲  ̲ ̲ ̲ ̲ ̲ ̲ ̲ ̲ ̲ ̲ ̲ ̲ ̲ ̲ ̲m̵u̵l̵_̵l̵e̵f̵t̵_̵c̵o̵m̵m̵,̵ ̵m̵u̵l̵_̵a̵s̵s̵o̵c̵]̵m̲u̲l̲_̲l̲e̲f̲t̲_̲c̲o̲m̲m̲]̲

Note: This linter can be disabled with `set_option linter.unusedSimpArgs false`
FloatSpec/src/Core/Ulp.lean:1273:5: warning: unused variable `choice`

Note: This linter can be disabled with `set_option linter.unusedVariables false`
FloatSpec/src/Core/Ulp.lean:1308:38: warning: This simp argument is unused:
  hnotgt

Hint: Omit it from the simp argument list.
  simp [FloatSpec.Core.Round_generic.round_N_to_format, hd.symm, hu0.symm, h̵b̵r̵a̵n̵c̵h̵,̵ ̵h̵n̵o̵t̵g̵t̵]̵h̲b̲r̲a̲n̲c̲h̲]̲

Note: This linter can be disabled with `set_option linter.unusedSimpArgs false`
FloatSpec/src/Core/Ulp.lean:1317:5: warning: unused variable `choice`

Note: This linter can be disabled with `set_option linter.unusedVariables false`
FloatSpec/src/Core/Ulp.lean:1482:54: warning: This simp argument is unused:
  add_comm

Hint: Omit it from the simp argument list.
  simp [pred, Id.run, bind, pure, sub_eq_add_neg, add_c̵o̵m̵m̵,̵ ̵a̵d̵d̵_̵left_comm, add_assoc]

Note: This linter can be disabled with `set_option linter.unusedSimpArgs false`
FloatSpec/src/Core/Ulp.lean:1482:64: warning: This simp argument is unused:
  add_left_comm

Hint: Omit it from the simp argument list.
  simp [pred, Id.run, bind, pure, sub_eq_add_neg, add_comm, a̵d̵d̵_̵l̵e̵f̵t̵_̵c̵o̵m̵m̵,̵ ̵add_assoc]

Note: This linter can be disabled with `set_option linter.unusedSimpArgs false`
FloatSpec/src/Core/Ulp.lean:1482:79: warning: This simp argument is unused:
  add_assoc

Hint: Omit it from the simp argument list.
  simp [pred, Id.run, bind, pure, sub_eq_add_neg, add_comm, add_left_comm,̵ ̵a̵d̵d̵_̵a̵s̵s̵o̵c̵]

Note: This linter can be disabled with `set_option linter.unusedSimpArgs false`
FloatSpec/src/Core/Ulp.lean:1510:54: warning: This simp argument is unused:
  add_comm

Hint: Omit it from the simp argument list.
  simp [pred, Id.run, bind, pure, sub_eq_add_neg, add_c̵o̵m̵m̵,̵ ̵a̵d̵d̵_̵left_comm, add_assoc]

Note: This linter can be disabled with `set_option linter.unusedSimpArgs false`
FloatSpec/src/Core/Ulp.lean:1510:64: warning: This simp argument is unused:
  add_left_comm

Hint: Omit it from the simp argument list.
  simp [pred, Id.run, bind, pure, sub_eq_add_neg, add_comm, a̵d̵d̵_̵l̵e̵f̵t̵_̵c̵o̵m̵m̵,̵ ̵add_assoc]

Note: This linter can be disabled with `set_option linter.unusedSimpArgs false`
FloatSpec/src/Core/Ulp.lean:1510:79: warning: This simp argument is unused:
  add_assoc

Hint: Omit it from the simp argument list.
  simp [pred, Id.run, bind, pure, sub_eq_add_neg, add_comm, add_left_comm,̵ ̵a̵d̵d̵_̵a̵s̵s̵o̵c̵]

Note: This linter can be disabled with `set_option linter.unusedSimpArgs false`
FloatSpec/src/Core/Ulp.lean:1558:16: warning: declaration uses 'sorry'
FloatSpec/src/Core/Ulp.lean:1574:16: warning: declaration uses 'sorry'
FloatSpec/src/Core/Ulp.lean:1589:16: warning: declaration uses 'sorry'
FloatSpec/src/Core/Ulp.lean:1607:16: warning: declaration uses 'sorry'
FloatSpec/src/Core/Ulp.lean:1617:16: warning: declaration uses 'sorry'
FloatSpec/src/Core/Ulp.lean:1710:16: warning: declaration uses 'sorry'
FloatSpec/src/Core/Ulp.lean:1736:16: warning: declaration uses 'sorry'
FloatSpec/src/Core/Ulp.lean:1781:16: warning: declaration uses 'sorry'
FloatSpec/src/Core/Ulp.lean:1823:16: warning: declaration uses 'sorry'
FloatSpec/src/Core/Ulp.lean:1863:16: warning: declaration uses 'sorry'
FloatSpec/src/Core/Ulp.lean:2039:16: warning: declaration uses 'sorry'
FloatSpec/src/Core/Ulp.lean:2056:5: warning: unused variable `choice1`

Note: This linter can be disabled with `set_option linter.unusedVariables false`
FloatSpec/src/Core/Ulp.lean:2056:13: warning: unused variable `choice2`

Note: This linter can be disabled with `set_option linter.unusedVariables false`
FloatSpec/src/Core/Ulp.lean:2074:5: warning: unused variable `c1`

Note: This linter can be disabled with `set_option linter.unusedVariables false`
FloatSpec/src/Core/Ulp.lean:2074:8: warning: unused variable `c2`

Note: This linter can be disabled with `set_option linter.unusedVariables false`
FloatSpec/src/Core/Ulp.lean:2075:5: warning: unused variable `hne`

Note: This linter can be disabled with `set_option linter.unusedVariables false`
FloatSpec/src/Core/Ulp.lean:2140:16: warning: declaration uses 'sorry'
FloatSpec/src/Core/Ulp.lean:2205:16: warning: declaration uses 'sorry'
FloatSpec/src/Core/Ulp.lean:2281:16: warning: declaration uses 'sorry'
FloatSpec/src/Core/Ulp.lean:2311:16: warning: declaration uses 'sorry'
FloatSpec/src/Core/Ulp.lean:2357:16: warning: declaration uses 'sorry'
FloatSpec/src/Core/Ulp.lean:2399:16: warning: declaration uses 'sorry'
FloatSpec/src/Core/Ulp.lean:2413:16: warning: declaration uses 'sorry'
FloatSpec/src/Core/Ulp.lean:2449:16: warning: declaration uses 'sorry'
FloatSpec/src/Core/Ulp.lean:2493:16: warning: declaration uses 'sorry'
FloatSpec/src/Core/Ulp.lean:2518:0: warning: automatically included section variable(s) unused in theorem `FloatSpec.Core.Ulp.succ_0`:
  [Valid_exp beta fexp]
consider restructuring your `variable` declarations so that the variables are not in scope or explicitly omit them:
  omit [Valid_exp beta fexp] in theorem ...

Note: This linter can be disabled with `set_option linter.unusedSectionVars false`
FloatSpec/src/Core/Ulp.lean:2529:0: warning: automatically included section variable(s) unused in theorem `FloatSpec.Core.Ulp.pred_0`:
  [Valid_exp beta fexp]
consider restructuring your `variable` declarations so that the variables are not in scope or explicitly omit them:
  omit [Valid_exp beta fexp] in theorem ...

Note: This linter can be disabled with `set_option linter.unusedSectionVars false`
FloatSpec/src/Core/Ulp.lean:2546:5: warning: unused variable `hx`

Note: This linter can be disabled with `set_option linter.unusedVariables false`
FloatSpec/src/Core/Ulp.lean:2623:16: warning: declaration uses 'sorry'
FloatSpec/src/Core/Ulp.lean:2662:16: warning: declaration uses 'sorry'
FloatSpec/src/Core/Ulp.lean:2695:5: warning: unused variable `hx`

Note: This linter can be disabled with `set_option linter.unusedVariables false`
FloatSpec/src/Core/Ulp.lean:2712:16: warning: declaration uses 'sorry'
FloatSpec/src/Core/Ulp.lean:2755:16: warning: declaration uses 'sorry'
FloatSpec/src/Core/Ulp.lean:2787:0: warning: automatically included section variable(s) unused in theorem `FloatSpec.Core.Ulp.succ_opp`:
  [Valid_exp beta fexp]
consider restructuring your `variable` declarations so that the variables are not in scope or explicitly omit them:
  omit [Valid_exp beta fexp] in theorem ...

Note: This linter can be disabled with `set_option linter.unusedSectionVars false`
FloatSpec/src/Core/Ulp.lean:2799:0: warning: automatically included section variable(s) unused in theorem `FloatSpec.Core.Ulp.pred_opp`:
  [Valid_exp beta fexp]
consider restructuring your `variable` declarations so that the variables are not in scope or explicitly omit them:
  omit [Valid_exp beta fexp] in theorem ...

Note: This linter can be disabled with `set_option linter.unusedSectionVars false`
FloatSpec/src/Core/Ulp.lean:2811:0: warning: automatically included section variable(s) unused in theorem `FloatSpec.Core.Ulp.ulp_opp`:
  [Valid_exp beta fexp]
consider restructuring your `variable` declarations so that the variables are not in scope or explicitly omit them:
  omit [Valid_exp beta fexp] in theorem ...

Note: This linter can be disabled with `set_option linter.unusedSectionVars false`
FloatSpec/src/Core/Ulp.lean:2856:16: warning: declaration uses 'sorry'
FloatSpec/src/Core/Ulp.lean:2915:6: warning: try 'simp' instead of 'simpa'

Note: This linter can be disabled with `set_option linter.unnecessarySimpa false`
FloatSpec/src/Core/Ulp.lean:2925:6: warning: try 'simp' instead of 'simpa'

Note: This linter can be disabled with `set_option linter.unnecessarySimpa false`
FloatSpec/src/Core/Ulp.lean:2889:22: warning: This simp argument is unused:
  h0

Hint: Omit it from the simp argument list.
  simp [pred, succ, h0̵,̵ ̵h̵x0, sub_eq_add_neg, h_opp, Id.run, bind, pure]

Note: This linter can be disabled with `set_option linter.unusedSimpArgs false`
FloatSpec/src/Core/Ulp.lean:2889:47: warning: This simp argument is unused:
  h_opp

Hint: Omit it from the simp argument list.
  simp [pred, succ, h0, hx0, sub_eq_add_neg, h̵_̵o̵p̵p̵,̵ ̵Id.run, bind, pure]

Note: This linter can be disabled with `set_option linter.unusedSimpArgs false`
FloatSpec/src/Core/Ulp.lean:2913:22: warning: This simp argument is unused:
  bind

Hint: Omit it from the simp argument list.
  simp [Id.run, b̵i̵n̵d̵,̵ ̵pure, sub_eq_add_neg]

Note: This linter can be disabled with `set_option linter.unusedSimpArgs false`
FloatSpec/src/Core/Ulp.lean:2928:0: warning: automatically included section variable(s) unused in theorem `FloatSpec.Core.Ulp.succ_eq_pos`:
  [Valid_exp beta fexp]
consider restructuring your `variable` declarations so that the variables are not in scope or explicitly omit them:
  omit [Valid_exp beta fexp] in theorem ...

Note: This linter can be disabled with `set_option linter.unusedSectionVars false`
FloatSpec/src/Core/Ulp.lean:2940:0: warning: automatically included section variable(s) unused in theorem `FloatSpec.Core.Ulp.ulp_ge_0`:
  [Valid_exp beta fexp]
consider restructuring your `variable` declarations so that the variables are not in scope or explicitly omit them:
  omit [Valid_exp beta fexp] in theorem ...

Note: This linter can be disabled with `set_option linter.unusedSectionVars false`
FloatSpec/src/Core/Ulp.lean:2952:44: warning: This simp argument is unused:
  bind

Hint: Omit it from the simp argument list.
  simp [wp, PostCond.noThrow, Id.run, b̵i̵n̵d̵,̵ ̵pure, hx, hopt]

Note: This linter can be disabled with `set_option linter.unusedSimpArgs false`
FloatSpec/src/Core/Ulp.lean:2952:60: warning: This simp argument is unused:
  hopt

Hint: Omit it from the simp argument list.
  simp [wp, PostCond.noThrow, Id.run, bind, pure, hx,̵ ̵h̵o̵p̵t̵]

Note: This linter can be disabled with `set_option linter.unusedSimpArgs false`
FloatSpec/src/Core/Ulp.lean:2954:44: warning: This simp argument is unused:
  bind

Hint: Omit it from the simp argument list.
  simp [wp, PostCond.noThrow, Id.run, b̵i̵n̵d̵,̵ ̵pure, hx, hopt, le_of_lt (zpow_pos hbpos _)]

Note: This linter can be disabled with `set_option linter.unusedSimpArgs false`
FloatSpec/src/Core/Ulp.lean:2954:60: warning: This simp argument is unused:
  hopt

Hint: Omit it from the simp argument list.
  simp [wp, PostCond.noThrow, Id.run, bind, pure, hx, h̵o̵p̵t̵,̵ ̵le_of_lt (zpow_pos hbpos _)]

Note: This linter can be disabled with `set_option linter.unusedSimpArgs false`
FloatSpec/src/Core/Ulp.lean:2989:54: warning: Try `simp at hne` instead of `simpa using hne`

Note: This linter can be disabled with `set_option linter.unnecessarySimpa false`
FloatSpec/src/Core/Ulp.lean:2979:14: warning: This simp argument is unused:
  ulp

Hint: Omit it from the simp argument list.
  simp [u̵l̵p̵,̵ ̵hx, hopt, wp, PostCond.noThrow, Id.run, bind, pure]

Note: This linter can be disabled with `set_option linter.unusedSimpArgs false`
FloatSpec/src/Core/Ulp.lean:2979:23: warning: This simp argument is unused:
  hopt

Hint: Omit it from the simp argument list.
  simp [ulp, hx, h̵o̵p̵t̵,̵ ̵wp, PostCond.noThrow, Id.run, bind, pure]

Note: This linter can be disabled with `set_option linter.unusedSimpArgs false`
FloatSpec/src/Core/Ulp.lean:3002:14: warning: This simp argument is unused:
  ulp

Hint: Omit it from the simp argument list.
  simp [u̵l̵p̵,̵ ̵hx, hopt, wp, PostCond.noThrow, Id.run, bind, pure]

Note: This linter can be disabled with `set_option linter.unusedSimpArgs false`
FloatSpec/src/Core/Ulp.lean:3002:23: warning: This simp argument is unused:
  hopt

Hint: Omit it from the simp argument list.
  simp [ulp, hx, h̵o̵p̵t̵,̵ ̵wp, PostCond.noThrow, Id.run, bind, pure]

Note: This linter can be disabled with `set_option linter.unusedSimpArgs false`
FloatSpec/src/Core/Ulp.lean:3018:56: warning: This simp argument is unused:
  ulp

Hint: Omit it from the simp argument list.
  simp [hx, wp, PostCond.noThrow, Id.run, bind, pure, u̵l̵p̵,̵FloatSpec.Core.Generic_fmt.cexp,
        FloatSpec.Core.Raux.mag] at Hfmt
  ̲  ̲ ̲ ̲ ̲ ̲ ̲ ̲⊢
  ̲  ̲ ̲ ̲ ̲ ̲ ̲ ̲ ̲ ̲-̲-̲ ̲`̲s̲i̲m̲p̲`̲ ̲h̲a̲s̲ ̲a̲l̲r̲e̲a̲d̲y̲ ̲t̲r̲a̲n̲s̲f̲o̲r̲m̲e̲d̲ ̲t̲h̲e̲ ̲g̲o̲a̲l̲ ̲t̲o̲ ̲e̲x̲a̲c̲t̲l̲y̲ ̲`̲H̲f̲m̲t̲`̲.̲
  ̲ ̲ ̲ ̲ ̲ ̲ ̲ ̲ ̲ ̲ ̲

Note: This linter can be disabled with `set_option linter.unusedSimpArgs false`
FloatSpec/src/Core/Ulp.lean:3054:0: warning: automatically included section variable(s) unused in theorem `FloatSpec.Core.Ulp.pred_pos_lt_id`:
  [Valid_exp beta fexp]
consider restructuring your `variable` declarations so that the variables are not in scope or explicitly omit them:
  omit [Valid_exp beta fexp] in theorem ...

Note: This linter can be disabled with `set_option linter.unusedSectionVars false`
FloatSpec/src/Core/Ulp.lean:3071:23: warning: This simp argument is unused:
  bind

Hint: Omit it from the simp argument list.
  simp only [Id.run, b̵i̵n̵d̵,̵ ̵pure]

Note: This linter can be disabled with `set_option linter.unusedSimpArgs false`
FloatSpec/src/Core/Ulp.lean:3080:15: warning: This simp argument is unused:
  Id.run

Hint: Omit it from the simp argument list.
  simp only [I̵d̵.̵r̵u̵n̵,̵ ̵bind, pure]

Note: This linter can be disabled with `set_option linter.unusedSimpArgs false`
FloatSpec/src/Core/Ulp.lean:3250:53: warning: try 'simp' instead of 'simpa'

Note: This linter can be disabled with `set_option linter.unnecessarySimpa false`
FloatSpec/src/Core/Ulp.lean:3252:20: warning: try 'simp' instead of 'simpa'

Note: This linter can be disabled with `set_option linter.unnecessarySimpa false`
FloatSpec/src/Core/Ulp.lean:3287:16: warning: declaration uses 'sorry'
FloatSpec/src/Core/Ulp.lean:3316:44: warning: This simp argument is unused:
  pure

Hint: Omit it from the simp argument list.
  simp [wp, PostCond.noThrow, Id.run, bind,̵ ̵p̵u̵r̵e̵]

Note: This linter can be disabled with `set_option linter.unusedSimpArgs false`
FloatSpec/src/Core/Ulp.lean:3326:8: warning: declaration uses 'sorry'
FloatSpec/src/Core/Ulp.lean:3341:16: warning: declaration uses 'sorry'
FloatSpec/src/Core/Ulp.lean:3357:8: warning: declaration uses 'sorry'
FloatSpec/src/Core/Ulp.lean:3375:16: warning: declaration uses 'sorry'
FloatSpec/src/Core/Ulp.lean:3487:16: warning: declaration uses 'sorry'
FloatSpec/src/Core/Ulp.lean:3759:42: warning: try 'simp' instead of 'simpa'

Note: This linter can be disabled with `set_option linter.unnecessarySimpa false`
FloatSpec/src/Core/Ulp.lean:3798:6: warning: try 'simp' instead of 'simpa'

Note: This linter can be disabled with `set_option linter.unnecessarySimpa false`
FloatSpec/src/Core/Ulp.lean:3806:4: warning: try 'simp' instead of 'simpa'

Note: This linter can be disabled with `set_option linter.unnecessarySimpa false`
FloatSpec/src/Core/Ulp.lean:3712:5: warning: unused variable `choice`

Note: This linter can be disabled with `set_option linter.unusedVariables false`
FloatSpec/src/Core/Ulp.lean:3735:12: warning: This simp argument is unused:
  FloatSpec.Core.Round_generic.round_DN_to_format

Hint: Omit it from the simp argument list.
  simp [FloatSpec.Core.Round_generic.round_N_to_format,
          F̵l̵o̵a̵t̵S̵p̵e̵c̵.̵C̵o̵r̵e̵.̵R̵o̵u̵n̵d̵_̵g̵e̵n̵e̵r̵i̵c̵.̵r̵o̵u̵n̵d̵_̵D̵N̵_̵t̵o̵_̵f̵o̵r̵m̵a̵t̵,̵FloatSpec.Core.Round_generic.round_UP_to_format, hd.symm, hu.symm, hlt0]

Note: This linter can be disabled with `set_option linter.unusedSimpArgs false`
FloatSpec/src/Core/Ulp.lean:3736:12: warning: This simp argument is unused:
  FloatSpec.Core.Round_generic.round_UP_to_format

Hint: Omit it from the simp argument list.
  simp [FloatSpec.Core.Round_generic.round_N_to_format,
          FloatSpec.Core.Round_generic.round_DN_to_format, F̵l̵o̵a̵t̵S̵p̵e̵c̵.̵C̵o̵r̵e̵.̵R̵o̵u̵n̵d̵_̵g̵e̵n̵e̵r̵i̵c̵.̵r̵o̵u̵n̵d̵_̵U̵P̵_̵t̵o̵_̵f̵o̵r̵m̵a̵t̵,̵hd.symm, hu.symm, hlt0]

Note: This linter can be disabled with `set_option linter.unusedSimpArgs false`
FloatSpec/src/Core/Ulp.lean:3742:14: warning: This simp argument is unused:
  FloatSpec.Core.Round_generic.round_DN_to_format

Hint: Omit it from the simp argument list.
  simp [FloatSpec.Core.Round_generic.round_N_to_format,
            F̵l̵o̵a̵t̵S̵p̵e̵c̵.̵C̵o̵r̵e̵.̵R̵o̵u̵n̵d̵_̵g̵e̵n̵e̵r̵i̵c̵.̵r̵o̵u̵n̵d̵_̵D̵N̵_̵t̵o̵_̵f̵o̵r̵m̵a̵t̵,̵FloatSpec.Core.Round_generic.round_UP_to_format, hd.symm, hu.symm, hlt0, hgt0]

Note: This linter can be disabled with `set_option linter.unusedSimpArgs false`
FloatSpec/src/Core/Ulp.lean:3743:14: warning: This simp argument is unused:
  FloatSpec.Core.Round_generic.round_UP_to_format

Hint: Omit it from the simp argument list.
  simp [FloatSpec.Core.Round_generic.round_N_to_format,
            FloatSpec.Core.Round_generic.round_DN_to_format, F̵l̵o̵a̵t̵S̵p̵e̵c̵.̵C̵o̵r̵e̵.̵R̵o̵u̵n̵d̵_̵g̵e̵n̵e̵r̵i̵c̵.̵r̵o̵u̵n̵d̵_̵U̵P̵_̵t̵o̵_̵f̵o̵r̵m̵a̵t̵,̵hd.symm, hu.symm, hlt0, hgt0]

Note: This linter can be disabled with `set_option linter.unusedSimpArgs false`
FloatSpec/src/Core/Ulp.lean:3750:14: warning: This simp argument is unused:
  FloatSpec.Core.Round_generic.round_DN_to_format

Hint: Omit it from the simp argument list.
  simp [FloatSpec.Core.Round_generic.round_N_to_format,
            F̵l̵o̵a̵t̵S̵p̵e̵c̵.̵C̵o̵r̵e̵.̵R̵o̵u̵n̵d̵_̵g̵e̵n̵e̵r̵i̵c̵.̵r̵o̵u̵n̵d̵_̵D̵N̵_̵t̵o̵_̵f̵o̵r̵m̵a̵t̵,̵FloatSpec.Core.Round_generic.round_UP_to_format, hd.symm, hu.symm, hnotlt, hnotgt]

Note: This linter can be disabled with `set_option linter.unusedSimpArgs false`
FloatSpec/src/Core/Ulp.lean:3751:14: warning: This simp argument is unused:
  FloatSpec.Core.Round_generic.round_UP_to_format

Hint: Omit it from the simp argument list.
  simp [FloatSpec.Core.Round_generic.round_N_to_format,
            FloatSpec.Core.Round_generic.round_DN_to_format, F̵l̵o̵a̵t̵S̵p̵e̵c̵.̵C̵o̵r̵e̵.̵R̵o̵u̵n̵d̵_̵g̵e̵n̵e̵r̵i̵c̵.̵r̵o̵u̵n̵d̵_̵U̵P̵_̵t̵o̵_̵f̵o̵r̵m̵a̵t̵,̵hd.symm, hu.symm, hnotlt, hnotgt]

Note: This linter can be disabled with `set_option linter.unusedSimpArgs false`
FloatSpec/src/Core/Ulp.lean:3802:10: warning: This simp argument is unused:
  FloatSpec.Core.Round_generic.round_DN_to_format

Hint: Omit it from the simp argument list.
  simp [FloatSpec.Core.Round_generic.round_N_to_format,
        F̵l̵o̵a̵t̵S̵p̵e̵c̵.̵C̵o̵r̵e̵.̵R̵o̵u̵n̵d̵_̵g̵e̵n̵e̵r̵i̵c̵.̵r̵o̵u̵n̵d̵_̵D̵N̵_̵t̵o̵_̵f̵o̵r̵m̵a̵t̵,̵FloatSpec.Core.Round_generic.round_UP_to_format, hd.symm, hu.symm, hbranch]

Note: This linter can be disabled with `set_option linter.unusedSimpArgs false`
FloatSpec/src/Core/Ulp.lean:3803:10: warning: This simp argument is unused:
  FloatSpec.Core.Round_generic.round_UP_to_format

Hint: Omit it from the simp argument list.
  simp [FloatSpec.Core.Round_generic.round_N_to_format,
        FloatSpec.Core.Round_generic.round_DN_to_format, F̵l̵o̵a̵t̵S̵p̵e̵c̵.̵C̵o̵r̵e̵.̵R̵o̵u̵n̵d̵_̵g̵e̵n̵e̵r̵i̵c̵.̵r̵o̵u̵n̵d̵_̵U̵P̵_̵t̵o̵_̵f̵o̵r̵m̵a̵t̵,̵hd.symm, hu.symm, hbranch]

Note: This linter can be disabled with `set_option linter.unusedSimpArgs false`
FloatSpec/src/Core/Ulp.lean:3961:8: warning: try 'simp' instead of 'simpa'

Note: This linter can be disabled with `set_option linter.unnecessarySimpa false`
FloatSpec/src/Core/Ulp.lean:3977:6: warning: try 'simp' instead of 'simpa'

Note: This linter can be disabled with `set_option linter.unnecessarySimpa false`
FloatSpec/src/Core/Ulp.lean:4005:8: warning: try 'simp' instead of 'simpa'

Note: This linter can be disabled with `set_option linter.unnecessarySimpa false`
FloatSpec/src/Core/Ulp.lean:4016:8: warning: try 'simp' instead of 'simpa'

Note: This linter can be disabled with `set_option linter.unnecessarySimpa false`
FloatSpec/src/Core/Ulp.lean:3862:5: warning: unused variable `choice`

Note: This linter can be disabled with `set_option linter.unusedVariables false`
FloatSpec/src/Core/Ulp.lean:3895:12: warning: This simp argument is unused:
  FloatSpec.Core.Round_generic.round_DN_to_format

Hint: Omit it from the simp argument list.
  simp [FloatSpec.Core.Round_generic.round_N_to_format,
          F̵l̵o̵a̵t̵S̵p̵e̵c̵.̵C̵o̵r̵e̵.̵R̵o̵u̵n̵d̵_̵g̵e̵n̵e̵r̵i̵c̵.̵r̵o̵u̵n̵d̵_̵D̵N̵_̵t̵o̵_̵f̵o̵r̵m̵a̵t̵,̵FloatSpec.Core.Round_generic.round_UP_to_format, hd.symm, hu.symm, hlt0]

Note: This linter can be disabled with `set_option linter.unusedSimpArgs false`
FloatSpec/src/Core/Ulp.lean:3896:12: warning: This simp argument is unused:
  FloatSpec.Core.Round_generic.round_UP_to_format

Hint: Omit it from the simp argument list.
  simp [FloatSpec.Core.Round_generic.round_N_to_format,
          FloatSpec.Core.Round_generic.round_DN_to_format, F̵l̵o̵a̵t̵S̵p̵e̵c̵.̵C̵o̵r̵e̵.̵R̵o̵u̵n̵d̵_̵g̵e̵n̵e̵r̵i̵c̵.̵r̵o̵u̵n̵d̵_̵U̵P̵_̵t̵o̵_̵f̵o̵r̵m̵a̵t̵,̵hd.symm, hu.symm, hlt0]

Note: This linter can be disabled with `set_option linter.unusedSimpArgs false`
FloatSpec/src/Core/Ulp.lean:3903:14: warning: This simp argument is unused:
  FloatSpec.Core.Round_generic.round_DN_to_format

Hint: Omit it from the simp argument list.
  simp [FloatSpec.Core.Round_generic.round_N_to_format,
            F̵l̵o̵a̵t̵S̵p̵e̵c̵.̵C̵o̵r̵e̵.̵R̵o̵u̵n̵d̵_̵g̵e̵n̵e̵r̵i̵c̵.̵r̵o̵u̵n̵d̵_̵D̵N̵_̵t̵o̵_̵f̵o̵r̵m̵a̵t̵,̵FloatSpec.Core.Round_generic.round_UP_to_format, hd.symm, hu.symm, hlt0, hgt0]

Note: This linter can be disabled with `set_option linter.unusedSimpArgs false`
FloatSpec/src/Core/Ulp.lean:3904:14: warning: This simp argument is unused:
  FloatSpec.Core.Round_generic.round_UP_to_format

Hint: Omit it from the simp argument list.
  simp [FloatSpec.Core.Round_generic.round_N_to_format,
            FloatSpec.Core.Round_generic.round_DN_to_format, F̵l̵o̵a̵t̵S̵p̵e̵c̵.̵C̵o̵r̵e̵.̵R̵o̵u̵n̵d̵_̵g̵e̵n̵e̵r̵i̵c̵.̵r̵o̵u̵n̵d̵_̵U̵P̵_̵t̵o̵_̵f̵o̵r̵m̵a̵t̵,̵hd.symm, hu.symm, hlt0, hgt0]

Note: This linter can be disabled with `set_option linter.unusedSimpArgs false`
FloatSpec/src/Core/Ulp.lean:3912:14: warning: This simp argument is unused:
  FloatSpec.Core.Round_generic.round_DN_to_format

Hint: Omit it from the simp argument list.
  simp [FloatSpec.Core.Round_generic.round_N_to_format,
            F̵l̵o̵a̵t̵S̵p̵e̵c̵.̵C̵o̵r̵e̵.̵R̵o̵u̵n̵d̵_̵g̵e̵n̵e̵r̵i̵c̵.̵r̵o̵u̵n̵d̵_̵D̵N̵_̵t̵o̵_̵f̵o̵r̵m̵a̵t̵,̵FloatSpec.Core.Round_generic.round_UP_to_format, hd.symm, hu.symm, hnotlt, hnotgt]

Note: This linter can be disabled with `set_option linter.unusedSimpArgs false`
FloatSpec/src/Core/Ulp.lean:3913:14: warning: This simp argument is unused:
  FloatSpec.Core.Round_generic.round_UP_to_format

Hint: Omit it from the simp argument list.
  simp [FloatSpec.Core.Round_generic.round_N_to_format,
            FloatSpec.Core.Round_generic.round_DN_to_format, F̵l̵o̵a̵t̵S̵p̵e̵c̵.̵C̵o̵r̵e̵.̵R̵o̵u̵n̵d̵_̵g̵e̵n̵e̵r̵i̵c̵.̵r̵o̵u̵n̵d̵_̵U̵P̵_̵t̵o̵_̵f̵o̵r̵m̵a̵t̵,̵hd.symm, hu.symm, hnotlt, hnotgt]

Note: This linter can be disabled with `set_option linter.unusedSimpArgs false`
FloatSpec/src/Core/Ulp.lean:3974:14: warning: This simp argument is unused:
  FloatSpec.Core.Round_generic.round_DN_to_format

Hint: Omit it from the simp argument list.
  simp [FloatSpec.Core.Round_generic.round_N_to_format,
            F̵l̵o̵a̵t̵S̵p̵e̵c̵.̵C̵o̵r̵e̵.̵R̵o̵u̵n̵d̵_̵g̵e̵n̵e̵r̵i̵c̵.̵r̵o̵u̵n̵d̵_̵D̵N̵_̵t̵o̵_̵f̵o̵r̵m̵a̵t̵,̵FloatSpec.Core.Round_generic.round_UP_to_format, Id.run, hd.symm, hu.symm, hnotlt0,
  ̲  ̲ ̲ ̲ ̲ ̲ ̲ ̲ ̲ ̲hbranch, hup_eq, pure]

Note: This linter can be disabled with `set_option linter.unusedSimpArgs false`
FloatSpec/src/Core/Ulp.lean:3975:14: warning: This simp argument is unused:
  FloatSpec.Core.Round_generic.round_UP_to_format

Hint: Omit it from the simp argument list.
  simp [FloatSpec.Core.Round_generic.round_N_to_format,
            FloatSpec.Core.Round_generic.round_DN_to_format, F̵l̵o̵a̵t̵S̵p̵e̵c̵.̵C̵o̵r̵e̵.̵R̵o̵u̵n̵d̵_̵g̵e̵n̵e̵r̵i̵c̵.̵r̵o̵u̵n̵d̵_̵U̵P̵_̵t̵o̵_̵f̵o̵r̵m̵a̵t̵,̵Id.run, hd.symm, hu.symm, hnotlt0,
  ̲  ̲ ̲ ̲ ̲ ̲ ̲ ̲ ̲ ̲hbranch, hup_eq, pure]

Note: This linter can be disabled with `set_option linter.unusedSimpArgs false`
FloatSpec/src/Core/Ulp.lean:3976:49: warning: This simp argument is unused:
  hbranch

Hint: Omit it from the simp argument list.
  simp [FloatSpec.Core.Round_generic.round_N_to_format,
             ̵ ̵ ̵ ̵FloatSpec.Core.Round_generic.round_DN_to_format,
             ̵ ̵ ̵ ̵FloatSpec.Core.Round_generic.round_UP_to_format,
  ̵  ̵ ̵ ̵ ̵ ̵ ̵ ̵ ̵ ̵ ̵ ̵ ̵ ̵Id.run, hd.symm, hu.symm, hnotlt0,
  ̲ h̵b̵r̵a̵n̵c̵h̵,̵  ̲ ̲ ̲ ̲ ̲ ̲ ̲ ̲hup_eq, pure]

Note: This linter can be disabled with `set_option linter.unusedSimpArgs false`
FloatSpec/src/Core/Ulp.lean:4002:16: warning: This simp argument is unused:
  FloatSpec.Core.Round_generic.round_DN_to_format

Hint: Omit it from the simp argument list.
  simp [FloatSpec.Core.Round_generic.round_N_to_format,
              F̵l̵o̵a̵t̵S̵p̵e̵c̵.̵C̵o̵r̵e̵.̵R̵o̵u̵n̵d̵_̵g̵e̵n̵e̵r̵i̵c̵.̵r̵o̵u̵n̵d̵_̵D̵N̵_̵t̵o̵_̵f̵o̵r̵m̵a̵t̵,̵FloatSpec.Core.Round_generic.round_UP_to_format, Id.run, hd.symm, hu.symm, hnotlt',
  ̲  ̲ ̲ ̲ ̲ ̲ ̲ ̲ ̲ ̲ ̲ ̲hgt0', hup_eq, pure]

Note: This linter can be disabled with `set_option linter.unusedSimpArgs false`
FloatSpec/src/Core/Ulp.lean:4003:16: warning: This simp argument is unused:
  FloatSpec.Core.Round_generic.round_UP_to_format

Hint: Omit it from the simp argument list.
  simp [FloatSpec.Core.Round_generic.round_N_to_format,
              FloatSpec.Core.Round_generic.round_DN_to_format, F̵l̵o̵a̵t̵S̵p̵e̵c̵.̵C̵o̵r̵e̵.̵R̵o̵u̵n̵d̵_̵g̵e̵n̵e̵r̵i̵c̵.̵r̵o̵u̵n̵d̵_̵U̵P̵_̵t̵o̵_̵f̵o̵r̵m̵a̵t̵,̵Id.run, hd.symm, hu.symm, hnotlt',
  ̲  ̲ ̲ ̲ ̲ ̲ ̲ ̲ ̲ ̲ ̲ ̲hgt0', hup_eq, pure]

Note: This linter can be disabled with `set_option linter.unusedSimpArgs false`
FloatSpec/src/Core/Ulp.lean:4013:16: warning: This simp argument is unused:
  FloatSpec.Core.Round_generic.round_DN_to_format

Hint: Omit it from the simp argument list.
  simp [FloatSpec.Core.Round_generic.round_N_to_format,
              F̵l̵o̵a̵t̵S̵p̵e̵c̵.̵C̵o̵r̵e̵.̵R̵o̵u̵n̵d̵_̵g̵e̵n̵e̵r̵i̵c̵.̵r̵o̵u̵n̵d̵_̵D̵N̵_̵t̵o̵_̵f̵o̵r̵m̵a̵t̵,̵FloatSpec.Core.Round_generic.round_UP_to_format, Id.run, hd.symm, hu.symm, hnotlt',
  ̲  ̲ ̲ ̲ ̲ ̲ ̲ ̲ ̲ ̲ ̲ ̲hnotgt', hup_eq, pure]

Note: This linter can be disabled with `set_option linter.unusedSimpArgs false`
FloatSpec/src/Core/Ulp.lean:4014:16: warning: This simp argument is unused:
  FloatSpec.Core.Round_generic.round_UP_to_format

Hint: Omit it from the simp argument list.
  simp [FloatSpec.Core.Round_generic.round_N_to_format,
              FloatSpec.Core.Round_generic.round_DN_to_format, F̵l̵o̵a̵t̵S̵p̵e̵c̵.̵C̵o̵r̵e̵.̵R̵o̵u̵n̵d̵_̵g̵e̵n̵e̵r̵i̵c̵.̵r̵o̵u̵n̵d̵_̵U̵P̵_̵t̵o̵_̵f̵o̵r̵m̵a̵t̵,̵Id.run, hd.symm, hu.symm, hnotlt',
  ̲  ̲ ̲ ̲ ̲ ̲ ̲ ̲ ̲ ̲ ̲ ̲hnotgt', hup_eq, pure]

Note: This linter can be disabled with `set_option linter.unusedSimpArgs false`
FloatSpec/src/Core/Ulp.lean:4185:6: warning: try 'simp' instead of 'simpa'

Note: This linter can be disabled with `set_option linter.unnecessarySimpa false`
FloatSpec/src/Core/Ulp.lean:4212:76: warning: try 'simp' instead of 'simpa'

Note: This linter can be disabled with `set_option linter.unnecessarySimpa false`
FloatSpec/src/Core/Ulp.lean:4213:60: warning: try 'simp' instead of 'simpa'

Note: This linter can be disabled with `set_option linter.unnecessarySimpa false`
FloatSpec/src/Core/Ulp.lean:4215:18: warning: try 'simp' instead of 'simpa'

Note: This linter can be disabled with `set_option linter.unnecessarySimpa false`
FloatSpec/src/Core/Ulp.lean:4216:71: warning: try 'simp' instead of 'simpa'

Note: This linter can be disabled with `set_option linter.unnecessarySimpa false`
FloatSpec/src/Core/Ulp.lean:4217:68: warning: try 'simp' instead of 'simpa'

Note: This linter can be disabled with `set_option linter.unnecessarySimpa false`
FloatSpec/src/Core/Ulp.lean:4218:8: warning: try 'simp' instead of 'simpa'

Note: This linter can be disabled with `set_option linter.unnecessarySimpa false`
FloatSpec/src/Core/Ulp.lean:4226:115: warning: try 'simp' instead of 'simpa'

Note: This linter can be disabled with `set_option linter.unnecessarySimpa false`
FloatSpec/src/Core/Ulp.lean:4227:77: warning: try 'simp' instead of 'simpa'

Note: This linter can be disabled with `set_option linter.unnecessarySimpa false`
FloatSpec/src/Core/Ulp.lean:4229:18: warning: try 'simp' instead of 'simpa'

Note: This linter can be disabled with `set_option linter.unnecessarySimpa false`
FloatSpec/src/Core/Ulp.lean:4230:68: warning: try 'simp' instead of 'simpa'

Note: This linter can be disabled with `set_option linter.unnecessarySimpa false`
FloatSpec/src/Core/Ulp.lean:4231:8: warning: try 'simp' instead of 'simpa'

Note: This linter can be disabled with `set_option linter.unnecessarySimpa false`
FloatSpec/src/Core/Ulp.lean:4246:6: error: Type mismatch: After simplification, term
  h
 has type
  ⦃⌜True⌝⦄
    (Round_generic.round_N_to_format beta fexp x,
      Round_generic.round_DN_to_format beta fexp x) ⦃(fun r => ⌜r.1 = r.2⌝, ExceptConds.false)⦄
but is expected to have type
  Round_generic.round_N_to_format beta fexp x = Classical.choose ⋯
FloatSpec/src/Core/Ulp.lean:4252:92: error: No goals to be solved
FloatSpec/src/Core/Ulp.lean:4252:40: error: unsolved goals
beta : ℤ
fexp : ℤ → ℤ
inst✝¹ : Valid_exp beta fexp
inst✝ : Monotone_exp fexp
choice : ℤ → Bool
x : ℝ
d : ℝ := Classical.choose ⋯
hd : d = Classical.choose ⋯
u : ℝ := Classical.choose ⋯
hu : u = Classical.choose ⋯
hFd _hFdn : (generic_format beta fexp (Classical.choose ⋯)).run
hd_le_x : Classical.choose ⋯ ≤ x
hmax_dn : ∀ (g : ℝ), (fun y => (generic_format beta fexp y).run) g → g ≤ x → g ≤ Classical.choose ⋯
hFu _hFup : (generic_format beta fexp (Classical.choose ⋯)).run
hx_le_u : x ≤ Classical.choose ⋯
hmin_up : ∀ (g : ℝ), (fun y => (generic_format beta fexp y).run) g → x ≤ g → Classical.choose ⋯ ≤ g
mid : ℝ := (d + u) / 2
hmid : mid = (d + u) / 2
r : ℝ := (Round_generic.round_N_to_format beta fexp x).run
hr : r = (Round_generic.round_N_to_format beta fexp x).run
succ_gap_eq_ulp : ∀ (y : ℝ), (succ beta fexp y).run - y = (ulp beta fexp y).run
no_between : ∀ (f : ℝ), (generic_format beta fexp f).run → d < u → f ≤ d ∨ u ≤ f
hlt : x < mid
hr_eq_d : r = d
hx_le_mid : x ≤ mid
hx_d : 0 ≤ x - d
this✝ : x - d ≤ mid - d
this : (d + u) / 2 - d = (u - d) / 2
⊢ mid - d = (u - d) / 2
FloatSpec/src/Core/Ulp.lean:4253:8: error: Tactic `assumption` failed

beta : ℤ
fexp : ℤ → ℤ
inst✝¹ : Valid_exp beta fexp
inst✝ : Monotone_exp fexp
choice : ℤ → Bool
x : ℝ
d : ℝ := Classical.choose ⋯
hd : d = Classical.choose ⋯
u : ℝ := Classical.choose ⋯
hu : u = Classical.choose ⋯
hFd _hFdn : (generic_format beta fexp (Classical.choose ⋯)).run
hd_le_x : Classical.choose ⋯ ≤ x
hmax_dn : ∀ (g : ℝ), (fun y => (generic_format beta fexp y).run) g → g ≤ x → g ≤ Classical.choose ⋯
hFu _hFup : (generic_format beta fexp (Classical.choose ⋯)).run
hx_le_u : x ≤ Classical.choose ⋯
hmin_up : ∀ (g : ℝ), (fun y => (generic_format beta fexp y).run) g → x ≤ g → Classical.choose ⋯ ≤ g
mid : ℝ := (d + u) / 2
hmid : mid = (d + u) / 2
r : ℝ := (Round_generic.round_N_to_format beta fexp x).run
hr : r = (Round_generic.round_N_to_format beta fexp x).run
succ_gap_eq_ulp : ∀ (y : ℝ), (succ beta fexp y).run - y = (ulp beta fexp y).run
no_between : ∀ (f : ℝ), (generic_format beta fexp f).run → d < u → f ≤ d ∨ u ≤ f
hlt : x < mid
hr_eq_d : r = d
hx_le_mid : x ≤ mid
hx_d : 0 ≤ x - d
this✝ : x - d ≤ mid - d
this : True
⊢ x ≤ (u - d) / 2 + d
FloatSpec/src/Core/Ulp.lean:4258:63: error: Type mismatch: After simplification, term
  hlt
 has type
  x < u
but is expected to have type
  False
FloatSpec/src/Core/Ulp.lean:4258:32: error: unsolved goals
beta : ℤ
fexp : ℤ → ℤ
inst✝¹ : Valid_exp beta fexp
inst✝ : Monotone_exp fexp
choice : ℤ → Bool
x : ℝ
d : ℝ := Classical.choose ⋯
hd : d = Classical.choose ⋯
u : ℝ := Classical.choose ⋯
hu : u = Classical.choose ⋯
hFd _hFdn : (generic_format beta fexp (Classical.choose ⋯)).run
hd_le_x : Classical.choose ⋯ ≤ x
hmax_dn : ∀ (g : ℝ), (fun y => (generic_format beta fexp y).run) g → g ≤ x → g ≤ Classical.choose ⋯
hFu _hFup : (generic_format beta fexp (Classical.choose ⋯)).run
hx_le_u : x ≤ Classical.choose ⋯
hmin_up : ∀ (g : ℝ), (fun y => (generic_format beta fexp y).run) g → x ≤ g → Classical.choose ⋯ ≤ g
mid : ℝ := (d + u) / 2
hmid : mid = (d + u) / 2
r : ℝ := (Round_generic.round_N_to_format beta fexp x).run
hr : r = (Round_generic.round_N_to_format beta fexp x).run
succ_gap_eq_ulp : ∀ (y : ℝ), (succ beta fexp y).run - y = (ulp beta fexp y).run
no_between : ∀ (f : ℝ), (generic_format beta fexp f).run → d < u → f ≤ d ∨ u ≤ f
hlt : x < mid
hr_eq_d : r = d
hx_le_mid : x ≤ mid
hx_d : 0 ≤ x - d
hx_bound_half : x - d ≤ (u - d) / 2
hle : d ≤ u
h : d = u
this : x < x
⊢ False
FloatSpec/src/Core/Ulp.lean:4269:12: error: Type mismatch: After simplification, term
  h True.intro
 has type
  pred beta fexp (-u) = -succ beta fexp u
but is expected to have type
  pred beta fexp u = -succ beta fexp (-u)
FloatSpec/src/Core/Ulp.lean:4278:72: error: Application type mismatch: The argument
  True.intro
has type
  True
but is expected to have type
  ⌜1 < beta⌝.down
in the application
  this True.intro
FloatSpec/src/Core/Ulp.lean:4281:104: error: Application type mismatch: The argument
  hdu
has type
  d < u
but is expected to have type
  ?m.1062 < ?m.1062
in the application
  lt_irrefl ?m.1062 hdu
FloatSpec/src/Core/Ulp.lean:4293:8: error: Type mismatch: After simplification, term
  h True.intro
 has type
  pred beta fexp (-u) = -succ beta fexp u
but is expected to have type
  pred beta fexp u = -succ beta fexp (-u)
FloatSpec/src/Core/Ulp.lean:4298:8: warning: try 'simp' instead of 'simpa'

Note: This linter can be disabled with `set_option linter.unnecessarySimpa false`
FloatSpec/src/Core/Ulp.lean:4301:8: error: Type mismatch: After simplification, term
  congrArg (fun z => 1 / 2 * z) hsucc_gap
 has type
  1 / 2 * (u + (succ beta fexp (-u)).run) = 1 / 2 * (ulp beta fexp u).run
but is expected to have type
  u + (succ beta fexp (-u)).run = (ulp beta fexp u).run
FloatSpec/src/Core/Ulp.lean:4307:37: error: Type mismatch: After simplification, term
  abs_of_nonneg this
 has type
  d ≤ x
but is expected to have type
  |-x + d| = x + -d
FloatSpec/src/Core/Ulp.lean:4311:6: error: Tactic `assumption` failed

beta : ℤ
fexp : ℤ → ℤ
inst✝¹ : Valid_exp beta fexp
inst✝ : Monotone_exp fexp
choice : ℤ → Bool
x : ℝ
d : ℝ := Classical.choose ⋯
hd : d = Classical.choose ⋯
u : ℝ := Classical.choose ⋯
hu : u = Classical.choose ⋯
hFd _hFdn : (generic_format beta fexp (Classical.choose ⋯)).run
hd_le_x : Classical.choose ⋯ ≤ x
hmax_dn : ∀ (g : ℝ), (fun y => (generic_format beta fexp y).run) g → g ≤ x → g ≤ Classical.choose ⋯
hFu _hFup : (generic_format beta fexp (Classical.choose ⋯)).run
hx_le_u : x ≤ Classical.choose ⋯
hmin_up : ∀ (g : ℝ), (fun y => (generic_format beta fexp y).run) g → x ≤ g → Classical.choose ⋯ ≤ g
mid : ℝ := (d + u) / 2
hmid : mid = (d + u) / 2
r : ℝ := (Round_generic.round_N_to_format beta fexp x).run
hr : r = (Round_generic.round_N_to_format beta fexp x).run
succ_gap_eq_ulp : ∀ (y : ℝ), (succ beta fexp y).run - y = (ulp beta fexp y).run
no_between : ∀ (f : ℝ), (generic_format beta fexp f).run → d < u → f ≤ d ∨ u ≤ f
hlt : x < mid
hr_eq_d : r = d
hx_le_mid : x ≤ mid
hx_d : 0 ≤ x - d
hx_bound_half : x - d ≤ (u - d) / 2
hdu : d < u
Fpredu : (generic_format beta fexp (pred beta fexp u).run).run
hpredu_le_d : (pred beta fexp u).run ≤ d
hgap_switch : (u - d) / 2 ≤ (u - (pred beta fexp u).run) / 2
hx_bound_pred : x - d ≤ (u - (pred beta fexp u).run) / 2
hpred_gap : (u - (pred beta fexp u).run) / 2 = 1 / 2 * (ulp beta fexp u).run
this✝ : |r - x| = x - d
this : x ≤ 2⁻¹ * (ulp beta fexp u).run + d
⊢ |d - x| ≤ 2⁻¹ * (ulp beta fexp d).run
FloatSpec/src/Core/Ulp.lean:4318:8: error: Type mismatch: After simplification, term
  h
 has type
  ⦃⌜True⌝⦄
    (Round_generic.round_N_to_format beta fexp x,
      Round_generic.round_UP_to_format beta fexp x) ⦃(fun r => ⌜r.1 = r.2⌝, ExceptConds.false)⦄
but is expected to have type
  Round_generic.round_N_to_format beta fexp x = Classical.choose ⋯
FloatSpec/src/Core/Ulp.lean:4319:57: warning: `le_of_not_lt` has been deprecated: Use `le_of_not_gt` instead
FloatSpec/src/Core/Ulp.lean:4319:6: error: unsolved goals
case neg
beta : ℤ
fexp : ℤ → ℤ
inst✝¹ : Valid_exp beta fexp
inst✝ : Monotone_exp fexp
choice : ℤ → Bool
x : ℝ
d : ℝ := Classical.choose ⋯
hd : d = Classical.choose ⋯
u : ℝ := Classical.choose ⋯
hu : u = Classical.choose ⋯
hFd _hFdn : (generic_format beta fexp (Classical.choose ⋯)).run
hd_le_x : Classical.choose ⋯ ≤ x
hmax_dn : ∀ (g : ℝ), (fun y => (generic_format beta fexp y).run) g → g ≤ x → g ≤ Classical.choose ⋯
hFu _hFup : (generic_format beta fexp (Classical.choose ⋯)).run
hx_le_u : x ≤ Classical.choose ⋯
hmin_up : ∀ (g : ℝ), (fun y => (generic_format beta fexp y).run) g → x ≤ g → Classical.choose ⋯ ≤ g
mid : ℝ := (d + u) / 2
hmid : mid = (d + u) / 2
r : ℝ := (Round_generic.round_N_to_format beta fexp x).run
hr : r = (Round_generic.round_N_to_format beta fexp x).run
succ_gap_eq_ulp : ∀ (y : ℝ), (succ beta fexp y).run - y = (ulp beta fexp y).run
no_between : ∀ (f : ℝ), (generic_format beta fexp f).run → d < u → f ≤ d ∨ u ≤ f
hlt : ¬x < mid
hgt : ¬mid < x
hnotlt : ¬x < mid
hnotgt : ¬mid < x
⊢ (if x < (Classical.choose ⋯ + Classical.choose ⋯) / 2 then pure (Classical.choose ⋯)
      else pure (Classical.choose ⋯)).run =
    Classical.choose ⋯
FloatSpec/src/Core/Ulp.lean:4327:33: warning: `le_of_not_lt` has been deprecated: Use `le_of_not_gt` instead
FloatSpec/src/Core/Ulp.lean:4330:92: error: No goals to be solved
FloatSpec/src/Core/Ulp.lean:4330:40: error: unsolved goals
beta : ℤ
fexp : ℤ → ℤ
inst✝¹ : Valid_exp beta fexp
inst✝ : Monotone_exp fexp
choice : ℤ → Bool
x : ℝ
d : ℝ := Classical.choose ⋯
hd : d = Classical.choose ⋯
u : ℝ := Classical.choose ⋯
hu : u = Classical.choose ⋯
hFd _hFdn : (generic_format beta fexp (Classical.choose ⋯)).run
hd_le_x : Classical.choose ⋯ ≤ x
hmax_dn : ∀ (g : ℝ), (fun y => (generic_format beta fexp y).run) g → g ≤ x → g ≤ Classical.choose ⋯
hFu _hFup : (generic_format beta fexp (Classical.choose ⋯)).run
hx_le_u : x ≤ Classical.choose ⋯
hmin_up : ∀ (g : ℝ), (fun y => (generic_format beta fexp y).run) g → x ≤ g → Classical.choose ⋯ ≤ g
mid : ℝ := (d + u) / 2
hmid : mid = (d + u) / 2
r : ℝ := (Round_generic.round_N_to_format beta fexp x).run
hr : r = (Round_generic.round_N_to_format beta fexp x).run
succ_gap_eq_ulp : ∀ (y : ℝ), (succ beta fexp y).run - y = (ulp beta fexp y).run
no_between : ∀ (f : ℝ), (generic_format beta fexp f).run → d < u → f ≤ d ∨ u ≤ f
hlt : ¬x < mid
hr_eq_u : r = u
hx0 : 0 ≤ u - x
this✝¹ : mid ≤ x
this✝ : u - x ≤ u - mid
this : u - (d + u) / 2 = (u - d) / 2
⊢ u - mid = (u - d) / 2
FloatSpec/src/Core/Ulp.lean:4331:8: error: Tactic `assumption` failed

beta : ℤ
fexp : ℤ → ℤ
inst✝¹ : Valid_exp beta fexp
inst✝ : Monotone_exp fexp
choice : ℤ → Bool
x : ℝ
d : ℝ := Classical.choose ⋯
hd : d = Classical.choose ⋯
u : ℝ := Classical.choose ⋯
hu : u = Classical.choose ⋯
hFd _hFdn : (generic_format beta fexp (Classical.choose ⋯)).run
hd_le_x : Classical.choose ⋯ ≤ x
hmax_dn : ∀ (g : ℝ), (fun y => (generic_format beta fexp y).run) g → g ≤ x → g ≤ Classical.choose ⋯
hFu _hFup : (generic_format beta fexp (Classical.choose ⋯)).run
hx_le_u : x ≤ Classical.choose ⋯
hmin_up : ∀ (g : ℝ), (fun y => (generic_format beta fexp y).run) g → x ≤ g → Classical.choose ⋯ ≤ g
mid : ℝ := (d + u) / 2
hmid : mid = (d + u) / 2
r : ℝ := (Round_generic.round_N_to_format beta fexp x).run
hr : r = (Round_generic.round_N_to_format beta fexp x).run
succ_gap_eq_ulp : ∀ (y : ℝ), (succ beta fexp y).run - y = (ulp beta fexp y).run
no_between : ∀ (f : ℝ), (generic_format beta fexp f).run → d < u → f ≤ d ∨ u ≤ f
hlt : ¬x < mid
hr_eq_u : r = u
hx0 : 0 ≤ u - x
this✝¹ : mid ≤ x
this✝ : u - x ≤ u - mid
this : True
⊢ u ≤ (u - d) / 2 + x
FloatSpec/src/Core/Ulp.lean:4345:14: error: Type mismatch: After simplification, term
  h True.intro
 has type
  pred beta fexp (-u) = -succ beta fexp u
but is expected to have type
  pred beta fexp u = -succ beta fexp (-u)
FloatSpec/src/Core/Ulp.lean:4354:74: error: Application type mismatch: The argument
  True.intro
has type
  True
but is expected to have type
  ⌜1 < beta⌝.down
in the application
  this True.intro
FloatSpec/src/Core/Ulp.lean:4355:48: error: Type mismatch: After simplification, term
  hulpge0
 has type
  0 ≤ (ulp beta fexp u).run
but is expected to have type
  (pred beta fexp u).run < u
FloatSpec/src/Core/Ulp.lean:4359:71: error: Application type mismatch: The argument
  True.intro
has type
  True
but is expected to have type
  ⌜1 < beta⌝.down
in the application
  htrip True.intro
FloatSpec/src/Core/Ulp.lean:4360:55: warning: try 'simp' instead of 'simpa'

Note: This linter can be disabled with `set_option linter.unnecessarySimpa false`
FloatSpec/src/Core/Ulp.lean:4370:8: error: Type mismatch: After simplification, term
  h True.intro
 has type
  pred beta fexp (-u) = -succ beta fexp u
but is expected to have type
  pred beta fexp u = -succ beta fexp (-u)
FloatSpec/src/Core/Ulp.lean:4375:8: warning: try 'simp' instead of 'simpa'

Note: This linter can be disabled with `set_option linter.unnecessarySimpa false`
FloatSpec/src/Core/Ulp.lean:4378:8: error: Type mismatch: After simplification, term
  congrArg (fun z => 1 / 2 * z) hsucc_gap
 has type
  1 / 2 * (u + (succ beta fexp (-u)).run) = 1 / 2 * (ulp beta fexp u).run
but is expected to have type
  u + (succ beta fexp (-u)).run = (ulp beta fexp u).run
FloatSpec/src/Core/Ulp.lean:4387:6: error: Tactic `assumption` failed

beta : ℤ
fexp : ℤ → ℤ
inst✝¹ : Valid_exp beta fexp
inst✝ : Monotone_exp fexp
choice : ℤ → Bool
x : ℝ
d : ℝ := Classical.choose ⋯
hd : d = Classical.choose ⋯
u : ℝ := Classical.choose ⋯
hu : u = Classical.choose ⋯
hFd _hFdn : (generic_format beta fexp (Classical.choose ⋯)).run
hd_le_x : Classical.choose ⋯ ≤ x
hmax_dn : ∀ (g : ℝ), (fun y => (generic_format beta fexp y).run) g → g ≤ x → g ≤ Classical.choose ⋯
hFu _hFup : (generic_format beta fexp (Classical.choose ⋯)).run
hx_le_u : x ≤ Classical.choose ⋯
hmin_up : ∀ (g : ℝ), (fun y => (generic_format beta fexp y).run) g → x ≤ g → Classical.choose ⋯ ≤ g
mid : ℝ := (d + u) / 2
hmid : mid = (d + u) / 2
r : ℝ := (Round_generic.round_N_to_format beta fexp x).run
hr : r = (Round_generic.round_N_to_format beta fexp x).run
succ_gap_eq_ulp : ∀ (y : ℝ), (succ beta fexp y).run - y = (ulp beta fexp y).run
no_between : ∀ (f : ℝ), (generic_format beta fexp f).run → d < u → f ≤ d ∨ u ≤ f
hlt : ¬x < mid
hr_eq_u : r = u
hx0 : 0 ≤ u - x
hx_bound_half : u - x ≤ (u - d) / 2
Fpredu : (generic_format beta fexp (pred beta fexp u).run).run
hpredu_le_d : (pred beta fexp u).run ≤ d
hgap_switch : (u - d) / 2 ≤ (u - (pred beta fexp u).run) / 2
hx_bound_pred : u - x ≤ (u - (pred beta fexp u).run) / 2
hpred_gap : (u - (pred beta fexp u).run) / 2 = 1 / 2 * (ulp beta fexp u).run
this✝ : |r - x| = u - x
this : u ≤ 2⁻¹ * (ulp beta fexp u).run + x
⊢ |u - x| ≤ 2⁻¹ * (ulp beta fexp u).run
FloatSpec/src/Core/Ulp.lean:4199:61: warning: This simp argument is unused:
  bind

Hint: Omit it from the simp argument list.
  simp [Id.run, b̵i̵n̵d̵,̵ ̵pure, sub_eq_add_neg]

Note: This linter can be disabled with `set_option linter.unusedSimpArgs false`
FloatSpec/src/Core/Ulp.lean:4322:14: warning: This simp argument is unused:
  FloatSpec.Core.Round_generic.round_DN_to_format

Hint: Omit it from the simp argument list.
  simp [FloatSpec.Core.Round_generic.round_N_to_format,
            F̵l̵o̵a̵t̵S̵p̵e̵c̵.̵C̵o̵r̵e̵.̵R̵o̵u̵n̵d̵_̵g̵e̵n̵e̵r̵i̵c̵.̵r̵o̵u̵n̵d̵_̵D̵N̵_̵t̵o̵_̵f̵o̵r̵m̵a̵t̵,̵FloatSpec.Core.Round_generic.round_UP_to_format, hd, hu, hr, hnotlt, hnotgt]

Note: This linter can be disabled with `set_option linter.unusedSimpArgs false`
FloatSpec/src/Core/Ulp.lean:4323:14: warning: This simp argument is unused:
  FloatSpec.Core.Round_generic.round_UP_to_format

Hint: Omit it from the simp argument list.
  simp [FloatSpec.Core.Round_generic.round_N_to_format,
            FloatSpec.Core.Round_generic.round_DN_to_format, F̵l̵o̵a̵t̵S̵p̵e̵c̵.̵C̵o̵r̵e̵.̵R̵o̵u̵n̵d̵_̵g̵e̵n̵e̵r̵i̵c̵.̵r̵o̵u̵n̵d̵_̵U̵P̵_̵t̵o̵_̵f̵o̵r̵m̵a̵t̵,̵hd, hu, hr, hnotlt, hnotgt]

Note: This linter can be disabled with `set_option linter.unusedSimpArgs false`
FloatSpec/src/Core/Ulp.lean:4324:14: warning: This simp argument is unused:
  hd

Hint: Omit it from the simp argument list.
  simp [FloatSpec.Core.Round_generic.round_N_to_format,
             ̵ ̵ ̵ ̵FloatSpec.Core.Round_generic.round_DN_to_format,
             ̵ ̵ ̵ ̵FloatSpec.Core.Round_generic.round_UP_to_format,
  ̵  ̵ ̵ ̵ ̵ ̵ ̵ ̵ ̵ ̵ ̵ ̵ ̵ ̵hd̵,̵ ̵h̵u, hr, hnotlt, hnotgt]

Note: This linter can be disabled with `set_option linter.unusedSimpArgs false`
FloatSpec/src/Core/Ulp.lean:4324:26: warning: This simp argument is unused:
  hnotlt

Hint: Omit it from the simp argument list.
  simp [FloatSpec.Core.Round_generic.round_N_to_format,
             ̵ ̵ ̵ ̵FloatSpec.Core.Round_generic.round_DN_to_format,
             ̵ ̵ ̵ ̵FloatSpec.Core.Round_generic.round_UP_to_format,
  ̵  ̵ ̵ ̵ ̵ ̵ ̵ ̵ ̵ ̵ ̵ ̵ ̵ ̵hd, hu, hr, hnotl̵t̵,̵ ̵h̵n̵o̵t̵gt]

Note: This linter can be disabled with `set_option linter.unusedSimpArgs false`
FloatSpec/src/Core/Ulp.lean:4324:34: warning: This simp argument is unused:
  hnotgt

Hint: Omit it from the simp argument list.
  simp [FloatSpec.Core.Round_generic.round_N_to_format,
             ̵ ̵ ̵ ̵FloatSpec.Core.Round_generic.round_DN_to_format,
             ̵ ̵ ̵ ̵FloatSpec.Core.Round_generic.round_UP_to_format,
  ̵  ̵ ̵ ̵ ̵ ̵ ̵ ̵ ̵ ̵ ̵ ̵ ̵ ̵hd, hu, hr, hnotlt,̵ ̵h̵n̵o̵t̵g̵t̵]

Note: This linter can be disabled with `set_option linter.unusedSimpArgs false`
FloatSpec/src/Core/Ulp.lean:4453:60: warning: Try `simp at hn1` instead of `simpa using hn1`

Note: This linter can be disabled with `set_option linter.unnecessarySimpa false`
FloatSpec/src/Core/Ulp.lean:4456:30: warning: Try `simp at hlt` instead of `simpa using hlt`

Note: This linter can be disabled with `set_option linter.unnecessarySimpa false`
FloatSpec/src/Core/Ulp.lean:4491:6: warning: try 'simp' instead of 'simpa'

Note: This linter can be disabled with `set_option linter.unnecessarySimpa false`
FloatSpec/src/Core/Ulp.lean:4504:4: warning: try 'simp' instead of 'simpa'

Note: This linter can be disabled with `set_option linter.unnecessarySimpa false`
FloatSpec/src/Core/Ulp.lean:4417:13: warning: unused variable `hx`

Note: This linter can be disabled with `set_option linter.unusedVariables false`
FloatSpec/src/Core/Ulp.lean:4418:5: warning: unused variable `Fx`

Note: This linter can be disabled with `set_option linter.unusedVariables false`
FloatSpec/src/Core/Ulp.lean:4511:16: warning: declaration uses 'sorry'
FloatSpec/src/Core/Ulp.lean:4613:10: warning: try 'simp' instead of 'simpa'

Note: This linter can be disabled with `set_option linter.unnecessarySimpa false`
FloatSpec/src/Core/Ulp.lean:4685:16: warning: declaration uses 'sorry'
FloatSpec/src/Core/Ulp.lean:4935:8: warning: try 'simp' instead of 'simpa'

Note: This linter can be disabled with `set_option linter.unnecessarySimpa false`
FloatSpec/src/Core/Ulp.lean:4939:8: warning: try 'simp' instead of 'simpa'

Note: This linter can be disabled with `set_option linter.unnecessarySimpa false`
FloatSpec/src/Core/Ulp.lean:4953:16: warning: declaration uses 'sorry'
FloatSpec/src/Core/Ulp.lean:5103:0: warning: automatically included section variable(s) unused in theorem `FloatSpec.Core.Ulp.not_FTZ_generic_format_ulp`:
  [Valid_exp beta fexp]
consider restructuring your `variable` declarations so that the variables are not in scope or explicitly omit them:
  omit [Valid_exp beta fexp] in theorem ...

Note: This linter can be disabled with `set_option linter.unusedSectionVars false`
FloatSpec/src/Core/Ulp.lean:5116:63: warning: This simp argument is unused:
  ulp

Hint: Omit it from the simp argument list.
  simp [wp, PostCond.noThrow, Id.run, bind, pure, u̵l̵p̵,̵ ̵hopt]

Note: This linter can be disabled with `set_option linter.unusedSimpArgs false`
FloatSpec/src/Core/Ulp.lean:5116:68: warning: This simp argument is unused:
  hopt

Hint: Omit it from the simp argument list.
  simp [wp, PostCond.noThrow, Id.run, bind, pure, ulp,̵ ̵h̵o̵p̵t̵]

Note: This linter can be disabled with `set_option linter.unusedSimpArgs false`
FloatSpec/src/Core/Ulp.lean:5119:63: warning: This simp argument is unused:
  ulp

Hint: Omit it from the simp argument list.
  simp [wp, PostCond.noThrow, Id.run, bind, pure, u̵l̵p̵,̵ ̵hopt]

Note: This linter can be disabled with `set_option linter.unusedSimpArgs false`
FloatSpec/src/Core/Ulp.lean:5119:68: warning: This simp argument is unused:
  hopt

Hint: Omit it from the simp argument list.
  simp [wp, PostCond.noThrow, Id.run, bind, pure, ulp,̵ ̵h̵o̵p̵t̵]

Note: This linter can be disabled with `set_option linter.unusedSimpArgs false`
FloatSpec/src/Core/Ulp.lean:5159:19: warning: This simp argument is unused:
  wp

Hint: Omit it from the simp argument list.
  simp [hx, ulp, w̵p̵,̵ ̵PostCond.noThrow, Id.run, bind, pure]

Note: This linter can be disabled with `set_option linter.unusedSimpArgs false`
FloatSpec/src/Core/Ulp.lean:5159:23: warning: This simp argument is unused:
  PostCond.noThrow

Hint: Omit it from the simp argument list.
  simp [hx, ulp, wp, P̵o̵s̵t̵C̵o̵n̵d̵.̵n̵o̵T̵h̵r̵o̵w̵,̵ ̵Id.run, bind, pure]

Note: This linter can be disabled with `set_option linter.unusedSimpArgs false`
FloatSpec/src/Core/Ulp.lean:5159:41: warning: This simp argument is unused:
  Id.run

Hint: Omit it from the simp argument list.
  simp [hx, ulp, wp, PostCond.noThrow, I̵d̵.̵r̵u̵n̵,̵ ̵bind, pure]

Note: This linter can be disabled with `set_option linter.unusedSimpArgs false`
FloatSpec/src/Core/Ulp.lean:5214:0: warning: automatically included section variable(s) unused in theorem `FloatSpec.Core.Ulp.not_FTZ_ulp_ge_ulp_0`:
  [Valid_exp beta fexp]
consider restructuring your `variable` declarations so that the variables are not in scope or explicitly omit them:
  omit [Valid_exp beta fexp] in theorem ...

Note: This linter can be disabled with `set_option linter.unusedSectionVars false`
FloatSpec/src/Core/Ulp.lean:5228:63: warning: This simp argument is unused:
  ulp

Hint: Omit it from the simp argument list.
  simp [wp, PostCond.noThrow, Id.run, bind, pure, u̵l̵p̵,̵ ̵hopt]

Note: This linter can be disabled with `set_option linter.unusedSimpArgs false`
FloatSpec/src/Core/Ulp.lean:5228:68: warning: This simp argument is unused:
  hopt

Hint: Omit it from the simp argument list.
  simp [wp, PostCond.noThrow, Id.run, bind, pure, ulp,̵ ̵h̵o̵p̵t̵]

Note: This linter can be disabled with `set_option linter.unusedSimpArgs false`
FloatSpec/src/Core/Ulp.lean:5231:63: warning: This simp argument is unused:
  ulp

Hint: Omit it from the simp argument list.
  simp [wp, PostCond.noThrow, Id.run, bind, pure, u̵l̵p̵,̵ ̵hopt]

Note: This linter can be disabled with `set_option linter.unusedSimpArgs false`
FloatSpec/src/Core/Ulp.lean:5231:68: warning: This simp argument is unused:
  hopt

Hint: Omit it from the simp argument list.
  simp [wp, PostCond.noThrow, Id.run, bind, pure, ulp,̵ ̵h̵o̵p̵t̵]

Note: This linter can be disabled with `set_option linter.unusedSimpArgs false`
FloatSpec/src/Core/Ulp.lean:5282:49: warning: This simp argument is unused:
  Id.run

Hint: Omit it from the simp argument list.
  simp [ulp, ne_of_gt hxpos, ne_of_gt hypos, I̵d̵.̵r̵u̵n̵,̵ ̵bind, pure]

Note: This linter can be disabled with `set_option linter.unusedSimpArgs false`
FloatSpec/src/Core/Ulp.lean:5339:58: warning: try 'simp' instead of 'simpa'

Note: This linter can be disabled with `set_option linter.unnecessarySimpa false`
FloatSpec/src/Core/Ulp.lean:5341:36: warning: try 'simp' instead of 'simpa'

Note: This linter can be disabled with `set_option linter.unnecessarySimpa false`
FloatSpec/src/Core/Ulp.lean:5376:6: warning: try 'simp' instead of 'simpa'

Note: This linter can be disabled with `set_option linter.unnecessarySimpa false`
FloatSpec/src/Core/Ulp.lean:5428:4: warning: try 'simp' instead of 'simpa'

Note: This linter can be disabled with `set_option linter.unnecessarySimpa false`
FloatSpec/src/Core/Ulp.lean:5486:46: warning: try 'simp' instead of 'simpa'

Note: This linter can be disabled with `set_option linter.unnecessarySimpa false`
FloatSpec/src/Core/Ulp.lean:5497:8: warning: try 'simp' instead of 'simpa'

Note: This linter can be disabled with `set_option linter.unnecessarySimpa false`
FloatSpec/src/Core/Ulp.lean:5506:40: warning: try 'simp' instead of 'simpa'

Note: This linter can be disabled with `set_option linter.unnecessarySimpa false`
FloatSpec/src/Core/Ulp.lean:5447:38: warning: This simp argument is unused:
  bind

Hint: Omit it from the simp argument list.
  simp [wp, PostCond.noThrow, Id.run, b̵i̵n̵d̵,̵ ̵pure]

Note: This linter can be disabled with `set_option linter.unusedSimpArgs false`
FloatSpec/src/Core/Ulp.lean:5447:44: warning: This simp argument is unused:
  pure

Hint: Omit it from the simp argument list.
  simp [wp, PostCond.noThrow, Id.run, bind,̵ ̵p̵u̵r̵e̵]

Note: This linter can be disabled with `set_option linter.unusedSimpArgs false`
FloatSpec/src/Core/Ulp.lean:5574:2: warning: try 'simp' instead of 'simpa'

Note: This linter can be disabled with `set_option linter.unnecessarySimpa false`
FloatSpec/src/Core/Ulp.lean:5604:4: warning: try 'simp' instead of 'simpa'

Note: This linter can be disabled with `set_option linter.unnecessarySimpa false`
FloatSpec/src/Core/Ulp.lean:5660:16: warning: try 'simp' instead of 'simpa'

Note: This linter can be disabled with `set_option linter.unnecessarySimpa false`
FloatSpec/src/Core/Ulp.lean:5682:4: warning: try 'simp' instead of 'simpa'

Note: This linter can be disabled with `set_option linter.unnecessarySimpa false`
FloatSpec/src/Core/Ulp.lean:5656:48: warning: This simp argument is unused:
  add_left_comm

Hint: Omit it from the simp argument list.
  simp [sub_eq_add_neg, add_comm, a̵d̵d̵_̵l̵e̵f̵t̵_̵c̵o̵m̵m̵,̵ ̵add_assoc]

Note: This linter can be disabled with `set_option linter.unusedSimpArgs false`
FloatSpec/src/Core/Ulp.lean:5656:63: warning: This simp argument is unused:
  add_assoc

Hint: Omit it from the simp argument list.
  simp [sub_eq_add_neg, add_comm, add_left_comm,̵ ̵a̵d̵d̵_̵a̵s̵s̵o̵c̵]

Note: This linter can be disabled with `set_option linter.unusedSimpArgs false`
FloatSpec/src/Core/Ulp.lean:5783:31: warning: try 'simp' instead of 'simpa'

Note: This linter can be disabled with `set_option linter.unnecessarySimpa false`
FloatSpec/src/Core/Ulp.lean:5806:69: warning: try 'simp' instead of 'simpa'

Note: This linter can be disabled with `set_option linter.unnecessarySimpa false`
FloatSpec/src/Core/Ulp.lean:5830:10: warning: try 'simp' instead of 'simpa'

Note: This linter can be disabled with `set_option linter.unnecessarySimpa false`
FloatSpec/src/Core/Ulp.lean:5849:8: warning: try 'simp' instead of 'simpa'

Note: This linter can be disabled with `set_option linter.unnecessarySimpa false`
FloatSpec/src/Core/Ulp.lean:5758:50: warning: This simp argument is unused:
  hulprun'

Hint: Omit it from the simp argument list.
  simp [wp, PostCond.noThrow, Id.run, bind, pure, hu̵l̵p̵r̵u̵n̵'̵,̵ ̵h̵x_eq]

Note: This linter can be disabled with `set_option linter.unusedSimpArgs false`
FloatSpec/src/Core/Ulp.lean:5917:6: warning: try 'simp' instead of 'simpa'

Note: This linter can be disabled with `set_option linter.unnecessarySimpa false`
FloatSpec/src/Core/Ulp.lean:5918:4: warning: try 'simp' instead of 'simpa'

Note: This linter can be disabled with `set_option linter.unnecessarySimpa false`
FloatSpec/src/Core/Ulp.lean:5907:5: warning: unused variable `hbpos`

Note: This linter can be disabled with `set_option linter.unusedVariables false`
FloatSpec/src/Core/Ulp.lean:6068:8: warning: try 'simp' instead of 'simpa'

Note: This linter can be disabled with `set_option linter.unnecessarySimpa false`
FloatSpec/src/Core/Ulp.lean:6166:73: warning: try 'simp' instead of 'simpa'

Note: This linter can be disabled with `set_option linter.unnecessarySimpa false`
FloatSpec/src/Core/Ulp.lean:6168:14: warning: try 'simp' instead of 'simpa'

Note: This linter can be disabled with `set_option linter.unnecessarySimpa false`
FloatSpec/src/Core/Ulp.lean:6170:64: warning: try 'simp' instead of 'simpa'

Note: This linter can be disabled with `set_option linter.unnecessarySimpa false`
FloatSpec/src/Core/Ulp.lean:6239:77: warning: try 'simp' instead of 'simpa'

Note: This linter can be disabled with `set_option linter.unnecessarySimpa false`
FloatSpec/src/Core/Ulp.lean:6240:61: warning: try 'simp' instead of 'simpa'

Note: This linter can be disabled with `set_option linter.unnecessarySimpa false`
FloatSpec/src/Core/Ulp.lean:6242:18: warning: try 'simp' instead of 'simpa'

Note: This linter can be disabled with `set_option linter.unnecessarySimpa false`
FloatSpec/src/Core/Ulp.lean:6244:73: warning: try 'simp' instead of 'simpa'

Note: This linter can be disabled with `set_option linter.unnecessarySimpa false`
FloatSpec/src/Core/Ulp.lean:6245:70: warning: try 'simp' instead of 'simpa'

Note: This linter can be disabled with `set_option linter.unnecessarySimpa false`
FloatSpec/src/Core/Ulp.lean:6255:77: warning: try 'simp' instead of 'simpa'

Note: This linter can be disabled with `set_option linter.unnecessarySimpa false`
FloatSpec/src/Core/Ulp.lean:6256:79: warning: try 'simp' instead of 'simpa'

Note: This linter can be disabled with `set_option linter.unnecessarySimpa false`
FloatSpec/src/Core/Ulp.lean:6258:18: warning: try 'simp' instead of 'simpa'

Note: This linter can be disabled with `set_option linter.unnecessarySimpa false`
FloatSpec/src/Core/Ulp.lean:6260:70: warning: try 'simp' instead of 'simpa'

Note: This linter can be disabled with `set_option linter.unnecessarySimpa false`
FloatSpec/src/Core/Ulp.lean:6270:63: warning: try 'simp' instead of 'simpa'

Note: This linter can be disabled with `set_option linter.unnecessarySimpa false`
FloatSpec/src/Core/Ulp.lean:6271:66: warning: try 'simp' instead of 'simpa'

Note: This linter can be disabled with `set_option linter.unnecessarySimpa false`
FloatSpec/src/Core/Ulp.lean:6272:68: warning: try 'simp' instead of 'simpa'

Note: This linter can be disabled with `set_option linter.unnecessarySimpa false`
FloatSpec/src/Core/Ulp.lean:6356:6: warning: try 'simp' instead of 'simpa'

Note: This linter can be disabled with `set_option linter.unnecessarySimpa false`
FloatSpec/src/Core/Ulp.lean:6218:28: warning: This simp argument is unused:
  bind

Hint: Omit it from the simp argument list.
  simp [Id.run, b̵i̵n̵d̵,̵ ̵pure]

Note: This linter can be disabled with `set_option linter.unusedSimpArgs false`
FloatSpec/src/Core/Ulp.lean:6581:56: warning: try 'simp' instead of 'simpa'

Note: This linter can be disabled with `set_option linter.unnecessarySimpa false`
FloatSpec/src/Core/Ulp.lean:6597:54: warning: try 'simp' instead of 'simpa'

Note: This linter can be disabled with `set_option linter.unnecessarySimpa false`
FloatSpec/src/Core/Ulp.lean:6598:58: warning: try 'simp' instead of 'simpa'

Note: This linter can be disabled with `set_option linter.unnecessarySimpa false`
FloatSpec/src/Core/Ulp.lean:6600:16: warning: try 'simp' instead of 'simpa'

Note: This linter can be disabled with `set_option linter.unnecessarySimpa false`
FloatSpec/src/Core/Ulp.lean:6602:49: warning: try 'simp' instead of 'simpa'

Note: This linter can be disabled with `set_option linter.unnecessarySimpa false`
FloatSpec/src/Core/Ulp.lean:6603:46: warning: try 'simp' instead of 'simpa'

Note: This linter can be disabled with `set_option linter.unnecessarySimpa false`
FloatSpec/src/Core/Ulp.lean:6617:54: warning: try 'simp' instead of 'simpa'

Note: This linter can be disabled with `set_option linter.unnecessarySimpa false`
FloatSpec/src/Core/Ulp.lean:6618:55: warning: try 'simp' instead of 'simpa'

Note: This linter can be disabled with `set_option linter.unnecessarySimpa false`
FloatSpec/src/Core/Ulp.lean:6620:16: warning: try 'simp' instead of 'simpa'

Note: This linter can be disabled with `set_option linter.unnecessarySimpa false`
FloatSpec/src/Core/Ulp.lean:6622:46: warning: try 'simp' instead of 'simpa'

Note: This linter can be disabled with `set_option linter.unnecessarySimpa false`
FloatSpec/src/Core/Ulp.lean:6574:40: warning: This simp argument is unused:
  bind

Hint: Omit it from the simp argument list.
  simp [Id.run, b̵i̵n̵d̵,̵ ̵pure]

Note: This linter can be disabled with `set_option linter.unusedSimpArgs false`
FloatSpec/src/Core/Ulp.lean:6645:44: warning: This simp argument is unused:
  pure

Hint: Omit it from the simp argument list.
  simp [wp, PostCond.noThrow, Id.run, bind,̵ ̵p̵u̵r̵e̵]

Note: This linter can be disabled with `set_option linter.unusedSimpArgs false`
