✔ [694/3105] Built Mathlib.Order.BoundedOrder.Monotone (2.5s)
✔ [695/3105] Built Mathlib.Data.List.Perm.Subperm (2.9s)
✔ [696/3105] Built Mathlib.Data.List.InsertIdx (3.1s)
✔ [697/3105] Built Mathlib.Data.List.Lattice (3.1s)
✔ [698/3105] Built Mathlib.Data.List.ProdSigma (2.9s)
✔ [699/3105] Built Mathlib.Order.Iterate (2.9s)
✔ [700/3105] Built Mathlib.Algebra.Group.Embedding (2.7s)
✔ [701/3105] Built Mathlib.Data.List.Induction (3.1s)
✔ [702/3105] Built Mathlib.Order.GaloisConnection.Defs (3.4s)
✔ [703/3105] Built Mathlib.Data.List.Lex (3.4s)
✔ [704/3105] Built Mathlib.Tactic.CC (3.2s)
✔ [705/3105] Built Mathlib.Tactic.CategoryTheory.Slice (3.1s)
✔ [706/3105] Built Mathlib.Tactic.CategoryTheory.CheckCompositions (3.3s)
✔ [707/3105] Built Mathlib.Data.List.Forall2 (3.8s)
✔ [708/3105] Built Mathlib.Tactic.CategoryTheory.Coherence.Basic (3.3s)
✔ [709/3105] Built Mathlib.Data.Nat.Choose.Basic (3.6s)
✔ [710/3105] Built Mathlib.SetTheory.Cardinal.Defs (3.4s)
✔ [711/3105] Built Mathlib.Data.Nat.Log (3.6s)
✔ [712/3105] Built Mathlib.Order.Lattice (4.9s)
✔ [713/3105] Built Mathlib.Algebra.Group.Equiv.Defs (5.3s)
✔ [714/3105] Built Mathlib.Order.RelIso.Basic (5.1s)
✔ [717/3105] Built Mathlib.Data.Multiset.Defs (2.9s)
✔ [718/3105] Built Mathlib.Data.List.Infix (2.8s)
✔ [719/3105] Built Mathlib.Data.List.Zip (2.3s)
✔ [720/3105] Built Mathlib.CategoryTheory.Functor.Basic (2.7s)
✔ [721/3105] Built Mathlib.Data.List.Nodup (3.1s)
✔ [724/3105] Built Mathlib.Order.BoundedOrder.Lattice (2.4s)
✔ [725/3105] Built Mathlib.Data.List.Perm.Basic (3.4s)
✔ [726/3105] Built Mathlib.Algebra.GroupWithZero.ULift (2.1s)
✔ [727/3105] Built Mathlib.Order.MinMax (2.4s)
✔ [728/3105] Built Mathlib.Data.List.Chain (3.7s)
✔ [730/3105] Built Mathlib.Order.Monotone.Monovary (2.9s)
✔ [731/3105] Built Mathlib.Tactic.CategoryTheory.Reassoc (2.3s)
✔ [732/3105] Built Mathlib.Data.Prod.Lex (3.0s)
✔ [733/3105] Built Mathlib.Data.Multiset.ZeroCons (3.1s)
✔ [734/3105] Built Mathlib.Data.Fin.Basic (4.0s)
✔ [735/3105] Built Mathlib.Data.List.Duplicate (2.2s)
✔ [736/3105] Built Mathlib.Data.List.NatAntidiagonal (2.2s)
✔ [737/3105] Built Mathlib.Tactic.Order.CollectFacts (4.2s)
✔ [739/3105] Built Mathlib.Data.List.Rotate (3.4s)
✔ [740/3105] Built Mathlib.CategoryTheory.NatTrans (2.4s)
✔ [741/3105] Built Mathlib.Order.Disjoint (4.0s)
✔ [743/3105] Built Mathlib.Tactic.Order.Graph.Tarjan (2.1s)
✔ [744/3105] Built Mathlib.Data.Multiset.Basic (2.4s)
✔ [745/3105] Built Mathlib.Data.Multiset.Count (2.4s)
✔ [746/3105] Built Mathlib.Tactic.Order.Preprocessing (2.2s)
✔ [747/3105] Built Mathlib.Algebra.Group.Basic (12s)
✔ [796/3105] Built Mathlib.CategoryTheory.Iso (4.0s)
✔ [797/3105] Built Mathlib.Algebra.GroupWithZero.Commute (3.0s)
✔ [798/3105] Built Mathlib.Data.Multiset.AddSub (3.7s)
✔ [799/3105] Built Mathlib.Algebra.GroupWithZero.Action.Hom (3.4s)
✔ [800/3105] Built Mathlib.Algebra.NoZeroSMulDivisors.Defs (3.4s)
✔ [801/3105] Built Mathlib.Algebra.GroupWithZero.Action.Opposite (3.4s)
✔ [802/3105] Built Mathlib.Algebra.Ring.Action.Rat (3.3s)
✔ [803/3105] Built Mathlib.GroupTheory.GroupAction.Ring (3.4s)
✔ [804/3105] Built Mathlib.Tactic.Order (4.0s)
✔ [805/3105] Built Mathlib.Algebra.Group.Invertible.Basic (3.4s)
✔ [806/3105] Built Mathlib.Algebra.Group.Action.Hom (3.5s)
✔ [807/3105] Built Mathlib.Tactic.CategoryTheory.IsoReassoc (2.8s)
✔ [808/3105] Built Mathlib.Algebra.Order.GroupWithZero.Action.Synonym (3.6s)
✔ [809/3105] Built Mathlib.CategoryTheory.ObjectProperty.Basic (2.9s)
✔ [810/3105] Built Mathlib.Algebra.Ring.Rat (3.7s)
✔ [811/3105] Built Mathlib.Algebra.Regular.SMul (3.9s)
✔ [812/3105] Built Mathlib.Algebra.GroupWithZero.Divisibility (3.8s)
✔ [814/3105] Built Mathlib.CategoryTheory.HomCongr (3.2s)
✔ [815/3105] Built Mathlib.Algebra.GroupWithZero.Action.Units (3.0s)
✔ [816/3105] Built Mathlib.Algebra.Group.Units.Equiv (4.2s)
✔ [819/3105] Built Mathlib.Algebra.Module.Defs (4.4s)
✔ [820/3105] Built Mathlib.Data.Set.Basic (5.2s)
✔ [821/3105] Built Mathlib.Algebra.BigOperators.Group.List.Lemmas (4.5s)
✔ [822/3105] Built Mathlib.Algebra.EuclideanDomain.Field (4.6s)
✔ [823/3105] Built Mathlib.Order.WithBot (11s)
✔ [824/3105] Built Mathlib.Data.Int.GCD (4.7s)
✔ [825/3105] Built Mathlib.Algebra.Group.Even (5.1s)
✔ [826/3105] Built Mathlib.Algebra.GroupWithZero.Units.Lemmas (2.5s)
✔ [827/3105] Built Mathlib.Data.Multiset.Replicate (2.7s)
✔ [828/3105] Built Mathlib.CategoryTheory.ObjectProperty.ClosedUnderIsomorphisms (2.2s)
✔ [829/3105] Built Mathlib.Algebra.GroupWithZero.Invertible (2.5s)
✔ [830/3105] Built Mathlib.Algebra.Ring.Hom.Defs (5.0s)
✔ [831/3105] Built Mathlib.Algebra.GroupWithZero.Action.End (2.2s)
✔ [832/3105] Built Mathlib.Order.Circular (2.0s)
✔ [833/3105] Built Mathlib.Algebra.Group.Action.Basic (3.1s)
✔ [834/3105] Built Mathlib.CategoryTheory.Functor.Category (5.9s)
✔ [835/3105] Built Mathlib.Order.Heyting.Basic (7.4s)
✔ [836/3105] Built Mathlib.Algebra.GroupWithZero.WithZero (6.8s)
✔ [837/3105] Built Mathlib.Algebra.FreeMonoid.Basic (6.9s)
✔ [838/3105] Built Mathlib.Data.Nat.Prime.Defs (3.1s)
✔ [839/3105] Built Mathlib.Algebra.Module.MinimalAxioms (2.6s)
✔ [840/3105] Built Mathlib.Data.Nat.GCD.Basic (3.3s)
✔ [841/3105] Built Mathlib.Algebra.Order.Module.Synonym (2.8s)
✔ [842/3105] Built Mathlib.Order.Hom.Basic (8.0s)
✔ [843/3105] Built Mathlib.Data.Nat.Order.Lemmas (2.9s)
✔ [844/3105] Built Mathlib.Data.Set.Inclusion (2.9s)
✔ [845/3105] Built Mathlib.Data.Set.Disjoint (3.2s)
✔ [846/3105] Built Mathlib.Algebra.EuclideanDomain.Basic (3.9s)
✔ [847/3105] Built Mathlib.Algebra.Group.Prod (7.9s)
✔ [848/3105] Built Mathlib.Data.SetLike.Basic (3.4s)
✔ [849/3105] Built Mathlib.Data.Set.Order (3.6s)
✔ [850/3105] Built Mathlib.Algebra.Group.Irreducible.Lemmas (3.6s)
✔ [851/3105] Built Mathlib.Algebra.Group.Nat.Even (3.8s)
✔ [852/3105] Built Mathlib.Algebra.Ring.Invertible (3.3s)
✔ [853/3105] Built Mathlib.Data.List.MinMax (4.6s)
✔ [854/3105] Built Mathlib.Data.Nat.Cast.Basic (3.4s)
✔ [855/3105] Built Mathlib.Algebra.Ring.Action.Basic (2.9s)
✔ [856/3105] Built Mathlib.Algebra.Ring.Units (3.5s)
✔ [857/3105] Built Mathlib.Algebra.Order.Monoid.Unbundled.Basic (9.5s)
✔ [870/3105] Built Mathlib.CategoryTheory.Thin (2.9s)
✔ [871/3105] Built Mathlib.Algebra.Module.RingHom (3.4s)
✔ [872/3105] Built Mathlib.Algebra.Order.GroupWithZero.Unbundled.Basic (9.8s)
✔ [873/3105] Built Mathlib.Algebra.Order.Monoid.Units (2.5s)
✔ [875/3105] Built Mathlib.Order.BooleanAlgebra.Defs (3.2s)
✔ [876/3105] Built Mathlib.Data.Nat.Cast.Prod (2.2s)
✔ [877/3105] Built Mathlib.Algebra.Group.Center (5.6s)
✔ [878/3105] Built Mathlib.Algebra.GroupWithZero.Prod (2.6s)
✔ [879/3105] Built Mathlib.Tactic.ApplyFun (3.5s)
✔ [880/3105] Built Mathlib.Order.Antisymmetrization (3.5s)
✔ [881/3105] Built Mathlib.Tactic.NormNum.Result (5.1s)
✔ [882/3105] Built Mathlib.Algebra.Group.Action.Prod (3.6s)
✔ [883/3105] Built Mathlib.Algebra.Group.Subsemigroup.Defs (3.5s)
✔ [884/3105] Built Mathlib.Algebra.Prime.Lemmas (2.8s)
✔ [885/3105] Built Mathlib.Algebra.Ring.Opposite (5.7s)
✔ [886/3105] Built Mathlib.Algebra.Ring.Action.Field (2.4s)
✔ [887/3105] Built Mathlib.Data.Set.Insert (4.2s)
✔ [888/3105] Built Mathlib.Algebra.Group.Int.Even (2.9s)
✔ [889/3105] Built Mathlib.Algebra.CharZero.AddMonoidHom (2.5s)
✔ [890/3105] Built Mathlib.Algebra.Ring.Int.Units (2.5s)
✔ [891/3105] Built Mathlib.Algebra.Module.PUnit (2.8s)
✔ [892/3105] Built Mathlib.Algebra.Order.Group.Units (2.5s)
✔ [893/3105] Built Mathlib.Data.Nat.Cast.Field (2.9s)
✔ [894/3105] Built Mathlib.Order.Hom.Lattice (5.1s)
✔ [895/3105] Built Mathlib.CategoryTheory.NatIso (5.8s)
✔ [896/3105] Built Mathlib.Order.Hom.Bounded (5.2s)
✔ [897/3105] Built Mathlib.Data.Int.Cast.Prod (2.4s)
✔ [898/3105] Built Mathlib.Algebra.GroupWithZero.Center (2.5s)
✔ [899/3105] Built Mathlib.Algebra.Ring.Centralizer (2.5s)
✔ [900/3105] Built Mathlib.Algebra.CharP.Defs (3.4s)
✔ [901/3105] Built Mathlib.Data.Nat.Cast.Order.Basic (3.7s)
✔ [902/3105] Built Mathlib.Algebra.Ring.Commute (3.7s)
✔ [903/3105] Built Mathlib.Algebra.Group.End (5.6s)
✔ [904/3105] Built Mathlib.GroupTheory.Subsemigroup.Center (2.1s)
✔ [905/3105] Built Mathlib.Algebra.Module.Opposite (2.1s)
✔ [906/3105] Built Mathlib.Algebra.Order.Monoid.Canonical.Defs (4.6s)
✔ [910/3105] Built Mathlib.Algebra.GroupWithZero.Action.Prod (2.7s)
✔ [911/3105] Built Mathlib.Data.Set.Subsingleton (2.8s)
✔ [912/3105] Built Mathlib.Tactic.NormNum.Core (3.8s)
✔ [913/3105] Built Mathlib.Data.Sum.Order (7.5s)
✔ [914/3105] Built Mathlib.Data.Nat.Cast.Commute (2.1s)
✔ [915/3105] Built Mathlib.Algebra.BigOperators.Ring.List (2.2s)
✔ [916/3105] Built Mathlib.Order.BooleanAlgebra.Basic (5.6s)
✔ [917/3105] Built Mathlib.Algebra.Group.Conj (2.2s)
✔ [918/3105] Built Mathlib.Algebra.GroupWithZero.Associated (4.4s)
✔ [919/3105] Built Mathlib.Algebra.Group.Action.End (2.5s)
✔ [921/3105] Built Mathlib.CategoryTheory.Functor.FullyFaithful (3.7s)
✔ [922/3105] Built Mathlib.Algebra.Module.Prod (2.0s)
✔ [923/3105] Built Mathlib.Algebra.Group.Submonoid.Defs (4.4s)
✔ [924/3105] Built Mathlib.Algebra.Order.Monoid.Unbundled.WithTop (7.2s)
✔ [928/3105] Built Mathlib.Algebra.Order.Nonneg.Basic (3.9s)
✔ [929/3105] Built Mathlib.Algebra.Order.BigOperators.Group.List (3.3s)
✔ [930/3105] Built Mathlib.Algebra.Field.Basic (4.8s)
✔ [931/3105] Built Mathlib.Algebra.Ring.AddAut (2.2s)
✔ [932/3105] Built Mathlib.Algebra.Ring.Associated (2.3s)
✔ [933/3105] Built Mathlib.CategoryTheory.InducedCategory (2.4s)
✔ [934/3105] Built Mathlib.Algebra.Order.GroupWithZero.Submonoid (2.1s)
✔ [935/3105] Built Mathlib.Data.List.Prime (2.6s)
✔ [936/3105] Built Mathlib.Algebra.Order.Group.Unbundled.Basic (9.0s)
✔ [941/3105] Built Mathlib.Algebra.GroupWithZero.Submonoid.Primal (2.4s)
✔ [942/3105] Built Mathlib.Algebra.Group.Submonoid.MulAction (2.5s)
✔ [943/3105] Built Mathlib.GroupTheory.OreLocalization.OreSet (2.6s)
✔ [944/3105] Built Mathlib.Order.SymmDiff (4.2s)
✔ [945/3105] Built Mathlib.Algebra.Order.AddGroupWithTop (3.0s)
✔ [946/3105] Built Mathlib.Order.BooleanAlgebra.Set (4.2s)
✔ [947/3105] Built Mathlib.CategoryTheory.Functor.Trifunctor (13s)
✔ [948/3105] Built Mathlib.Data.Part (5.2s)
✔ [949/3105] Built Mathlib.Algebra.Ring.Parity (4.7s)
✔ [950/3105] Built Mathlib.RingTheory.NonUnitalSubsemiring.Defs (3.8s)
✔ [951/3105] Built Mathlib.Data.Int.LeastGreatest (2.2s)
✔ [952/3105] Built Mathlib.CategoryTheory.Bicategory.Basic (8.4s)
✔ [953/3105] Built Mathlib.Algebra.Group.Submonoid.DistribMulAction (2.0s)
✔ [954/3105] Built Mathlib.CategoryTheory.ObjectProperty.FullSubcategory (2.6s)
✔ [955/3105] Built Mathlib.RingTheory.OreLocalization.OreSet (2.2s)
✔ [956/3105] Built Mathlib.Algebra.Order.Group.Lattice (2.8s)
✔ [957/3105] Built Mathlib.Data.Set.SymmDiff (2.2s)
✔ [958/3105] Built Mathlib.Data.Set.BoolIndicator (2.4s)
✔ [959/3105] Built Mathlib.Order.Part (2.3s)
✔ [960/3105] Built Mathlib.Algebra.CharP.Invertible (2.7s)
✔ [961/3105] Built Mathlib.Algebra.Group.Subgroup.Defs (6.9s)
✔ [962/3105] Built Mathlib.GroupTheory.GroupAction.Hom (14s)
✔ [963/3105] Built Mathlib.Tactic.CategoryTheory.BicategoricalComp (2.7s)
✔ [964/3105] Built Mathlib.Data.Nat.Prime.Basic (3.4s)
✔ [965/3105] Built Mathlib.Tactic.NormNum.Basic (8.2s)
✔ [966/3105] Built Mathlib.Algebra.Ring.Int.Parity (3.6s)
✔ [967/3105] Built Mathlib.Data.Int.Cast.Lemmas (3.7s)
✔ [968/3105] Built Mathlib.Order.Filter.Defs (4.3s)
✔ [969/3105] Built Mathlib.Tactic.TautoSet (2.3s)
✔ [970/3105] Built Mathlib.Order.Interval.Set.Basic (4.6s)
✔ [971/3105] Built Mathlib.CategoryTheory.EssentialImage (3.3s)
✔ [972/3105] Built Mathlib.Algebra.Ring.Subsemiring.Defs (4.4s)
✔ [973/3105] Built Mathlib.Algebra.Ring.Action.Subobjects (2.2s)
✔ [974/3105] Built Mathlib.Data.Nat.Prime.Int (1.0s)
✔ [975/3105] Built Mathlib.Data.Nat.Prime.Pow (2.2s)
✔ [976/3105] Built Mathlib.Algebra.Field.Power (2.1s)
✔ [977/3105] Built Mathlib.Order.Hom.BoundedLattice (6.1s)
✔ [978/3105] Built Mathlib.Algebra.Order.Ring.Unbundled.Basic (7.3s)
✔ [979/3105] Built Mathlib.Algebra.Order.Hom.Monoid (7.4s)
✔ [980/3105] Built Mathlib.Algebra.Ring.Center (2.4s)
✔ [981/3105] Built Mathlib.Algebra.Order.Group.Unbundled.Abs (5.2s)
✔ [982/3105] Built Mathlib.Tactic.NormNum.Prime (3.0s)
✔ [983/3105] Built Mathlib.Data.Rat.Lemmas (3.1s)
✔ [984/3105] Built Mathlib.Algebra.Field.Opposite (2.9s)
✔ [985/3105] Built Mathlib.Algebra.Module.NatInt (3.2s)
✔ [986/3105] Built Mathlib.RingTheory.NonUnitalSubring.Defs (3.9s)
✔ [987/3105] Built Mathlib.Algebra.Order.GroupWithZero.Canonical (7.7s)
✔ [988/3105] Built Mathlib.Data.Set.Image (5.0s)
✖ [989/3105] Building Mathlib.Data.Nat.Set (175ms)
trace: .> LEAN_PATH=/home/hantao/code/FloatSpec/.lake/packages/Cli/.lake/build/lib/lean:/home/hantao/code/FloatSpec/.lake/packages/batteries/.lake/build/lib/lean:/home/hantao/code/FloatSpec/.lake/packages/Qq/.lake/build/lib/lean:/home/hantao/code/FloatSpec/.lake/packages/aesop/.lake/build/lib/lean:/home/hantao/code/FloatSpec/.lake/packages/proofwidgets/.lake/build/lib/lean:/home/hantao/code/FloatSpec/.lake/packages/importGraph/.lake/build/lib/lean:/home/hantao/code/FloatSpec/.lake/packages/LeanSearchClient/.lake/build/lib/lean:/home/hantao/code/FloatSpec/.lake/packages/plausible/.lake/build/lib/lean:/home/hantao/code/FloatSpec/.lake/packages/mathlib/.lake/build/lib/lean:/home/hantao/code/FloatSpec/.lake/build/lib/lean /home/hantao/.elan/toolchains/leanprover--lean4---v4.23.0-rc2/bin/lean /home/hantao/code/FloatSpec/.lake/packages/mathlib/Mathlib/Data/Nat/Set.lean -o /home/hantao/code/FloatSpec/.lake/packages/mathlib/.lake/build/lib/lean/Mathlib/Data/Nat/Set.olean -i /home/hantao/code/FloatSpec/.lake/packages/mathlib/.lake/build/lib/lean/Mathlib/Data/Nat/Set.ilean -c /home/hantao/code/FloatSpec/.lake/packages/mathlib/.lake/build/ir/Mathlib/Data/Nat/Set.c --setup /home/hantao/code/FloatSpec/.lake/packages/mathlib/.lake/build/ir/Mathlib/Data/Nat/Set.setup.json --json
info: stderr:
failed to load header from /home/hantao/code/FloatSpec/.lake/packages/mathlib/.lake/build/ir/Mathlib/Data/Nat/Set.setup.json: offset 0: unexpected end of input
error: Lean exited with code 1
✔ [990/3105] Built Mathlib.Tactic.NormNum.Pow (4.6s)
✔ [991/3105] Built Mathlib.Algebra.Order.Group.Unbundled.Int (2.3s)
✔ [992/3105] Built Mathlib.Algebra.Module.End (2.3s)
✔ [993/3105] Built Mathlib.Algebra.GCDMonoid.Basic (11s)
✔ [994/3105] Built Mathlib.Order.Hom.WithTopBot (3.9s)
✔ [995/3105] Built Mathlib.Data.Nat.WithBot (2.4s)
✔ [996/3105] Built Mathlib.Tactic.FieldSimp.Lemmas (4.1s)
✔ [997/3105] Built Mathlib.Algebra.Order.Ring.Defs (4.3s)
✔ [1005/3105] Built Mathlib.Tactic.Abel (6.8s)
✔ [1006/3105] Built Mathlib.Data.Bool.Set (2.5s)
✔ [1007/3105] Built Mathlib.Data.Set.List (2.5s)
✔ [1008/3105] Built Mathlib.GroupTheory.OreLocalization.Basic (11s)
✔ [1009/3105] Built Mathlib.Order.Interval.Set.WithBotTop (2.0s)
✔ [1010/3105] Built Mathlib.Data.List.Lemmas (3.0s)
✔ [1011/3105] Built Mathlib.Order.Interval.Set.LinearOrder (6.7s)
✔ [1012/3105] Built Mathlib.Algebra.EuclideanDomain.Int (2.3s)
✔ [1013/3105] Built Mathlib.Data.Set.Restrict (3.3s)
✔ [1014/3105] Built Mathlib.Order.Directed (3.3s)
✔ [1015/3105] Built Mathlib.Logic.Embedding.Set (3.3s)
✔ [1016/3105] Built Mathlib.Tactic.CategoryTheory.Bicategory.Datatypes (7.7s)
✔ [1017/3105] Built Mathlib.Algebra.Ring.Subring.Defs (4.2s)
✔ [1018/3105] Built Mathlib.Algebra.Order.Ring.Unbundled.Rat (4.9s)
✔ [1019/3105] Built Mathlib.Algebra.Order.Group.PosPart (4.8s)
✔ [1020/3105] Built Mathlib.Tactic.NormNum.PowMod (3.1s)
✔ [1021/3105] Built Mathlib.Algebra.Order.Hom.MonoidWithZero (4.2s)
✔ [1022/3105] Built Mathlib.Algebra.GCDMonoid.Nat (2.6s)
✔ [1023/3105] Built Mathlib.Algebra.NoZeroSMulDivisors.Basic (3.1s)
✔ [1024/3105] Built Mathlib.Algebra.Order.Group.Abs (5.8s)
✔ [1025/3105] Built Mathlib.Data.Nat.ModEq (3.6s)
✔ [1026/3105] Built Mathlib.Algebra.Notation.Support (4.5s)
✔ [1027/3105] Built Mathlib.Algebra.Order.BigOperators.Ring.List (2.5s)
✔ [1028/3105] Built Mathlib.Algebra.IsPrimePow (2.7s)
✔ [1029/3105] Built Mathlib.Tactic.NoncommRing (2.7s)
✔ [1030/3105] Built Mathlib.Algebra.Order.Field.Canonical (3.0s)
✔ [1031/3105] Built Mathlib.Algebra.Order.Ring.Int (3.2s)
✔ [1032/3105] Built Mathlib.Data.Nat.MaxPowDiv (3.1s)
✔ [1033/3105] Built Mathlib.Data.Nat.Cast.Order.Ring (3.3s)
✔ [1034/3105] Built Mathlib.Logic.Equiv.Embedding (2.4s)
✔ [1035/3105] Built Mathlib.Logic.Function.DependsOn (2.4s)
✔ [1036/3105] Built Mathlib.Data.PNat.Basic (3.5s)
✔ [1037/3105] Built Mathlib.Algebra.Order.Ring.Rat (2.4s)
✔ [1038/3105] Built Mathlib.Data.List.Permutation (2.9s)
✔ [1039/3105] Built Mathlib.Algebra.Ring.Action.Invariant (2.6s)
✔ [1040/3105] Built Mathlib.Data.Multiset.MapFold (4.2s)
✔ [1041/3105] Built Mathlib.Algebra.Order.Interval.Set.Instances (4.4s)
✔ [1042/3105] Built Mathlib.Data.Int.CharZero (2.3s)
✔ [1043/3105] Built Mathlib.Data.Set.Prod (6.9s)
✔ [1044/3105] Built Mathlib.Algebra.Group.Support (2.4s)
✔ [1045/3105] Built Mathlib.Algebra.Ring.CharZero (2.4s)
✔ [1046/3105] Built Mathlib.RingTheory.OreLocalization.Basic (4.2s)
✔ [1047/3105] Built Mathlib.CategoryTheory.Whiskering (18s)
✔ [1049/3105] Built Mathlib.Tactic.CancelDenoms.Core (4.9s)
✔ [1050/3105] Built Mathlib.Algebra.Order.Group.MinMax (2.8s)
✔ [1051/3105] Built Mathlib.Data.NNRat.Defs (3.8s)
✔ [1052/3105] Built Mathlib.Data.Int.ModEq (2.9s)
✔ [1053/3105] Built Mathlib.Order.Bounds.Basic (4.4s)
✔ [1054/3105] Built Mathlib.Algebra.Order.Invertible (2.2s)
✔ [1055/3105] Built Mathlib.Algebra.Order.Hom.Basic (3.6s)
✔ [1056/3105] Built Mathlib.Tactic.Linarith.Lemmas (2.6s)
✔ [1057/3105] Built Mathlib.Data.PNat.Prime (2.4s)
✔ [1058/3105] Built Mathlib.Tactic.CategoryTheory.Bicategory.PureCoherence (4.0s)
✔ [1059/3105] Built Mathlib.Data.Multiset.NatAntidiagonal (1.8s)
✔ [1060/3105] Built Mathlib.Algebra.Order.Ring.Pow (2.9s)
✔ [1061/3105] Built Mathlib.Algebra.Order.Interval.Set.Group (4.4s)
✔ [1062/3105] Built Mathlib.Algebra.Order.Ring.WithTop (6.6s)
✔ [1063/3105] Built Mathlib.Tactic.PNatToNat (3.3s)
✔ [1064/3105] Built Mathlib.Algebra.Order.Ring.Cast (3.6s)
✔ [1065/3105] Built Mathlib.Algebra.Field.Subfield.Defs (5.8s)
✔ [1066/3105] Built Mathlib.Data.Prod.TProd (2.5s)
✔ [1067/3105] Built Mathlib.Order.ScottContinuity (1.0s)
✔ [1068/3105] Built Mathlib.Algebra.Order.Ring.Abs (4.1s)
✔ [1069/3105] Built Mathlib.Data.Nat.Prime.Infinite (2.2s)
✔ [1070/3105] Built Mathlib.Algebra.Field.Rat (2.7s)
✔ [1071/3105] Built Mathlib.Tactic.ModCases (2.7s)
✔ [1072/3105] Built Mathlib.Data.Set.NAry (3.4s)
✔ [1073/3105] Built Mathlib.Tactic.CategoryTheory.Bicategory.Normalize (7.1s)
✔ [1074/3105] Built Mathlib.Order.CompleteLattice.Defs (3.2s)
✔ [1075/3105] Built Mathlib.Tactic.Linarith.Datatypes (2.6s)
✔ [1076/3105] Built Mathlib.Order.LatticeIntervals (3.4s)
✔ [1077/3105] Built Mathlib.Tactic.Qify (2.3s)
✔ [1078/3105] Built Mathlib.Data.Int.Order.Units (2.2s)
✔ [1079/3105] Built Mathlib.Data.Rat.Sqrt (2.2s)
✔ [1080/3105] Built Mathlib.Data.Set.Function (5.6s)
✔ [1081/3105] Built Mathlib.Algebra.Order.Floor.Defs (3.5s)
✔ [1082/3105] Built Mathlib.Order.Bounds.Image (2.0s)
✔ [1083/3105] Built Mathlib.Tactic.Linarith.Oracle.FourierMotzkin (2.6s)
✔ [1084/3105] Built Mathlib.Tactic.Linarith.Parsing (3.1s)
✔ [1085/3105] Built Mathlib.Tactic.Linarith.Oracle.SimplexAlgorithm (3.3s)
✔ [1086/3105] Built Mathlib.Data.Rat.Cast.Defs (4.2s)
✔ [1087/3105] Built Mathlib.Tactic.Linarith.Preprocessing (3.8s)
✔ [1088/3105] Built Mathlib.Order.WellFounded (2.3s)
✔ [1089/3105] Built Mathlib.Tactic.CategoryTheory.Bicategory.Basic (4.4s)
✔ [1090/3105] Built Mathlib.Algebra.Order.Module.Defs (10s)
✔ [1091/3105] Built Mathlib.Algebra.Order.Interval.Set.Monoid (2.4s)
✔ [1092/3105] Built Mathlib.Data.List.Iterate (2.5s)
✔ [1093/3105] Built Mathlib.Tactic.Positivity.Core (5.9s)
✔ [1094/3105] Built Mathlib.Algebra.Order.Nonneg.Floor (2.4s)
✔ [1095/3105] Built Mathlib.Data.Set.Piecewise (2.6s)
✔ [1096/3105] Built Mathlib.Dynamics.FixedPoints.Basic (2.6s)
✔ [1097/3105] Built Mathlib.Data.Set.Monotone (2.8s)
✔ [1098/3105] Built Mathlib.Data.Multiset.Filter (3.1s)
✔ [1099/3105] Built Mathlib.Order.Interval.Set.Image (3.1s)
✔ [1100/3105] Built Mathlib.CategoryTheory.Equivalence (8.8s)
✔ [1101/3105] Built Mathlib.Tactic.Linarith.Verification (3.3s)
✔ [1102/3105] Built Mathlib.Logic.Equiv.Set (4.8s)
✔ [1103/3105] Built Mathlib.Order.ConditionallyCompleteLattice.Defs (2.6s)
✔ [1104/3105] Built Mathlib.Data.Rat.Cast.CharZero (3.3s)
✔ [1105/3105] Built Mathlib.Order.PiLex (2.7s)
✔ [1106/3105] Built Mathlib.Algebra.Group.Action.Pi (2.5s)
✔ [1107/3105] Built Mathlib.Tactic.Finiteness (2.7s)
✔ [1108/3105] Built Mathlib.Algebra.Order.Floor.Semiring (5.4s)
✔ [1109/3105] Built Mathlib.Algebra.Order.Module.Basic (3.2s)
✔ [1110/3105] Built Mathlib.Algebra.BigOperators.Group.Multiset.Defs (2.7s)
✔ [1111/3105] Built Mathlib.Algebra.Order.Module.Field (3.7s)
✔ [1112/3105] Built Mathlib.Tactic.FieldSimp.Discharger (3.8s)
✔ [1113/3105] Built Mathlib.Data.Multiset.UnionInter (3.4s)
✔ [1114/3105] Built Mathlib.Algebra.Notation.Indicator (3.0s)
✔ [1115/3105] Built Mathlib.Algebra.Order.Field.Power (4.2s)
✔ [1116/3105] Built Mathlib.Logic.Small.Basic (2.1s)
✔ [1117/3105] Built Mathlib.GroupTheory.Perm.ViaEmbedding (2.2s)
✔ [1118/3105] Built Mathlib.Data.Set.Pairwise.Basic (7.2s)
✔ [1119/3105] Built Mathlib.Order.RelIso.Set (2.4s)
✔ [1120/3105] Built Mathlib.Algebra.NoZeroSMulDivisors.Pi (2.1s)
✔ [1121/3105] Built Mathlib.GroupTheory.Perm.Basic (2.5s)
✔ [1122/3105] Built Mathlib.Logic.Equiv.PartialEquiv (4.7s)
✔ [1123/3105] Built Mathlib.Algebra.Order.Group.PiLex (2.3s)
✔ [1124/3105] Built Mathlib.Algebra.Group.Pi.Lemmas (4.0s)
✔ [1125/3105] Built Mathlib.Algebra.Order.AbsoluteValue.Basic (5.2s)
✔ [1126/3105] Built Mathlib.Algebra.GroupWithZero.Action.Pi (2.6s)
✔ [1127/3105] Built Mathlib.Algebra.Order.BigOperators.Ring.Multiset (2.1s)
✔ [1128/3105] Built Mathlib.Order.Hom.Set (3.2s)
✔ [1129/3105] Built Mathlib.Order.Interval.Set.UnorderedInterval (5.0s)
✔ [1130/3105] Built Mathlib.Tactic.NormNum.Inv (3.8s)
✔ [1131/3105] Built Mathlib.Data.Countable.Small (1.8s)
✔ [1132/3105] Built Mathlib.Data.Multiset.Range (2.2s)
✔ [1133/3105] Built Mathlib.Data.Multiset.Dedup (2.4s)
✔ [1134/3105] Built Mathlib.Algebra.GroupWithZero.Indicator (2.5s)
✔ [1135/3105] Built Mathlib.Data.Set.Pairwise.List (2.3s)
✔ [1136/3105] Built Mathlib.Algebra.Module.Basic (3.0s)
✔ [1137/3105] Built Mathlib.Data.Finset.Defs (2.9s)
✔ [1138/3105] Built Mathlib.Algebra.Group.Pointwise.Set.Basic (12s)
✔ [1139/3105] Built Mathlib.Order.Interval.Set.OrderIso (2.1s)
✔ [1140/3105] Built Mathlib.Algebra.Group.Indicator (3.5s)
✔ [1141/3105] Built Mathlib.Order.Bounds.OrderIso (2.1s)
✔ [1142/3105] Built Mathlib.Data.Int.Log (4.5s)
✔ [1143/3105] Built Mathlib.Data.Fin.SuccPred (5.5s)
✔ [1144/3105] Built Mathlib.Order.Interval.Set.OrderEmbedding (2.3s)
✔ [1145/3105] Built Mathlib.Order.Hom.Lex (2.7s)
✔ [1146/3105] Built Mathlib.Order.Preorder.Chain (2.8s)
✔ [1147/3105] Built Mathlib.Algebra.Order.Module.OrderedSMul (3.1s)
✔ [1148/3105] Built Mathlib.Data.Multiset.Fold (2.2s)
✔ [1149/3105] Built Mathlib.Data.Multiset.FinsetOps (2.6s)
✔ [1150/3105] Built Mathlib.Algebra.Ring.Equiv (7.1s)
✔ [1151/3105] Built Mathlib.GroupTheory.GroupAction.DomAct.Basic (4.2s)
✔ [1152/3105] Built Mathlib.Tactic.NormNum.Eq (3.0s)
✔ [1153/3105] Built Mathlib.Data.Finset.Order (2.4s)
✔ [1154/3105] Built Mathlib.Data.Finset.Dedup (2.5s)
✔ [1155/3105] Built Mathlib.Data.Finset.Attach (2.6s)
✔ [1156/3105] Built Mathlib.Data.Finset.Erase (2.6s)
✔ [1157/3105] Built Mathlib.Algebra.GroupWithZero.Pointwise.Set.Basic (2.5s)
✔ [1158/3105] Built Mathlib.Algebra.Ring.Pointwise.Set (2.5s)
✔ [1159/3105] Built Mathlib.Algebra.Module.Rat (3.0s)
✔ [1160/3105] Built Mathlib.CategoryTheory.Opposites (9.4s)
✔ [1161/3105] Built Mathlib.Data.Finset.Empty (2.9s)
✔ [1162/3105] Built Mathlib.Data.Fin.Rev (2.6s)
✔ [1163/3105] Built Mathlib.Data.Fin.Embedding (2.8s)
✔ [1164/3105] Built Mathlib.Order.Antichain (2.9s)
✔ [1165/3105] Built Mathlib.Order.CompleteLattice.Basic (5.8s)
✔ [1167/3105] Built Mathlib.Algebra.Group.Pointwise.Set.Scalar (3.9s)
✔ [1168/3105] Built Mathlib.Algebra.Order.Group.Multiset (3.0s)
✔ [1169/3105] Built Mathlib.Algebra.Order.Nonneg.Module (3.3s)
✔ [1170/3105] Built Mathlib.Algebra.Ring.Action.Group (2.4s)
✔ [1171/3105] Built Mathlib.Data.Multiset.Lattice (2.8s)
✔ [1172/3105] Built Mathlib.Algebra.Ring.Aut (2.4s)
✔ [1173/3105] Built Mathlib.Algebra.Ring.CompTypeclasses (2.6s)
✔ [1174/3105] Built Mathlib.Tactic.Positivity.Basic (12s)
✔ [1175/3105] Built Mathlib.Tactic.LinearCombination.Lemmas (3.8s)
✔ [1176/3105] Built Mathlib.Data.Finset.Lattice.Basic (3.4s)
✔ [1177/3105] Built Mathlib.Algebra.Module.Hom (3.2s)
✔ [1178/3105] Built Mathlib.Algebra.Order.BigOperators.Group.Multiset (4.0s)
✔ [1179/3105] Built Mathlib.Algebra.Group.Fin.Basic (2.6s)
✔ [1180/3105] Built Mathlib.Data.Finset.Filter (3.0s)
✔ [1181/3105] Built Mathlib.Algebra.Order.Hom.Ring (4.4s)
✔ [1182/3105] Built Mathlib.CategoryTheory.Functor.Const (3.6s)
✔ [1183/3105] Built Mathlib.Order.Fin.Basic (3.3s)
✔ [1184/3105] Built Mathlib.CategoryTheory.EqToHom (3.8s)
✔ [1185/3105] Built Mathlib.CategoryTheory.Functor.TwoSquare (3.8s)
✔ [1186/3105] Built Mathlib.Algebra.Ring.ULift (4.8s)
✔ [1187/3105] Built Mathlib.Algebra.Ring.Action.Pointwise.Set (2.7s)
✔ [1188/3105] Built Mathlib.Data.Multiset.Sum (2.7s)
✔ [1189/3105] Built Mathlib.Order.Interval.Set.OrdConnected (3.1s)
✔ [1190/3105] Built Mathlib.Data.Multiset.OrderedMonoid (2.6s)
✔ [1191/3105] Built Mathlib.Algebra.Ring.Action.End (2.8s)
✔ [1192/3105] Built Mathlib.Data.Setoid.Basic (3.5s)
✔ [1193/3105] Built Mathlib.Algebra.AddTorsor.Basic (3.2s)
✔ [1194/3105] Built Mathlib.Data.Finset.Insert (4.4s)
✔ [1195/3105] Built Mathlib.GroupTheory.GroupAction.Pointwise (3.7s)
✔ [1196/3105] Built Mathlib.Order.GaloisConnection.Basic (4.0s)
✔ [1298/3105] Built Mathlib.Algebra.GCDMonoid.Multiset (3.8s)
✔ [1299/3105] Built Mathlib.Order.Minimal (4.7s)
✔ [1301/3105] Built Mathlib.Tactic.NormNum.Ineq (6.5s)
✔ [1302/3105] Built Mathlib.Algebra.BigOperators.Group.Multiset.Basic (4.5s)
✔ [1303/3105] Built Mathlib.Algebra.Ring.Pi (4.4s)
✔ [1304/3105] Built Mathlib.CategoryTheory.Bicategory.Strict (2.4s)
✔ [1305/3105] Built Mathlib.Algebra.Star.Basic (4.8s)
✔ [1306/3105] Built Mathlib.Algebra.Ring.Prod (4.9s)
✔ [1307/3105] Built Mathlib.Order.OmegaCompletePartialOrder (5.7s)
✔ [1308/3105] Built Mathlib.Data.Fintype.Defs (3.8s)
✔ [1309/3105] Built Mathlib.Algebra.CharP.Basic (3.0s)
✔ [1310/3105] Built Mathlib.Data.Finset.Disjoint (2.7s)
✔ [1311/3105] Built Mathlib.Data.Finset.Range (2.6s)
✔ [1312/3105] Built Mathlib.Algebra.Order.Field.Basic (9.8s)
✔ [1313/3105] Built Mathlib.CategoryTheory.Category.Preorder (3.4s)
✔ [1314/3105] Built Mathlib.Data.Finset.Lattice.Lemmas (2.8s)
✔ [1315/3105] Built Mathlib.CategoryTheory.Bicategory.Functor.Prelax (3.6s)
✔ [1316/3105] Built Mathlib.CategoryTheory.Quotient (3.8s)
✔ [1317/3105] Built Mathlib.CategoryTheory.Category.ULift (3.9s)
✔ [1318/3105] Built Mathlib.Algebra.Order.Monovary (9.7s)
✔ [1319/3105] Built Mathlib.Tactic.CancelDenoms (2.3s)
✔ [1320/3105] Built Mathlib.Order.Interval.Set.ProjIcc (3.8s)
✔ [1321/3105] Built Mathlib.Order.Hom.Order (2.9s)
✔ [1322/3105] Built Mathlib.Order.Cover (4.1s)
✔ [1332/3105] Built Mathlib.Algebra.Order.Group.Pointwise.Bounds (3.1s)
✔ [1337/3105] Built Mathlib.Topology.Defs.Filter (3.8s)
✔ [1339/3105] Built Mathlib.Order.Interval.Set.Fin (4.7s)
✔ [1340/3105] Built Mathlib.Algebra.Module.Pi (2.5s)
✔ [1342/3105] Built Mathlib.Algebra.Order.Module.Pointwise (3.6s)
✔ [1343/3105] Built Mathlib.Data.Fin.Tuple.Basic (5.2s)
✔ [1346/3105] Built Mathlib.Tactic.NormNum.DivMod (3.5s)
✔ [1348/3105] Built Mathlib.Algebra.Star.Rat (2.5s)
✔ [1349/3105] Built Mathlib.Algebra.Star.Prod (2.5s)
✔ [1354/3105] Built Mathlib.Data.Multiset.Bind (3.2s)
✔ [1355/3105] Built Mathlib.Algebra.Order.Pi (3.1s)
✔ [1356/3105] Built Mathlib.Algebra.Star.Pi (2.6s)
✔ [1357/3105] Built Mathlib.Order.UpperLower.Basic (11s)
✔ [1361/3105] Built Mathlib.Data.Nat.Cast.Order.Field (2.7s)
✔ [1362/3105] Built Mathlib.Data.Finset.SDiff (2.7s)
✔ [1363/3105] Built Mathlib.GroupTheory.Congruence.Defs (5.9s)
✔ [1364/3105] Built Mathlib.Algebra.Star.MonoidHom (3.0s)
✔ [1365/3105] Built Mathlib.CategoryTheory.PathCategory.Basic (3.0s)
✔ [1366/3105] Built Mathlib.Algebra.Star.StarRingHom (4.4s)
✔ [1367/3105] Built Mathlib.Algebra.Ring.Fin (2.2s)
✔ [1368/3105] Built Mathlib.Data.List.OfFn (2.6s)
✔ [1369/3105] Built Mathlib.Algebra.Order.Kleene (4.8s)
✔ [1371/3105] Built Mathlib.CategoryTheory.Products.Basic (7.0s)
✔ [1372/3105] Built Mathlib.Order.UpperLower.Fibration (2.1s)
✔ [1373/3105] Built Mathlib.Tactic.NormNum.ModEq (2.5s)
✔ [1374/3105] Built Mathlib.Data.Multiset.Sections (2.5s)
✔ [1375/3105] Built Mathlib.Order.FixedPoints (3.5s)
✔ [1377/3105] Built Mathlib.Data.Multiset.Pi (2.6s)
✔ [1378/3105] Built Mathlib.Order.ModularLattice (3.7s)
✔ [1385/3105] Built Mathlib.LinearAlgebra.Matrix.Defs (3.6s)
✔ [1386/3105] Built Mathlib.GroupTheory.Congruence.Opposite (2.1s)
✔ [1387/3105] Built Mathlib.Data.Fin.VecNotation (4.1s)
✔ [1388/3105] Built Mathlib.Tactic.FieldSimp (19s)
✔ [1389/3105] Built Mathlib.Tactic.Ring.Basic (17s)
✔ [1390/3105] Built Mathlib.Data.List.FinRange (2.3s)
✔ [1391/3105] Built Mathlib.Order.InitialSeg (4.4s)
✔ [1394/3105] Built Mathlib.Algebra.Group.Pointwise.Set.ListOfFn (2.6s)
✔ [1395/3105] Built Mathlib.Data.List.Pi (2.3s)
✔ [1396/3105] Built Mathlib.Data.Finset.Image (3.9s)
✔ [1397/3105] Built Mathlib.Data.Finset.Basic (4.0s)
✔ [1398/3105] Built Mathlib.RingTheory.Congruence.Defs (4.3s)
✔ [1399/3105] Built Mathlib.Data.List.Sort (3.6s)
✔ [1400/3105] Built Mathlib.GroupTheory.Congruence.Hom (4.6s)
✔ [1415/3105] Built Mathlib.Data.Vector.Basic (3.9s)
✔ [1416/3105] Built Mathlib.Algebra.Module.LinearMap.Defs (13s)
✔ [1417/3105] Built Mathlib.Algebra.Group.Fin.Tuple (2.5s)
✔ [1418/3105] Built Mathlib.Data.Matrix.Diagonal (3.6s)
✔ [1419/3105] Built Mathlib.Tactic.Ring.PNat (2.5s)
✔ [1420/3105] Built Mathlib.Algebra.Star.SelfAdjoint (6.9s)
✔ [1421/3105] Built Mathlib.Logic.Equiv.Fin.Basic (3.3s)
✔ [1422/3105] Built Mathlib.Data.Finset.SymmDiff (2.4s)
✔ [1423/3105] Built Mathlib.Algebra.Group.Nat.Range (2.4s)
✔ [1424/3105] Built Mathlib.Data.Fintype.OfMap (2.5s)
✔ [1425/3105] Built Mathlib.Data.List.Sublists (2.9s)
✔ [1426/3105] Built Mathlib.Data.Fintype.Inv (2.6s)
✔ [1427/3105] Built Mathlib.Data.Fintype.Quotient (2.9s)
✔ [1428/3105] Built Mathlib.Data.Finset.Fold (2.7s)
✔ [1429/3105] Built Mathlib.Algebra.Order.CauSeq.Basic (9.8s)
✔ [1430/3105] Built Mathlib.Data.Finset.BooleanAlgebra (2.9s)
✔ [1431/3105] Built Mathlib.Tactic.Linarith.Frontend (4.1s)
✔ [1432/3105] Built Mathlib.Data.Multiset.Sort (2.5s)
✔ [1436/3105] Built Mathlib.Logic.Small.List (2.2s)
✔ [1437/3105] Built Mathlib.Tactic.Ring.RingNF (4.2s)
✔ [1438/3105] Built Mathlib.Data.Nat.Factors (2.7s)
✔ [1439/3105] Built Mathlib.Tactic.Ring.Compare (4.4s)
✔ [1440/3105] Built Mathlib.Algebra.Module.LinearMap.Prod (2.4s)
✔ [1441/3105] Built Mathlib.Data.List.NodupEquivFin (2.9s)
✔ [1442/3105] Built Mathlib.Logic.Equiv.Fin.Rotate (2.1s)
✔ [1443/3105] Built Mathlib.Algebra.Order.Group.Pointwise.Interval (11s)
✔ [1444/3105] Built Mathlib.Algebra.Star.StarProjection (2.5s)
✔ [1446/3105] Built Mathlib.Data.Finset.Card (4.4s)
✔ [1447/3105] Built Mathlib.Algebra.Module.LinearMap.Basic (3.4s)
✔ [1448/3105] Built Mathlib.Data.Finset.Piecewise (2.1s)
✔ [1449/3105] Built Mathlib.CategoryTheory.Functor.Currying (7.7s)
✔ [1450/3105] Built Mathlib.Order.Fin.Tuple (3.0s)
✔ [1451/3105] Built Mathlib.Algebra.Algebra.Defs (3.0s)
✔ [1452/3105] Built Mathlib.Data.Multiset.Powerset (2.8s)
✔ [1454/3105] Built Mathlib.Data.Sym.Basic (4.0s)
✔ [1455/3105] Built Mathlib.Tactic.Ring (1.9s)
✔ [1461/3105] Built Mathlib.Algebra.GCDMonoid.Finset (2.8s)
✔ [1462/3105] Built Mathlib.Data.Fintype.Sets (2.9s)
✔ [1463/3105] Built Mathlib.CategoryTheory.Pi.Basic (8.8s)
✔ [1464/3105] Built Mathlib.Tactic.Simproc.Factors (2.6s)
✔ [1465/3105] Built Mathlib.Data.Finset.Fin (1.8s)
✔ [1466/3105] Built Mathlib.Data.Finset.Union (3.0s)
✔ [1467/3105] Built Mathlib.Tactic.Bound (3.2s)
✔ [1468/3105] Built Mathlib.Data.Finset.Sum (2.9s)
✔ [1481/3105] Built Mathlib.Data.Multiset.Antidiagonal (2.3s)
✔ [1482/3105] Built Mathlib.Tactic.Group (2.9s)
✔ [1483/3105] Built Mathlib.Algebra.Order.CauSeq.Completion (5.6s)
✔ [1484/3105] Built Mathlib.CategoryTheory.Groupoid (2.8s)
✔ [1485/3105] Built Mathlib.Data.Fintype.Basic (3.2s)
✔ [1488/3105] Built Mathlib.Data.Finset.Option (2.4s)
✔ [1492/3105] Built Mathlib.Algebra.Order.Module.Algebra (3.9s)
✔ [1493/3105] Built Mathlib.Tactic.LinearCombination (3.8s)
✔ [1495/3105] Built Mathlib.RingTheory.Coprime.Basic (3.9s)
✔ [1496/3105] Built Mathlib.Tactic.LinearCombination' (3.9s)
✔ [1497/3105] Built Mathlib.Algebra.BigOperators.Ring.Multiset (2.2s)
✔ [1498/3105] Built Mathlib.Data.Finset.Pi (3.2s)
✔ [1499/3105] Built Mathlib.Data.Finset.Prod (3.3s)
✔ [1504/3105] Built Mathlib.CategoryTheory.Discrete.Basic (4.9s)
✔ [1505/3105] Built Mathlib.CategoryTheory.Monoidal.Category (13s)
✔ [1506/3105] Built Mathlib.Tactic.FinCases (2.3s)
✔ [1508/3105] Built Mathlib.CategoryTheory.Endomorphism (2.8s)
✔ [1509/3105] Built Mathlib.Data.Fintype.Card (2.8s)
✔ [1512/3105] Built Mathlib.Algebra.Group.TransferInstance (2.8s)
✔ [1515/3105] Built Mathlib.CategoryTheory.EpiMono (2.0s)
✔ [1516/3105] Built Mathlib.Data.Finset.Update (2.6s)
✔ [1517/3105] Built Mathlib.Algebra.BigOperators.Group.Finset.Defs (6.0s)
✔ [1518/3105] Built Mathlib.CategoryTheory.PEmpty (2.1s)
✔ [1519/3105] Built Mathlib.Algebra.Module.Equiv.Defs (11s)
✔ [1520/3105] Built Mathlib.CategoryTheory.Products.Unitor (2.2s)
✔ [1523/3105] Built Mathlib.CategoryTheory.FinCategory.Basic (2.2s)
✔ [1524/3105] Built Mathlib.CategoryTheory.PUnit (2.6s)
✔ [1525/3105] Built Mathlib.Tactic.CategoryTheory.MonoidalComp (2.6s)
✔ [1526/3105] Built Mathlib.Data.Fintype.Parity (2.3s)
✔ [1527/3105] Built Mathlib.Algebra.Group.Action.TransferInstance (2.4s)
✔ [1528/3105] Built Mathlib.Algebra.Group.TypeTags.Finite (2.5s)
✔ [1529/3105] Built Mathlib.Data.Real.Basic (6.0s)
✔ [1547/3105] Built Mathlib.CategoryTheory.Bicategory.LocallyDiscrete (3.8s)
✔ [1548/3105] Built Mathlib.CategoryTheory.Types.Basic (2.9s)
✔ [1550/3105] Built Mathlib.Algebra.BigOperators.RingEquiv (2.1s)
✔ [1551/3105] Built Mathlib.Algebra.Regular.Pow (2.1s)
✔ [1552/3105] Built Mathlib.Data.Fintype.EquivFin (3.3s)
✔ [1562/3105] Built Mathlib.Algebra.Ring.TransferInstance (3.4s)
✔ [1566/3105] Built Mathlib.Data.Nat.GCD.BigOperators (2.4s)
✔ [1571/3105] Built Mathlib.Algebra.Star.BigOperators (2.5s)
✔ [1572/3105] Built Mathlib.Data.Rat.BigOperators (2.6s)
✔ [1573/3105] Built Mathlib.Tactic.Polyrith (6.2s)
✔ [1574/3105] Built Mathlib.Algebra.Module.Equiv.Opposite (2.6s)
✔ [1575/3105] Built Mathlib.Algebra.Module.LinearMap.Star (2.6s)
✔ [1576/3105] Built Mathlib.Algebra.Algebra.Rat (3.1s)
✔ [1577/3105] Built Mathlib.Data.Real.Star (1.0s)
✔ [1578/3105] Built Mathlib.Algebra.Module.ULift (3.3s)
✔ [1579/3105] Built Mathlib.Algebra.GroupWithZero.Action.TransferInstance (2.3s)
✔ [1580/3105] Built Mathlib.CategoryTheory.IsConnected (3.3s)
✔ [1581/3105] Built Mathlib.Algebra.Group.Shrink (2.7s)
✔ [1582/3105] Built Mathlib.Data.Finite.Set (1.9s)
✔ [1583/3105] Built Mathlib.Algebra.CharZero.Infinite (1.0s)
✔ [1584/3105] Built Mathlib.Data.Set.Finite.Range (2.4s)
✔ [1587/3105] Built Mathlib.Logic.Equiv.Fintype (2.4s)
✔ [1588/3105] Built Mathlib.Data.Fintype.Pigeonhole (2.5s)
✔ [1589/3105] Built Mathlib.Data.Fintype.Option (2.6s)
✔ [1592/3105] Built Mathlib.Data.Fintype.Prod (2.7s)
✔ [1593/3105] Built Mathlib.Data.Fintype.Sum (2.6s)
✔ [1596/3105] Built Mathlib.CategoryTheory.Limits.Types.ColimitType (3.0s)
✔ [1597/3105] Built Mathlib.CategoryTheory.ConcreteCategory.Basic (3.3s)
✔ [1599/3105] Built Mathlib.CategoryTheory.FinCategory.AsType (3.1s)
✔ [1600/3105] Built Mathlib.Data.ZMod.Defs (3.3s)
✔ [1601/3105] Built Mathlib.CategoryTheory.Category.Cat (3.8s)
✔ [1604/3105] Built Mathlib.Algebra.Ring.Shrink (2.1s)
✔ [1605/3105] Built Mathlib.Data.Fintype.Perm (4.1s)
✔ [1606/3105] Built Mathlib.Data.Set.Finite.Basic (4.2s)
✔ [1654/3105] Built Mathlib.Data.Finite.Sum (1.9s)
✔ [1655/3105] Built Mathlib.Algebra.Module.TransferInstance (3.3s)
✔ [1656/3105] Built Mathlib.Tactic.CategoryTheory.Monoidal.Datatypes (6.9s)
✔ [1657/3105] Built Mathlib.Tactic.CategoryTheory.Elementwise (2.9s)
✔ [1659/3105] Built Mathlib.Algebra.Notation.FiniteSupport (2.0s)
✔ [1660/3105] Built Mathlib.Order.Interval.Set.Infinite (2.2s)
✔ [1661/3105] Built Mathlib.Algebra.Module.Shrink (1.9s)
✔ [1662/3105] Built Mathlib.Tactic.CategoryTheory.ToApp (3.1s)
✔ [1681/3105] Built Mathlib.Order.Preorder.Finite (2.5s)
✔ [1707/3105] Built Mathlib.Data.Complex.Basic (7.5s)
✔ [1708/3105] Built Mathlib.Data.Nat.Count (2.5s)
✔ [1712/3105] Built Mathlib.Algebra.Module.LinearMap.End (6.2s)
✔ [1714/3105] Built Mathlib.Data.Finsupp.Defs (3.2s)
✔ [1715/3105] Built Mathlib.Data.Fintype.Pi (3.5s)
✔ [1718/3105] Built Mathlib.Data.Fintype.Vector (2.0s)
✔ [1719/3105] Built Mathlib.Algebra.BigOperators.Group.Finset.Pi (2.1s)
✔ [1720/3105] Built Mathlib.Order.Preorder.Finsupp (2.2s)
✔ [1721/3105] Built Mathlib.Tactic.CategoryTheory.Monoidal.PureCoherence (4.4s)
✔ [1722/3105] Built Mathlib.CategoryTheory.Yoneda (10s)
✔ [1723/3105] Built Mathlib.Data.Finsupp.Single (2.9s)
✔ [1727/3105] Built Mathlib.Algebra.BigOperators.Group.Finset.Basic (12s)
✔ [1753/3105] Built Mathlib.Data.Finite.Prod (3.3s)
✔ [1894/3105] Built Mathlib.Data.DFinsupp.Defs (6.0s)
✔ [1896/3105] Built Mathlib.CategoryTheory.Bicategory.Functor.Oplax (4.9s)
✔ [1897/3105] Built Mathlib.CategoryTheory.Bicategory.Functor.Lax (5.6s)
✔ [1898/3105] Built Mathlib.CategoryTheory.Comma.Basic (14s)
✔ [1899/3105] Built Mathlib.Tactic.CategoryTheory.Monoidal.Normalize (7.2s)
✔ [1900/3105] Built Mathlib.Data.Finsupp.Indicator (2.3s)
✔ [1901/3105] Built Mathlib.Data.Finsupp.Fin (2.5s)
✔ [1902/3105] Built Mathlib.Algebra.BigOperators.Group.Finset.Lemmas (2.3s)
✔ [1903/3105] Built Mathlib.Algebra.BigOperators.Option (2.6s)
✔ [1904/3105] Built Mathlib.Algebra.BigOperators.WithTop (2.6s)
✔ [1905/3105] Built Mathlib.Algebra.Category.MonCat.Basic (7.4s)
✔ [1906/3105] Built Mathlib.Data.DFinsupp.NeLocus (2.6s)
✔ [1907/3105] Built Mathlib.Algebra.Group.Pointwise.Set.Finite (3.3s)
✔ [1910/3105] Built Mathlib.Data.DFinsupp.Module (3.1s)
✔ [1912/3105] Built Mathlib.Data.Multiset.Fintype (4.3s)
✔ [1913/3105] Built Mathlib.Algebra.Category.MonCat.ForgetCorepresentable (2.1s)
✔ [1914/3105] Built Mathlib.Data.Finset.NoncommProd (5.5s)
✔ [1952/3105] Built Mathlib.Algebra.BigOperators.Group.Finset.Piecewise (5.7s)
✔ [2168/3105] Built Mathlib.Tactic.CategoryTheory.Monoidal.Basic (4.4s)
✔ [2169/3105] Built Mathlib.CategoryTheory.Comma.Arrow (4.6s)
✔ [2173/3105] Built Mathlib.Tactic.NormNum.BigOperators (6.6s)
✔ [2174/3105] Built Mathlib.Data.DFinsupp.Sigma (3.2s)
✔ [2176/3105] Built Mathlib.CategoryTheory.Adjunction.Basic (7.6s)
✔ [2181/3105] Built Mathlib.GroupTheory.Perm.Support (3.3s)
✔ [2186/3105] Built Mathlib.Data.DFinsupp.Order (5.3s)
✔ [2189/3105] Built Mathlib.CategoryTheory.Retract (2.4s)
✔ [2190/3105] Built Mathlib.Algebra.Group.Pointwise.Set.BigOperators (3.5s)
✔ [2191/3105] Built Mathlib.CategoryTheory.CommSq (2.9s)
✔ [2192/3105] Built Mathlib.CategoryTheory.Bicategory.Functor.Pseudofunctor (8.1s)
✔ [2193/3105] Built Mathlib.Algebra.Module.Equiv.Basic (13s)
✔ [2483/3105] Built Mathlib.Algebra.Category.Grp.Basic (7.9s)
✔ [2484/3105] Built Mathlib.Tactic.Widget.StringDiagram (8.7s)
✔ [2485/3105] Built Mathlib.CategoryTheory.Skeletal (3.6s)
✔ [2486/3105] Built Mathlib.GroupTheory.Perm.List (2.5s)
✔ [2505/3105] Built Mathlib.CategoryTheory.LiftingProperties.Basic (2.4s)
✔ [2506/3105] Built Mathlib.LinearAlgebra.GeneralLinearGroup (2.5s)
✔ [2957/3105] Built Mathlib.Algebra.Category.Grp.ForgetCorepresentable (2.4s)
✔ [2958/3105] Built Mathlib.CategoryTheory.EssentiallySmall (2.8s)
✔ [2959/3105] Built Mathlib.CategoryTheory.Limits.Shapes.StrongEpi (2.0s)
✔ [2960/3105] Built Mathlib.CategoryTheory.Adjunction.Mates (6.8s)
✔ [2961/3105] Built Mathlib.CategoryTheory.LiftingProperties.Adjunction (3.5s)
✔ [2962/3105] Built Mathlib.Algebra.Category.Ring.Basic (6.9s)
✔ [2964/3105] Built Mathlib.CategoryTheory.Functor.EpiMono (2.6s)
✔ [2965/3105] Built Mathlib.CategoryTheory.Limits.Cones (19s)
✔ [2966/3105] Built Mathlib.CategoryTheory.Monad.Basic (5.7s)
✔ [2967/3105] Built Mathlib.CategoryTheory.Bicategory.Free (10s)
✔ [2968/3105] Built Mathlib.CategoryTheory.Monad.Algebra (5.8s)
✔ [2969/3105] Built Mathlib.CategoryTheory.Bicategory.Coherence (7.3s)
✔ [2972/3105] Built Mathlib.CategoryTheory.Limits.IsLimit (11s)
✔ [2973/3105] Built Mathlib.CategoryTheory.Limits.Shapes.IsTerminal (5.5s)
✔ [2974/3105] Built Mathlib.CategoryTheory.Limits.HasLimits (9.2s)
✔ [2975/3105] Built Mathlib.CategoryTheory.Limits.Types.Colimits (2.7s)
✔ [2976/3105] Built Mathlib.CategoryTheory.Limits.Types.Limits (3.1s)
✔ [2977/3105] Built Mathlib.CategoryTheory.Limits.Preserves.Basic (4.1s)
✔ [2978/3105] Built Mathlib.CategoryTheory.Limits.Shapes.Terminal (4.8s)
✔ [2979/3105] Built Mathlib.Algebra.Category.Ring.Colimits (5.5s)
✔ [2980/3105] Built Mathlib.CategoryTheory.Limits.Types.Yoneda (3.4s)
✔ [2981/3105] Built Mathlib.CategoryTheory.Limits.Shapes.ZeroObjects (2.1s)
✔ [2982/3105] Built Mathlib.CategoryTheory.Limits.Preserves.Limits (2.9s)
✔ [2983/3105] Built Mathlib.CategoryTheory.Limits.Preserves.Shapes.Terminal (2.4s)
✔ [2984/3105] Built Mathlib.CategoryTheory.Limits.Creates (4.9s)
✔ [2985/3105] Built Mathlib.CategoryTheory.Limits.Shapes.Equalizers (9.8s)
✔ [2986/3105] Built Mathlib.CategoryTheory.Limits.Shapes.WidePullbacks (10s)
✔ [2987/3105] Built Mathlib.CategoryTheory.Limits.Preserves.Ulift (2.6s)
✔ [2988/3105] Built Mathlib.CategoryTheory.Limits.Shapes.Products (14s)
✔ [2989/3105] Built Mathlib.CategoryTheory.Limits.FunctorCategory.Basic (7.7s)
✔ [2990/3105] Built Mathlib.CategoryTheory.Comma.StructuredArrow.Basic (18s)
✔ [2991/3105] Built Mathlib.CategoryTheory.Adjunction.Limits (6.6s)
✔ [2992/3105] Built Mathlib.Algebra.Category.MonCat.Limits (8.4s)
✔ [2993/3105] Built Mathlib.CategoryTheory.Limits.Shapes.Equivalence (1.8s)
✔ [2994/3105] Built Mathlib.CategoryTheory.Limits.Yoneda (2.9s)
✔ [2995/3105] Built Mathlib.CategoryTheory.Adjunction.Comma (3.2s)
✔ [2996/3105] Built Mathlib.CategoryTheory.Elements (8.1s)
✔ [2997/3105] Built Mathlib.CategoryTheory.Comma.Over.Basic (26s)
✔ [2998/3105] Built Mathlib.CategoryTheory.Limits.ConeCategory (7.2s)
✔ [2999/3105] Built Mathlib.CategoryTheory.Grothendieck (10s)
✔ [3000/3105] Built Mathlib.CategoryTheory.Limits.Shapes.BinaryProducts (15s)
✔ [3001/3105] Built Mathlib.CategoryTheory.Limits.Shapes.Grothendieck (7.2s)
✔ [3002/3105] Built Mathlib.CategoryTheory.Limits.Shapes.StrictInitial (2.7s)
✔ [3003/3105] Built Mathlib.CategoryTheory.Limits.Connected (3.2s)
✔ [3004/3105] Built Mathlib.CategoryTheory.Limits.Shapes.Multiequalizer (11s)
✔ [3005/3105] Built Mathlib.CategoryTheory.Limits.Shapes.Pullback.Cospan (4.1s)
✔ [3006/3105] Built Mathlib.CategoryTheory.Monad.Products (5.5s)
✔ [3007/3105] Built Mathlib.CategoryTheory.Limits.Shapes.Pullback.PullbackCone (4.8s)
✔ [3008/3105] Built Mathlib.CategoryTheory.Limits.Shapes.Pullback.HasPullback (5.9s)
✔ [3009/3105] Built Mathlib.CategoryTheory.Limits.Shapes.FiniteLimits (2.8s)
✔ [3010/3105] Built Mathlib.CategoryTheory.Limits.Shapes.Pullback.Iso (3.3s)
✔ [3011/3105] Built Mathlib.CategoryTheory.Limits.Shapes.RegularMono (3.3s)
✔ [3012/3105] Built Mathlib.CategoryTheory.Limits.Shapes.FiniteProducts (2.3s)
✔ [3013/3105] Built Mathlib.CategoryTheory.Limits.Types.Shapes (6.5s)
✔ [3014/3105] Built Mathlib.CategoryTheory.Filtered.Basic (4.2s)
✔ [3015/3105] Built Mathlib.CategoryTheory.Limits.Shapes.Pullback.Pasting (7.7s)
✔ [3016/3105] Built Mathlib.CategoryTheory.Limits.Shapes.Pullback.Mono (4.7s)
✔ [3026/3105] Built Mathlib.CategoryTheory.Comma.Over.Pullback (9.0s)
✔ [3027/3105] Built Mathlib.CategoryTheory.Filtered.Connected (2.1s)
✔ [3028/3105] Built Mathlib.CategoryTheory.Limits.Filtered (2.2s)
✔ [3035/3105] Built Mathlib.CategoryTheory.Limits.Types.Filtered (2.8s)
✔ [3040/3105] Built Mathlib.CategoryTheory.Limits.Shapes.Pullback.Assoc (8.9s)
✔ [3042/3105] Built Mathlib.CategoryTheory.Limits.Final (10s)
Some required targets logged failures:
- Mathlib.Data.Nat.Set
error: build failed
