✔ [78/2480] Built Mathlib.Tactic.Linter.DirectoryDependency (1.6s)
✔ [90/3123] Built Mathlib.Tactic.Linter.Header (1.3s)
✔ [226/3123] Built Mathlib.Tactic.DeclarationNames (885ms)
✔ [227/3123] Built Mathlib.Tactic.Linter.OldObtain (795ms)
✔ [228/3123] Built Mathlib.Tactic.Linter.GlobalAttributeIn (993ms)
✔ [229/3123] Built Mathlib.Tactic.Linter.HashCommandLinter (912ms)
✔ [230/3123] Built Mathlib.Tactic.Linter.UnusedTacticExtension (959ms)
✔ [231/3123] Built Mathlib.Lean.Elab.Tactic.Meta (974ms)
✔ [232/3123] Built Mathlib.Tactic.Linter.Multigoal (1.0s)
✔ [233/3123] Built Mathlib.Tactic.Linter.DocPrime (1.2s)
✔ [234/3123] Built Mathlib.Tactic.Linter.DeprecatedSyntaxLinter (1.4s)
✔ [235/3123] Built Mathlib.Tactic.Linter.DocString (1.3s)
✔ [236/3123] Built Mathlib.Tactic.MinImports (1.4s)
✔ [237/3123] Built Mathlib.Tactic.Linter.CommandStart (1.6s)
✔ [238/3123] Built Aesop.Util.Tactic (1.3s)
✔ [239/3123] Built Mathlib.Tactic.Linter.Lint (931ms)
✔ [240/3123] Built Mathlib.Lean.ContextInfo (866ms)
✔ [241/3123] Built ProofWidgets.Component.OfRpcMethod (1.4s)
✔ [242/3123] Built Mathlib.Tactic.Linter.FlexibleLinter (1.9s)
✔ [243/3123] Built Mathlib.Tactic.Linter.UnusedTactic (1.1s)
✔ [244/3123] Built Mathlib.Tactic.ExtractGoal (1.3s)
✔ [245/3123] Built Mathlib.Tactic.Linter.MinImports (1.4s)
✔ [246/3123] Built Mathlib.Tactic.Linter.Style (2.1s)
✔ [247/3123] Built Mathlib.Tactic.TacticAnalysis (1.5s)
✔ [248/3123] Built Aesop.Script.SpecificTactics (3.3s)
✔ [249/3123] Built Mathlib.Tactic.TacticAnalysis.Declarations (1.9s)
✔ [250/3123] Built Aesop.RuleTac.Preprocess (1.3s)
✔ [251/3123] Built Mathlib.Init (1.2s)
✖ [252/3123] Building Mathlib.Tactic.Eval (711ms)
trace: .> LEAN_PATH=/home/hantao/code/FloatSpec/.lake/packages/Cli/.lake/build/lib/lean:/home/hantao/code/FloatSpec/.lake/packages/batteries/.lake/build/lib/lean:/home/hantao/code/FloatSpec/.lake/packages/Qq/.lake/build/lib/lean:/home/hantao/code/FloatSpec/.lake/packages/aesop/.lake/build/lib/lean:/home/hantao/code/FloatSpec/.lake/packages/proofwidgets/.lake/build/lib/lean:/home/hantao/code/FloatSpec/.lake/packages/importGraph/.lake/build/lib/lean:/home/hantao/code/FloatSpec/.lake/packages/LeanSearchClient/.lake/build/lib/lean:/home/hantao/code/FloatSpec/.lake/packages/plausible/.lake/build/lib/lean:/home/hantao/code/FloatSpec/.lake/packages/mathlib/.lake/build/lib/lean:/home/hantao/code/FloatSpec/.lake/build/lib/lean /home/hantao/.elan/toolchains/leanprover--lean4---v4.24.0-rc1/bin/lean /home/hantao/code/FloatSpec/.lake/packages/mathlib/Mathlib/Tactic/Eval.lean -o /home/hantao/code/FloatSpec/.lake/packages/mathlib/.lake/build/lib/lean/Mathlib/Tactic/Eval.olean -i /home/hantao/code/FloatSpec/.lake/packages/mathlib/.lake/build/lib/lean/Mathlib/Tactic/Eval.ilean -c /home/hantao/code/FloatSpec/.lake/packages/mathlib/.lake/build/ir/Mathlib/Tactic/Eval.c --setup /home/hantao/code/FloatSpec/.lake/packages/mathlib/.lake/build/ir/Mathlib/Tactic/Eval.setup.json --json
error: Mathlib/Tactic/Eval.lean:7:0: failed to read file '/home/hantao/code/FloatSpec/.lake/packages/Qq/.lake/build/lib/lean/Qq/Macro.olean', incompatible header
error: Lean exited with code 1
✔ [253/3123] Built Mathlib.Tactic.Recall (1.7s)
✔ [254/3123] Built Mathlib.Tactic.ReduceModChar.Ext (1.4s)
✔ [255/3123] Built Mathlib.Tactic.RewriteSearch (1.4s)
✔ [256/3123] Built Mathlib.Data.Nat.BinaryRec (2.2s)
✖ [257/3123] Building Mathlib.Lean.Meta (1.6s)
trace: .> LEAN_PATH=/home/hantao/code/FloatSpec/.lake/packages/Cli/.lake/build/lib/lean:/home/hantao/code/FloatSpec/.lake/packages/batteries/.lake/build/lib/lean:/home/hantao/code/FloatSpec/.lake/packages/Qq/.lake/build/lib/lean:/home/hantao/code/FloatSpec/.lake/packages/aesop/.lake/build/lib/lean:/home/hantao/code/FloatSpec/.lake/packages/proofwidgets/.lake/build/lib/lean:/home/hantao/code/FloatSpec/.lake/packages/importGraph/.lake/build/lib/lean:/home/hantao/code/FloatSpec/.lake/packages/LeanSearchClient/.lake/build/lib/lean:/home/hantao/code/FloatSpec/.lake/packages/plausible/.lake/build/lib/lean:/home/hantao/code/FloatSpec/.lake/packages/mathlib/.lake/build/lib/lean:/home/hantao/code/FloatSpec/.lake/build/lib/lean /home/hantao/.elan/toolchains/leanprover--lean4---v4.24.0-rc1/bin/lean /home/hantao/code/FloatSpec/.lake/packages/mathlib/Mathlib/Lean/Meta.lean -o /home/hantao/code/FloatSpec/.lake/packages/mathlib/.lake/build/lib/lean/Mathlib/Lean/Meta.olean -i /home/hantao/code/FloatSpec/.lake/packages/mathlib/.lake/build/lib/lean/Mathlib/Lean/Meta.ilean -c /home/hantao/code/FloatSpec/.lake/packages/mathlib/.lake/build/ir/Mathlib/Lean/Meta.c --setup /home/hantao/code/FloatSpec/.lake/packages/mathlib/.lake/build/ir/Mathlib/Lean/Meta.setup.json --json
info: stderr:
failed to load header from /home/hantao/code/FloatSpec/.lake/packages/mathlib/.lake/build/ir/Mathlib/Lean/Meta.setup.json: offset 0: unexpected end of input
error: Lean exited with code 1
✔ [258/3123] Built Aesop.Forward.Match (3.1s)
✔ [259/3123] Built Aesop.RuleTac.Apply (2.1s)
✔ [260/3123] Built Aesop.RuleTac.Cases (2.2s)
✔ [261/3123] Built Mathlib.Tactic.Hint (1.9s)
✔ [262/3123] Built Mathlib.Tactic.Linter.UpstreamableDecl (1.9s)
✖ [264/3123] Building Mathlib.Util.AtomM (2.1s)
trace: .> LEAN_PATH=/home/hantao/code/FloatSpec/.lake/packages/Cli/.lake/build/lib/lean:/home/hantao/code/FloatSpec/.lake/packages/batteries/.lake/build/lib/lean:/home/hantao/code/FloatSpec/.lake/packages/Qq/.lake/build/lib/lean:/home/hantao/code/FloatSpec/.lake/packages/aesop/.lake/build/lib/lean:/home/hantao/code/FloatSpec/.lake/packages/proofwidgets/.lake/build/lib/lean:/home/hantao/code/FloatSpec/.lake/packages/importGraph/.lake/build/lib/lean:/home/hantao/code/FloatSpec/.lake/packages/LeanSearchClient/.lake/build/lib/lean:/home/hantao/code/FloatSpec/.lake/packages/plausible/.lake/build/lib/lean:/home/hantao/code/FloatSpec/.lake/packages/mathlib/.lake/build/lib/lean:/home/hantao/code/FloatSpec/.lake/build/lib/lean /home/hantao/.elan/toolchains/leanprover--lean4---v4.24.0-rc1/bin/lean /home/hantao/code/FloatSpec/.lake/packages/mathlib/Mathlib/Util/AtomM.lean -o /home/hantao/code/FloatSpec/.lake/packages/mathlib/.lake/build/lib/lean/Mathlib/Util/AtomM.olean -i /home/hantao/code/FloatSpec/.lake/packages/mathlib/.lake/build/lib/lean/Mathlib/Util/AtomM.ilean -c /home/hantao/code/FloatSpec/.lake/packages/mathlib/.lake/build/ir/Mathlib/Util/AtomM.c --setup /home/hantao/code/FloatSpec/.lake/packages/mathlib/.lake/build/ir/Mathlib/Util/AtomM.setup.json --json
error: Mathlib/Util/AtomM.lean:6:0: failed to read file '/home/hantao/code/FloatSpec/.lake/packages/Qq/.lake/build/lib/lean/Qq/Macro.olean', incompatible header
error: Lean exited with code 1
✔ [266/3123] Built Mathlib.Tactic.Relation.Symm (2.2s)
✔ [267/3123] Built Mathlib.Util.AddRelatedDecl (2.2s)
✔ [268/3123] Built Mathlib.Tactic.Change (2.4s)
✔ [269/3123] Built Mathlib.Tactic.Clean (2.1s)
✔ [270/3123] Built Mathlib.Tactic.FunProp.Decl (2.5s)
✔ [271/3123] Built Mathlib.Tactic.FunProp.Mor (2.2s)
✔ [272/3123] Built Mathlib.Tactic.Explode.Datatypes (2.1s)
✔ [273/3123] Built Mathlib.Tactic.FieldSimp.Attr (1.7s)
✔ [274/3123] Built Mathlib.Util.DischargerAsTactic (1.9s)
✔ [275/3123] Built Mathlib.Tactic.FindSyntax (2.5s)
✔ [276/3123] Built Mathlib.Tactic.Generalize (1.7s)
✔ [277/3123] Built Mathlib.Tactic.Have (1.9s)
✔ [278/3123] Built Mathlib.Util.Superscript (2.6s)
✔ [279/3123] Built Mathlib.Data.Nat.Notation (2.2s)
✔ [280/3123] Built Mathlib.Util.MemoFix (2.2s)
✔ [281/3123] Built Mathlib.Tactic.GCongr.ForwardAttr (2.3s)
✔ [282/3123] Built Mathlib.Tactic.Clear_ (2.3s)
✔ [283/3123] Built Mathlib.Util.WithWeakNamespace (2.4s)
✔ [284/3123] Built Mathlib.Util.Tactic (2.3s)
✔ [285/3123] Built Mathlib.Tactic.FunProp.ToBatteries (2.8s)
✔ [286/3123] Built Mathlib.Lean.Name (2.5s)
✖ [287/3123] Building Mathlib.Tactic.Says (2.5s)
trace: .> LEAN_PATH=/home/hantao/code/FloatSpec/.lake/packages/Cli/.lake/build/lib/lean:/home/hantao/code/FloatSpec/.lake/packages/batteries/.lake/build/lib/lean:/home/hantao/code/FloatSpec/.lake/packages/Qq/.lake/build/lib/lean:/home/hantao/code/FloatSpec/.lake/packages/aesop/.lake/build/lib/lean:/home/hantao/code/FloatSpec/.lake/packages/proofwidgets/.lake/build/lib/lean:/home/hantao/code/FloatSpec/.lake/packages/importGraph/.lake/build/lib/lean:/home/hantao/code/FloatSpec/.lake/packages/LeanSearchClient/.lake/build/lib/lean:/home/hantao/code/FloatSpec/.lake/packages/plausible/.lake/build/lib/lean:/home/hantao/code/FloatSpec/.lake/packages/mathlib/.lake/build/lib/lean:/home/hantao/code/FloatSpec/.lake/build/lib/lean /home/hantao/.elan/toolchains/leanprover--lean4---v4.24.0-rc1/bin/lean /home/hantao/code/FloatSpec/.lake/packages/mathlib/Mathlib/Tactic/Says.lean -o /home/hantao/code/FloatSpec/.lake/packages/mathlib/.lake/build/lib/lean/Mathlib/Tactic/Says.olean -i /home/hantao/code/FloatSpec/.lake/packages/mathlib/.lake/build/lib/lean/Mathlib/Tactic/Says.ilean -c /home/hantao/code/FloatSpec/.lake/packages/mathlib/.lake/build/ir/Mathlib/Tactic/Says.c --setup /home/hantao/code/FloatSpec/.lake/packages/mathlib/.lake/build/ir/Mathlib/Tactic/Says.setup.json --json
error: Mathlib/Tactic/Says.lean:6:0: failed to read file '/home/hantao/code/FloatSpec/.lake/packages/Qq/.lake/build/lib/lean/Qq/Macro.olean', incompatible header
error: Lean exited with code 1
✖ [288/3123] Building Mathlib.Util.Qq (2.5s)
trace: .> LEAN_PATH=/home/hantao/code/FloatSpec/.lake/packages/Cli/.lake/build/lib/lean:/home/hantao/code/FloatSpec/.lake/packages/batteries/.lake/build/lib/lean:/home/hantao/code/FloatSpec/.lake/packages/Qq/.lake/build/lib/lean:/home/hantao/code/FloatSpec/.lake/packages/aesop/.lake/build/lib/lean:/home/hantao/code/FloatSpec/.lake/packages/proofwidgets/.lake/build/lib/lean:/home/hantao/code/FloatSpec/.lake/packages/importGraph/.lake/build/lib/lean:/home/hantao/code/FloatSpec/.lake/packages/LeanSearchClient/.lake/build/lib/lean:/home/hantao/code/FloatSpec/.lake/packages/plausible/.lake/build/lib/lean:/home/hantao/code/FloatSpec/.lake/packages/mathlib/.lake/build/lib/lean:/home/hantao/code/FloatSpec/.lake/build/lib/lean /home/hantao/.elan/toolchains/leanprover--lean4---v4.24.0-rc1/bin/lean /home/hantao/code/FloatSpec/.lake/packages/mathlib/Mathlib/Util/Qq.lean -o /home/hantao/code/FloatSpec/.lake/packages/mathlib/.lake/build/lib/lean/Mathlib/Util/Qq.olean -i /home/hantao/code/FloatSpec/.lake/packages/mathlib/.lake/build/lib/lean/Mathlib/Util/Qq.ilean -c /home/hantao/code/FloatSpec/.lake/packages/mathlib/.lake/build/ir/Mathlib/Util/Qq.c --setup /home/hantao/code/FloatSpec/.lake/packages/mathlib/.lake/build/ir/Mathlib/Util/Qq.setup.json --json
error: Mathlib/Util/Qq.lean:6:0: failed to read file '/home/hantao/code/FloatSpec/.lake/packages/Qq/.lake/build/lib/lean/Qq/Macro.olean', incompatible header
error: Lean exited with code 1
✔ [289/3123] Built Mathlib.Tactic.Lemma (2.6s)
✔ [290/3123] Built Mathlib.Data.String.Defs (2.6s)
✔ [291/3123] Built Mathlib.Lean.Elab.Term (2.6s)
✔ [292/3123] Built Mathlib.Tactic.Constructor (2.6s)
✔ [293/3123] Built Mathlib.Tactic.SuppressCompilation (2.0s)
✔ [294/3123] Built Mathlib.Lean.Meta.Simp (2.7s)
✔ [295/3123] Built Mathlib.Tactic.Coe (2.7s)
✔ [296/3123] Built Mathlib.Tactic.Rename (2.7s)
✖ [297/3123] Building Mathlib.Util.SynthesizeUsing (2.8s)
trace: .> LEAN_PATH=/home/hantao/code/FloatSpec/.lake/packages/Cli/.lake/build/lib/lean:/home/hantao/code/FloatSpec/.lake/packages/batteries/.lake/build/lib/lean:/home/hantao/code/FloatSpec/.lake/packages/Qq/.lake/build/lib/lean:/home/hantao/code/FloatSpec/.lake/packages/aesop/.lake/build/lib/lean:/home/hantao/code/FloatSpec/.lake/packages/proofwidgets/.lake/build/lib/lean:/home/hantao/code/FloatSpec/.lake/packages/importGraph/.lake/build/lib/lean:/home/hantao/code/FloatSpec/.lake/packages/LeanSearchClient/.lake/build/lib/lean:/home/hantao/code/FloatSpec/.lake/packages/plausible/.lake/build/lib/lean:/home/hantao/code/FloatSpec/.lake/packages/mathlib/.lake/build/lib/lean:/home/hantao/code/FloatSpec/.lake/build/lib/lean /home/hantao/.elan/toolchains/leanprover--lean4---v4.24.0-rc1/bin/lean /home/hantao/code/FloatSpec/.lake/packages/mathlib/Mathlib/Util/SynthesizeUsing.lean -o /home/hantao/code/FloatSpec/.lake/packages/mathlib/.lake/build/lib/lean/Mathlib/Util/SynthesizeUsing.olean -i /home/hantao/code/FloatSpec/.lake/packages/mathlib/.lake/build/lib/lean/Mathlib/Util/SynthesizeUsing.ilean -c /home/hantao/code/FloatSpec/.lake/packages/mathlib/.lake/build/ir/Mathlib/Util/SynthesizeUsing.c --setup /home/hantao/code/FloatSpec/.lake/packages/mathlib/.lake/build/ir/Mathlib/Util/SynthesizeUsing.setup.json --json
error: Mathlib/Util/SynthesizeUsing.lean:6:0: failed to read file '/home/hantao/code/FloatSpec/.lake/packages/Qq/.lake/build/lib/lean/Qq/Macro.olean', incompatible header
error: Lean exited with code 1
✔ [298/3123] Built Mathlib.CategoryTheory.ConcreteCategory.Bundled (2.0s)
✔ [299/3123] Built Mathlib.Data.Array.Defs (2.8s)
✔ [300/3123] Built Mathlib.Tactic.ClearExcept (2.8s)
✔ [301/3123] Built Mathlib.Tactic.TypeStar (2.9s)
✔ [302/3123] Built Mathlib.Util.AssertExistsExt (2.9s)
✖ [304/3123] Building Mathlib.Tactic.FunProp.FunctionData (540ms)
trace: .> LEAN_PATH=/home/hantao/code/FloatSpec/.lake/packages/Cli/.lake/build/lib/lean:/home/hantao/code/FloatSpec/.lake/packages/batteries/.lake/build/lib/lean:/home/hantao/code/FloatSpec/.lake/packages/Qq/.lake/build/lib/lean:/home/hantao/code/FloatSpec/.lake/packages/aesop/.lake/build/lib/lean:/home/hantao/code/FloatSpec/.lake/packages/proofwidgets/.lake/build/lib/lean:/home/hantao/code/FloatSpec/.lake/packages/importGraph/.lake/build/lib/lean:/home/hantao/code/FloatSpec/.lake/packages/LeanSearchClient/.lake/build/lib/lean:/home/hantao/code/FloatSpec/.lake/packages/plausible/.lake/build/lib/lean:/home/hantao/code/FloatSpec/.lake/packages/mathlib/.lake/build/lib/lean:/home/hantao/code/FloatSpec/.lake/build/lib/lean /home/hantao/.elan/toolchains/leanprover--lean4---v4.24.0-rc1/bin/lean /home/hantao/code/FloatSpec/.lake/packages/mathlib/Mathlib/Tactic/FunProp/FunctionData.lean -o /home/hantao/code/FloatSpec/.lake/packages/mathlib/.lake/build/lib/lean/Mathlib/Tactic/FunProp/FunctionData.olean -i /home/hantao/code/FloatSpec/.lake/packages/mathlib/.lake/build/lib/lean/Mathlib/Tactic/FunProp/FunctionData.ilean -c /home/hantao/code/FloatSpec/.lake/packages/mathlib/.lake/build/ir/Mathlib/Tactic/FunProp/FunctionData.c --setup /home/hantao/code/FloatSpec/.lake/packages/mathlib/.lake/build/ir/Mathlib/Tactic/FunProp/FunctionData.setup.json --json
error: Mathlib/Tactic/FunProp/FunctionData.lean:6:0: failed to read file '/home/hantao/code/FloatSpec/.lake/packages/Qq/.lake/build/lib/lean/Qq/Macro.olean', incompatible header
error: Lean exited with code 1
✔ [305/3123] Built Mathlib.Tactic.Eqns (3.2s)
✔ [306/3123] Built Mathlib.Tactic.Simps.NotationClass (3.3s)
✔ [307/3123] Built Mathlib.Tactic.AdaptationNote (3.3s)
✔ [308/3123] Built Mathlib.Tactic.Attr.Register (3.4s)
✔ [309/3123] Built Mathlib.Tactic.OfNat (3.3s)
✔ [310/3123] Built Mathlib.Tactic.PPWithUniv (3.4s)
✔ [311/3123] Built Mathlib.Tactic.Simproc.ExistsAndEq (3.3s)
✔ [312/3123] Built Mathlib.Tactic.CasesM (3.4s)
✔ [313/3123] Built Mathlib.Tactic.GuardGoalNums (3.3s)
✔ [314/3123] Built Mathlib.Tactic.Relation.Rfl (3.3s)
✔ [315/3123] Built Mathlib.Tactic.CC.Lemmas (3.3s)
✔ [316/3123] Built Mathlib.Tactic.CategoryTheory.Coherence.Datatypes (3.4s)
✔ [317/3123] Built Mathlib.Data.Int.Notation (3.5s)
✔ [318/3123] Built Mathlib.Data.Set.Defs (3.5s)
✔ [319/3123] Built Mathlib.Tactic.Substs (3.5s)
✔ [320/3123] Built Mathlib.Tactic.GuardHypNums (3.5s)
✔ [321/3123] Built Mathlib.Tactic.Linter.HaveLetLinter (3.5s)
✔ [322/3123] Built Mathlib.Tactic.SuccessIfFailWithMsg (3.7s)
✔ [323/3123] Built Mathlib.Tactic.Widget.SelectInsertParamsClass (3.5s)
✔ [324/3123] Built Mathlib.Util.TransImports (3.5s)
✔ [325/3123] Built Mathlib.Lean.Expr.Rat (3.7s)
✔ [326/3123] Built Mathlib.Tactic.TryThis (3.7s)
✔ [327/3123] Built Mathlib.Util.PPOptions (3.5s)
✔ [328/3123] Built Mathlib.Data.List.Monad (3.7s)
✔ [329/3123] Built Mathlib.Logic.OpClass (3.5s)
✔ [330/3123] Built Mathlib.Tactic.ExtendDoc (3.7s)
✔ [331/3123] Built Mathlib.Lean.Meta.KAbstractPositions (3.7s)
✔ [332/3123] Built Mathlib.Tactic.Spread (3.8s)
✔ [333/3123] Built Mathlib.Tactic.ErwQuestion (3.8s)
✔ [334/3123] Built Mathlib.Tactic.NthRewrite (3.9s)
✔ [335/3123] Built Mathlib.Lean.Meta.RefinedDiscrTree.Basic (3.8s)
✔ [336/3123] Built Mathlib.Lean.GoalsLocation (3.9s)
✔ [337/3123] Built Mathlib.Tactic.HaveI (3.9s)
✔ [339/3123] Built Mathlib.Tactic.ClearExclamation (3.9s)
✔ [340/3123] Built Mathlib.Control.Combinators (3.0s)
✔ [341/3123] Built Mathlib.Tactic.Monotonicity.Attr (3.0s)
✔ [342/3123] Built Mathlib.Tactic.Linarith.Oracle.SimplexAlgorithm.Datatypes (3.0s)
✔ [343/3123] Built Mathlib.Lean.Meta.Basic (4.0s)
✔ [344/3123] Built Mathlib.Tactic.ApplyWith (3.0s)
✔ [345/3123] Built Mathlib.Tactic.Trace (4.0s)
✔ [346/3123] Built Mathlib.Tactic.ExistsI (4.2s)
✔ [347/3123] Built Mathlib.Tactic.InferParam (4.2s)
✔ [348/3123] Built Mathlib.Tactic.TypeCheck (4.2s)
✔ [349/3123] Built Mathlib.Tactic.UnsetOption (4.1s)
✔ [350/3123] Built Mathlib.Tactic.WithoutCDot (4.3s)
✔ [351/3123] Built Mathlib.Tactic.Conv (4.2s)
✔ [352/3123] Built Mathlib.Tactic.FailIfNoProgress (4.2s)
✔ [353/3123] Built Mathlib.Tactic.Find (4.2s)
✔ [354/3123] Built Mathlib.Tactic.Observe (4.3s)
✔ [355/3123] Built Mathlib.Tactic.SudoSetOption (4.3s)
✔ [356/3123] Built Mathlib.Control.ULift (4.3s)
✔ [357/3123] Built Mathlib.Data.Int.DivMod (4.3s)
✔ [358/3123] Built Mathlib.Tactic.Replace (2.5s)
✔ [359/3123] Built Mathlib.Lean.Expr.ReplaceRec (2.3s)
✔ [360/3123] Built Mathlib.Lean.Expr.Basic (4.3s)
✔ [361/3123] Built Mathlib.Lean.PrettyPrinter.Delaborator (4.6s)
✔ [362/3123] Built Mathlib.Util.AtLocation (4.6s)
✔ [363/3123] Built Mathlib.Tactic.StacksAttribute (4.6s)
✔ [364/3123] Built Mathlib.Tactic.Linter.PPRoundtrip (4.6s)
✔ [365/3123] Built Mathlib.Tactic.Variable (4.3s)
✔ [366/3123] Built Mathlib.Data.PNat.Notation (2.3s)
✔ [367/3123] Built Mathlib.Tactic.Explode.Pretty (2.7s)
✔ [368/3123] Built Mathlib.Tactic.SimpRw (4.7s)
✔ [369/3123] Built Mathlib.Tactic.Check (4.6s)
✔ [370/3123] Built Mathlib.Util.CompileInductive (4.7s)
✔ [371/3123] Built Mathlib.Tactic.Recover (4.7s)
✔ [372/3123] Built Mathlib.Tactic.Set (4.8s)
✔ [373/3123] Built Mathlib.Tactic.SimpIntro (4.7s)
✔ [374/3123] Built Mathlib.Tactic.SwapVar (2.3s)
✔ [375/3123] Built Mathlib.Util.WhatsNew (4.7s)
✔ [376/3123] Built Mathlib.Data.Ordering.Basic (1.0s)
✔ [377/3123] Built Mathlib.Tactic.Linter.DeprecatedModule (4.9s)
✖ [378/3123] Building Mathlib.Order.Notation (389ms)
trace: .> LEAN_PATH=/home/hantao/code/FloatSpec/.lake/packages/Cli/.lake/build/lib/lean:/home/hantao/code/FloatSpec/.lake/packages/batteries/.lake/build/lib/lean:/home/hantao/code/FloatSpec/.lake/packages/Qq/.lake/build/lib/lean:/home/hantao/code/FloatSpec/.lake/packages/aesop/.lake/build/lib/lean:/home/hantao/code/FloatSpec/.lake/packages/proofwidgets/.lake/build/lib/lean:/home/hantao/code/FloatSpec/.lake/packages/importGraph/.lake/build/lib/lean:/home/hantao/code/FloatSpec/.lake/packages/LeanSearchClient/.lake/build/lib/lean:/home/hantao/code/FloatSpec/.lake/packages/plausible/.lake/build/lib/lean:/home/hantao/code/FloatSpec/.lake/packages/mathlib/.lake/build/lib/lean:/home/hantao/code/FloatSpec/.lake/build/lib/lean /home/hantao/.elan/toolchains/leanprover--lean4---v4.24.0-rc1/bin/lean /home/hantao/code/FloatSpec/.lake/packages/mathlib/Mathlib/Order/Notation.lean -o /home/hantao/code/FloatSpec/.lake/packages/mathlib/.lake/build/lib/lean/Mathlib/Order/Notation.olean -i /home/hantao/code/FloatSpec/.lake/packages/mathlib/.lake/build/lib/lean/Mathlib/Order/Notation.ilean -c /home/hantao/code/FloatSpec/.lake/packages/mathlib/.lake/build/ir/Mathlib/Order/Notation.c --setup /home/hantao/code/FloatSpec/.lake/packages/mathlib/.lake/build/ir/Mathlib/Order/Notation.setup.json --json
error: Mathlib/Order/Notation.lean:6:0: failed to read file '/home/hantao/code/FloatSpec/.lake/packages/Qq/.lake/build/lib/lean/Qq/Macro.olean', incompatible header
error: Lean exited with code 1
✔ [379/3123] Built Mathlib.Data.List.TFAE (1.0s)
✔ [381/3123] Built Mathlib.Logic.Function.ULift (1.0s)
✔ [382/3123] Built Mathlib.Logic.Function.CompTypeclasses (2.0s)
✔ [385/3123] Built Mathlib.Logic.Nontrivial.Defs (2.1s)
✔ [386/3123] Built Mathlib.Data.Option.Defs (2.2s)
✔ [387/3123] Built Mathlib.Data.Bracket (2.1s)
✔ [388/3123] Built Mathlib.Logic.Nonempty (2.2s)
✔ [389/3123] Built Mathlib.Tactic.ToLevel (1.7s)
✔ [390/3123] Built Mathlib.Util.CountHeartbeats (5.1s)
✔ [391/3123] Built Mathlib.Data.Prod.PProd (2.2s)
✔ [392/3123] Built Mathlib.Logic.Function.Coequalizer (2.2s)
✔ [393/3123] Built Mathlib.Util.AssertExists (2.3s)
✔ [394/3123] Built Mathlib.Tactic.Inhabit (2.3s)
✔ [395/3123] Built Mathlib.Tactic.Attr.Core (1.8s)
✔ [396/3123] Built Mathlib.Order.Bounds.Defs (1.8s)
✔ [397/3123] Built Mathlib.Data.Set.CoeSort (1.8s)
✔ [398/3123] Built Mathlib.Data.Rat.Init (2.4s)
✔ [399/3123] Built Aesop.Tree.Data.ForwardRuleMatches (3.7s)
✔ [400/3123] Built Mathlib.Logic.Function.Defs (2.2s)
✔ [401/3123] Built Aesop.Builder.Cases (4.5s)
✔ [402/3123] Built Mathlib.Logic.ExistsUnique (2.7s)
✔ [403/3123] Built Mathlib.Tactic.DepRewrite (6.0s)
✔ [404/3123] Built Mathlib.Tactic.Linter.TextBased (3.4s)
✔ [405/3123] Built Mathlib.Control.Functor (2.2s)
✔ [406/3123] Built Mathlib.Tactic.HigherOrder (2.5s)
✔ [407/3123] Built Mathlib.Tactic.FastInstance (5.9s)
✔ [408/3123] Built Mathlib.Tactic.ApplyAt (1.9s)
✔ [409/3123] Built Mathlib.Tactic.Widget.SelectPanelUtils (2.5s)
✔ [410/3123] Built Mathlib.Tactic.Linarith.Oracle.SimplexAlgorithm.SimplexAlgorithm (1.0s)
✔ [411/3123] Built Mathlib.Tactic.Linarith.Oracle.SimplexAlgorithm.Gauss (2.0s)
✔ [412/3123] Built Mathlib.Tactic.Monotonicity.Basic (1.0s)
✔ [413/3123] Built Mathlib.Data.Ineq (1.8s)
✔ [414/3123] Built Aesop.Index (4.2s)
✔ [415/3123] Built Mathlib.Tactic.ApplyCongr (1.9s)
✔ [416/3123] Built Mathlib.Tactic.ToAdditive.GuessName (3.7s)
✔ [417/3123] Built Mathlib.Data.Int.Init (2.8s)
✔ [418/3123] Built Mathlib.Tactic.RenameBVar (2.1s)
✔ [419/3123] Built Aesop.RuleTac.Forward (4.6s)
✔ [420/3123] Built Mathlib.Tactic.ScopedNS (4.0s)
✔ [421/3123] Built Mathlib.Tactic.Linter (1.5s)
✔ [422/3123] Built Mathlib.Tactic.ToExpr (1.8s)
✔ [423/3123] Built Mathlib.Tactic.Push.Attr (2.3s)
✔ [424/3123] Built Mathlib.Util.TermReduce (2.2s)
✔ [425/3123] Built Mathlib.Data.Int.Cast.Pi (1.3s)
✔ [426/3123] Built Mathlib.Lean.Meta.RefinedDiscrTree.Encode (2.8s)
✔ [427/3123] Built Mathlib.Tactic.CategoryTheory.Coherence.PureCoherence (3.4s)
✔ [428/3123] Built Mathlib.Data.Tree.Basic (2.0s)
✔ [429/3123] Built Mathlib.Lean.Meta.RefinedDiscrTree.Initialize (3.0s)
✔ [430/3123] Built Mathlib.Util.PrintSorries (2.5s)
✔ [431/3123] Built Mathlib.Tactic.Basic (3.3s)
✔ [432/3123] Built Mathlib.Tactic.Explode (2.4s)
✔ [433/3123] Built Mathlib.Tactic.Core (2.8s)
✔ [434/3123] Built Mathlib.Tactic.DeprecateTo (2.8s)
✔ [436/3123] Built Mathlib.Data.Option.NAry (1.7s)
✔ [437/3123] Built Mathlib.Logic.Relator (1.7s)
✔ [438/3123] Built Mathlib.Control.Basic (1.8s)
✔ [439/3123] Built Mathlib.Tactic.Linarith.Oracle.SimplexAlgorithm.PositiveVector (1.4s)
✔ [440/3123] Built Mathlib.Tactic.Use (3.1s)
✔ [441/3123] Built Mathlib.Tactic.Widget.Conv (1.7s)
✔ [442/3123] Built Mathlib.Tactic.Cases (3.3s)
✔ [443/3123] Built Mathlib.Data.Nat.Init (2.8s)
✔ [444/3123] Built Mathlib.Tactic.Widget.InteractiveUnfold (2.1s)
✔ [445/3123] Built Aesop.RuleTac (1.8s)
✔ [446/3123] Built Mathlib.Tactic.Widget.Calc (2.4s)
✔ [447/3123] Built Mathlib.Lean.Meta.RefinedDiscrTree.Lookup (2.2s)
✔ [448/3123] Built Mathlib.Control.Traversable.Basic (1.5s)
✔ [454/3123] Built Mathlib.Tactic.CategoryTheory.Coherence.Normalize (5.6s)
✔ [455/3123] Built Mathlib.Tactic.ExtractLets (1.9s)
✔ [456/3123] Built Mathlib.Tactic.LiftLets (1.8s)
✔ [457/3123] Built Mathlib.Tactic.SplitIfs (1.8s)
✔ [458/3123] Built Mathlib.Tactic.RSuffices (2.0s)
✔ [459/3123] Built Mathlib.Tactic.FBinop (2.6s)
✔ [460/3123] Built Mathlib.Tactic.WLOG (2.0s)
✔ [461/3123] Built Aesop.Forward.State (7.6s)
✔ [462/3123] Built Mathlib.Logic.Basic (2.9s)
✔ [464/3123] Built Mathlib.Lean.Meta.RefinedDiscrTree (1.2s)
✔ [466/3123] Built Aesop.RuleSet (3.8s)
✔ [467/3123] Built Mathlib.Tactic.Lift (3.0s)
✔ [468/3123] Built Mathlib.Tactic.GeneralizeProofs (5.8s)
✔ [469/3123] Built Mathlib.Tactic.DefEqTransformations (3.2s)
✔ [470/3123] Built Mathlib.Data.SProd (1.2s)
✔ [472/3123] Built Mathlib.Order.Defs.Unbundled (1.4s)
✔ [473/3123] Built Aesop.Frontend.RuleExpr (4.8s)
✔ [476/3123] Built Mathlib.Order.Defs.PartialOrder (1.5s)
✔ [477/3123] Built Mathlib.Tactic.Simps.Basic (6.6s)
✔ [478/3123] Built Mathlib.Util.Delaborators (8.1s)
✔ [479/3123] Built Aesop.Frontend.Extension.Init (1.8s)
✔ [480/3123] Built Mathlib.Order.Interval.Set.Defs (1.3s)
✔ [481/3123] Built Mathlib.Data.Sigma.Lex (1.5s)
✔ [482/3123] Built Aesop.Forward.State.ApplyGoalDiff (2.0s)
✔ [483/3123] Built Aesop.Forward.State.Initial (2.2s)
✔ [485/3123] Built Mathlib.Tactic.GCongr.CoreAttrs (1.7s)
✔ [486/3123] Built Mathlib.Order.Defs.LinearOrder (1.9s)
✔ [487/3123] Built Mathlib.Algebra.NeZero (1.9s)
✔ [488/3123] Built Mathlib.Tactic.Subsingleton (2.7s)
✔ [489/3123] Built Aesop.Tree.Data (3.3s)
✔ [490/3123] Built Mathlib.Tactic.GRewrite.Core (2.4s)
✔ [491/3123] Built Mathlib.Data.List.Flatten (2.4s)
✔ [492/3123] Built Mathlib.Logic.Function.Basic (3.1s)
✔ [503/3123] Built Mathlib.Data.Int.Order.Basic (1.2s)
✔ [505/3123] Built Mathlib.Tactic.GCongr (1.5s)
✔ [506/3123] Built Mathlib.Tactic.Widget.LibraryRewrite (3.7s)
✔ [508/3123] Built Aesop.Frontend.Extension (2.0s)
✔ [519/3123] Built Mathlib.Tactic.Push (4.3s)
✔ [521/3123] Built Aesop.Search.Queue.Class (1.6s)
✔ [522/3123] Built Aesop.Tree.RunMetaM (1.9s)
✔ [523/3123] Built Aesop.Tree.Traversal (1.9s)
✔ [524/3123] Built Mathlib.Data.Bool.Basic (2.2s)
✔ [525/3123] Built Aesop.Tree.TreeM (2.2s)
✔ [526/3123] Built Mathlib.Tactic.GRewrite.Elab (2.7s)
✔ [527/3123] Built Mathlib.Logic.Pairwise (1.9s)
✔ [529/3123] Built Aesop.BuiltinRules.Rfl (1.9s)
✔ [530/3123] Built Mathlib.Logic.Unique (2.1s)
✔ [533/3123] Built Aesop.BuiltinRules.Assumption (2.1s)
✔ [534/3123] Built Mathlib.Tactic.ByContra (1.9s)
✔ [535/3123] Built Mathlib.Data.Nat.Basic (2.1s)
✔ [536/3123] Built Mathlib.Util.Notation3 (9.9s)
✔ [540/3123] Built Aesop.Tree.Free (1.9s)
✔ [541/3123] Built Aesop.Frontend.Tactic (2.9s)
✔ [542/3123] Built Mathlib.Tactic.ToAdditive.Frontend (5.0s)
✔ [544/3123] Built Aesop.Tree.State (2.3s)
✔ [545/3123] Built Aesop.Search.SearchM (2.2s)
✔ [546/3123] Built Mathlib.Tactic.GRewrite (1.5s)
✔ [547/3123] Built Aesop.Tree.ExtractProof (2.5s)
✔ [548/3123] Built Aesop.Tree.Tracing (2.8s)
✔ [549/3123] Built Aesop.BuiltinRules (1.6s)
✔ [550/3123] Built Mathlib.Data.FunLike.Equiv (1.8s)
✔ [565/3123] Built Mathlib.Tactic.CC.Datatypes (4.4s)
✔ [569/3123] Built Aesop.Tree.ExtractScript (3.2s)
✔ [570/3123] Built Mathlib.Tactic.CongrExclamation (4.6s)
✔ [594/3123] Built Mathlib.Algebra.Notation.Lemmas (1.2s)
✔ [596/3123] Built Mathlib.Data.Nat.Find (2.0s)
✔ [597/3123] Built Mathlib.Algebra.Notation (1.4s)
✔ [598/3123] Built Mathlib.Algebra.Notation.Defs (1.8s)
✔ [599/3123] Built Mathlib.Data.Nat.Sqrt (2.7s)
✔ [600/3123] Built Aesop.Search.RuleSelection (1.9s)
✔ [601/3123] Built Aesop.Tree.AddRapp (4.5s)
✔ [602/3123] Built Aesop.Tree.Check (2.9s)
✔ [603/3123] Built Mathlib.Algebra.Regular.Defs (1.3s)
✔ [638/3123] Built Mathlib.Algebra.Notation.Pi.Defs (1.7s)
✔ [643/3123] Built Mathlib.Data.Int.Basic (2.5s)
✔ [644/3123] Built Mathlib.Tactic.Widget.CongrM (2.4s)
✔ [645/3123] Built Aesop.Tree (1.4s)
✔ [646/3123] Built Mathlib.Algebra.Notation.Pi.Basic (1.9s)
✔ [650/3123] Built Aesop.Search.Queue (1.5s)
✔ [651/3123] Built Aesop.Search.Expansion.Norm (4.7s)
✔ [652/3123] Built Aesop.Search.Expansion (2.5s)
✖ [653/3123] Building Aesop.Search.ExpandSafePrefix (587ms)
trace: .> LEAN_PATH=/home/hantao/code/FloatSpec/.lake/packages/Cli/.lake/build/lib/lean:/home/hantao/code/FloatSpec/.lake/packages/batteries/.lake/build/lib/lean:/home/hantao/code/FloatSpec/.lake/packages/Qq/.lake/build/lib/lean:/home/hantao/code/FloatSpec/.lake/packages/aesop/.lake/build/lib/lean:/home/hantao/code/FloatSpec/.lake/packages/proofwidgets/.lake/build/lib/lean:/home/hantao/code/FloatSpec/.lake/packages/importGraph/.lake/build/lib/lean:/home/hantao/code/FloatSpec/.lake/packages/LeanSearchClient/.lake/build/lib/lean:/home/hantao/code/FloatSpec/.lake/packages/plausible/.lake/build/lib/lean:/home/hantao/code/FloatSpec/.lake/packages/mathlib/.lake/build/lib/lean:/home/hantao/code/FloatSpec/.lake/build/lib/lean /home/hantao/.elan/toolchains/leanprover--lean4---v4.24.0-rc1/bin/lean /home/hantao/code/FloatSpec/.lake/packages/aesop/Aesop/Search/ExpandSafePrefix.lean -o /home/hantao/code/FloatSpec/.lake/packages/aesop/.lake/build/lib/lean/Aesop/Search/ExpandSafePrefix.olean -i /home/hantao/code/FloatSpec/.lake/packages/aesop/.lake/build/lib/lean/Aesop/Search/ExpandSafePrefix.ilean -c /home/hantao/code/FloatSpec/.lake/packages/aesop/.lake/build/ir/Aesop/Search/ExpandSafePrefix.c --setup /home/hantao/code/FloatSpec/.lake/packages/aesop/.lake/build/ir/Aesop/Search/ExpandSafePrefix.setup.json --json
error: Aesop/Search/ExpandSafePrefix.lean:6:0: failed to read file '/home/hantao/code/FloatSpec/.lake/packages/aesop/.lake/build/lib/lean/Aesop/Forward/PremiseIndex.olean', incompatible header
error: Lean exited with code 1
Some required targets logged failures:
- Mathlib.Tactic.Eval
- Mathlib.Lean.Meta
- Mathlib.Util.AtomM
- Mathlib.Tactic.Says
- Mathlib.Util.Qq
- Mathlib.Util.SynthesizeUsing
- Mathlib.Tactic.FunProp.FunctionData
- Mathlib.Order.Notation
- Aesop.Search.ExpandSafePrefix
error: build failed
