Building at 20250905_141335
⚠ [3073/3114] Replayed FloatSpec.src.Core.Round_pred
warning: FloatSpec/src/Core/Round_pred.lean:291:23: unused variable `rnd`

Note: This linter can be disabled with `set_option linter.unusedVariables false`
warning: FloatSpec/src/Core/Round_pred.lean:291:44: unused variable `x`

Note: This linter can be disabled with `set_option linter.unusedVariables false`
warning: FloatSpec/src/Core/Round_pred.lean:315:23: unused variable `rnd`

Note: This linter can be disabled with `set_option linter.unusedVariables false`
warning: FloatSpec/src/Core/Round_pred.lean:339:24: unused variable `rnd`

Note: This linter can be disabled with `set_option linter.unusedVariables false`
warning: FloatSpec/src/Core/Round_pred.lean:339:45: unused variable `x`

Note: This linter can be disabled with `set_option linter.unusedVariables false`
warning: FloatSpec/src/Core/Round_pred.lean:339:47: unused variable `f1`

Note: This linter can be disabled with `set_option linter.unusedVariables false`
warning: FloatSpec/src/Core/Round_pred.lean:339:50: unused variable `f2`

Note: This linter can be disabled with `set_option linter.unusedVariables false`
warning: FloatSpec/src/Core/Round_pred.lean:366:30: unused variable `F`

Note: This linter can be disabled with `set_option linter.unusedVariables false`
warning: FloatSpec/src/Core/Round_pred.lean:389:28: unused variable `F`

Note: This linter can be disabled with `set_option linter.unusedVariables false`
warning: FloatSpec/src/Core/Round_pred.lean:389:43: unused variable `x`

Note: This linter can be disabled with `set_option linter.unusedVariables false`
warning: FloatSpec/src/Core/Round_pred.lean:389:45: unused variable `f1`

Note: This linter can be disabled with `set_option linter.unusedVariables false`
warning: FloatSpec/src/Core/Round_pred.lean:389:48: unused variable `f2`

Note: This linter can be disabled with `set_option linter.unusedVariables false`
warning: FloatSpec/src/Core/Round_pred.lean:412:25: unused variable `F`

Note: This linter can be disabled with `set_option linter.unusedVariables false`
warning: FloatSpec/src/Core/Round_pred.lean:412:40: unused variable `rnd1`

Note: This linter can be disabled with `set_option linter.unusedVariables false`
warning: FloatSpec/src/Core/Round_pred.lean:412:45: unused variable `rnd2`

Note: This linter can be disabled with `set_option linter.unusedVariables false`
warning: FloatSpec/src/Core/Round_pred.lean:412:60: unused variable `x`

Note: This linter can be disabled with `set_option linter.unusedVariables false`
warning: FloatSpec/src/Core/Round_pred.lean:439:30: unused variable `F`

Note: This linter can be disabled with `set_option linter.unusedVariables false`
warning: FloatSpec/src/Core/Round_pred.lean:462:28: unused variable `F`

Note: This linter can be disabled with `set_option linter.unusedVariables false`
warning: FloatSpec/src/Core/Round_pred.lean:462:43: unused variable `x`

Note: This linter can be disabled with `set_option linter.unusedVariables false`
warning: FloatSpec/src/Core/Round_pred.lean:462:45: unused variable `f1`

Note: This linter can be disabled with `set_option linter.unusedVariables false`
warning: FloatSpec/src/Core/Round_pred.lean:462:48: unused variable `f2`

Note: This linter can be disabled with `set_option linter.unusedVariables false`
warning: FloatSpec/src/Core/Round_pred.lean:485:25: unused variable `F`

Note: This linter can be disabled with `set_option linter.unusedVariables false`
warning: FloatSpec/src/Core/Round_pred.lean:485:40: unused variable `rnd1`

Note: This linter can be disabled with `set_option linter.unusedVariables false`
warning: FloatSpec/src/Core/Round_pred.lean:485:45: unused variable `rnd2`

Note: This linter can be disabled with `set_option linter.unusedVariables false`
warning: FloatSpec/src/Core/Round_pred.lean:485:60: unused variable `x`

Note: This linter can be disabled with `set_option linter.unusedVariables false`
warning: FloatSpec/src/Core/Round_pred.lean:512:29: unused variable `F`

Note: This linter can be disabled with `set_option linter.unusedVariables false`
warning: FloatSpec/src/Core/Round_pred.lean:512:44: unused variable `x`

Note: This linter can be disabled with `set_option linter.unusedVariables false`
warning: FloatSpec/src/Core/Round_pred.lean:512:46: unused variable `f`

Note: This linter can be disabled with `set_option linter.unusedVariables false`
warning: FloatSpec/src/Core/Round_pred.lean:535:29: unused variable `F`

Note: This linter can be disabled with `set_option linter.unusedVariables false`
warning: FloatSpec/src/Core/Round_pred.lean:535:44: unused variable `x`

Note: This linter can be disabled with `set_option linter.unusedVariables false`
warning: FloatSpec/src/Core/Round_pred.lean:535:46: unused variable `f`

Note: This linter can be disabled with `set_option linter.unusedVariables false`
warning: FloatSpec/src/Core/Round_pred.lean:562:26: unused variable `F`

Note: This linter can be disabled with `set_option linter.unusedVariables false`
warning: FloatSpec/src/Core/Round_pred.lean:562:41: unused variable `x`

Note: This linter can be disabled with `set_option linter.unusedVariables false`
warning: FloatSpec/src/Core/Round_pred.lean:585:32: unused variable `F`

Note: This linter can be disabled with `set_option linter.unusedVariables false`
warning: FloatSpec/src/Core/Round_pred.lean:585:47: unused variable `x`

Note: This linter can be disabled with `set_option linter.unusedVariables false`
warning: FloatSpec/src/Core/Round_pred.lean:585:49: unused variable `f`

Note: This linter can be disabled with `set_option linter.unusedVariables false`
warning: FloatSpec/src/Core/Round_pred.lean:608:26: unused variable `F`

Note: This linter can be disabled with `set_option linter.unusedVariables false`
warning: FloatSpec/src/Core/Round_pred.lean:608:41: unused variable `x`

Note: This linter can be disabled with `set_option linter.unusedVariables false`
warning: FloatSpec/src/Core/Round_pred.lean:630:32: unused variable `F`

Note: This linter can be disabled with `set_option linter.unusedVariables false`
warning: FloatSpec/src/Core/Round_pred.lean:630:47: unused variable `x`

Note: This linter can be disabled with `set_option linter.unusedVariables false`
warning: FloatSpec/src/Core/Round_pred.lean:630:49: unused variable `f`

Note: This linter can be disabled with `set_option linter.unusedVariables false`
warning: FloatSpec/src/Core/Round_pred.lean:657:22: unused variable `F`

Note: This linter can be disabled with `set_option linter.unusedVariables false`
warning: FloatSpec/src/Core/Round_pred.lean:657:37: unused variable `rnd`

Note: This linter can be disabled with `set_option linter.unusedVariables false`
warning: FloatSpec/src/Core/Round_pred.lean:657:51: unused variable `x`

Note: This linter can be disabled with `set_option linter.unusedVariables false`
✖ [6136/6203] Building FloatSpec.src.Core.Digits (3.5s)
trace: .> LEAN_PATH=/Users/louhantao/Desktop/code/semester_6.5/FloatSpec/.lake/packages/Cli/.lake/build/lib/lean:/Users/louhantao/Desktop/code/semester_6.5/FloatSpec/.lake/packages/batteries/.lake/build/lib/lean:/Users/louhantao/Desktop/code/semester_6.5/FloatSpec/.lake/packages/Qq/.lake/build/lib/lean:/Users/louhantao/Desktop/code/semester_6.5/FloatSpec/.lake/packages/aesop/.lake/build/lib/lean:/Users/louhantao/Desktop/code/semester_6.5/FloatSpec/.lake/packages/proofwidgets/.lake/build/lib/lean:/Users/louhantao/Desktop/code/semester_6.5/FloatSpec/.lake/packages/importGraph/.lake/build/lib/lean:/Users/louhantao/Desktop/code/semester_6.5/FloatSpec/.lake/packages/LeanSearchClient/.lake/build/lib/lean:/Users/louhantao/Desktop/code/semester_6.5/FloatSpec/.lake/packages/plausible/.lake/build/lib/lean:/Users/louhantao/Desktop/code/semester_6.5/FloatSpec/.lake/packages/mathlib/.lake/build/lib/lean:/Users/louhantao/Desktop/code/semester_6.5/FloatSpec/.lake/build/lib/lean /Users/louhantao/.elan/toolchains/leanprover--lean4---v4.23.0-rc2/bin/lean /Users/louhantao/Desktop/code/semester_6.5/FloatSpec/FloatSpec/src/Core/Digits.lean -o /Users/louhantao/Desktop/code/semester_6.5/FloatSpec/.lake/build/lib/lean/FloatSpec/src/Core/Digits.olean -i /Users/louhantao/Desktop/code/semester_6.5/FloatSpec/.lake/build/lib/lean/FloatSpec/src/Core/Digits.ilean -c /Users/louhantao/Desktop/code/semester_6.5/FloatSpec/.lake/build/ir/FloatSpec/src/Core/Digits.c --setup /Users/louhantao/Desktop/code/semester_6.5/FloatSpec/.lake/build/ir/FloatSpec/src/Core/Digits.setup.json --json
warning: FloatSpec/src/Core/Digits.lean:165:26: This simp argument is unused:
  Nat.add_sub_cancel 1 (bits m2)

Hint: Omit it from the simp argument list.
  simp [bits_succ2,̵ ̵N̵a̵t̵.̵a̵d̵d̵_̵s̵u̵b̵_̵c̵a̵n̵c̵e̵l̵ ̵1̵ ̵(̵b̵i̵t̵s̵ ̵m̵2̵)̵]

Note: This linter can be disabled with `set_option linter.unusedSimpArgs false`
warning: FloatSpec/src/Core/Digits.lean:530:53: try 'simp' instead of 'simpa'

Note: This linter can be disabled with `set_option linter.unnecessarySimpa false`
error: FloatSpec/src/Core/Digits.lean:733:11: Insufficient number of fields for `⟨...⟩` constructor: Constructor `Eq.refl` does not have explicit fields, but 3 were provided
error: FloatSpec/src/Core/Digits.lean:736:4: No goals to be solved
error: FloatSpec/src/Core/Digits.lean:934:11: Insufficient number of fields for `⟨...⟩` constructor: Constructor `Eq.refl` does not have explicit fields, but 3 were provided
error: FloatSpec/src/Core/Digits.lean:936:4: No goals to be solved
warning: FloatSpec/src/Core/Digits.lean:960:8: declaration uses 'sorry'
warning: FloatSpec/src/Core/Digits.lean:990:8: declaration uses 'sorry'
warning: FloatSpec/src/Core/Digits.lean:1017:8: declaration uses 'sorry'
warning: FloatSpec/src/Core/Digits.lean:1060:8: declaration uses 'sorry'
warning: FloatSpec/src/Core/Digits.lean:1102:8: declaration uses 'sorry'
warning: FloatSpec/src/Core/Digits.lean:1109:8: declaration uses 'sorry'
warning: FloatSpec/src/Core/Digits.lean:1117:8: declaration uses 'sorry'
warning: FloatSpec/src/Core/Digits.lean:1125:8: declaration uses 'sorry'
warning: FloatSpec/src/Core/Digits.lean:1156:8: declaration uses 'sorry'
warning: FloatSpec/src/Core/Digits.lean:1187:8: declaration uses 'sorry'
warning: FloatSpec/src/Core/Digits.lean:1194:8: declaration uses 'sorry'
warning: FloatSpec/src/Core/Digits.lean:1201:8: declaration uses 'sorry'
warning: FloatSpec/src/Core/Digits.lean:1239:8: declaration uses 'sorry'
warning: FloatSpec/src/Core/Digits.lean:1266:8: declaration uses 'sorry'
warning: FloatSpec/src/Core/Digits.lean:1318:8: declaration uses 'sorry'
warning: FloatSpec/src/Core/Digits.lean:1358:8: declaration uses 'sorry'
warning: FloatSpec/src/Core/Digits.lean:1382:8: declaration uses 'sorry'
warning: FloatSpec/src/Core/Digits.lean:1410:8: declaration uses 'sorry'
warning: FloatSpec/src/Core/Digits.lean:1434:8: declaration uses 'sorry'
warning: FloatSpec/src/Core/Digits.lean:1469:8: declaration uses 'sorry'
warning: FloatSpec/src/Core/Digits.lean:1495:8: declaration uses 'sorry'
warning: FloatSpec/src/Core/Digits.lean:1585:8: declaration uses 'sorry'
warning: FloatSpec/src/Core/Digits.lean:1613:8: declaration uses 'sorry'
warning: FloatSpec/src/Core/Digits.lean:1633:8: declaration uses 'sorry'
warning: FloatSpec/src/Core/Digits.lean:1656:8: declaration uses 'sorry'
warning: FloatSpec/src/Core/Digits.lean:1675:8: declaration uses 'sorry'
warning: FloatSpec/src/Core/Digits.lean:1723:8: declaration uses 'sorry'
warning: FloatSpec/src/Core/Digits.lean:1754:10: This simp argument is unused:
  hn0

Hint: Omit it from the simp argument list.
  simp ̵[̵h̵n̵0̵]̵

Note: This linter can be disabled with `set_option linter.unusedSimpArgs false`
warning: FloatSpec/src/Core/Digits.lean:1757:18: This simp argument is unused:
  Nat.succ_eq_add_one

Hint: Omit it from the simp argument list.
  simp [hpos,̵ ̵N̵a̵t̵.̵s̵u̵c̵c̵_̵e̵q̵_̵a̵d̵d̵_̵o̵n̵e̵]

Note: This linter can be disabled with `set_option linter.unusedSimpArgs false`
warning: FloatSpec/src/Core/Digits.lean:1771:18: This simp argument is unused:
  hnonneg

Hint: Omit it from the simp argument list.
  simp [hpos, h̵n̵o̵n̵n̵e̵g̵,̵ ̵Int.natAbs_neg, Nat.succ_eq_add_one]

Note: This linter can be disabled with `set_option linter.unusedSimpArgs false`
warning: FloatSpec/src/Core/Digits.lean:1771:27: This simp argument is unused:
  Int.natAbs_neg

Hint: Omit it from the simp argument list.
  simp [hpos, hnonneg, I̵n̵t̵.̵n̵a̵t̵A̵b̵s̵_̵n̵e̵g̵,̵ ̵Nat.succ_eq_add_one]

Note: This linter can be disabled with `set_option linter.unusedSimpArgs false`
warning: FloatSpec/src/Core/Digits.lean:1771:43: This simp argument is unused:
  Nat.succ_eq_add_one

Hint: Omit it from the simp argument list.
  simp [hpos, hnonneg, Int.natAbs_neg,̵ ̵N̵a̵t̵.̵s̵u̵c̵c̵_̵e̵q̵_̵a̵d̵d̵_̵o̵n̵e̵]

Note: This linter can be disabled with `set_option linter.unusedSimpArgs false`
warning: FloatSpec/src/Core/Digits.lean:1797:8: declaration uses 'sorry'
warning: FloatSpec/src/Core/Digits.lean:1835:8: declaration uses 'sorry'
warning: FloatSpec/src/Core/Digits.lean:1865:8: declaration uses 'sorry'
warning: FloatSpec/src/Core/Digits.lean:1903:8: declaration uses 'sorry'
warning: FloatSpec/src/Core/Digits.lean:1925:8: declaration uses 'sorry'
warning: FloatSpec/src/Core/Digits.lean:1950:8: declaration uses 'sorry'
warning: FloatSpec/src/Core/Digits.lean:1973:8: declaration uses 'sorry'
warning: FloatSpec/src/Core/Digits.lean:1998:8: declaration uses 'sorry'
warning: FloatSpec/src/Core/Digits.lean:2021:8: declaration uses 'sorry'
warning: FloatSpec/src/Core/Digits.lean:2042:8: declaration uses 'sorry'
warning: FloatSpec/src/Core/Digits.lean:2064:8: declaration uses 'sorry'
warning: FloatSpec/src/Core/Digits.lean:2085:8: declaration uses 'sorry'
warning: FloatSpec/src/Core/Digits.lean:2123:8: declaration uses 'sorry'
warning: FloatSpec/src/Core/Digits.lean:2151:8: declaration uses 'sorry'
warning: FloatSpec/src/Core/Digits.lean:2183:8: declaration uses 'sorry'
warning: FloatSpec/src/Core/Digits.lean:2236:8: declaration uses 'sorry'
warning: FloatSpec/src/Core/Digits.lean:2262:8: declaration uses 'sorry'
warning: FloatSpec/src/Core/Digits.lean:2293:8: declaration uses 'sorry'
warning: FloatSpec/src/Core/Digits.lean:2319:8: declaration uses 'sorry'
error: Lean exited with code 1
Some required targets logged failures:
- FloatSpec.src.Core.Digits
error: build failed
