Building at 20250905_121413
⚠ [3073/3114] Replayed FloatSpec.src.Core.Round_pred
warning: FloatSpec/src/Core/Round_pred.lean:291:23: unused variable `rnd`

Note: This linter can be disabled with `set_option linter.unusedVariables false`
warning: FloatSpec/src/Core/Round_pred.lean:291:44: unused variable `x`

Note: This linter can be disabled with `set_option linter.unusedVariables false`
warning: FloatSpec/src/Core/Round_pred.lean:315:23: unused variable `rnd`

Note: This linter can be disabled with `set_option linter.unusedVariables false`
warning: FloatSpec/src/Core/Round_pred.lean:339:24: unused variable `rnd`

Note: This linter can be disabled with `set_option linter.unusedVariables false`
warning: FloatSpec/src/Core/Round_pred.lean:339:45: unused variable `x`

Note: This linter can be disabled with `set_option linter.unusedVariables false`
warning: FloatSpec/src/Core/Round_pred.lean:339:47: unused variable `f1`

Note: This linter can be disabled with `set_option linter.unusedVariables false`
warning: FloatSpec/src/Core/Round_pred.lean:339:50: unused variable `f2`

Note: This linter can be disabled with `set_option linter.unusedVariables false`
warning: FloatSpec/src/Core/Round_pred.lean:366:30: unused variable `F`

Note: This linter can be disabled with `set_option linter.unusedVariables false`
warning: FloatSpec/src/Core/Round_pred.lean:389:28: unused variable `F`

Note: This linter can be disabled with `set_option linter.unusedVariables false`
warning: FloatSpec/src/Core/Round_pred.lean:389:43: unused variable `x`

Note: This linter can be disabled with `set_option linter.unusedVariables false`
warning: FloatSpec/src/Core/Round_pred.lean:389:45: unused variable `f1`

Note: This linter can be disabled with `set_option linter.unusedVariables false`
warning: FloatSpec/src/Core/Round_pred.lean:389:48: unused variable `f2`

Note: This linter can be disabled with `set_option linter.unusedVariables false`
warning: FloatSpec/src/Core/Round_pred.lean:412:25: unused variable `F`

Note: This linter can be disabled with `set_option linter.unusedVariables false`
warning: FloatSpec/src/Core/Round_pred.lean:412:40: unused variable `rnd1`

Note: This linter can be disabled with `set_option linter.unusedVariables false`
warning: FloatSpec/src/Core/Round_pred.lean:412:45: unused variable `rnd2`

Note: This linter can be disabled with `set_option linter.unusedVariables false`
warning: FloatSpec/src/Core/Round_pred.lean:412:60: unused variable `x`

Note: This linter can be disabled with `set_option linter.unusedVariables false`
warning: FloatSpec/src/Core/Round_pred.lean:439:30: unused variable `F`

Note: This linter can be disabled with `set_option linter.unusedVariables false`
warning: FloatSpec/src/Core/Round_pred.lean:462:28: unused variable `F`

Note: This linter can be disabled with `set_option linter.unusedVariables false`
warning: FloatSpec/src/Core/Round_pred.lean:462:43: unused variable `x`

Note: This linter can be disabled with `set_option linter.unusedVariables false`
warning: FloatSpec/src/Core/Round_pred.lean:462:45: unused variable `f1`

Note: This linter can be disabled with `set_option linter.unusedVariables false`
warning: FloatSpec/src/Core/Round_pred.lean:462:48: unused variable `f2`

Note: This linter can be disabled with `set_option linter.unusedVariables false`
warning: FloatSpec/src/Core/Round_pred.lean:485:25: unused variable `F`

Note: This linter can be disabled with `set_option linter.unusedVariables false`
warning: FloatSpec/src/Core/Round_pred.lean:485:40: unused variable `rnd1`

Note: This linter can be disabled with `set_option linter.unusedVariables false`
warning: FloatSpec/src/Core/Round_pred.lean:485:45: unused variable `rnd2`

Note: This linter can be disabled with `set_option linter.unusedVariables false`
warning: FloatSpec/src/Core/Round_pred.lean:485:60: unused variable `x`

Note: This linter can be disabled with `set_option linter.unusedVariables false`
warning: FloatSpec/src/Core/Round_pred.lean:512:29: unused variable `F`

Note: This linter can be disabled with `set_option linter.unusedVariables false`
warning: FloatSpec/src/Core/Round_pred.lean:512:44: unused variable `x`

Note: This linter can be disabled with `set_option linter.unusedVariables false`
warning: FloatSpec/src/Core/Round_pred.lean:512:46: unused variable `f`

Note: This linter can be disabled with `set_option linter.unusedVariables false`
warning: FloatSpec/src/Core/Round_pred.lean:535:29: unused variable `F`

Note: This linter can be disabled with `set_option linter.unusedVariables false`
warning: FloatSpec/src/Core/Round_pred.lean:535:44: unused variable `x`

Note: This linter can be disabled with `set_option linter.unusedVariables false`
warning: FloatSpec/src/Core/Round_pred.lean:535:46: unused variable `f`

Note: This linter can be disabled with `set_option linter.unusedVariables false`
warning: FloatSpec/src/Core/Round_pred.lean:562:26: unused variable `F`

Note: This linter can be disabled with `set_option linter.unusedVariables false`
warning: FloatSpec/src/Core/Round_pred.lean:562:41: unused variable `x`

Note: This linter can be disabled with `set_option linter.unusedVariables false`
warning: FloatSpec/src/Core/Round_pred.lean:585:32: unused variable `F`

Note: This linter can be disabled with `set_option linter.unusedVariables false`
warning: FloatSpec/src/Core/Round_pred.lean:585:47: unused variable `x`

Note: This linter can be disabled with `set_option linter.unusedVariables false`
warning: FloatSpec/src/Core/Round_pred.lean:585:49: unused variable `f`

Note: This linter can be disabled with `set_option linter.unusedVariables false`
warning: FloatSpec/src/Core/Round_pred.lean:608:26: unused variable `F`

Note: This linter can be disabled with `set_option linter.unusedVariables false`
warning: FloatSpec/src/Core/Round_pred.lean:608:41: unused variable `x`

Note: This linter can be disabled with `set_option linter.unusedVariables false`
warning: FloatSpec/src/Core/Round_pred.lean:630:32: unused variable `F`

Note: This linter can be disabled with `set_option linter.unusedVariables false`
warning: FloatSpec/src/Core/Round_pred.lean:630:47: unused variable `x`

Note: This linter can be disabled with `set_option linter.unusedVariables false`
warning: FloatSpec/src/Core/Round_pred.lean:630:49: unused variable `f`

Note: This linter can be disabled with `set_option linter.unusedVariables false`
warning: FloatSpec/src/Core/Round_pred.lean:657:22: unused variable `F`

Note: This linter can be disabled with `set_option linter.unusedVariables false`
warning: FloatSpec/src/Core/Round_pred.lean:657:37: unused variable `rnd`

Note: This linter can be disabled with `set_option linter.unusedVariables false`
warning: FloatSpec/src/Core/Round_pred.lean:657:51: unused variable `x`

Note: This linter can be disabled with `set_option linter.unusedVariables false`
✖ [6136/6203] Building FloatSpec.src.Core.Digits (3.1s)
trace: .> LEAN_PATH=/Users/louhantao/Desktop/code/semester_6.5/FloatSpec/.lake/packages/Cli/.lake/build/lib/lean:/Users/louhantao/Desktop/code/semester_6.5/FloatSpec/.lake/packages/batteries/.lake/build/lib/lean:/Users/louhantao/Desktop/code/semester_6.5/FloatSpec/.lake/packages/Qq/.lake/build/lib/lean:/Users/louhantao/Desktop/code/semester_6.5/FloatSpec/.lake/packages/aesop/.lake/build/lib/lean:/Users/louhantao/Desktop/code/semester_6.5/FloatSpec/.lake/packages/proofwidgets/.lake/build/lib/lean:/Users/louhantao/Desktop/code/semester_6.5/FloatSpec/.lake/packages/importGraph/.lake/build/lib/lean:/Users/louhantao/Desktop/code/semester_6.5/FloatSpec/.lake/packages/LeanSearchClient/.lake/build/lib/lean:/Users/louhantao/Desktop/code/semester_6.5/FloatSpec/.lake/packages/plausible/.lake/build/lib/lean:/Users/louhantao/Desktop/code/semester_6.5/FloatSpec/.lake/packages/mathlib/.lake/build/lib/lean:/Users/louhantao/Desktop/code/semester_6.5/FloatSpec/.lake/build/lib/lean /Users/louhantao/.elan/toolchains/leanprover--lean4---v4.23.0-rc2/bin/lean /Users/louhantao/Desktop/code/semester_6.5/FloatSpec/FloatSpec/src/Core/Digits.lean -o /Users/louhantao/Desktop/code/semester_6.5/FloatSpec/.lake/build/lib/lean/FloatSpec/src/Core/Digits.olean -i /Users/louhantao/Desktop/code/semester_6.5/FloatSpec/.lake/build/lib/lean/FloatSpec/src/Core/Digits.ilean -c /Users/louhantao/Desktop/code/semester_6.5/FloatSpec/.lake/build/ir/FloatSpec/src/Core/Digits.c --setup /Users/louhantao/Desktop/code/semester_6.5/FloatSpec/.lake/build/ir/FloatSpec/src/Core/Digits.setup.json --json
warning: FloatSpec/src/Core/Digits.lean:165:26: This simp argument is unused:
  Nat.add_sub_cancel 1 (bits m2)

Hint: Omit it from the simp argument list.
  simp [bits_succ2,̵ ̵N̵a̵t̵.̵a̵d̵d̵_̵s̵u̵b̵_̵c̵a̵n̵c̵e̵l̵ ̵1̵ ̵(̵b̵i̵t̵s̵ ̵m̵2̵)̵]

Note: This linter can be disabled with `set_option linter.unusedSimpArgs false`
warning: FloatSpec/src/Core/Digits.lean:530:53: try 'simp' instead of 'simpa'

Note: This linter can be disabled with `set_option linter.unnecessarySimpa false`
warning: FloatSpec/src/Core/Digits.lean:720:8: declaration uses 'sorry'
warning: FloatSpec/src/Core/Digits.lean:742:8: declaration uses 'sorry'
warning: FloatSpec/src/Core/Digits.lean:772:8: declaration uses 'sorry'
warning: FloatSpec/src/Core/Digits.lean:799:8: declaration uses 'sorry'
warning: FloatSpec/src/Core/Digits.lean:842:8: declaration uses 'sorry'
warning: FloatSpec/src/Core/Digits.lean:884:8: declaration uses 'sorry'
warning: FloatSpec/src/Core/Digits.lean:891:8: declaration uses 'sorry'
warning: FloatSpec/src/Core/Digits.lean:899:8: declaration uses 'sorry'
warning: FloatSpec/src/Core/Digits.lean:907:8: declaration uses 'sorry'
warning: FloatSpec/src/Core/Digits.lean:938:8: declaration uses 'sorry'
warning: FloatSpec/src/Core/Digits.lean:969:8: declaration uses 'sorry'
warning: FloatSpec/src/Core/Digits.lean:976:8: declaration uses 'sorry'
warning: FloatSpec/src/Core/Digits.lean:983:8: declaration uses 'sorry'
warning: FloatSpec/src/Core/Digits.lean:1021:8: declaration uses 'sorry'
warning: FloatSpec/src/Core/Digits.lean:1048:8: declaration uses 'sorry'
warning: FloatSpec/src/Core/Digits.lean:1100:8: declaration uses 'sorry'
warning: FloatSpec/src/Core/Digits.lean:1140:8: declaration uses 'sorry'
warning: FloatSpec/src/Core/Digits.lean:1164:8: declaration uses 'sorry'
warning: FloatSpec/src/Core/Digits.lean:1192:8: declaration uses 'sorry'
warning: FloatSpec/src/Core/Digits.lean:1216:8: declaration uses 'sorry'
warning: FloatSpec/src/Core/Digits.lean:1251:8: declaration uses 'sorry'
warning: FloatSpec/src/Core/Digits.lean:1277:8: declaration uses 'sorry'
warning: FloatSpec/src/Core/Digits.lean:1367:8: declaration uses 'sorry'
warning: FloatSpec/src/Core/Digits.lean:1395:8: declaration uses 'sorry'
warning: FloatSpec/src/Core/Digits.lean:1415:8: declaration uses 'sorry'
warning: FloatSpec/src/Core/Digits.lean:1438:8: declaration uses 'sorry'
warning: FloatSpec/src/Core/Digits.lean:1457:8: declaration uses 'sorry'
warning: FloatSpec/src/Core/Digits.lean:1505:8: declaration uses 'sorry'
error: FloatSpec/src/Core/Digits.lean:1551:29: Application type mismatch: The argument
  hge
has type
  (Zdigits_aux beta (-n) 1 (-n).natAbs.succ).run ≥ -n
but is expected to have type
  -n ≤ (Zdigits_aux beta (-n) 1 (n.natAbs + 1)).run
in the application
  le_trans hnonneg hge
warning: FloatSpec/src/Core/Digits.lean:1536:10: This simp argument is unused:
  hn0

Hint: Omit it from the simp argument list.
  simp ̵[̵h̵n̵0̵]̵

Note: This linter can be disabled with `set_option linter.unusedSimpArgs false`
warning: FloatSpec/src/Core/Digits.lean:1548:18: This simp argument is unused:
  hnonneg

Hint: Omit it from the simp argument list.
  simp [hpos,̵ ̵h̵n̵o̵n̵n̵e̵g̵]

Note: This linter can be disabled with `set_option linter.unusedSimpArgs false`
warning: FloatSpec/src/Core/Digits.lean:1569:8: declaration uses 'sorry'
warning: FloatSpec/src/Core/Digits.lean:1607:8: declaration uses 'sorry'
warning: FloatSpec/src/Core/Digits.lean:1637:8: declaration uses 'sorry'
warning: FloatSpec/src/Core/Digits.lean:1675:8: declaration uses 'sorry'
warning: FloatSpec/src/Core/Digits.lean:1697:8: declaration uses 'sorry'
warning: FloatSpec/src/Core/Digits.lean:1722:8: declaration uses 'sorry'
warning: FloatSpec/src/Core/Digits.lean:1745:8: declaration uses 'sorry'
warning: FloatSpec/src/Core/Digits.lean:1770:8: declaration uses 'sorry'
warning: FloatSpec/src/Core/Digits.lean:1793:8: declaration uses 'sorry'
warning: FloatSpec/src/Core/Digits.lean:1814:8: declaration uses 'sorry'
warning: FloatSpec/src/Core/Digits.lean:1836:8: declaration uses 'sorry'
warning: FloatSpec/src/Core/Digits.lean:1857:8: declaration uses 'sorry'
warning: FloatSpec/src/Core/Digits.lean:1895:8: declaration uses 'sorry'
warning: FloatSpec/src/Core/Digits.lean:1923:8: declaration uses 'sorry'
warning: FloatSpec/src/Core/Digits.lean:1955:8: declaration uses 'sorry'
warning: FloatSpec/src/Core/Digits.lean:2008:8: declaration uses 'sorry'
warning: FloatSpec/src/Core/Digits.lean:2034:8: declaration uses 'sorry'
warning: FloatSpec/src/Core/Digits.lean:2065:8: declaration uses 'sorry'
warning: FloatSpec/src/Core/Digits.lean:2091:8: declaration uses 'sorry'
error: Lean exited with code 1
Some required targets logged failures:
- FloatSpec.src.Core.Digits
error: build failed
